2026-06-17 06:35:18,601 | INFO     | Screener | Logging initialised | console=INFO | info_log=screener.log | debug_log=screener_debug.log
2026-06-17 06:35:18,601 | DEBUG    | Screener | [LOGGING] DEBUG handler active — all IBKR callbacks will be traced
2026-06-17 06:35:18,601 | INFO     | Screener | Running single scan | account=$100,000 | port=4002
2026-06-17 06:35:18,709 | INFO     | Screener.IBKR | [CONN] Connecting → 192.168.1.116:4002 clientId=10
2026-06-17 06:35:18,799 | DEBUG    | Screener.IBKR | [CONN] connectAck received
2026-06-17 06:35:18,800 | DEBUG    | Screener.IBKR | [CONN] Reader thread started — awaiting nextValidId …
2026-06-17 06:35:18,867 | INFO     | Screener.IBKR | [CONN] nextValidId=1 — TWS handshake complete
2026-06-17 06:35:18,868 | DEBUG    | Screener.IBKR | [ERR ] INFO code=2104 reqId=-1: Market data farm connection is OK:hfarm
2026-06-17 06:35:18,867 | INFO     | Screener.IBKR | [CONN] ✅ Connected | port=4002 | marketDataType=4 (Delayed-Frozen)
2026-06-17 06:35:18,868 | DEBUG    | Screener.IBKR | [ERR ] INFO code=2107 reqId=-1: HMDS data farm connection is inactive but should be available upon demand.apachmds
2026-06-17 06:35:18,868 | INFO     | Screener.IBKR | [CONN] NOTE: reqMarketDataType affects live/snapshot ticks ONLY. Historical bar requests use a separate IBKR data path and are unaffected by the market data type setting.
2026-06-17 06:35:18,868 | DEBUG    | Screener.IBKR | [ERR ] INFO code=2158 reqId=-1: Sec-def data farm connection is OK:secdefhk
2026-06-17 06:35:18,868 | INFO     | Screener.Pipeline | Building S&P 500 universe via pytickersymbols...
2026-06-17 06:35:18,886 | INFO     | Screener.Pipeline | pytickersymbols: 176 unique IBKR symbols loaded (7 duplicates removed)
2026-06-17 06:35:18,886 | DEBUG    | Screener.Pipeline | First 10 symbols: ['MMM', 'ABT', 'ACN', 'ADBE', 'ALB', 'ALGN', 'ALLE', 'GOOGL', 'GOOG', 'AMZN']
2026-06-17 06:35:18,886 | INFO     | Screener.Pipeline | ═══ Starting scan of 176 symbols ═══
2026-06-17 06:35:18,887 | INFO     | Screener.Pipeline | ── Stage 1: Technical Screen ──
2026-06-17 06:35:18,887 | INFO     | Screener.Pipeline |   [1/176] MMM
2026-06-17 06:35:18,887 | INFO     | Screener.IBKR | [BARS] MMM: fetch start — days=252 duration='1 Y'
2026-06-17 06:35:18,887 | DEBUG    | Screener.IBKR | [REQID] allocated=3001
2026-06-17 06:35:18,887 | DEBUG    | Screener.IBKR | [QUAL] → reqContractDetails reqId=3001 sym=MMM
2026-06-17 06:35:19,627 | WARNING  | Screener.IBKR | [CONN] connectionClosed — TWS dropped the connection!
2026-06-17 06:35:25,094 | INFO     | Screener.IBKR | [CONN] Disconnecting from IBKR
