2026-06-22 14:32:04,391 [INFO] sent startApi
2026-06-22 14:32:04,391 [INFO] REQUEST startApi {}
2026-06-22 14:32:04,391 [INFO] SENDING startApi b'\x00\x00\x00\x0871\x002\x003\x00\x00'
2026-06-22 14:32:04,391 [INFO] ANSWER connectAck {}
2026-06-22 14:32:04,429 [INFO] ANSWER managedAccounts {'accountsList': 'DU3232524'}
2026-06-22 14:32:04,469 [INFO] ANSWER nextValidId {'orderId': 1}
2026-06-22 14:32:04,469 [INFO] ANSWER error {'reqId': -1, 'errorTime': 1782102723586, 'errorCode': 2104, 'errorString': 'Market data farm connection is OK:hfarm', 'advancedOrderRejectJson': ''}
2026-06-22 14:32:04,469 [ERROR] ERROR -1 1782102723586 2104 Market data farm connection is OK:hfarm
2026-06-22 14:32:04,469 [INFO] ANSWER error {'reqId': -1, 'errorTime': 1782102723592, 'errorCode': 2107, 'errorString': 'HMDS data farm connection is inactive but should be available upon demand.apachmds', 'advancedOrderRejectJson': ''}
2026-06-22 14:32:04,469 [ERROR] ERROR -1 1782102723592 2107 HMDS data farm connection is inactive but should be available upon demand.apachmds
2026-06-22 14:32:04,469 [INFO] ANSWER error {'reqId': -1, 'errorTime': 1782102723593, 'errorCode': 2158, 'errorString': 'Sec-def data farm connection is OK:secdefhk', 'advancedOrderRejectJson': ''}
2026-06-22 14:32:04,470 [ERROR] ERROR -1 1782102723593 2158 Sec-def data farm connection is OK:secdefhk
2026-06-22 14:32:05,401 [INFO] REQUEST reqContractDetails {'reqId': 201, 'contract': 4410684864: 0,VX,FUT,,,0,,,CFE,,USD,,,False,,,,combo:}
2026-06-22 14:32:05,401 [INFO] SENDING reqContractDetails b'\x00\x00\x00(9\x008\x00201\x000\x00VX\x00FUT\x00\x000.0\x00\x00\x00CFE\x00\x00USD\x00\x00\x000\x00\x00\x00\x00'
2026-06-22 14:32:05,740 [INFO] ANSWER error {'reqId': 201, 'errorTime': 1782102724875, 'errorCode': 200, 'errorString': 'No security definition has been found for the request', 'advancedOrderRejectJson': ''}
2026-06-22 14:32:05,740 [ERROR] ERROR 201 1782102724875 200 No security definition has been found for the request
2026-06-22 14:32:15,400 [WARNING] Term structure search failed; injecting hardcoded fallbacks.
2026-06-22 14:32:15,401 [WARNING] ⚠️ Falling back to hardcoded ConId for VX_FRONT: 800674914
2026-06-22 14:32:15,401 [WARNING] ⚠️ Falling back to hardcoded ConId for VX_BACK: 812239044
2026-06-22 14:32:15,401 [INFO] REQUEST reqMarketDataType {'marketDataType': 3}
2026-06-22 14:32:15,401 [INFO] SENDING reqMarketDataType b'\x00\x00\x00\x0759\x001\x003\x00'
2026-06-22 14:32:15,402 [INFO] REQUEST reqMktData {'reqId': 300, 'contract': 4368279232: 800674914,VX,FUT,,,0,,,CFE,,USD,,,False,,,,combo:, 'genericTickList': '', 'snapshot': True, 'regulatorySnapshot': False, 'mktDataOptions': []}
2026-06-22 14:32:15,402 [INFO] SENDING reqMktData b'\x00\x00\x0041\x0011\x00300\x00800674914\x00VX\x00FUT\x00\x000.0\x00\x00\x00CFE\x00\x00USD\x00\x00\x000\x00\x001\x000\x00\x00'
2026-06-22 14:32:15,403 [INFO] REQUEST reqMktData {'reqId': 301, 'contract': 4368417232: 812239044,VX,FUT,,,0,,,CFE,,USD,,,False,,,,combo:, 'genericTickList': '', 'snapshot': True, 'regulatorySnapshot': False, 'mktDataOptions': []}
2026-06-22 14:32:15,403 [INFO] SENDING reqMktData b'\x00\x00\x0041\x0011\x00301\x00812239044\x00VX\x00FUT\x00\x000.0\x00\x00\x00CFE\x00\x00USD\x00\x00\x000\x00\x001\x000\x00\x00'
2026-06-22 14:32:15,957 [INFO] ANSWER error {'reqId': 301, 'errorTime': 1782102735095, 'errorCode': 200, 'errorString': 'No security definition has been found for the request', 'advancedOrderRejectJson': ''}
2026-06-22 14:32:15,958 [ERROR] ERROR 301 1782102735095 200 No security definition has been found for the request
2026-06-22 14:32:20,902 [INFO] ANSWER error {'reqId': 300, 'errorTime': 1782102739987, 'errorCode': 10197, 'errorString': 'No market data during competing live session', 'advancedOrderRejectJson': ''}
2026-06-22 14:32:20,903 [ERROR] ERROR 300 1782102739987 10197 No market data during competing live session
2026-06-22 14:32:25,409 [INFO] disconnecting
2026-06-22 14:32:25,410 [INFO] ANSWER connectionClosed {}
2026-06-22 14:32:25,437 [INFO] sent startApi
2026-06-22 14:32:25,437 [INFO] REQUEST startApi {}
2026-06-22 14:32:25,437 [INFO] SENDING startApi b'\x00\x00\x00\x0871\x002\x001\x00\x00'
2026-06-22 14:32:25,438 [INFO] ANSWER connectAck {}
2026-06-22 14:32:25,576 [INFO] ANSWER managedAccounts {'accountsList': 'DU3232524'}
2026-06-22 14:32:25,577 [INFO] ANSWER nextValidId {'orderId': 1}
2026-06-22 14:32:25,577 [WARNING] IBKR API 1782102744717: 2104
2026-06-22 14:32:25,577 [WARNING] IBKR API 1782102744717: 2107
2026-06-22 14:32:25,577 [WARNING] IBKR API 1782102744717: 2158
2026-06-22 14:32:26,444 [INFO] REQUEST reqContractDetails {'reqId': 501, 'contract': 4403684144: 0,ES,FUT,202606,,0,,,CME,,USD,,,False,,,,combo:}
2026-06-22 14:32:26,445 [INFO] SENDING reqContractDetails b'\x00\x00\x00.9\x008\x00501\x000\x00ES\x00FUT\x00202606\x000.0\x00\x00\x00CME\x00\x00USD\x00\x00\x000\x00\x00\x00\x00'
2026-06-22 14:32:27,603 [WARNING] ⚠️ Falling back to hardcoded ConId for VX_FRONT: 800674914
2026-06-22 14:32:27,604 [INFO] REQUEST reqContractDetails {'reqId': 502, 'contract': 4405027104: 800674914,VX,FUT,,,0,,,CFE,,USD,,,False,,,,combo:}
2026-06-22 14:32:27,604 [INFO] SENDING reqContractDetails b'\x00\x00\x0009\x008\x00502\x00800674914\x00VX\x00FUT\x00\x000.0\x00\x00\x00CFE\x00\x00USD\x00\x00\x000\x00\x00\x00\x00'
2026-06-22 14:32:28,116 [INFO] REQUEST reqHistoricalData {'reqId': 101, 'contract': 4395990960: 649180678,ES,FUT,20260618,20260618,0,,50,CME,,USD,ESM6,ES,False,,,,combo:, 'endDateTime': '', 'durationStr': '14400 S', 'barSizeSetting': '5 mins', 'whatToShow': 'TRADES', 'useRTH': 0, 'formatDate': 1, 'keepUpToDate': False, 'chartOptions': []}
2026-06-22 14:32:28,117 [INFO] SENDING reqHistoricalData b'\x00\x00\x00Z20\x00101\x00649180678\x00ES\x00FUT\x0020260618\x000.0\x00\x0050\x00CME\x00\x00USD\x00ESM6\x00ES\x000\x00\x005 mins\x0014400 S\x000\x00TRADES\x001\x000\x00\x00'
2026-06-22 14:32:28,117 [INFO] REQUEST reqHistoricalData {'reqId': 102, 'contract': 4410684336: 800674914,VX,FUT,,,0,,,CFE,,USD,,,False,,,,combo:, 'endDateTime': '', 'durationStr': '1 D', 'barSizeSetting': '1 day', 'whatToShow': 'MIDPOINT', 'useRTH': 0, 'formatDate': 1, 'keepUpToDate': False, 'chartOptions': []}
2026-06-22 14:32:28,117 [INFO] SENDING reqHistoricalData b'\x00\x00\x00G20\x00102\x00800674914\x00VX\x00FUT\x00\x000.0\x00\x00\x00CFE\x00\x00USD\x00\x00\x000\x00\x001 day\x001 D\x000\x00MIDPOINT\x001\x000\x00\x00'
2026-06-22 14:32:32,387 [WARNING] IBKR API 1782102751906: 2106
2026-06-22 14:32:32,946 [WARNING] IBKR API 1782102752466: 162
2026-06-22 14:32:33,387 [WARNING] IBKR API 1782102752907: 162
2026-06-22 14:32:38,125 [INFO] disconnecting
2026-06-22 14:32:38,126 [INFO] ANSWER connectionClosed {}
2026-06-23 02:40:26,678 [INFO] sent startApi
2026-06-23 02:40:26,678 [INFO] REQUEST startApi {}
2026-06-23 02:40:26,678 [INFO] SENDING startApi b'\x00\x00\x00\x0871\x002\x003\x00\x00'
2026-06-23 02:40:26,679 [INFO] ANSWER connectAck {}
2026-06-23 02:40:26,721 [INFO] ANSWER managedAccounts {'accountsList': 'DU3232524'}
2026-06-23 02:40:26,762 [INFO] ANSWER nextValidId {'orderId': 1}
2026-06-23 02:40:26,762 [INFO] ANSWER error {'reqId': -1, 'errorTime': 1782146426075, 'errorCode': 2104, 'errorString': 'Market data farm connection is OK:hfarm', 'advancedOrderRejectJson': ''}
2026-06-23 02:40:26,762 [ERROR] ERROR -1 1782146426075 2104 Market data farm connection is OK:hfarm
2026-06-23 02:40:26,762 [INFO] ANSWER error {'reqId': -1, 'errorTime': 1782146426084, 'errorCode': 2107, 'errorString': 'HMDS data farm connection is inactive but should be available upon demand.apachmds', 'advancedOrderRejectJson': ''}
2026-06-23 02:40:26,762 [ERROR] ERROR -1 1782146426084 2107 HMDS data farm connection is inactive but should be available upon demand.apachmds
2026-06-23 02:40:26,882 [INFO] ANSWER error {'reqId': -1, 'errorTime': 1782146426085, 'errorCode': 2158, 'errorString': 'Sec-def data farm connection is OK:secdefhk', 'advancedOrderRejectJson': ''}
2026-06-23 02:40:26,882 [ERROR] ERROR -1 1782146426085 2158 Sec-def data farm connection is OK:secdefhk
2026-06-23 02:40:27,686 [INFO] REQUEST reqContractDetails {'reqId': 201, 'contract': 4396577712: 0,VX,FUT,,,0,,,CFE,,USD,,,False,,,,combo:}
2026-06-23 02:40:27,687 [INFO] SENDING reqContractDetails b'\x00\x00\x00(9\x008\x00201\x000\x00VX\x00FUT\x00\x000.0\x00\x00\x00CFE\x00\x00USD\x00\x00\x000\x00\x00\x00\x00'
2026-06-23 02:40:28,037 [INFO] ANSWER error {'reqId': 201, 'errorTime': 1782146427372, 'errorCode': 200, 'errorString': 'No security definition has been found for the request', 'advancedOrderRejectJson': ''}
2026-06-23 02:40:28,038 [ERROR] ERROR 201 1782146427372 200 No security definition has been found for the request
2026-06-23 02:40:37,692 [WARNING] Term structure search failed; injecting hardcoded fallbacks.
2026-06-23 02:40:37,693 [WARNING] ⚠️ Falling back to hardcoded ConId for VX_FRONT: 800674914
2026-06-23 02:40:37,693 [WARNING] ⚠️ Falling back to hardcoded ConId for VX_BACK: 812239044
2026-06-23 02:40:37,694 [INFO] REQUEST reqMarketDataType {'marketDataType': 3}
2026-06-23 02:40:37,694 [INFO] SENDING reqMarketDataType b'\x00\x00\x00\x0759\x001\x003\x00'
2026-06-23 02:40:37,694 [INFO] REQUEST reqMktData {'reqId': 300, 'contract': 4396577904: 800674914,VX,FUT,,,0,,,CFE,,USD,,,False,,,,combo:, 'genericTickList': '', 'snapshot': True, 'regulatorySnapshot': False, 'mktDataOptions': []}
2026-06-23 02:40:37,695 [INFO] SENDING reqMktData b'\x00\x00\x0041\x0011\x00300\x00800674914\x00VX\x00FUT\x00\x000.0\x00\x00\x00CFE\x00\x00USD\x00\x00\x000\x00\x001\x000\x00\x00'
2026-06-23 02:40:37,695 [INFO] REQUEST reqMktData {'reqId': 301, 'contract': 4396577616: 812239044,VX,FUT,,,0,,,CFE,,USD,,,False,,,,combo:, 'genericTickList': '', 'snapshot': True, 'regulatorySnapshot': False, 'mktDataOptions': []}
2026-06-23 02:40:37,695 [INFO] SENDING reqMktData b'\x00\x00\x0041\x0011\x00301\x00812239044\x00VX\x00FUT\x00\x000.0\x00\x00\x00CFE\x00\x00USD\x00\x00\x000\x00\x001\x000\x00\x00'
2026-06-23 02:40:38,226 [INFO] ANSWER error {'reqId': 301, 'errorTime': 1782146437561, 'errorCode': 200, 'errorString': 'No security definition has been found for the request', 'advancedOrderRejectJson': ''}
2026-06-23 02:40:38,227 [ERROR] ERROR 301 1782146437561 200 No security definition has been found for the request
2026-06-23 02:40:43,126 [INFO] ANSWER error {'reqId': 300, 'errorTime': 1782146442460, 'errorCode': 10197, 'errorString': 'No market data during competing live session', 'advancedOrderRejectJson': ''}
2026-06-23 02:40:43,127 [ERROR] ERROR 300 1782146442460 10197 No market data during competing live session
2026-06-23 02:40:47,704 [INFO] disconnecting
2026-06-23 02:40:47,706 [INFO] ANSWER connectionClosed {}
2026-06-23 02:40:47,872 [INFO] sent startApi
2026-06-23 02:40:47,873 [INFO] REQUEST startApi {}
2026-06-23 02:40:47,873 [INFO] SENDING startApi b'\x00\x00\x00\x0871\x002\x001\x00\x00'
2026-06-23 02:40:47,874 [INFO] ANSWER connectAck {}
2026-06-23 02:40:47,879 [INFO] ANSWER managedAccounts {'accountsList': 'DU3232524'}
2026-06-23 02:40:47,886 [INFO] ANSWER nextValidId {'orderId': 1}
2026-06-23 02:40:47,887 [WARNING] IBKR API 1782146447214: 2104
2026-06-23 02:40:47,887 [WARNING] IBKR API 1782146447214: 2107
2026-06-23 02:40:47,888 [WARNING] IBKR API 1782146447215: 2158
2026-06-23 02:40:48,881 [INFO] REQUEST reqContractDetails {'reqId': 501, 'contract': 4324193920: 0,ES,FUT,202606,,0,,,CME,,USD,,,False,,,,combo:}
2026-06-23 02:40:48,882 [INFO] SENDING reqContractDetails b'\x00\x00\x00.9\x008\x00501\x000\x00ES\x00FUT\x00202606\x000.0\x00\x00\x00CME\x00\x00USD\x00\x00\x000\x00\x00\x00\x00'
2026-06-23 02:40:49,971 [WARNING] ⚠️ Falling back to hardcoded ConId for VX_FRONT: 800674914
2026-06-23 02:40:49,971 [INFO] REQUEST reqContractDetails {'reqId': 502, 'contract': 4352605648: 800674914,VX,FUT,,,0,,,CFE,,USD,,,False,,,,combo:}
2026-06-23 02:40:49,971 [INFO] SENDING reqContractDetails b'\x00\x00\x0009\x008\x00502\x00800674914\x00VX\x00FUT\x00\x000.0\x00\x00\x00CFE\x00\x00USD\x00\x00\x000\x00\x00\x00\x00'
2026-06-23 02:40:50,522 [INFO] REQUEST reqHistoricalData {'reqId': 101, 'contract': 4396579824: 649180678,ES,FUT,20260618,20260618,0,,50,CME,,USD,ESM6,ES,False,,,,combo:, 'endDateTime': '', 'durationStr': '14400 S', 'barSizeSetting': '5 mins', 'whatToShow': 'TRADES', 'useRTH': 0, 'formatDate': 1, 'keepUpToDate': False, 'chartOptions': []}
2026-06-23 02:40:50,523 [INFO] SENDING reqHistoricalData b'\x00\x00\x00Z20\x00101\x00649180678\x00ES\x00FUT\x0020260618\x000.0\x00\x0050\x00CME\x00\x00USD\x00ESM6\x00ES\x000\x00\x005 mins\x0014400 S\x000\x00TRADES\x001\x000\x00\x00'
2026-06-23 02:40:50,525 [INFO] REQUEST reqHistoricalData {'reqId': 102, 'contract': 4377930608: 800674914,VX,FUT,,,0,,,CFE,,USD,,,False,,,,combo:, 'endDateTime': '', 'durationStr': '1 D', 'barSizeSetting': '1 day', 'whatToShow': 'MIDPOINT', 'useRTH': 0, 'formatDate': 1, 'keepUpToDate': False, 'chartOptions': []}
2026-06-23 02:40:50,525 [INFO] SENDING reqHistoricalData b'\x00\x00\x00G20\x00102\x00800674914\x00VX\x00FUT\x00\x000.0\x00\x00\x00CFE\x00\x00USD\x00\x00\x000\x00\x001 day\x001 D\x000\x00MIDPOINT\x001\x000\x00\x00'
2026-06-23 02:40:54,725 [WARNING] IBKR API 1782146453793: 2106
2026-06-23 02:40:55,265 [WARNING] IBKR API 1782146454333: 162
2026-06-23 02:40:55,277 [WARNING] IBKR API 1782146454344: 162
2026-06-23 02:41:00,536 [INFO] disconnecting
2026-06-23 02:41:00,538 [INFO] ANSWER connectionClosed {}
2026-06-24 02:43:17,005 [INFO] sent startApi
2026-06-24 02:43:17,005 [INFO] REQUEST startApi {}
2026-06-24 02:43:17,006 [INFO] SENDING startApi b'\x00\x00\x00\x0871\x002\x003\x00\x00'
2026-06-24 02:43:17,006 [INFO] ANSWER connectAck {}
2026-06-24 02:43:17,011 [INFO] ANSWER managedAccounts {'accountsList': 'DU3232524'}
2026-06-24 02:43:17,051 [INFO] ANSWER nextValidId {'orderId': 1}
2026-06-24 02:43:17,051 [INFO] ANSWER error {'reqId': -1, 'errorTime': 1782232996205, 'errorCode': 2104, 'errorString': 'Market data farm connection is OK:hfarm', 'advancedOrderRejectJson': ''}
2026-06-24 02:43:17,051 [ERROR] ERROR -1 1782232996205 2104 Market data farm connection is OK:hfarm
2026-06-24 02:43:17,051 [INFO] ANSWER error {'reqId': -1, 'errorTime': 1782232996205, 'errorCode': 2107, 'errorString': 'HMDS data farm connection is inactive but should be available upon demand.apachmds', 'advancedOrderRejectJson': ''}
2026-06-24 02:43:17,051 [ERROR] ERROR -1 1782232996205 2107 HMDS data farm connection is inactive but should be available upon demand.apachmds
2026-06-24 02:43:17,051 [INFO] ANSWER error {'reqId': -1, 'errorTime': 1782232996205, 'errorCode': 2158, 'errorString': 'Sec-def data farm connection is OK:secdefhk', 'advancedOrderRejectJson': ''}
2026-06-24 02:43:17,051 [ERROR] ERROR -1 1782232996205 2158 Sec-def data farm connection is OK:secdefhk
2026-06-24 02:43:18,016 [INFO] REQUEST reqContractDetails {'reqId': 201, 'contract': 4402148128: 0,VX,FUT,,,0,,,CFE,,USD,,,False,,,,combo:}
2026-06-24 02:43:18,017 [INFO] SENDING reqContractDetails b'\x00\x00\x00(9\x008\x00201\x000\x00VX\x00FUT\x00\x000.0\x00\x00\x00CFE\x00\x00USD\x00\x00\x000\x00\x00\x00\x00'
2026-06-24 02:43:18,304 [INFO] ANSWER error {'reqId': 201, 'errorTime': 1782232997496, 'errorCode': 200, 'errorString': 'No security definition has been found for the request', 'advancedOrderRejectJson': ''}
2026-06-24 02:43:18,304 [ERROR] ERROR 201 1782232997496 200 No security definition has been found for the request
2026-06-24 02:43:28,022 [WARNING] Term structure search failed; injecting hardcoded fallbacks.
2026-06-24 02:43:28,023 [WARNING] ⚠️ Falling back to hardcoded ConId for VX_FRONT: 800674914
2026-06-24 02:43:28,023 [WARNING] ⚠️ Falling back to hardcoded ConId for VX_BACK: 812239044
2026-06-24 02:43:28,023 [INFO] REQUEST reqMarketDataType {'marketDataType': 3}
2026-06-24 02:43:28,023 [INFO] SENDING reqMarketDataType b'\x00\x00\x00\x0759\x001\x003\x00'
2026-06-24 02:43:28,024 [INFO] REQUEST reqMktData {'reqId': 300, 'contract': 4396988896: 800674914,VX,FUT,,,0,,,CFE,,USD,,,False,,,,combo:, 'genericTickList': '', 'snapshot': True, 'regulatorySnapshot': False, 'mktDataOptions': []}
2026-06-24 02:43:28,024 [INFO] SENDING reqMktData b'\x00\x00\x0041\x0011\x00300\x00800674914\x00VX\x00FUT\x00\x000.0\x00\x00\x00CFE\x00\x00USD\x00\x00\x000\x00\x001\x000\x00\x00'
2026-06-24 02:43:28,024 [INFO] REQUEST reqMktData {'reqId': 301, 'contract': 4392228848: 812239044,VX,FUT,,,0,,,CFE,,USD,,,False,,,,combo:, 'genericTickList': '', 'snapshot': True, 'regulatorySnapshot': False, 'mktDataOptions': []}
2026-06-24 02:43:28,025 [INFO] SENDING reqMktData b'\x00\x00\x0041\x0011\x00301\x00812239044\x00VX\x00FUT\x00\x000.0\x00\x00\x00CFE\x00\x00USD\x00\x00\x000\x00\x001\x000\x00\x00'
2026-06-24 02:43:28,533 [INFO] ANSWER error {'reqId': 301, 'errorTime': 1782233007838, 'errorCode': 200, 'errorString': 'No security definition has been found for the request', 'advancedOrderRejectJson': ''}
2026-06-24 02:43:28,534 [ERROR] ERROR 301 1782233007838 200 No security definition has been found for the request
2026-06-24 02:43:33,301 [INFO] ANSWER error {'reqId': 300, 'errorTime': 1782233012607, 'errorCode': 10197, 'errorString': 'No market data during competing live session', 'advancedOrderRejectJson': ''}
2026-06-24 02:43:33,302 [ERROR] ERROR 300 1782233012607 10197 No market data during competing live session
2026-06-24 02:43:38,034 [INFO] disconnecting
2026-06-24 02:43:38,036 [INFO] ANSWER connectionClosed {}
2026-06-24 02:43:38,194 [INFO] sent startApi
2026-06-24 02:43:38,195 [INFO] REQUEST startApi {}
2026-06-24 02:43:38,195 [INFO] SENDING startApi b'\x00\x00\x00\x0871\x002\x001\x00\x00'
2026-06-24 02:43:38,196 [INFO] ANSWER connectAck {}
2026-06-24 02:43:38,201 [INFO] ANSWER managedAccounts {'accountsList': 'DU3232524'}
2026-06-24 02:43:38,202 [INFO] ANSWER nextValidId {'orderId': 1}
2026-06-24 02:43:38,363 [WARNING] IBKR API 1782233017507: 2104
2026-06-24 02:43:38,363 [WARNING] IBKR API 1782233017507: 2107
2026-06-24 02:43:38,364 [WARNING] IBKR API 1782233017508: 2158
2026-06-24 02:43:39,206 [INFO] REQUEST reqContractDetails {'reqId': 501, 'contract': 4402148368: 0,ES,FUT,202606,,0,,,CME,,USD,,,False,,,,combo:}
2026-06-24 02:43:39,207 [INFO] SENDING reqContractDetails b'\x00\x00\x00.9\x008\x00501\x000\x00ES\x00FUT\x00202606\x000.0\x00\x00\x00CME\x00\x00USD\x00\x00\x000\x00\x00\x00\x00'
2026-06-24 02:43:40,272 [WARNING] ⚠️ Falling back to hardcoded ConId for VX_FRONT: 800674914
2026-06-24 02:43:40,272 [INFO] REQUEST reqContractDetails {'reqId': 502, 'contract': 4402147936: 800674914,VX,FUT,,,0,,,CFE,,USD,,,False,,,,combo:}
2026-06-24 02:43:40,272 [INFO] SENDING reqContractDetails b'\x00\x00\x0009\x008\x00502\x00800674914\x00VX\x00FUT\x00\x000.0\x00\x00\x00CFE\x00\x00USD\x00\x00\x000\x00\x00\x00\x00'
2026-06-24 02:43:40,818 [INFO] REQUEST reqHistoricalData {'reqId': 101, 'contract': 4352994928: 649180678,ES,FUT,20260618,20260618,0,,50,CME,,USD,ESM6,ES,False,,,,combo:, 'endDateTime': '', 'durationStr': '14400 S', 'barSizeSetting': '5 mins', 'whatToShow': 'TRADES', 'useRTH': 0, 'formatDate': 1, 'keepUpToDate': False, 'chartOptions': []}
2026-06-24 02:43:40,819 [INFO] SENDING reqHistoricalData b'\x00\x00\x00Z20\x00101\x00649180678\x00ES\x00FUT\x0020260618\x000.0\x00\x0050\x00CME\x00\x00USD\x00ESM6\x00ES\x000\x00\x005 mins\x0014400 S\x000\x00TRADES\x001\x000\x00\x00'
2026-06-24 02:43:40,819 [INFO] REQUEST reqHistoricalData {'reqId': 102, 'contract': 4402151056: 800674914,VX,FUT,,,0,,,CFE,,USD,,,False,,,,combo:, 'endDateTime': '', 'durationStr': '1 D', 'barSizeSetting': '1 day', 'whatToShow': 'MIDPOINT', 'useRTH': 0, 'formatDate': 1, 'keepUpToDate': False, 'chartOptions': []}
2026-06-24 02:43:40,820 [INFO] SENDING reqHistoricalData b'\x00\x00\x00G20\x00102\x00800674914\x00VX\x00FUT\x00\x000.0\x00\x00\x00CFE\x00\x00USD\x00\x00\x000\x00\x001 day\x001 D\x000\x00MIDPOINT\x001\x000\x00\x00'
2026-06-24 02:43:44,928 [WARNING] IBKR API 1782233024233: 2106
2026-06-24 02:43:45,472 [WARNING] IBKR API 1782233024777: 162
2026-06-24 02:43:45,673 [WARNING] IBKR API 1782233024978: 162
2026-06-24 02:43:50,830 [INFO] disconnecting
2026-06-24 02:43:50,832 [INFO] ANSWER connectionClosed {}
2026-06-25 02:45:12,589 [INFO] sent startApi
2026-06-25 02:45:12,589 [INFO] REQUEST startApi {}
2026-06-25 02:45:12,589 [INFO] SENDING startApi b'\x00\x00\x00\x0871\x002\x003\x00\x00'
2026-06-25 02:45:12,589 [INFO] ANSWER connectAck {}
2026-06-25 02:45:12,594 [INFO] ANSWER managedAccounts {'accountsList': 'DU3232524'}
2026-06-25 02:45:12,634 [INFO] ANSWER nextValidId {'orderId': 1}
2026-06-25 02:45:12,634 [INFO] ANSWER error {'reqId': -1, 'errorTime': 1782319512303, 'errorCode': 2104, 'errorString': 'Market data farm connection is OK:hfarm', 'advancedOrderRejectJson': ''}
2026-06-25 02:45:12,634 [ERROR] ERROR -1 1782319512303 2104 Market data farm connection is OK:hfarm
2026-06-25 02:45:12,634 [INFO] ANSWER error {'reqId': -1, 'errorTime': 1782319512303, 'errorCode': 2107, 'errorString': 'HMDS data farm connection is inactive but should be available upon demand.apachmds', 'advancedOrderRejectJson': ''}
2026-06-25 02:45:12,634 [ERROR] ERROR -1 1782319512303 2107 HMDS data farm connection is inactive but should be available upon demand.apachmds
2026-06-25 02:45:12,634 [INFO] ANSWER error {'reqId': -1, 'errorTime': 1782319512303, 'errorCode': 2158, 'errorString': 'Sec-def data farm connection is OK:secdefhk', 'advancedOrderRejectJson': ''}
2026-06-25 02:45:12,634 [ERROR] ERROR -1 1782319512303 2158 Sec-def data farm connection is OK:secdefhk
2026-06-25 02:45:13,600 [INFO] REQUEST reqContractDetails {'reqId': 201, 'contract': 4372461280: 0,VX,FUT,,,0,,,CFE,,USD,,,False,,,,combo:}
2026-06-25 02:45:13,600 [INFO] SENDING reqContractDetails b'\x00\x00\x00(9\x008\x00201\x000\x00VX\x00FUT\x00\x000.0\x00\x00\x00CFE\x00\x00USD\x00\x00\x000\x00\x00\x00\x00'
2026-06-25 02:45:13,880 [INFO] ANSWER error {'reqId': 201, 'errorTime': 1782319513587, 'errorCode': 200, 'errorString': 'No security definition has been found for the request', 'advancedOrderRejectJson': ''}
2026-06-25 02:45:13,880 [ERROR] ERROR 201 1782319513587 200 No security definition has been found for the request
2026-06-25 02:45:23,610 [WARNING] Term structure search failed; injecting hardcoded fallbacks.
2026-06-25 02:45:23,611 [WARNING] ⚠️ Falling back to hardcoded ConId for VX_FRONT: 800674914
2026-06-25 02:45:23,611 [WARNING] ⚠️ Falling back to hardcoded ConId for VX_BACK: 812239044
2026-06-25 02:45:23,611 [INFO] REQUEST reqMarketDataType {'marketDataType': 3}
2026-06-25 02:45:23,611 [INFO] SENDING reqMarketDataType b'\x00\x00\x00\x0759\x001\x003\x00'
2026-06-25 02:45:23,612 [INFO] REQUEST reqMktData {'reqId': 300, 'contract': 4372461424: 800674914,VX,FUT,,,0,,,CFE,,USD,,,False,,,,combo:, 'genericTickList': '', 'snapshot': True, 'regulatorySnapshot': False, 'mktDataOptions': []}
2026-06-25 02:45:23,612 [INFO] SENDING reqMktData b'\x00\x00\x0041\x0011\x00300\x00800674914\x00VX\x00FUT\x00\x000.0\x00\x00\x00CFE\x00\x00USD\x00\x00\x000\x00\x001\x000\x00\x00'
2026-06-25 02:45:23,612 [INFO] REQUEST reqMktData {'reqId': 301, 'contract': 4372461184: 812239044,VX,FUT,,,0,,,CFE,,USD,,,False,,,,combo:, 'genericTickList': '', 'snapshot': True, 'regulatorySnapshot': False, 'mktDataOptions': []}
2026-06-25 02:45:23,613 [INFO] SENDING reqMktData b'\x00\x00\x0041\x0011\x00301\x00812239044\x00VX\x00FUT\x00\x000.0\x00\x00\x00CFE\x00\x00USD\x00\x00\x000\x00\x001\x000\x00\x00'
2026-06-25 02:45:24,108 [INFO] ANSWER error {'reqId': 301, 'errorTime': 1782319523814, 'errorCode': 200, 'errorString': 'No security definition has been found for the request', 'advancedOrderRejectJson': ''}
2026-06-25 02:45:24,109 [ERROR] ERROR 301 1782319523814 200 No security definition has been found for the request
2026-06-25 02:45:28,873 [INFO] ANSWER error {'reqId': 300, 'errorTime': 1782319528577, 'errorCode': 10197, 'errorString': 'No market data during competing live session', 'advancedOrderRejectJson': ''}
2026-06-25 02:45:28,874 [ERROR] ERROR 300 1782319528577 10197 No market data during competing live session
2026-06-25 02:45:33,623 [INFO] disconnecting
2026-06-25 02:45:33,625 [INFO] ANSWER connectionClosed {}
2026-06-25 02:45:33,654 [INFO] sent startApi
2026-06-25 02:45:33,655 [INFO] REQUEST startApi {}
2026-06-25 02:45:33,655 [INFO] SENDING startApi b'\x00\x00\x00\x0871\x002\x001\x00\x00'
2026-06-25 02:45:33,655 [INFO] ANSWER connectAck {}
2026-06-25 02:45:33,794 [INFO] ANSWER managedAccounts {'accountsList': 'DU3232524'}
2026-06-25 02:45:33,795 [INFO] ANSWER nextValidId {'orderId': 1}
2026-06-25 02:45:33,795 [WARNING] IBKR API 1782319533364: 2104
2026-06-25 02:45:33,795 [WARNING] IBKR API 1782319533365: 2107
2026-06-25 02:45:33,796 [WARNING] IBKR API 1782319533365: 2158
2026-06-25 02:45:34,663 [INFO] REQUEST reqContractDetails {'reqId': 501, 'contract': 4361216816: 0,ES,FUT,202606,,0,,,CME,,USD,,,False,,,,combo:}
2026-06-25 02:45:34,664 [INFO] SENDING reqContractDetails b'\x00\x00\x00.9\x008\x00501\x000\x00ES\x00FUT\x00202606\x000.0\x00\x00\x00CME\x00\x00USD\x00\x00\x000\x00\x00\x00\x00'
2026-06-25 02:45:35,436 [WARNING] ⚠️ Falling back to hardcoded ConId for VX_FRONT: 800674914
2026-06-25 02:45:35,437 [INFO] REQUEST reqContractDetails {'reqId': 502, 'contract': 4372460752: 800674914,VX,FUT,,,0,,,CFE,,USD,,,False,,,,combo:}
2026-06-25 02:45:35,437 [INFO] SENDING reqContractDetails b'\x00\x00\x0009\x008\x00502\x00800674914\x00VX\x00FUT\x00\x000.0\x00\x00\x00CFE\x00\x00USD\x00\x00\x000\x00\x00\x00\x00'
2026-06-25 02:45:35,979 [INFO] REQUEST reqHistoricalData {'reqId': 101, 'contract': 4372463200: 649180678,ES,FUT,20260618,20260618,0,,50,CME,,USD,ESM6,ES,False,,,,combo:, 'endDateTime': '', 'durationStr': '14400 S', 'barSizeSetting': '5 mins', 'whatToShow': 'TRADES', 'useRTH': 0, 'formatDate': 1, 'keepUpToDate': False, 'chartOptions': []}
2026-06-25 02:45:35,979 [INFO] SENDING reqHistoricalData b'\x00\x00\x00Z20\x00101\x00649180678\x00ES\x00FUT\x0020260618\x000.0\x00\x0050\x00CME\x00\x00USD\x00ESM6\x00ES\x000\x00\x005 mins\x0014400 S\x000\x00TRADES\x001\x000\x00\x00'
2026-06-25 02:45:35,980 [INFO] REQUEST reqHistoricalData {'reqId': 102, 'contract': 4372460944: 800674914,VX,FUT,,,0,,,CFE,,USD,,,False,,,,combo:, 'endDateTime': '', 'durationStr': '1 D', 'barSizeSetting': '1 day', 'whatToShow': 'MIDPOINT', 'useRTH': 0, 'formatDate': 1, 'keepUpToDate': False, 'chartOptions': []}
2026-06-25 02:45:35,980 [INFO] SENDING reqHistoricalData b'\x00\x00\x00G20\x00102\x00800674914\x00VX\x00FUT\x00\x000.0\x00\x00\x00CFE\x00\x00USD\x00\x00\x000\x00\x001 day\x001 D\x000\x00MIDPOINT\x001\x000\x00\x00'
2026-06-25 02:45:40,129 [WARNING] IBKR API 1782319539699: 2106
2026-06-25 02:45:40,691 [WARNING] IBKR API 1782319540259: 162
2026-06-25 02:45:40,900 [WARNING] IBKR API 1782319540469: 162
2026-06-25 02:45:45,981 [INFO] disconnecting
2026-06-25 02:45:45,983 [INFO] ANSWER connectionClosed {}
2026-06-26 02:34:03,515 [INFO] sent startApi
2026-06-26 02:34:03,515 [INFO] REQUEST startApi {}
2026-06-26 02:34:03,515 [INFO] SENDING startApi b'\x00\x00\x00\x0871\x002\x003\x00\x00'
2026-06-26 02:34:03,515 [INFO] ANSWER connectAck {}
2026-06-26 02:34:03,556 [INFO] ANSWER managedAccounts {'accountsList': 'DU3232524'}
2026-06-26 02:34:03,596 [INFO] ANSWER nextValidId {'orderId': 1}
2026-06-26 02:34:03,596 [INFO] ANSWER error {'reqId': -1, 'errorTime': 1782405243243, 'errorCode': 2104, 'errorString': 'Market data farm connection is OK:hfarm', 'advancedOrderRejectJson': ''}
2026-06-26 02:34:03,597 [ERROR] ERROR -1 1782405243243 2104 Market data farm connection is OK:hfarm
2026-06-26 02:34:03,597 [INFO] ANSWER error {'reqId': -1, 'errorTime': 1782405243248, 'errorCode': 2107, 'errorString': 'HMDS data farm connection is inactive but should be available upon demand.apachmds', 'advancedOrderRejectJson': ''}
2026-06-26 02:34:03,597 [ERROR] ERROR -1 1782405243248 2107 HMDS data farm connection is inactive but should be available upon demand.apachmds
2026-06-26 02:34:03,597 [INFO] ANSWER error {'reqId': -1, 'errorTime': 1782405243249, 'errorCode': 2158, 'errorString': 'Sec-def data farm connection is OK:secdefhk', 'advancedOrderRejectJson': ''}
2026-06-26 02:34:03,597 [ERROR] ERROR -1 1782405243249 2158 Sec-def data farm connection is OK:secdefhk
2026-06-26 02:34:04,525 [INFO] REQUEST reqContractDetails {'reqId': 201, 'contract': 4433180048: 0,VX,FUT,,,0,,,CFE,,USD,,,False,,,,combo:}
2026-06-26 02:34:04,526 [INFO] SENDING reqContractDetails b'\x00\x00\x00(9\x008\x00201\x000\x00VX\x00FUT\x00\x000.0\x00\x00\x00CFE\x00\x00USD\x00\x00\x000\x00\x00\x00\x00'
2026-06-26 02:34:04,861 [INFO] ANSWER error {'reqId': 201, 'errorTime': 1782405244528, 'errorCode': 200, 'errorString': 'No security definition has been found for the request', 'advancedOrderRejectJson': ''}
2026-06-26 02:34:04,862 [ERROR] ERROR 201 1782405244528 200 No security definition has been found for the request
2026-06-26 02:34:14,526 [WARNING] Term structure search failed; injecting hardcoded fallbacks.
2026-06-26 02:34:14,527 [WARNING] ⚠️ Falling back to hardcoded ConId for VX_FRONT: 800674914
2026-06-26 02:34:14,527 [WARNING] ⚠️ Falling back to hardcoded ConId for VX_BACK: 812239044
2026-06-26 02:34:14,527 [INFO] REQUEST reqMarketDataType {'marketDataType': 3}
2026-06-26 02:34:14,527 [INFO] SENDING reqMarketDataType b'\x00\x00\x00\x0759\x001\x003\x00'
2026-06-26 02:34:14,528 [INFO] REQUEST reqMktData {'reqId': 300, 'contract': 4384776624: 800674914,VX,FUT,,,0,,,CFE,,USD,,,False,,,,combo:, 'genericTickList': '', 'snapshot': True, 'regulatorySnapshot': False, 'mktDataOptions': []}
2026-06-26 02:34:14,528 [INFO] SENDING reqMktData b'\x00\x00\x0041\x0011\x00300\x00800674914\x00VX\x00FUT\x00\x000.0\x00\x00\x00CFE\x00\x00USD\x00\x00\x000\x00\x001\x000\x00\x00'
2026-06-26 02:34:14,529 [INFO] REQUEST reqMktData {'reqId': 301, 'contract': 4411928944: 812239044,VX,FUT,,,0,,,CFE,,USD,,,False,,,,combo:, 'genericTickList': '', 'snapshot': True, 'regulatorySnapshot': False, 'mktDataOptions': []}
2026-06-26 02:34:14,529 [INFO] SENDING reqMktData b'\x00\x00\x0041\x0011\x00301\x00812239044\x00VX\x00FUT\x00\x000.0\x00\x00\x00CFE\x00\x00USD\x00\x00\x000\x00\x001\x000\x00\x00'
2026-06-26 02:34:15,056 [INFO] ANSWER error {'reqId': 301, 'errorTime': 1782405254724, 'errorCode': 200, 'errorString': 'No security definition has been found for the request', 'advancedOrderRejectJson': ''}
2026-06-26 02:34:15,056 [ERROR] ERROR 301 1782405254724 200 No security definition has been found for the request
2026-06-26 02:34:19,944 [INFO] ANSWER error {'reqId': 300, 'errorTime': 1782405259613, 'errorCode': 10197, 'errorString': 'No market data during competing live session', 'advancedOrderRejectJson': ''}
2026-06-26 02:34:19,945 [ERROR] ERROR 300 1782405259613 10197 No market data during competing live session
2026-06-26 02:34:24,529 [INFO] disconnecting
2026-06-26 02:34:24,530 [INFO] ANSWER connectionClosed {}
2026-06-26 02:34:24,569 [INFO] sent startApi
2026-06-26 02:34:24,570 [INFO] REQUEST startApi {}
2026-06-26 02:34:24,570 [INFO] SENDING startApi b'\x00\x00\x00\x0871\x002\x001\x00\x00'
2026-06-26 02:34:24,570 [INFO] ANSWER connectAck {}
2026-06-26 02:34:24,712 [INFO] ANSWER managedAccounts {'accountsList': 'DU3232524'}
2026-06-26 02:34:24,712 [INFO] ANSWER nextValidId {'orderId': 1}
2026-06-26 02:34:24,713 [WARNING] IBKR API 1782405264247: 2104
2026-06-26 02:34:24,713 [WARNING] IBKR API 1782405264247: 2107
2026-06-26 02:34:24,713 [WARNING] IBKR API 1782405264247: 2158
2026-06-26 02:34:25,581 [INFO] REQUEST reqContractDetails {'reqId': 501, 'contract': 4427295552: 0,ES,FUT,202606,,0,,,CME,,USD,,,False,,,,combo:}
2026-06-26 02:34:25,582 [INFO] SENDING reqContractDetails b'\x00\x00\x00.9\x008\x00501\x000\x00ES\x00FUT\x00202606\x000.0\x00\x00\x00CME\x00\x00USD\x00\x00\x000\x00\x00\x00\x00'
2026-06-26 02:34:26,668 [WARNING] ⚠️ Falling back to hardcoded ConId for VX_FRONT: 800674914
2026-06-26 02:34:26,668 [INFO] REQUEST reqContractDetails {'reqId': 502, 'contract': 4384779264: 800674914,VX,FUT,,,0,,,CFE,,USD,,,False,,,,combo:}
2026-06-26 02:34:26,668 [INFO] SENDING reqContractDetails b'\x00\x00\x0009\x008\x00502\x00800674914\x00VX\x00FUT\x00\x000.0\x00\x00\x00CFE\x00\x00USD\x00\x00\x000\x00\x00\x00\x00'
2026-06-26 02:34:27,407 [INFO] REQUEST reqHistoricalData {'reqId': 101, 'contract': 4431560096: 649180678,ES,FUT,20260618,20260618,0,,50,CME,,USD,ESM6,ES,False,,,,combo:, 'endDateTime': '', 'durationStr': '14400 S', 'barSizeSetting': '5 mins', 'whatToShow': 'TRADES', 'useRTH': 0, 'formatDate': 1, 'keepUpToDate': False, 'chartOptions': []}
2026-06-26 02:34:27,408 [INFO] SENDING reqHistoricalData b'\x00\x00\x00Z20\x00101\x00649180678\x00ES\x00FUT\x0020260618\x000.0\x00\x0050\x00CME\x00\x00USD\x00ESM6\x00ES\x000\x00\x005 mins\x0014400 S\x000\x00TRADES\x001\x000\x00\x00'
2026-06-26 02:34:27,409 [INFO] REQUEST reqHistoricalData {'reqId': 102, 'contract': 4425652208: 800674914,VX,FUT,,,0,,,CFE,,USD,,,False,,,,combo:, 'endDateTime': '', 'durationStr': '1 D', 'barSizeSetting': '1 day', 'whatToShow': 'MIDPOINT', 'useRTH': 0, 'formatDate': 1, 'keepUpToDate': False, 'chartOptions': []}
2026-06-26 02:34:27,409 [INFO] SENDING reqHistoricalData b'\x00\x00\x00G20\x00102\x00800674914\x00VX\x00FUT\x00\x000.0\x00\x00\x00CFE\x00\x00USD\x00\x00\x000\x00\x001 day\x001 D\x000\x00MIDPOINT\x001\x000\x00\x00'
2026-06-26 02:34:30,287 [WARNING] IBKR API 1782405269655: 2119
2026-06-26 02:34:31,653 [WARNING] IBKR API 1782405271023: 2106
2026-06-26 02:34:32,216 [WARNING] IBKR API 1782405271586: 162
2026-06-26 02:34:32,224 [WARNING] IBKR API 1782405271593: 162
2026-06-26 02:34:32,576 [WARNING] IBKR API 1782405271944: 2104
2026-06-26 02:34:37,414 [INFO] disconnecting
2026-06-26 02:34:37,415 [INFO] ANSWER connectionClosed {}
