2026-03-17 16:33:57 - main - INFO - Testing connection to IBKR...
2026-03-17 16:33:57 - connection.ibkr_client - INFO - Connecting to TWS/IB Gateway at 127.0.0.1:4002
2026-03-17 16:33:57 - connection.ibkr_client - INFO - Managed accounts: ['DU3232524']
2026-03-17 16:33:57 - connection.ibkr_client - INFO - Next valid order ID: 1
2026-03-17 16:33:57 - connection.ibkr_client - ERROR - Error ID: -1, Code: 1773725637395, Message: 2104
2026-03-17 16:33:57 - connection.ibkr_client - ERROR - Error ID: -1, Code: 1773725637396, Message: 2106
2026-03-17 16:33:57 - connection.ibkr_client - ERROR - Error ID: -1, Code: 1773725637396, Message: 2106
2026-03-17 16:33:57 - connection.ibkr_client - ERROR - Error ID: -1, Code: 1773725637396, Message: 2158
2026-03-17 16:33:57 - connection.ibkr_client - INFO - Successfully connected to TWS/IB Gateway
2026-03-17 16:33:57 - main - INFO - ✅ Successfully connected to IBKR
2026-03-17 16:33:57 - main - INFO - Account value: $0.00
2026-03-17 16:33:57 - connection.ibkr_client - WARNING - Connection to TWS/IB Gateway closed
2026-03-17 16:33:57 - main - INFO - Disconnected from IBKR
2026-03-17 16:34:01 - main - INFO - Starting full trading system...
2026-03-17 16:34:01 - main - INFO - Starting SPX 0DTE AutoTrader
2026-03-17 16:34:01 - connection.ibkr_client - INFO - Connecting to TWS/IB Gateway at 127.0.0.1:4002
2026-03-17 16:34:01 - connection.ibkr_client - INFO - Managed accounts: ['DU3232524']
2026-03-17 16:34:01 - connection.ibkr_client - INFO - Next valid order ID: 1
2026-03-17 16:34:01 - connection.ibkr_client - ERROR - Error ID: -1, Code: 1773725641187, Message: 2104
2026-03-17 16:34:01 - connection.ibkr_client - ERROR - Error ID: -1, Code: 1773725641187, Message: 2106
2026-03-17 16:34:01 - connection.ibkr_client - ERROR - Error ID: -1, Code: 1773725641187, Message: 2106
2026-03-17 16:34:01 - connection.ibkr_client - ERROR - Error ID: -1, Code: 1773725641187, Message: 2158
2026-03-17 16:34:01 - connection.ibkr_client - INFO - Successfully connected to TWS/IB Gateway
2026-03-17 16:34:02 - connection.ibkr_client - WARNING - Could not parse account value: 250229.96
2026-03-17 16:34:02 - connection.ibkr_client - WARNING - Could not parse account value: 250229.96
2026-03-17 16:34:03 - connection.thread_manager - INFO - Started MarketData thread
2026-03-17 16:34:03 - connection.thread_manager - INFO - Started OrderMonitor thread
2026-03-17 16:34:03 - connection.thread_manager - INFO - Started PositionMonitor thread
2026-03-17 16:34:03 - connection.thread_manager - INFO - Started Heartbeat thread
2026-03-17 16:34:03 - main - INFO - Entering main trading loop
2026-03-17 16:34:03 - connection.ibkr_client - ERROR - Error ID: 1000, Code: 1773725643325, Message: 2174
2026-03-17 16:34:04 - connection.ibkr_client - ERROR - Error ID: 1001, Code: 1773725644021, Message: 200
2026-03-17 16:34:32 - main - INFO - Received interrupt signal
2026-03-17 16:34:32 - main - INFO - Shutting down...
2026-03-17 16:34:33 - connection.thread_manager - INFO - All threads stopped
2026-03-17 16:34:33 - connection.ibkr_client - WARNING - Connection to TWS/IB Gateway closed
2026-03-17 16:34:33 - main - INFO - Shutdown complete
2026-03-17 16:34:33 - main - INFO - Trading system running. Press Ctrl+C to stop.
2026-03-17 17:58:02 - main - INFO - Testing connection to IBKR...
2026-03-17 17:58:02 - connection.ibkr_client - INFO - Connecting to TWS/IB Gateway at 127.0.0.1:7497
2026-03-17 17:58:02 - connection.ibkr_client - ERROR - Error ID: -1, Code: 1773730682205, Message: 502
2026-03-17 17:58:02 - connection.ibkr_client - WARNING - Connection to TWS/IB Gateway closed
2026-03-17 17:58:10 - main - INFO - Received interrupt signal
2026-03-17 17:58:10 - main - INFO - Shutting down...
2026-03-17 17:58:10 - connection.thread_manager - INFO - All threads stopped
2026-03-17 17:58:10 - main - INFO - Shutdown complete
2026-03-17 17:58:40 - main - INFO - Testing connection to IBKR...
2026-03-17 17:58:40 - connection.ibkr_client - INFO - Connecting to TWS/IB Gateway at 127.0.0.1:4002
2026-03-17 17:58:40 - connection.ibkr_client - INFO - Managed accounts: ['DU3232524']
2026-03-17 17:58:40 - connection.ibkr_client - INFO - Next valid order ID: 1
2026-03-17 17:58:40 - connection.ibkr_client - ERROR - Error ID: -1, Code: 1773730719802, Message: 2104
2026-03-17 17:58:40 - connection.ibkr_client - ERROR - Error ID: -1, Code: 1773730719802, Message: 2106
2026-03-17 17:58:40 - connection.ibkr_client - ERROR - Error ID: -1, Code: 1773730719802, Message: 2106
2026-03-17 17:58:40 - connection.ibkr_client - ERROR - Error ID: -1, Code: 1773730719803, Message: 2158
2026-03-17 17:58:40 - connection.ibkr_client - INFO - Successfully connected to TWS/IB Gateway
2026-03-17 17:58:40 - main - INFO - ✅ Successfully connected to IBKR
2026-03-17 17:58:40 - main - INFO - Account value: $0.00
2026-03-17 17:58:40 - connection.ibkr_client - WARNING - Connection to TWS/IB Gateway closed
2026-03-17 17:58:40 - main - INFO - Disconnected from IBKR
2026-03-17 17:58:46 - main - INFO - Starting full trading system...
2026-03-17 17:58:46 - main - INFO - Starting SPX 0DTE AutoTrader
2026-03-17 17:58:46 - connection.ibkr_client - INFO - Connecting to TWS/IB Gateway at 127.0.0.1:4002
2026-03-17 17:58:46 - connection.ibkr_client - INFO - Managed accounts: ['DU3232524']
2026-03-17 17:58:46 - connection.ibkr_client - INFO - Next valid order ID: 1
2026-03-17 17:58:46 - connection.ibkr_client - ERROR - Error ID: -1, Code: 1773730725993, Message: 2104
2026-03-17 17:58:46 - connection.ibkr_client - ERROR - Error ID: -1, Code: 1773730725993, Message: 2106
2026-03-17 17:58:46 - connection.ibkr_client - ERROR - Error ID: -1, Code: 1773730725993, Message: 2106
2026-03-17 17:58:46 - connection.ibkr_client - ERROR - Error ID: -1, Code: 1773730725993, Message: 2158
2026-03-17 17:58:46 - connection.ibkr_client - INFO - Successfully connected to TWS/IB Gateway
2026-03-17 17:58:47 - connection.ibkr_client - WARNING - Could not parse account value: 250229.96
2026-03-17 17:58:47 - connection.ibkr_client - WARNING - Could not parse account value: 250229.96
2026-03-17 17:58:48 - connection.thread_manager - INFO - Started MarketData thread
2026-03-17 17:58:48 - connection.thread_manager - INFO - Started OrderMonitor thread
2026-03-17 17:58:48 - connection.thread_manager - INFO - Started PositionMonitor thread
2026-03-17 17:58:48 - connection.thread_manager - INFO - Started Heartbeat thread
2026-03-17 17:58:48 - main - INFO - Entering main trading loop
2026-03-17 17:58:48 - connection.ibkr_client - ERROR - Error ID: 1000, Code: 1773730728115, Message: 2174
2026-03-17 17:58:49 - connection.ibkr_client - ERROR - Error ID: 1001, Code: 1773730728800, Message: 200
2026-03-17 18:01:43 - connection.ibkr_client - WARNING - Could not parse account value: 250229.96
2026-03-17 18:01:43 - connection.ibkr_client - WARNING - Could not parse account value: 250229.96
2026-03-17 18:04:43 - connection.ibkr_client - WARNING - Could not parse account value: 250229.96
2026-03-17 18:04:43 - connection.ibkr_client - WARNING - Could not parse account value: 250229.96
2026-03-17 18:05:00 - main - INFO - Received interrupt signal
2026-03-17 18:05:00 - main - INFO - Shutting down...
2026-03-17 18:05:06 - connection.thread_manager - INFO - All threads stopped
2026-03-17 18:05:06 - connection.ibkr_client - WARNING - Connection to TWS/IB Gateway closed
2026-03-17 18:05:06 - main - INFO - Shutdown complete
2026-03-17 18:05:06 - main - INFO - Trading system running. Press Ctrl+C to stop.
