-> request: /sso/ping
-> request: /v1/api/tickle
-> GET /v1/api/tickle,200|554ms
-> request: /v1/api/tickle
-> GET /v1/api/tickle,200|231ms
-> request: /v1/api/tickle
-> request: /v1/api/tickle
-> GET /v1/api/tickle,200|481ms
-> request: /v1/api/tickle
-> GET /v1/api/tickle,200|445ms
-> request: /v1/api/tickle
-> GET /v1/api/tickle,200|188ms
-> request: /v1/api/tickle
-> request: /v1/api/tickle
-> GET /v1/api/tickle,200|272ms
-> request: /v1/api/tickle
-> request: /v1/api/tickle
-> GET /v1/api/tickle,200|589ms
-> request: /sso/ping
-> GET /sso/ping,200|575ms
-> request: /v1/api/tickle
-> GET /v1/api/tickle,200|162ms
-> request: /v1/api/tickle
-> GET /v1/api/tickle,200|192ms
-> request: /v1/api/tickle
-> GET /v1/api/tickle,200|192ms
-> request: /v1/api/tickle
-> GET /v1/api/tickle,200|388ms
-> request: /v1/api/tickle
-> GET /v1/api/tickle,200|175ms
-> request: /v1/api/tickle
-> GET /v1/api/tickle,200|161ms
-> request: /v1/api/tickle
-> GET /v1/api/tickle,200|162ms
-> request: /v1/api/tickle
-> GET /v1/api/tickle,200|162ms
-> request: /v1/api/tickle
-> GET /v1/api/tickle,200|405ms
-> request: /v1/api/tickle
-> GET /v1/api/tickle,200|161ms
-> request: /sso/ping
-> GET /sso/ping,200|574ms
-> request: /v1/api/tickle
-> GET /v1/api/tickle,200|163ms
-> request: /v1/api/tickle
-> GET /v1/api/tickle,200|159ms
-> request: /v1/api/tickle
-> GET /v1/api/tickle,200|192ms
-> request: /v1/api/tickle
-> GET /v1/api/tickle,200|163ms
-> request: /v1/api/tickle
-> GET /v1/api/tickle,200|192ms
-> request: /v1/api/tickle
-> GET /v1/api/tickle,200|167ms
-> request: /v1/api/tickle
-> GET /v1/api/tickle,200|232ms
-> request: /v1/api/tickle
-> GET /v1/api/tickle,200|194ms
-> request: /v1/api/tickle
-> GET /v1/api/tickle,200|161ms
-> request: /v1/api/tickle
-> GET /v1/api/tickle,200|195ms
-> request: /sso/ping
-> GET /sso/ping,200|612ms
-> request: /v1/api/tickle
-> GET /v1/api/tickle,200|195ms
-> request: /v1/api/tickle
-> GET /v1/api/tickle,200|167ms
-> request: /v1/api/tickle
-> GET /v1/api/tickle,200|192ms
-> request: /v1/api/tickle
-> GET /v1/api/tickle,200|1719ms
-> request: /v1/api/tickle
-> GET /v1/api/tickle,200|192ms
-> request: /v1/api/tickle
-> GET /v1/api/tickle,200|163ms
-> request: /v1/api/tickle
-> GET /v1/api/tickle,200|220ms
-> request: /v1/api/tickle
-> GET /v1/api/tickle,200|161ms
-> request: /v1/api/tickle
-> GET /v1/api/tickle,200|161ms
-> request: /v1/api/tickle
-> GET /v1/api/tickle,200|416ms
-> request: /sso/ping
-> GET /sso/ping,200|574ms
-> request: /v1/api/tickle
-> GET /v1/api/tickle,200|161ms
-> request: /v1/api/tickle
-> GET /v1/api/tickle,200|161ms
-> request: /v1/api/tickle
-> GET /v1/api/tickle,200|193ms
-> request: /v1/api/tickle
-> GET /v1/api/tickle,200|161ms
-> request: /v1/api/tickle
-> GET /v1/api/tickle,200|256ms
-> request: /v1/api/tickle
-> GET /v1/api/tickle,200|195ms
-> request: /v1/api/tickle
-> GET /v1/api/tickle,200|191ms
-> request: /v1/api/tickle
-> GET /v1/api/tickle,200|215ms
-> request: /v1/api/tickle
-> GET /v1/api/tickle,200|208ms
-> request: /v1/api/tickle
-> GET /v1/api/tickle,200|708ms
-> request: /sso/ping
-> GET /sso/ping,200|605ms
-> request: /v1/api/tickle
-> GET /v1/api/tickle,200|159ms
-> request: /v1/api/tickle
-> GET /v1/api/tickle,200|161ms
-> request: /v1/api/tickle
-> GET /v1/api/tickle,200|191ms
-> request: /v1/api/tickle
-> GET /v1/api/tickle,200|162ms
-> request: /v1/api/tickle
-> GET /v1/api/tickle,200|162ms
-> request: /v1/api/tickle
-> GET /v1/api/tickle,200|229ms
-> request: /v1/api/tickle
-> GET /v1/api/tickle,200|161ms
-> request: /v1/api/tickle
-> GET /v1/api/tickle,200|191ms
-> request: /v1/api/tickle
-> GET /v1/api/tickle,200|160ms
-> request: /v1/api/tickle
-> GET /v1/api/tickle,200|164ms
-> request: /sso/ping
-> GET /sso/ping,200|578ms
-> request: /v1/api/tickle
-> GET /v1/api/tickle,200|164ms
-> request: /v1/api/tickle
-> GET /v1/api/tickle,200|450ms
-> request: /v1/api/tickle
-> GET /v1/api/tickle,200|159ms
-> request: /v1/api/tickle
-> GET /v1/api/tickle,200|195ms
-> request: /v1/api/tickle
-> GET /v1/api/tickle,200|163ms
-> request: /v1/api/tickle
-> GET /v1/api/tickle,200|198ms
-> request: /v1/api/tickle
-> GET /v1/api/tickle,200|163ms
-> request: /v1/api/tickle
-> GET /v1/api/tickle,200|161ms
-> request: /v1/api/tickle
-> GET /v1/api/tickle,200|161ms
-> request: /v1/api/tickle
-> GET /v1/api/tickle,200|163ms
-> request: /sso/ping
-> GET /sso/ping,200|573ms
-> request: /v1/api/tickle
-> GET /v1/api/tickle,200|497ms
-> request: /v1/api/tickle
-> GET /v1/api/tickle,200|193ms
-> request: /v1/api/tickle
-> GET /v1/api/tickle,200|195ms
-> request: /v1/api/tickle
-> GET /v1/api/tickle,200|192ms
-> request: /v1/api/tickle
-> GET /v1/api/tickle,200|161ms
-> request: /v1/api/tickle
-> GET /v1/api/tickle,200|193ms
-> request: /v1/api/tickle
-> GET /v1/api/tickle,200|214ms
-> request: /v1/api/tickle
-> GET /v1/api/tickle,200|163ms
-> request: /v1/api/tickle
-> GET /v1/api/tickle,200|195ms
-> request: /v1/api/tickle
-> GET /v1/api/tickle,200|161ms
-> request: /sso/ping
-> GET /sso/ping,200|572ms
-> request: /v1/api/tickle
-> GET /v1/api/tickle,200|191ms
-> request: /v1/api/tickle
-> GET /v1/api/tickle,200|189ms
-> request: /v1/api/tickle
-> GET /v1/api/tickle,200|164ms
-> request: /v1/api/tickle
-> GET /v1/api/tickle,200|502ms
-> request: /v1/api/tickle
-> GET /v1/api/tickle,200|167ms
-> request: /v1/api/tickle
-> GET /v1/api/tickle,200|191ms
-> request: /v1/api/tickle
-> GET /v1/api/tickle,200|194ms
-> request: /v1/api/tickle
-> GET /v1/api/tickle,200|318ms
-> request: /v1/api/tickle
-> GET /v1/api/tickle,200|159ms
-> request: /v1/api/tickle
-> GET /v1/api/tickle,200|166ms
-> request: /sso/ping
-> GET /sso/ping,200|609ms
-> request: /v1/api/tickle
-> GET /v1/api/tickle,200|158ms
-> request: /v1/api/tickle
-> GET /v1/api/tickle,200|164ms
-> request: /v1/api/tickle
-> GET /v1/api/tickle,200|160ms
-> request: /v1/api/tickle
-> GET /v1/api/tickle,200|172ms
-> request: /v1/api/tickle
-> GET /v1/api/tickle,200|192ms
-> request: /v1/api/tickle
-> GET /v1/api/tickle,200|193ms
-> request: /v1/api/tickle
-> GET /v1/api/tickle,200|194ms
-> request: /v1/api/tickle
-> GET /v1/api/tickle,200|168ms
-> request: /v1/api/tickle
-> GET /v1/api/tickle,200|163ms
-> request: /v1/api/tickle
-> GET /v1/api/tickle,200|192ms
-> request: /sso/ping
-> GET /sso/ping,200|619ms
-> request: /v1/api/tickle
-> GET /v1/api/tickle,200|446ms
-> request: /v1/api/tickle
-> GET /v1/api/tickle,200|217ms
-> request: /v1/api/tickle
-> GET /v1/api/tickle,200|207ms
-> request: /v1/api/tickle
-> GET /v1/api/tickle,200|366ms
-> request: /v1/api/tickle
-> GET /v1/api/tickle,200|191ms
-> request: /v1/api/tickle
-> GET /v1/api/tickle,200|162ms
-> request: /v1/api/tickle
-> GET /v1/api/tickle,200|456ms
-> request: /v1/api/tickle
-> GET /v1/api/tickle,200|163ms
-> request: /v1/api/tickle
-> GET /v1/api/tickle,200|210ms
-> request: /v1/api/tickle
-> GET /v1/api/tickle,200|190ms
-> request: /sso/ping
-> GET /sso/ping,200|576ms
-> request: /v1/api/tickle
-> GET /v1/api/tickle,200|164ms
-> request: /v1/api/tickle
-> GET /v1/api/tickle,200|192ms
-> request: /v1/api/tickle
-> GET /v1/api/tickle,200|192ms
-> request: /v1/api/tickle
-> GET /v1/api/tickle,200|211ms
-> request: /v1/api/tickle
-> GET /v1/api/tickle,200|214ms
-> request: /v1/api/tickle
-> GET /v1/api/tickle,200|208ms
-> request: /v1/api/tickle
-> GET /v1/api/tickle,200|225ms
-> request: /v1/api/tickle
-> GET /v1/api/tickle,200|212ms
-> request: /v1/api/tickle
-> GET /v1/api/tickle,200|217ms
-> request: /v1/api/tickle
-> GET /v1/api/tickle,200|210ms
-> request: /sso/ping
-> GET /sso/ping,200|628ms
-> request: /v1/api/tickle
-> GET /v1/api/tickle,200|213ms
-> request: /v1/api/tickle
-> GET /v1/api/tickle,200|455ms
-> request: /v1/api/tickle
-> GET /v1/api/tickle,200|192ms
-> request: /v1/api/tickle
-> request: /v1/api/tickle
-> GET /v1/api/tickle,200|298ms
-> request: /v1/api/tickle
-> GET /v1/api/tickle,200|190ms
-> request: /v1/api/tickle
-> GET /v1/api/tickle,200|199ms
-> request: /v1/api/tickle
-> GET /v1/api/tickle,200|194ms
-> request: /v1/api/tickle
-> GET /v1/api/tickle,200|448ms
-> request: /v1/api/tickle
-> request: /sso/ping
-> GET /sso/ping,200|669ms
-> request: /v1/api/tickle
-> GET /v1/api/tickle,401|830ms
-> request: /v1/api/sso/validate?gw=1
-> GET /v1/api/sso/validate?gw=1,401|412ms
-> request: /v1/api/sso/validate?gw=1
-> GET /v1/api/sso/validate?gw=1,401|413ms
-> request: /v1/api/sso/validate?gw=1
-> GET /v1/api/sso/validate?gw=1,401|844ms
-> request: /v1/api/sso/validate?gw=1
-> GET /v1/api/sso/validate?gw=1,401|419ms
-> request: /v1/api/sso/validate?gw=1
-> GET /v1/api/sso/validate?gw=1,401|378ms
-> request: /sso/ping
-> GET /sso/ping,200|613ms
-> request: /sso/ping
-> GET /sso/ping,200|617ms
-> request: /sso/ping
-> GET /sso/ping,200|578ms
-> request: /sso/ping
-> GET /sso/ping,200|613ms
-> request: /sso/ping
-> GET /sso/ping,200|714ms
-> request: /sso/ping
-> GET /sso/ping,200|581ms
-> request: /sso/ping
-> GET /sso/ping,200|610ms
-> request: /sso/ping
-> GET /sso/ping,200|604ms
-> request: /sso/ping
-> GET /sso/ping,200|575ms
-> request: /sso/ping
-> GET /sso/ping,200|608ms
-> request: /sso/ping
-> GET /sso/ping,200|629ms
-> request: /sso/ping
-> GET /sso/ping,200|575ms
-> request: /sso/ping
-> request: /sso/ping
-> GET /sso/ping,200|769ms
-> request: /sso/ping
-> GET /sso/ping,200|642ms
-> request: /sso/ping
-> GET /sso/ping,200|634ms
-> request: /sso/ping
-> GET /sso/ping,200|632ms
-> request: /sso/ping
-> GET /sso/ping,200|634ms
-> request: /sso/ping
-> GET /sso/ping,200|627ms
-> request: /sso/ping
-> GET /sso/ping,200|650ms
-> request: /sso/ping
-> GET /sso/ping,200|634ms
-> request: /sso/ping
-> GET /sso/ping,200|625ms
-> request: /sso/ping
-> GET /sso/ping,200|629ms
-> request: /sso/ping
-> GET /sso/ping,200|654ms
-> request: /sso/ping
-> GET /sso/ping,200|639ms
-> request: /sso/ping
-> GET /sso/ping,200|622ms
-> request: /sso/ping
-> GET /sso/ping,200|633ms
-> request: /sso/ping
-> GET /sso/ping,200|737ms
-> request: /sso/ping
-> GET /sso/ping,200|649ms
-> request: /sso/ping
-> GET /sso/ping,200|625ms
-> request: /sso/ping
-> GET /sso/ping,200|734ms
-> request: /sso/ping
-> GET /sso/ping,200|709ms
-> request: /sso/ping
-> GET /sso/ping,200|646ms
-> request: /sso/ping
-> GET /sso/ping,200|634ms
-> request: /sso/ping
-> GET /sso/ping,200|648ms
-> request: /sso/ping
-> GET /sso/ping,200|631ms
-> request: /sso/ping
-> request: /sso/ping
-> GET /sso/ping,200|925ms
-> request: /sso/ping
-> request: /sso/ping
-> GET /sso/ping,200|828ms
-> request: /sso/ping
-> request: /sso/ping
-> GET /sso/ping,200|727ms
-> request: /sso/ping
-> request: /sso/ping
-> GET /sso/ping,200|880ms
-> request: /sso/ping
-> request: /sso/ping
-> GET /sso/ping,200|800ms
-> request: /sso/ping
-> GET /sso/ping,200|931ms
-> request: /sso/ping
-> GET /sso/ping,200|614ms
-> request: /sso/ping
-> GET /sso/ping,200|434ms
-> request: /sso/ping
-> GET /sso/ping,200|593ms
-> request: /sso/ping
-> request: /sso/ping
-> GET /sso/ping,200|991ms
-> request: /sso/ping
-> GET /sso/ping,200|612ms
-> request: /sso/ping
-> GET /sso/ping,200|889ms
-> request: /sso/ping
-> GET /sso/ping,200|579ms
-> request: /sso/ping
-> GET /sso/ping,200|582ms
-> request: /sso/ping
-> GET /sso/ping,200|406ms
-> request: /sso/ping
-> GET /sso/ping,200|606ms
-> request: /sso/ping
-> GET /sso/ping,200|623ms
-> request: /sso/ping
-> GET /sso/ping,200|613ms
-> request: /sso/ping
-> GET /sso/ping,200|598ms
-> request: /sso/ping
-> GET /sso/ping,200|583ms
-> request: /sso/ping
-> GET /sso/ping,200|627ms
-> request: /sso/ping
-> request: /sso/ping
-> GET /sso/ping,200|1026ms
-> request: /sso/ping
-> GET /sso/ping,200|581ms
-> request: /sso/ping
-> GET /sso/ping,200|406ms
-> request: /sso/ping
-> GET /sso/ping,200|582ms
-> request: /sso/ping
-> GET /sso/ping,200|579ms
-> request: /sso/ping
-> GET /sso/ping,200|611ms
-> request: /sso/ping
-> GET /sso/ping,200|606ms
-> request: /sso/ping
-> GET /sso/ping,200|587ms
-> request: /sso/ping
-> GET /sso/ping,200|610ms
-> request: /sso/ping
-> GET /sso/ping,200|601ms
-> request: /sso/ping
-> GET /sso/ping,200|593ms
-> request: /sso/ping
-> GET /sso/ping,200|679ms
-> request: /sso/ping
-> GET /sso/ping,200|444ms
-> request: /sso/ping
-> GET /sso/ping,200|596ms
-> request: /sso/ping
-> GET /sso/ping,200|635ms
-> request: /sso/ping
-> GET /sso/ping,200|2092ms
-> request: /sso/ping
-> GET /sso/ping,200|607ms
-> request: /sso/ping
-> GET /sso/ping,200|613ms
-> request: /sso/ping
-> GET /sso/ping,200|615ms
-> request: /sso/ping
-> GET /sso/ping,200|601ms
-> request: /sso/ping
-> GET /sso/ping,200|917ms
-> request: /sso/ping
-> GET /sso/ping,200|603ms
-> request: /sso/ping
-> GET /sso/ping,200|590ms
-> request: /sso/ping
-> GET /sso/ping,200|610ms
-> request: /sso/ping
-> GET /sso/ping,200|626ms
-> request: /sso/ping
-> GET /sso/ping,200|578ms
-> request: /sso/ping
-> GET /sso/ping,200|614ms
-> request: /sso/ping
-> request: /sso/ping
-> GET /sso/ping,200|842ms
-> request: /sso/ping
-> request: /sso/ping
-> GET /sso/ping,200|732ms
-> request: /sso/ping
-> GET /sso/ping,200|645ms
-> request: /sso/ping
-> GET /sso/ping,200|592ms
-> request: /sso/ping
-> GET /sso/ping,200|624ms
-> request: /sso/ping
-> GET /sso/ping,200|645ms
-> request: /sso/ping
-> GET /sso/ping,200|631ms
-> request: /sso/ping
-> GET /sso/ping,200|591ms
-> request: /sso/ping
-> GET /sso/ping,200|590ms
-> request: /sso/ping
-> GET /sso/ping,200|621ms
-> request: /sso/ping
-> GET /sso/ping,200|590ms
-> request: /sso/ping
-> request: /sso/ping
-> GET /sso/ping,200|746ms
