-> GET /v1/api/tickle,200|539ms
-> request: /v1/api/tickle
-> GET /v1/api/tickle,200|220ms
-> request: /v1/api/tickle
-> GET /v1/api/tickle,200|202ms
-> request: /v1/api/tickle
-> GET /v1/api/tickle,200|549ms
-> request: /v1/api/tickle
-> GET /v1/api/tickle,200|348ms
-> request: /v1/api/tickle
-> GET /v1/api/tickle,200|351ms
-> request: /v1/api/tickle
-> GET /v1/api/tickle,200|358ms
-> request: /v1/api/tickle
-> GET /v1/api/tickle,200|358ms
-> request: /v1/api/tickle
-> GET /v1/api/tickle,200|361ms
-> request: /v1/api/tickle
-> GET /v1/api/tickle,200|364ms
-> request: /sso/ping
-> GET /sso/ping,200|643ms
-> request: /v1/api/tickle
-> GET /v1/api/tickle,200|1189ms
-> request: /v1/api/tickle
-> GET /v1/api/tickle,200|268ms
-> request: /v1/api/tickle
-> GET /v1/api/tickle,200|579ms
-> request: /v1/api/tickle
-> GET /v1/api/tickle,200|274ms
-> request: /v1/api/tickle
-> GET /v1/api/tickle,200|382ms
-> request: /v1/api/tickle
-> GET /v1/api/tickle,200|538ms
-> request: /v1/api/tickle
-> GET /v1/api/tickle,200|209ms
-> request: /v1/api/tickle
-> GET /v1/api/tickle,200|218ms
-> request: /v1/api/tickle
-> GET /v1/api/tickle,200|496ms
-> request: /v1/api/tickle
-> GET /v1/api/tickle,200|203ms
-> request: /sso/ping
-> GET /sso/ping,200|937ms
-> request: /v1/api/tickle
-> GET /v1/api/tickle,200|605ms
-> request: /v1/api/tickle
-> GET /v1/api/tickle,200|302ms
-> request: /v1/api/tickle
-> GET /v1/api/tickle,200|305ms
-> request: /v1/api/tickle
-> GET /v1/api/tickle,200|513ms
-> request: /v1/api/tickle
-> GET /v1/api/tickle,200|311ms
-> request: /v1/api/tickle
-> GET /v1/api/tickle,200|316ms
-> request: /v1/api/tickle
-> GET /v1/api/tickle,200|232ms
-> request: /v1/api/tickle
-> GET /v1/api/tickle,200|322ms
-> request: /v1/api/tickle
-> request: /v1/api/tickle
-> GET /v1/api/tickle,200|1249ms
-> request: /sso/ping
-> request: /v1/api/tickle
-> GET /v1/api/tickle,200|772ms
-> request: /v1/api/tickle
-> GET /v1/api/tickle,200|362ms
-> request: /v1/api/tickle
-> GET /v1/api/tickle,200|810ms
-> request: /v1/api/tickle
-> GET /v1/api/tickle,200|392ms
-> request: /v1/api/tickle
-> GET /v1/api/tickle,200|297ms
-> request: /v1/api/tickle
-> GET /v1/api/tickle,200|506ms
-> request: /v1/api/tickle
-> GET /v1/api/tickle,200|207ms
-> request: /v1/api/tickle
-> GET /v1/api/tickle,200|416ms
-> request: /v1/api/tickle
-> GET /v1/api/tickle,200|418ms
-> request: /v1/api/tickle
-> GET /v1/api/tickle,200|624ms
-> request: /sso/ping
-> GET /sso/ping,200|1004ms
-> request: /v1/api/tickle
-> GET /v1/api/tickle,200|555ms
-> request: /v1/api/tickle
-> GET /v1/api/tickle,200|426ms
-> request: /v1/api/tickle
-> GET /v1/api/tickle,200|327ms
-> request: /v1/api/tickle
-> GET /v1/api/tickle,200|533ms
-> request: /v1/api/tickle
-> GET /v1/api/tickle,200|188ms
-> request: /v1/api/tickle
-> GET /v1/api/tickle,200|1303ms
-> request: /v1/api/tickle
-> GET /v1/api/tickle,200|544ms
-> request: /v1/api/tickle
-> GET /v1/api/tickle,200|211ms
-> request: /v1/api/tickle
-> GET /v1/api/tickle,200|191ms
-> request: /v1/api/tickle
-> GET /v1/api/tickle,200|386ms
-> request: /sso/ping
-> GET /sso/ping,200|630ms
-> request: /v1/api/tickle
-> GET /v1/api/tickle,200|181ms
-> request: /v1/api/tickle
-> GET /v1/api/tickle,200|357ms
-> request: /v1/api/tickle
-> GET /v1/api/tickle,200|217ms
-> request: /v1/api/tickle
-> GET /v1/api/tickle,200|261ms
-> request: /v1/api/tickle
-> GET /v1/api/tickle,200|1058ms
-> request: /v1/api/tickle
-> GET /v1/api/tickle,200|370ms
-> request: /v1/api/tickle
-> GET /v1/api/tickle,200|372ms
-> request: /v1/api/tickle
-> GET /v1/api/tickle,200|490ms
-> request: /v1/api/tickle
-> GET /v1/api/tickle,200|378ms
-> request: /v1/api/tickle
-> GET /v1/api/tickle,200|224ms
-> request: /sso/ping
-> GET /sso/ping,200|662ms
-> request: /v1/api/tickle
-> GET /v1/api/tickle,200|488ms
-> request: /v1/api/tickle
-> GET /v1/api/tickle,200|200ms
-> request: /v1/api/tickle
-> GET /v1/api/tickle,200|495ms
-> request: /v1/api/tickle
-> GET /v1/api/tickle,200|396ms
-> request: /v1/api/tickle
-> GET /v1/api/tickle,200|400ms
-> request: /v1/api/tickle
-> GET /v1/api/tickle,200|403ms
-> request: /v1/api/tickle
-> GET /v1/api/tickle,200|322ms
-> request: /v1/api/tickle
-> GET /v1/api/tickle,200|733ms
-> request: /v1/api/tickle
-> GET /v1/api/tickle,200|417ms
-> request: /v1/api/tickle
-> GET /v1/api/tickle,200|418ms
-> request: /sso/ping
-> GET /sso/ping,200|797ms
-> request: /v1/api/tickle
-> GET /v1/api/tickle,200|653ms
-> request: /v1/api/tickle
-> GET /v1/api/tickle,200|422ms
-> request: /v1/api/tickle
-> GET /v1/api/tickle,200|529ms
-> request: /v1/api/tickle
-> GET /v1/api/tickle,200|634ms
-> request: /v1/api/tickle
-> GET /v1/api/tickle,200|433ms
-> request: /v1/api/tickle
-> GET /v1/api/tickle,200|621ms
-> request: /v1/api/tickle
-> GET /v1/api/tickle,200|753ms
-> request: /v1/api/tickle
-> GET /v1/api/tickle,200|340ms
-> request: /v1/api/tickle
-> GET /v1/api/tickle,200|651ms
-> request: /v1/api/tickle
-> GET /v1/api/tickle,200|346ms
-> request: /sso/ping
-> GET /sso/ping,200|727ms
-> request: /v1/api/tickle
-> GET /v1/api/tickle,200|329ms
-> request: /v1/api/tickle
-> GET /v1/api/tickle,200|455ms
-> request: /v1/api/tickle
-> GET /v1/api/tickle,200|214ms
-> request: /v1/api/tickle
-> GET /v1/api/tickle,200|192ms
-> request: /v1/api/tickle
-> GET /v1/api/tickle,200|571ms
-> request: /v1/api/tickle
-> GET /v1/api/tickle,200|175ms
-> request: /v1/api/tickle
-> GET /v1/api/tickle,200|176ms
-> request: /v1/api/tickle
-> GET /v1/api/tickle,200|582ms
-> request: /v1/api/tickle
-> GET /v1/api/tickle,200|213ms
-> request: /v1/api/tickle
-> GET /v1/api/tickle,200|206ms
-> request: /sso/ping
-> GET /sso/ping,200|659ms
-> request: /v1/api/tickle
-> GET /v1/api/tickle,200|692ms
-> request: /v1/api/tickle
-> GET /v1/api/tickle,200|490ms
-> request: /v1/api/tickle
-> GET /v1/api/tickle,200|288ms
-> request: /v1/api/tickle
-> GET /v1/api/tickle,200|700ms
-> request: /v1/api/tickle
-> GET /v1/api/tickle,200|396ms
-> request: /v1/api/tickle
-> GET /v1/api/tickle,200|400ms
-> request: /v1/api/tickle
-> GET /v1/api/tickle,200|712ms
-> request: /v1/api/tickle
-> GET /v1/api/tickle,200|816ms
-> request: /v1/api/tickle
-> GET /v1/api/tickle,200|410ms
-> request: /v1/api/tickle
-> GET /v1/api/tickle,200|926ms
-> request: /sso/ping
-> GET /sso/ping,200|794ms
-> request: /v1/api/tickle
-> GET /v1/api/tickle,200|315ms
-> request: /v1/api/tickle
-> GET /v1/api/tickle,200|317ms
-> request: /v1/api/tickle
-> GET /v1/api/tickle,200|652ms
-> request: /v1/api/tickle
-> GET /v1/api/tickle,200|427ms
-> request: /v1/api/tickle
-> GET /v1/api/tickle,200|429ms
-> request: /v1/api/tickle
-> GET /v1/api/tickle,200|639ms
-> request: /v1/api/tickle
-> GET /v1/api/tickle,200|438ms
-> request: /v1/api/tickle
-> GET /v1/api/tickle,200|440ms
-> request: /v1/api/tickle
-> GET /v1/api/tickle,200|204ms
-> request: /v1/api/tickle
-> GET /v1/api/tickle,200|205ms
-> request: /sso/ping
-> GET /sso/ping,200|827ms
-> request: /v1/api/tickle
-> GET /v1/api/tickle,200|245ms
-> request: /v1/api/tickle
-> GET /v1/api/tickle,200|351ms
-> request: /v1/api/tickle
-> GET /v1/api/tickle,200|870ms
-> request: /v1/api/tickle
-> GET /v1/api/tickle,200|200ms
-> request: /v1/api/tickle
-> GET /v1/api/tickle,200|203ms
-> request: /v1/api/tickle
-> GET /v1/api/tickle,200|569ms
-> request: /v1/api/tickle
-> GET /v1/api/tickle,200|201ms
-> request: /v1/api/tickle
-> GET /v1/api/tickle,200|205ms
-> request: /v1/api/tickle
-> GET /v1/api/tickle,200|578ms
-> request: /v1/api/tickle
-> GET /v1/api/tickle,200|378ms
-> request: /sso/ping
-> GET /sso/ping,200|1069ms
-> request: /v1/api/tickle
-> GET /v1/api/tickle,200|380ms
-> request: /v1/api/tickle
-> GET /v1/api/tickle,200|690ms
-> request: /v1/api/tickle
-> GET /v1/api/tickle,200|387ms
-> request: /v1/api/tickle
-> GET /v1/api/tickle,200|927ms
-> request: /v1/api/tickle
-> GET /v1/api/tickle,200|701ms
-> request: /v1/api/tickle
-> GET /v1/api/tickle,200|399ms
-> request: /v1/api/tickle
-> GET /v1/api/tickle,200|402ms
-> request: /v1/api/tickle
-> GET /v1/api/tickle,200|610ms
-> request: /v1/api/tickle
-> GET /v1/api/tickle,200|312ms
-> request: /v1/api/tickle
-> GET /v1/api/tickle,200|309ms
-> request: /sso/ping
-> GET /sso/ping,200|1108ms
-> request: /v1/api/tickle
-> GET /v1/api/tickle,200|721ms
-> request: /v1/api/tickle
-> GET /v1/api/tickle,200|418ms
-> request: /v1/api/tickle
-> GET /v1/api/tickle,200|524ms
-> request: /v1/api/tickle
-> GET /v1/api/tickle,200|424ms
-> request: /v1/api/tickle
-> GET /v1/api/tickle,200|427ms
-> request: /v1/api/tickle
-> GET /v1/api/tickle,200|636ms
-> request: /v1/api/tickle
-> GET /v1/api/tickle,200|1663ms
-> request: /v1/api/tickle
-> GET /v1/api/tickle,200|335ms
-> request: /v1/api/tickle
-> GET /v1/api/tickle,200|646ms
-> request: /v1/api/tickle
-> GET /v1/api/tickle,200|342ms
-> request: /sso/ping
-> GET /sso/ping,200|825ms
-> request: /v1/api/tickle
-> GET /v1/api/tickle,200|345ms
-> request: /v1/api/tickle
-> GET /v1/api/tickle,200|654ms
-> request: /v1/api/tickle
-> GET /v1/api/tickle,200|352ms
-> request: /v1/api/tickle
-> GET /v1/api/tickle,200|459ms
-> request: /v1/api/tickle
-> GET /v1/api/tickle,200|460ms
-> request: /v1/api/tickle
-> GET /v1/api/tickle,200|363ms
-> request: /v1/api/tickle
-> GET /v1/api/tickle,200|1902ms
-> request: /v1/api/tickle
-> GET /v1/api/tickle,200|368ms
-> request: /v1/api/tickle
-> GET /v1/api/tickle,200|372ms
-> request: /v1/api/tickle
-> GET /v1/api/tickle,200|295ms
-> request: /sso/ping
-> GET /sso/ping,200|1897ms
-> request: /v1/api/tickle
-> GET /v1/api/tickle,200|377ms
-> request: /v1/api/tickle
-> GET /v1/api/tickle,200|689ms
-> request: /v1/api/tickle
-> GET /v1/api/tickle,200|385ms
-> request: /v1/api/tickle
-> GET /v1/api/tickle,200|490ms
-> request: /v1/api/tickle
-> request: /v1/api/tickle
-> GET /v1/api/tickle,200|1547ms
-> request: /v1/api/tickle
-> GET /v1/api/tickle,200|298ms
-> request: /v1/api/tickle
-> GET /v1/api/tickle,200|329ms
-> request: /v1/api/tickle
-> GET /v1/api/tickle,200|330ms
-> request: /v1/api/tickle
-> GET /v1/api/tickle,200|1211ms
-> request: /sso/ping
-> GET /sso/ping,200|510ms
-> request: /v1/api/tickle
-> GET /v1/api/tickle,200|339ms
-> request: /v1/api/tickle
-> GET /v1/api/tickle,200|323ms
-> request: /v1/api/tickle
-> GET /v1/api/tickle,200|346ms
-> request: /v1/api/tickle
-> GET /v1/api/tickle,200|272ms
-> request: /v1/api/tickle
-> GET /v1/api/tickle,200|321ms
-> request: /v1/api/tickle
-> GET /v1/api/tickle,200|357ms
-> request: /v1/api/tickle
-> GET /v1/api/tickle,200|565ms
-> request: /v1/api/tickle
-> GET /v1/api/tickle,200|316ms
-> request: /v1/api/tickle
-> GET /v1/api/tickle,200|195ms
-> request: /v1/api/tickle
-> GET /v1/api/tickle,200|196ms
-> request: /sso/ping
-> GET /sso/ping,200|647ms
-> request: /v1/api/tickle
-> GET /v1/api/tickle,200|299ms
-> request: /v1/api/tickle
-> GET /v1/api/tickle,200|306ms
-> request: /v1/api/tickle
-> GET /v1/api/tickle,200|380ms
-> request: /v1/api/tickle
-> GET /v1/api/tickle,200|307ms
-> request: /v1/api/tickle
-> GET /v1/api/tickle,200|386ms
-> request: /v1/api/tickle
-> GET /v1/api/tickle,200|388ms
-> request: /v1/api/tickle
-> GET /v1/api/tickle,200|313ms
-> request: /v1/api/tickle
-> GET /v1/api/tickle,200|395ms
-> request: /v1/api/tickle
-> GET /v1/api/tickle,200|262ms
-> request: /v1/api/tickle
-> GET /v1/api/tickle,200|306ms
-> request: /sso/ping
-> GET /sso/ping,200|783ms
-> request: /v1/api/tickle
-> GET /v1/api/tickle,200|405ms
-> request: /v1/api/tickle
-> GET /v1/api/tickle,200|272ms
-> request: /v1/api/tickle
-> GET /v1/api/tickle,200|309ms
-> request: /v1/api/tickle
-> GET /v1/api/tickle,200|305ms
-> request: /v1/api/tickle
-> GET /v1/api/tickle,200|285ms
-> request: /v1/api/tickle
-> GET /v1/api/tickle,200|320ms
-> request: /v1/api/tickle
-> GET /v1/api/tickle,200|298ms
-> request: /v1/api/tickle
-> GET /v1/api/tickle,200|294ms
-> request: /v1/api/tickle
-> GET /v1/api/tickle,200|296ms
-> request: /v1/api/tickle
-> GET /v1/api/tickle,200|303ms
-> request: /sso/ping
-> GET /sso/ping,200|713ms
-> request: /v1/api/tickle
-> GET /v1/api/tickle,200|547ms
-> request: /v1/api/tickle
-> GET /v1/api/tickle,200|293ms
-> request: /v1/api/tickle
-> GET /v1/api/tickle,200|343ms
-> request: /v1/api/tickle
-> GET /v1/api/tickle,200|299ms
-> request: /v1/api/tickle
-> GET /v1/api/tickle,200|211ms
-> request: /v1/api/tickle
-> GET /v1/api/tickle,200|278ms
-> request: /v1/api/tickle
-> GET /v1/api/tickle,200|356ms
-> request: /v1/api/tickle
-> GET /v1/api/tickle,200|667ms
-> request: /v1/api/tickle
-> GET /v1/api/tickle,200|464ms
-> request: /v1/api/tickle
-> GET /v1/api/tickle,200|308ms
-> request: /sso/ping
-> GET /sso/ping,200|954ms
-> request: /v1/api/tickle
-> GET /v1/api/tickle,200|302ms
-> request: /v1/api/tickle
-> GET /v1/api/tickle,200|263ms
-> request: /v1/api/tickle
-> GET /v1/api/tickle,200|318ms
-> request: /v1/api/tickle
-> GET /v1/api/tickle,200|333ms
-> request: /v1/api/tickle
-> GET /v1/api/tickle,200|390ms
-> request: /v1/api/tickle
-> GET /v1/api/tickle,200|312ms
-> request: /v1/api/tickle
-> GET /v1/api/tickle,200|945ms
-> request: /v1/api/tickle
-> GET /v1/api/tickle,200|305ms
-> request: /v1/api/tickle
-> GET /v1/api/tickle,200|398ms
-> request: /v1/api/tickle
-> GET /v1/api/tickle,200|287ms
-> request: /sso/ping
-> GET /sso/ping,200|882ms
-> request: /v1/api/tickle
-> GET /v1/api/tickle,200|402ms
-> request: /v1/api/tickle
-> GET /v1/api/tickle,200|327ms
-> request: /v1/api/tickle
-> GET /v1/api/tickle,200|325ms
-> request: /v1/api/tickle
-> GET /v1/api/tickle,200|264ms
-> request: /v1/api/tickle
-> GET /v1/api/tickle,200|623ms
-> request: /v1/api/tickle
-> GET /v1/api/tickle,200|331ms
-> request: /v1/api/tickle
-> GET /v1/api/tickle,200|525ms
-> request: /v1/api/tickle
-> GET /v1/api/tickle,200|322ms
-> request: /v1/api/tickle
-> GET /v1/api/tickle,200|308ms
-> request: /v1/api/tickle
-> GET /v1/api/tickle,200|196ms
-> request: /sso/ping
-> GET /sso/ping,200|711ms
-> request: /v1/api/tickle
-> GET /v1/api/tickle,200|209ms
-> request: /v1/api/tickle
-> GET /v1/api/tickle,200|200ms
-> request: /v1/api/tickle
-> GET /v1/api/tickle,200|196ms
-> request: /v1/api/tickle
-> GET /v1/api/tickle,200|200ms
-> request: /v1/api/tickle
-> GET /v1/api/tickle,200|197ms
-> request: /v1/api/tickle
-> GET /v1/api/tickle,200|472ms
-> request: /v1/api/tickle
-> GET /v1/api/tickle,200|191ms
-> request: /v1/api/tickle
-> GET /v1/api/tickle,200|464ms
-> request: /v1/api/tickle
-> GET /v1/api/tickle,200|200ms
-> request: /v1/api/tickle
-> GET /v1/api/tickle,200|314ms
-> request: /sso/ping
-> GET /sso/ping,200|747ms
-> request: /v1/api/tickle
-> GET /v1/api/tickle,200|302ms
-> request: /v1/api/tickle
-> GET /v1/api/tickle,200|316ms
-> request: /v1/api/tickle
-> GET /v1/api/tickle,200|283ms
-> request: /v1/api/tickle
-> GET /v1/api/tickle,200|308ms
-> request: /v1/api/tickle
-> GET /v1/api/tickle,200|379ms
-> request: /v1/api/tickle
-> GET /v1/api/tickle,200|280ms
-> request: /v1/api/tickle
-> GET /v1/api/tickle,200|308ms
-> request: /v1/api/tickle
-> GET /v1/api/tickle,200|194ms
-> request: /v1/api/tickle
-> GET /v1/api/tickle,200|199ms
-> request: /v1/api/tickle
-> GET /v1/api/tickle,200|199ms
-> request: /sso/ping
-> GET /sso/ping,200|777ms
-> request: /v1/api/tickle
-> GET /v1/api/tickle,200|400ms
-> request: /v1/api/tickle
-> GET /v1/api/tickle,200|327ms
-> request: /v1/api/tickle
-> GET /v1/api/tickle,200|287ms
-> request: /v1/api/tickle
-> GET /v1/api/tickle,200|274ms
-> request: /v1/api/tickle
-> GET /v1/api/tickle,200|514ms
-> request: /v1/api/tickle
-> GET /v1/api/tickle,200|287ms
-> request: /v1/api/tickle
-> GET /v1/api/tickle,200|317ms
-> request: /v1/api/tickle
-> GET /v1/api/tickle,200|293ms
-> request: /v1/api/tickle
-> GET /v1/api/tickle,200|282ms
-> request: /v1/api/tickle
-> GET /v1/api/tickle,200|305ms
-> request: /sso/ping
-> GET /sso/ping,200|708ms
-> request: /v1/api/tickle
-> GET /v1/api/tickle,200|330ms
-> request: /v1/api/tickle
-> GET /v1/api/tickle,200|501ms
-> request: /v1/api/tickle
-> GET /v1/api/tickle,200|341ms
-> request: /v1/api/tickle
-> GET /v1/api/tickle,200|291ms
-> request: /v1/api/tickle
-> GET /v1/api/tickle,200|303ms
-> request: /v1/api/tickle
-> GET /v1/api/tickle,200|293ms
-> request: /v1/api/tickle
-> GET /v1/api/tickle,200|352ms
-> request: /v1/api/tickle
-> GET /v1/api/tickle,200|348ms
-> request: /v1/api/tickle
-> GET /v1/api/tickle,200|357ms
-> request: /v1/api/tickle
-> GET /v1/api/tickle,200|296ms
-> request: /sso/ping
-> GET /sso/ping,200|742ms
-> request: /v1/api/tickle
-> GET /v1/api/tickle,200|300ms
-> request: /v1/api/tickle
-> GET /v1/api/tickle,200|295ms
-> request: /v1/api/tickle
-> GET /v1/api/tickle,200|371ms
-> request: /v1/api/tickle
-> GET /v1/api/tickle,200|299ms
-> request: /v1/api/tickle
-> GET /v1/api/tickle,200|377ms
-> request: /v1/api/tickle
-> GET /v1/api/tickle,200|293ms
-> request: /v1/api/tickle
-> GET /v1/api/tickle,200|326ms
-> request: /v1/api/tickle
-> GET /v1/api/tickle,200|317ms
-> request: /v1/api/tickle
-> GET /v1/api/tickle,200|596ms
-> request: /v1/api/tickle
-> GET /v1/api/tickle,200|338ms
-> request: /sso/ping
-> GET /sso/ping,200|775ms
-> request: /v1/api/tickle
-> GET /v1/api/tickle,200|397ms
-> request: /v1/api/tickle
-> GET /v1/api/tickle,200|307ms
-> request: /v1/api/tickle
-> GET /v1/api/tickle,200|300ms
-> request: /v1/api/tickle
-> GET /v1/api/tickle,200|284ms
-> request: /v1/api/tickle
-> GET /v1/api/tickle,200|412ms
-> request: /v1/api/tickle
-> GET /v1/api/tickle,200|292ms
-> request: /v1/api/tickle
-> request: /v1/api/tickle
-> GET /v1/api/tickle,200|713ms
-> request: /v1/api/tickle
-> request: /v1/api/tickle
-> GET /v1/api/tickle,200|671ms
-> request: /sso/ping
-> request: /v1/api/tickle
-> GET /v1/api/tickle,200|931ms
-> request: /v1/api/tickle
-> request: /v1/api/tickle
-> GET /v1/api/tickle,200|872ms
-> request: /v1/api/tickle
-> GET /v1/api/tickle,200|223ms
-> request: /v1/api/tickle
-> GET /v1/api/tickle,200|570ms
-> request: /v1/api/tickle
-> GET /v1/api/tickle,200|230ms
-> request: /v1/api/tickle
-> GET /v1/api/tickle,200|883ms
-> request: /v1/api/tickle
-> GET /v1/api/tickle,200|271ms
-> request: /v1/api/tickle
-> GET /v1/api/tickle,200|261ms
-> request: /v1/api/tickle
-> GET /v1/api/tickle,200|241ms
-> request: /sso/ping
-> GET /sso/ping,200|968ms
-> request: /v1/api/tickle
-> GET /v1/api/tickle,200|283ms
-> request: /v1/api/tickle
-> GET /v1/api/tickle,200|232ms
-> request: /v1/api/tickle
-> GET /v1/api/tickle,200|240ms
-> request: /v1/api/tickle
-> GET /v1/api/tickle,200|235ms
-> request: /v1/api/tickle
-> GET /v1/api/tickle,200|295ms
-> request: /v1/api/tickle
-> GET /v1/api/tickle,200|229ms
-> request: /v1/api/tickle
-> GET /v1/api/tickle,200|224ms
-> request: /v1/api/tickle
-> GET /v1/api/tickle,200|220ms
-> request: /v1/api/tickle
-> GET /v1/api/tickle,200|236ms
-> request: /v1/api/tickle
-> GET /v1/api/tickle,200|237ms
-> request: /sso/ping
-> GET /sso/ping,200|1001ms
-> request: /v1/api/tickle
-> GET /v1/api/tickle,200|317ms
-> request: /v1/api/tickle
-> GET /v1/api/tickle,200|246ms
-> request: /v1/api/tickle
-> GET /v1/api/tickle,200|310ms
-> request: /v1/api/tickle
-> GET /v1/api/tickle,200|296ms
-> request: /v1/api/tickle
-> GET /v1/api/tickle,200|216ms
-> request: /v1/api/tickle
-> GET /v1/api/tickle,200|225ms
-> request: /v1/api/tickle
-> GET /v1/api/tickle,200|227ms
-> request: /v1/api/tickle
-> GET /v1/api/tickle,200|216ms
-> request: /v1/api/tickle
-> GET /v1/api/tickle,200|231ms
-> request: /v1/api/tickle
-> GET /v1/api/tickle,200|347ms
-> request: /sso/ping
-> GET /sso/ping,200|727ms
-> request: /v1/api/tickle
-> GET /v1/api/tickle,200|554ms
-> request: /v1/api/tickle
-> GET /v1/api/tickle,200|228ms
-> request: /v1/api/tickle
-> GET /v1/api/tickle,200|241ms
-> request: /v1/api/tickle
-> GET /v1/api/tickle,200|219ms
-> request: /v1/api/tickle
-> GET /v1/api/tickle,200|222ms
-> request: /v1/api/tickle
-> GET /v1/api/tickle,200|214ms
-> request: /v1/api/tickle
-> GET /v1/api/tickle,200|227ms
-> request: /v1/api/tickle
-> GET /v1/api/tickle,200|225ms
-> request: /v1/api/tickle
-> GET /v1/api/tickle,200|225ms
-> request: /v1/api/tickle
-> GET /v1/api/tickle,200|222ms
-> request: /sso/ping
-> GET /sso/ping,200|864ms
-> request: /v1/api/tickle
-> GET /v1/api/tickle,200|231ms
-> request: /v1/api/tickle
-> GET /v1/api/tickle,200|284ms
-> request: /v1/api/tickle
-> GET /v1/api/tickle,200|223ms
-> request: /v1/api/tickle
-> GET /v1/api/tickle,200|244ms
-> request: /v1/api/tickle
-> GET /v1/api/tickle,200|228ms
-> request: /v1/api/tickle
-> GET /v1/api/tickle,200|231ms
-> request: /v1/api/tickle
-> GET /v1/api/tickle,200|242ms
-> request: /v1/api/tickle
-> GET /v1/api/tickle,200|304ms
-> request: /v1/api/tickle
-> GET /v1/api/tickle,200|215ms
-> request: /v1/api/tickle
-> GET /v1/api/tickle,200|237ms
-> request: /sso/ping
-> GET /sso/ping,200|997ms
-> request: /v1/api/tickle
-> GET /v1/api/tickle,200|453ms
-> request: /v1/api/tickle
-> GET /v1/api/tickle,200|216ms
-> request: /v1/api/tickle
-> GET /v1/api/tickle,200|217ms
-> request: /v1/api/tickle
-> GET /v1/api/tickle,200|235ms
-> request: /v1/api/tickle
-> GET /v1/api/tickle,200|223ms
-> request: /v1/api/tickle
-> GET /v1/api/tickle,200|230ms
-> request: /v1/api/tickle
-> GET /v1/api/tickle,200|230ms
-> request: /v1/api/tickle
-> GET /v1/api/tickle,200|231ms
-> request: /v1/api/tickle
-> GET /v1/api/tickle,200|219ms
-> request: /v1/api/tickle
-> GET /v1/api/tickle,200|447ms
-> request: /sso/ping
-> GET /sso/ping,200|724ms
-> request: /v1/api/tickle
-> GET /v1/api/tickle,200|224ms
-> request: /v1/api/tickle
-> GET /v1/api/tickle,200|236ms
-> request: /v1/api/tickle
-> GET /v1/api/tickle,200|241ms
-> request: /v1/api/tickle
-> GET /v1/api/tickle,200|233ms
-> request: /v1/api/tickle
-> GET /v1/api/tickle,200|359ms
-> request: /v1/api/tickle
-> GET /v1/api/tickle,200|363ms
-> request: /v1/api/tickle
-> GET /v1/api/tickle,200|1903ms
-> request: /v1/api/tickle
-> GET /v1/api/tickle,200|269ms
-> request: /v1/api/tickle
-> GET /v1/api/tickle,200|233ms
-> request: /v1/api/tickle
-> GET /v1/api/tickle,200|228ms
-> request: /sso/ping
-> GET /sso/ping,200|1064ms
-> request: /v1/api/tickle
-> GET /v1/api/tickle,200|219ms
-> request: /v1/api/tickle
-> GET /v1/api/tickle,200|222ms
-> request: /v1/api/tickle
-> GET /v1/api/tickle,200|219ms
-> request: /v1/api/tickle
-> GET /v1/api/tickle,200|236ms
-> request: /v1/api/tickle
-> GET /v1/api/tickle,200|225ms
-> request: /v1/api/tickle
-> GET /v1/api/tickle,200|221ms
-> request: /v1/api/tickle
-> GET /v1/api/tickle,200|227ms
-> request: /v1/api/tickle
-> GET /v1/api/tickle,200|222ms
-> request: /v1/api/tickle
-> GET /v1/api/tickle,200|229ms
-> request: /v1/api/tickle
-> GET /v1/api/tickle,200|218ms
-> request: /sso/ping
-> GET /sso/ping,200|995ms
-> request: /v1/api/tickle
-> GET /v1/api/tickle,200|226ms
-> request: /v1/api/tickle
-> GET /v1/api/tickle,200|246ms
-> request: /v1/api/tickle
-> GET /v1/api/tickle,200|230ms
-> request: /v1/api/tickle
-> GET /v1/api/tickle,200|216ms
-> request: /v1/api/tickle
-> GET /v1/api/tickle,200|231ms
-> request: /v1/api/tickle
-> GET /v1/api/tickle,200|217ms
-> request: /v1/api/tickle
-> GET /v1/api/tickle,200|227ms
-> request: /v1/api/tickle
-> GET /v1/api/tickle,200|228ms
-> request: /v1/api/tickle
-> GET /v1/api/tickle,200|223ms
-> request: /v1/api/tickle
-> GET /v1/api/tickle,200|340ms
-> request: /sso/ping
-> GET /sso/ping,200|1029ms
-> request: /v1/api/tickle
-> GET /v1/api/tickle,200|226ms
-> request: /v1/api/tickle
-> GET /v1/api/tickle,200|239ms
-> request: /v1/api/tickle
-> GET /v1/api/tickle,200|219ms
-> request: /v1/api/tickle
-> GET /v1/api/tickle,200|386ms
-> request: /v1/api/tickle
-> GET /v1/api/tickle,200|223ms
-> request: /v1/api/tickle
-> GET /v1/api/tickle,200|258ms
-> request: /v1/api/tickle
-> GET /v1/api/tickle,200|261ms
-> request: /v1/api/tickle
-> GET /v1/api/tickle,200|237ms
-> request: /v1/api/tickle
-> GET /v1/api/tickle,200|223ms
-> request: /v1/api/tickle
-> GET /v1/api/tickle,200|225ms
-> request: /sso/ping
-> GET /sso/ping,200|858ms
-> request: /v1/api/tickle
-> GET /v1/api/tickle,200|274ms
-> request: /v1/api/tickle
-> GET /v1/api/tickle,200|218ms
-> request: /v1/api/tickle
-> GET /v1/api/tickle,200|238ms
-> request: /v1/api/tickle
-> GET /v1/api/tickle,200|221ms
-> request: /v1/api/tickle
-> GET /v1/api/tickle,200|237ms
-> request: /v1/api/tickle
-> GET /v1/api/tickle,200|223ms
-> request: /v1/api/tickle
-> GET /v1/api/tickle,200|221ms
-> request: /v1/api/tickle
-> GET /v1/api/tickle,200|218ms
-> request: /v1/api/tickle
-> GET /v1/api/tickle,200|221ms
-> request: /v1/api/tickle
-> GET /v1/api/tickle,200|214ms
-> request: /sso/ping
-> GET /sso/ping,200|996ms
-> request: /v1/api/tickle
-> GET /v1/api/tickle,200|237ms
-> request: /v1/api/tickle
-> GET /v1/api/tickle,200|227ms
-> request: /v1/api/tickle
-> GET /v1/api/tickle,200|217ms
-> request: /v1/api/tickle
-> GET /v1/api/tickle,200|318ms
-> request: /v1/api/tickle
-> GET /v1/api/tickle,200|223ms
-> request: /v1/api/tickle
-> GET /v1/api/tickle,200|232ms
-> request: /v1/api/tickle
-> GET /v1/api/tickle,200|224ms
-> request: /v1/api/tickle
-> GET /v1/api/tickle,200|220ms
-> request: /v1/api/tickle
-> GET /v1/api/tickle,200|216ms
-> request: /v1/api/tickle
-> GET /v1/api/tickle,200|235ms
-> request: /sso/ping
-> GET /sso/ping,200|1027ms
-> request: /v1/api/tickle
-> GET /v1/api/tickle,200|221ms
-> request: /v1/api/tickle
-> GET /v1/api/tickle,200|252ms
-> request: /v1/api/tickle
-> request: /v1/api/tickle
-> GET /v1/api/tickle,200|1415ms
-> request: /v1/api/tickle
-> GET /v1/api/tickle,200|224ms
-> request: /v1/api/tickle
-> GET /v1/api/tickle,200|211ms
-> request: /v1/api/tickle
-> GET /v1/api/tickle,200|298ms
-> request: /v1/api/tickle
-> GET /v1/api/tickle,200|303ms
-> request: /v1/api/tickle
-> GET /v1/api/tickle,200|309ms
-> request: /v1/api/tickle
-> GET /v1/api/tickle,200|216ms
-> request: /sso/ping
-> GET /sso/ping,200|688ms
-> request: /v1/api/tickle
-> GET /v1/api/tickle,200|310ms
-> request: /v1/api/tickle
-> GET /v1/api/tickle,200|314ms
-> request: /v1/api/tickle
-> GET /v1/api/tickle,200|316ms
-> request: /v1/api/tickle
-> GET /v1/api/tickle,200|321ms
-> request: /v1/api/tickle
-> GET /v1/api/tickle,200|225ms
-> request: /v1/api/tickle
-> GET /v1/api/tickle,200|533ms
-> request: /v1/api/tickle
-> GET /v1/api/tickle,200|223ms
-> request: /v1/api/tickle
-> GET /v1/api/tickle,200|332ms
-> request: /v1/api/tickle
-> GET /v1/api/tickle,200|336ms
-> request: /v1/api/tickle
-> GET /v1/api/tickle,200|545ms
-> request: /sso/ping
-> GET /sso/ping,200|722ms
-> request: /v1/api/tickle
-> GET /v1/api/tickle,200|241ms
-> request: /v1/api/tickle
-> GET /v1/api/tickle,200|213ms
-> request: /v1/api/tickle
-> GET /v1/api/tickle,200|213ms
-> request: /v1/api/tickle
-> GET /v1/api/tickle,200|210ms
-> request: /v1/api/tickle
-> GET /v1/api/tickle,200|215ms
-> request: /v1/api/tickle
-> GET /v1/api/tickle,200|565ms
-> request: /v1/api/tickle
-> GET /v1/api/tickle,200|2514ms
-> request: /v1/api/tickle
-> GET /v1/api/tickle,200|470ms
-> request: /v1/api/tickle
-> GET /v1/api/tickle,200|268ms
-> request: /v1/api/tickle
-> GET /v1/api/tickle,200|578ms
-> request: /sso/ping
-> GET /sso/ping,200|650ms
-> request: /v1/api/tickle
-> GET /v1/api/tickle,200|274ms
-> request: /v1/api/tickle
-> GET /v1/api/tickle,200|599ms
-> request: /v1/api/tickle
-> GET /v1/api/tickle,200|285ms
-> request: /v1/api/tickle
-> GET /v1/api/tickle,200|489ms
-> request: /v1/api/tickle
-> GET /v1/api/tickle,200|208ms
-> request: /v1/api/tickle
-> GET /v1/api/tickle,200|495ms
-> request: /v1/api/tickle
-> GET /v1/api/tickle,200|217ms
-> request: /v1/api/tickle
-> GET /v1/api/tickle,200|297ms
-> request: /v1/api/tickle
-> GET /v1/api/tickle,200|211ms
-> request: /v1/api/tickle
-> GET /v1/api/tickle,200|511ms
-> request: /sso/ping
-> GET /sso/ping,200|685ms
-> request: /v1/api/tickle
-> GET /v1/api/tickle,200|308ms
-> request: /v1/api/tickle
-> GET /v1/api/tickle,200|312ms
-> request: /v1/api/tickle
-> GET /v1/api/tickle,200|218ms
-> request: /v1/api/tickle
-> GET /v1/api/tickle,200|216ms
-> request: /v1/api/tickle
-> GET /v1/api/tickle,200|210ms
-> request: /v1/api/tickle
-> GET /v1/api/tickle,200|324ms
-> request: /v1/api/tickle
-> GET /v1/api/tickle,200|211ms
-> request: /v1/api/tickle
-> GET /v1/api/tickle,200|535ms
-> request: /v1/api/tickle
-> GET /v1/api/tickle,200|335ms
-> request: /v1/api/tickle
-> GET /v1/api/tickle,200|545ms
-> request: /sso/ping
-> GET /sso/ping,200|923ms
-> request: /v1/api/tickle
-> GET /v1/api/tickle,200|213ms
-> request: /v1/api/tickle
-> GET /v1/api/tickle,200|549ms
-> request: /v1/api/tickle
-> GET /v1/api/tickle,200|219ms
-> request: /v1/api/tickle
-> GET /v1/api/tickle,200|250ms
-> request: /v1/api/tickle
-> GET /v1/api/tickle,200|211ms
-> request: /v1/api/tickle
-> GET /v1/api/tickle,200|561ms
-> request: /v1/api/tickle
-> GET /v1/api/tickle,200|258ms
-> request: /v1/api/tickle
-> GET /v1/api/tickle,200|569ms
-> request: /v1/api/tickle
-> GET /v1/api/tickle,200|480ms
-> request: /v1/api/tickle
-> GET /v1/api/tickle,200|267ms
-> request: /sso/ping
-> GET /sso/ping,200|753ms
-> request: /v1/api/tickle
-> GET /v1/api/tickle,200|272ms
-> request: /v1/api/tickle
-> GET /v1/api/tickle,200|210ms
-> request: /v1/api/tickle
-> GET /v1/api/tickle,200|220ms
-> request: /v1/api/tickle
-> GET /v1/api/tickle,200|484ms
-> POST /sso/Dispatcher
<- 200 POST /sso/Dispatcher
-> GET /scripts/common/js/jquery-3.7.0/jquery.min.js
-> GET /sso/lib/forge-1.3.1.all.min.js
-> GET /sso/lib/js.cookie.min.js
-> GET /sso/javascript/device.info.js?q=1736974371103
<- 200 GET /scripts/common/js/jquery-3.7.0/jquery.min.js
<- 200 GET /sso/lib/js.cookie.min.js
<- 200 GET /sso/javascript/device.info.js?q=1736974371103
<- 200 GET /sso/lib/forge-1.3.1.all.min.js
-> POST /sso/report
-> POST /sso/Dispatcher
<- 200 POST /sso/report
<- 200 POST /sso/Dispatcher
-> GET /scripts/common/js/jquery-3.7.0/jquery.min.js
-> GET /sso/lib/forge-1.3.1.all.min.js
-> GET /sso/lib/js.cookie.min.js
-> GET /sso/javascript/device.info.js?q=1736974371103
<- 304 GET /sso/lib/js.cookie.min.js
<- 304 GET /sso/javascript/device.info.js?q=1736974371103
<- 304 GET /sso/lib/forge-1.3.1.all.min.js
<- 304 GET /scripts/common/js/jquery-3.7.0/jquery.min.js
-> POST /sso/report
-> POST /sso/Dispatcher
<- 200 POST /sso/report
<- 200 POST /sso/Dispatcher
-> GET /scripts/common/js/jquery-3.7.0/jquery.min.js
-> GET /sso/lib/forge-1.3.1.all.min.js
<- 304 GET /scripts/common/js/jquery-3.7.0/jquery.min.js
-> GET /sso/lib/js.cookie.min.js
<- 304 GET /sso/lib/forge-1.3.1.all.min.js
-> GET /sso/javascript/device.info.js?q=1736974371103
<- 304 GET /sso/lib/js.cookie.min.js
<- 304 GET /sso/javascript/device.info.js?q=1736974371103
-> POST /sso/report
-> POST /sso/Dispatcher
<- 200 POST /sso/Dispatcher
<- 200 POST /sso/report
-> GET /scripts/common/js/jquery-3.7.0/jquery.min.js
-> GET /sso/lib/forge-1.3.1.all.min.js
<- 304 GET /scripts/common/js/jquery-3.7.0/jquery.min.js
-> GET /sso/lib/js.cookie.min.js
-> GET /sso/javascript/device.info.js?q=1736974371103
<- 304 GET /sso/lib/forge-1.3.1.all.min.js
<- 304 GET /sso/lib/js.cookie.min.js
<- 304 GET /sso/javascript/device.info.js?q=1736974371103
-> POST /sso/report
-> POST /sso/Dispatcher
<- 200 POST /sso/report
<- 200 POST /sso/Dispatcher
-> GET /scripts/common/js/jquery-3.7.0/jquery.min.js
-> GET /sso/lib/forge-1.3.1.all.min.js
<- 304 GET /scripts/common/js/jquery-3.7.0/jquery.min.js
-> GET /sso/lib/js.cookie.min.js
-> GET /sso/javascript/device.info.js?q=1736974371103
<- 304 GET /sso/lib/forge-1.3.1.all.min.js
<- 304 GET /sso/lib/js.cookie.min.js
<- 304 GET /sso/javascript/device.info.js?q=1736974371103
-> POST /sso/report
-> POST /sso/Dispatcher
<- 200 POST /sso/Dispatcher
-> GET /scripts/common/js/jquery-3.7.0/jquery.min.js
<- 200 POST /sso/report
<- 304 GET /scripts/common/js/jquery-3.7.0/jquery.min.js
-> GET /sso/lib/forge-1.3.1.all.min.js
-> GET /sso/lib/js.cookie.min.js
-> GET /sso/javascript/device.info.js?q=1736974371103
<- 304 GET /sso/lib/forge-1.3.1.all.min.js
<- 304 GET /sso/javascript/device.info.js?q=1736974371103
<- 304 GET /sso/lib/js.cookie.min.js
-> POST /sso/report
-> POST /sso/Dispatcher
<- 200 POST /sso/Dispatcher
<- 200 POST /sso/report
-> GET /scripts/common/js/jquery-3.7.0/jquery.min.js
<- 304 GET /scripts/common/js/jquery-3.7.0/jquery.min.js
-> GET /sso/lib/forge-1.3.1.all.min.js
-> GET /sso/lib/js.cookie.min.js
-> GET /sso/javascript/device.info.js?q=1736974371103
<- 304 GET /sso/lib/forge-1.3.1.all.min.js
<- 304 GET /sso/lib/js.cookie.min.js
<- 304 GET /sso/javascript/device.info.js?q=1736974371103
-> POST /sso/report
-> POST /sso/Dispatcher
<- 200 POST /sso/report
<- 200 POST /sso/Dispatcher
-> GET /scripts/common/js/jquery-3.7.0/jquery.min.js
-> GET /sso/lib/forge-1.3.1.all.min.js
<- 304 GET /scripts/common/js/jquery-3.7.0/jquery.min.js
-> GET /sso/lib/js.cookie.min.js
-> GET /sso/javascript/device.info.js?q=1736974371103
<- 304 GET /sso/lib/forge-1.3.1.all.min.js
<- 304 GET /sso/lib/js.cookie.min.js
<- 304 GET /sso/javascript/device.info.js?q=1736974371103
-> POST /sso/report
-> POST /sso/Dispatcher
<- 200 POST /sso/report
<- 200 POST /sso/Dispatcher
-> GET /scripts/common/js/jquery-3.7.0/jquery.min.js
-> GET /sso/lib/forge-1.3.1.all.min.js
<- 304 GET /scripts/common/js/jquery-3.7.0/jquery.min.js
-> GET /sso/lib/js.cookie.min.js
<- 304 GET /sso/lib/forge-1.3.1.all.min.js
-> GET /sso/javascript/device.info.js?q=1736974371103
<- 304 GET /sso/lib/js.cookie.min.js
<- 304 GET /sso/javascript/device.info.js?q=1736974371103
-> POST /sso/report
-> POST /sso/Dispatcher
<- 200 POST /sso/report
<- 200 POST /sso/Dispatcher
-> GET /scripts/common/js/jquery-3.7.0/jquery.min.js
-> GET /sso/lib/forge-1.3.1.all.min.js
<- 304 GET /scripts/common/js/jquery-3.7.0/jquery.min.js
<- 304 GET /sso/lib/forge-1.3.1.all.min.js
-> GET /sso/lib/js.cookie.min.js
-> GET /sso/javascript/device.info.js?q=1736974371103
<- 304 GET /sso/lib/js.cookie.min.js
<- 304 GET /sso/javascript/device.info.js?q=1736974371103
-> POST /sso/report
-> POST /sso/Dispatcher
<- 200 POST /sso/report
<- 200 POST /sso/Dispatcher
-> GET /scripts/common/js/jquery-3.7.0/jquery.min.js
-> GET /sso/lib/forge-1.3.1.all.min.js
<- 304 GET /scripts/common/js/jquery-3.7.0/jquery.min.js
-> GET /sso/lib/js.cookie.min.js
-> GET /sso/javascript/device.info.js?q=1736974371103
<- 304 GET /sso/lib/forge-1.3.1.all.min.js
<- 304 GET /sso/lib/js.cookie.min.js
<- 304 GET /sso/javascript/device.info.js?q=1736974371103
-> POST /sso/report
-> POST /sso/Dispatcher
<- 200 POST /sso/report
<- 200 POST /sso/Dispatcher
-> GET /scripts/common/js/jquery-3.7.0/jquery.min.js
-> GET /sso/lib/forge-1.3.1.all.min.js
<- 304 GET /scripts/common/js/jquery-3.7.0/jquery.min.js
<- 304 GET /sso/lib/forge-1.3.1.all.min.js
-> GET /sso/lib/js.cookie.min.js
-> GET /sso/javascript/device.info.js?q=1736974371103
<- 304 GET /sso/lib/js.cookie.min.js
<- 304 GET /sso/javascript/device.info.js?q=1736974371103
-> POST /sso/report
-> POST /sso/Dispatcher
<- 200 POST /sso/report
<- 200 POST /sso/Dispatcher
-> GET /scripts/common/js/jquery-3.7.0/jquery.min.js
-> GET /sso/lib/forge-1.3.1.all.min.js
<- 304 GET /scripts/common/js/jquery-3.7.0/jquery.min.js
<- 304 GET /sso/lib/forge-1.3.1.all.min.js
-> GET /sso/lib/js.cookie.min.js
-> GET /sso/javascript/device.info.js?q=1736974371103
<- 304 GET /sso/javascript/device.info.js?q=1736974371103
<- 304 GET /sso/lib/js.cookie.min.js
-> POST /sso/report
-> POST /sso/Dispatcher
<- 200 POST /sso/report
<- 200 POST /sso/Dispatcher
-> GET /scripts/common/js/jquery-3.7.0/jquery.min.js
-> GET /sso/lib/forge-1.3.1.all.min.js
<- 304 GET /scripts/common/js/jquery-3.7.0/jquery.min.js
-> GET /sso/lib/js.cookie.min.js
-> GET /sso/javascript/device.info.js?q=1736974371103
<- 304 GET /sso/lib/forge-1.3.1.all.min.js
<- 304 GET /sso/javascript/device.info.js?q=1736974371103
<- 304 GET /sso/lib/js.cookie.min.js
-> POST /sso/report
-> POST /sso/Dispatcher
<- 200 POST /sso/report
-> GET /sso/Login?forwardTo=22&RL=1&ip2loc=US
<- 200 GET /sso/Login?forwardTo=22&RL=1&ip2loc=US
-> GET /css/bootstrap-5.2.2/bootstrap.min.css
-> GET /css/fontawesome-6.2.0/all.min.css
-> GET /css/bootstrap-switch-3.3.2/bootstrap-switch.min.css
-> GET /css/reg-am/login.min.css
-> GET /css/ibkr/theme-ibkr-portal.min.css
-> GET /scripts/common/js/jquery-3.7.0/jquery.min.js
<- 200 GET /css/bootstrap-5.2.2/bootstrap.min.css
-> GET /scripts/common/js/bootstrap-5.2.2/bootstrap.bundle.min.js
<- 200 GET /css/fontawesome-6.2.0/all.min.css
<- 200 GET /css/bootstrap-switch-3.3.2/bootstrap-switch.min.css
-> GET /sso/lib/xyz.bundle.min.js
<- 200 GET /scripts/common/js/jquery-3.7.0/jquery.min.js
<- 200 GET /scripts/common/js/bootstrap-5.2.2/bootstrap.bundle.min.js
<- 200 GET /sso/lib/xyz.bundle.min.js
<- 200 GET /css/reg-am/login.min.css
<- 200 GET /css/ibkr/theme-ibkr-portal.min.css
-> GET /images/common/logos/ibkr/interactive-brokers.svg
-> GET /fonts/proxima-nova/Proxima-Nova-Regular.woff2
-> GET /fonts/fontawesome-6.4.2/webfonts/fa-solid-900.woff2
-> GET /fonts/fontawesome-6.2.0/webfonts/fa-brands-400.woff2
-> GET /images/web/favicons/home-screen-icon-192x192.png
-> POST /portal.proxy/v1/gstat/bulletins
<- 200 GET /images/common/logos/ibkr/interactive-brokers.svg
-> GET /sso/images/2fa-animated-once.gif
<- 200 GET /fonts/proxima-nova/Proxima-Nova-Regular.woff2
<- 200 GET /fonts/fontawesome-6.4.2/webfonts/fa-solid-900.woff2
<- 200 GET /images/web/favicons/home-screen-icon-192x192.png
<- 200 GET /sso/images/2fa-animated-once.gif
<- 200 GET /fonts/fontawesome-6.2.0/webfonts/fa-brands-400.woff2
<- 204 POST /portal.proxy/v1/gstat/bulletins
<- 200 POST /sso/Dispatcher
-> POST /sso/Authenticator
<- 200 POST /sso/Authenticator
-> POST /sso/Authenticator
<- 200 POST /sso/Authenticator
-> POST /sso/Dispatcher
<- 302 POST /sso/Dispatcher
-> request: /v1/api/sso/validate?gw=1
-> GET /v1/api/sso/validate?gw=1,200|947ms
-> request: /v1/api/one/user
-> request: /v1/api/ssodh/init
-> sso GET https://api.ibkr.com/v1/api/ssodh/init
-> GET /v1/api/one/user,200|920ms
-> request: /v1/api/ssodh/st
-> sso GET https://api.ibkr.com/v1/api/ssodh/st
-> request: /sso/Authenticator?ACTION=PUBLISH_TST&RESP_TYPE=JSON&DEVICE_ID=1a4e605b|F2-15-BD-A2-7A-75
-> sso GET https://api.ibkr.com/sso/Authenticator?ACTION=PUBLISH_TST&RESP_TYPE=JSON&DEVICE_ID=1a4e605b|F2-15-BD-A2-7A-75
<- 200 GET https://api.ibkr.com/sso/Authenticator?ACTION=PUBLISH_TST&RESP_TYPE=JSON&DEVICE_ID=1a4e605b|F2-15-BD-A2-7A-75 0
-> GET /v1/api//iserver/auth/status
<- 200 GET /v1/api//iserver/auth/status
-> request: /v1/api/iserver/auth/status
-> GET /v1/api/iserver/auth/status,200|222ms
-> request: /v1/api/iserver/auth/ssodh/init
-> POST https://api.ibkr.com/v1/api/iserver/auth/ssodh/init,200|1790ms
-> request: /v1/api/iserver/accounts
-> GET /v1/api/iserver/accounts,200|216ms
-> GET /v1/api//iserver/auth/status
<- 200 GET /v1/api//iserver/auth/status
-> POST /v1/api//tickle
<- 200 POST /v1/api//tickle
-> GET /v1/api//iserver/secdef/search?symbol=TSLA
<- 200 GET /v1/api//iserver/secdef/search?symbol=TSLA
-> GET /v1/api//iserver/marketdata/snapshot?conids=76792991&fields=31
<- 200 GET /v1/api//iserver/marketdata/snapshot?conids=76792991&fields=31
-> GET /v1/api//iserver/marketdata/snapshot?conids=76792991
<- 200 GET /v1/api//iserver/marketdata/snapshot?conids=76792991
-> request: /v1/api/tickle
-> GET /v1/api/tickle,200|231ms
-> request: /v1/api/tickle
-> GET /v1/api/tickle,200|235ms
-> GET /v1/api//iserver/secdef/search?symbol=TSLA
<- 200 GET /v1/api//iserver/secdef/search?symbol=TSLA
-> GET /v1/api//iserver/marketdata/snapshot?conids=76792991&fields=31
<- 200 GET /v1/api//iserver/marketdata/snapshot?conids=76792991&fields=31
-> GET /v1/api//iserver/marketdata/snapshot?conids=76792991
<- 200 GET /v1/api//iserver/marketdata/snapshot?conids=76792991
-> GET /v1/api//iserver/secdef/strikes?conid=76792991&secType=OPT&month=JAN25
<- 200 GET /v1/api//iserver/secdef/strikes?conid=76792991&secType=OPT&month=JAN25
-> GET /v1/api//iserver/secdef/info?conid=76792991&month=JAN25&strike=402.5&secType=OPT
<- 200 GET /v1/api//iserver/secdef/info?conid=76792991&month=JAN25&strike=402.5&secType=OPT
-> GET /v1/api//iserver/marketdata/snapshot?conids=752530438&fields=31,84,86,88,85
<- 200 GET /v1/api//iserver/marketdata/snapshot?conids=752530438&fields=31,84,86,88,85
-> GET /v1/api//iserver/marketdata/snapshot?conids=752530438
<- 200 GET /v1/api//iserver/marketdata/snapshot?conids=752530438
-> GET /v1/api//iserver/marketdata/snapshot?conids=752530710&fields=31,84,86,88,85
<- 200 GET /v1/api//iserver/marketdata/snapshot?conids=752530710&fields=31,84,86,88,85
-> GET /v1/api//iserver/marketdata/snapshot?conids=752530710
<- 200 GET /v1/api//iserver/marketdata/snapshot?conids=752530710
-> GET /v1/api//iserver/marketdata/snapshot?conids=753803083&fields=31,84,86,88,85
<- 200 GET /v1/api//iserver/marketdata/snapshot?conids=753803083&fields=31,84,86,88,85
-> GET /v1/api//iserver/marketdata/snapshot?conids=753803083
<- 200 GET /v1/api//iserver/marketdata/snapshot?conids=753803083
-> GET /v1/api//iserver/marketdata/snapshot?conids=753803572&fields=31,84,86,88,85
<- 200 GET /v1/api//iserver/marketdata/snapshot?conids=753803572&fields=31,84,86,88,85
-> GET /v1/api//iserver/marketdata/snapshot?conids=753803572
<- 200 GET /v1/api//iserver/marketdata/snapshot?conids=753803572
-> GET /v1/api//iserver/secdef/info?conid=76792991&month=JAN25&strike=405.0&secType=OPT
<- 200 GET /v1/api//iserver/secdef/info?conid=76792991&month=JAN25&strike=405.0&secType=OPT
-> GET /v1/api//iserver/marketdata/snapshot?conids=746484185&fields=31,84,86,88,85
<- 200 GET /v1/api//iserver/marketdata/snapshot?conids=746484185&fields=31,84,86,88,85
-> GET /v1/api//iserver/marketdata/snapshot?conids=746484185
<- 200 GET /v1/api//iserver/marketdata/snapshot?conids=746484185
-> GET /v1/api//iserver/marketdata/snapshot?conids=746485973&fields=31,84,86,88,85
<- 200 GET /v1/api//iserver/marketdata/snapshot?conids=746485973&fields=31,84,86,88,85
-> GET /v1/api//iserver/marketdata/snapshot?conids=746485973
<- 200 GET /v1/api//iserver/marketdata/snapshot?conids=746485973
-> GET /v1/api//iserver/marketdata/snapshot?conids=747885726&fields=31,84,86,88,85
<- 200 GET /v1/api//iserver/marketdata/snapshot?conids=747885726&fields=31,84,86,88,85
-> GET /v1/api//iserver/marketdata/snapshot?conids=747885726
<- 200 GET /v1/api//iserver/marketdata/snapshot?conids=747885726
-> GET /v1/api//iserver/marketdata/snapshot?conids=747887583&fields=31,84,86,88,85
-> request: /v1/api/tickle
<- 200 GET /v1/api//iserver/marketdata/snapshot?conids=747887583&fields=31,84,86,88,85
-> GET /v1/api/tickle,200|228ms
-> GET /v1/api//iserver/marketdata/snapshot?conids=747887583
<- 200 GET /v1/api//iserver/marketdata/snapshot?conids=747887583
-> GET /v1/api//iserver/secdef/info?conid=76792991&month=JAN25&strike=407.5&secType=OPT
<- 200 GET /v1/api//iserver/secdef/info?conid=76792991&month=JAN25&strike=407.5&secType=OPT
-> GET /v1/api//iserver/marketdata/snapshot?conids=752530461&fields=31,84,86,88,85
<- 200 GET /v1/api//iserver/marketdata/snapshot?conids=752530461&fields=31,84,86,88,85
-> GET /v1/api//iserver/marketdata/snapshot?conids=752530461
<- 200 GET /v1/api//iserver/marketdata/snapshot?conids=752530461
-> GET /v1/api//iserver/marketdata/snapshot?conids=752530747&fields=31,84,86,88,85
<- 200 GET /v1/api//iserver/marketdata/snapshot?conids=752530747&fields=31,84,86,88,85
-> GET /v1/api//iserver/marketdata/snapshot?conids=752530747
<- 200 GET /v1/api//iserver/marketdata/snapshot?conids=752530747
-> GET /v1/api//iserver/marketdata/snapshot?conids=753803133&fields=31,84,86,88,85
<- 200 GET /v1/api//iserver/marketdata/snapshot?conids=753803133&fields=31,84,86,88,85
-> GET /v1/api//iserver/marketdata/snapshot?conids=753803133
<- 200 GET /v1/api//iserver/marketdata/snapshot?conids=753803133
-> GET /v1/api//iserver/marketdata/snapshot?conids=753803627&fields=31,84,86,88,85
<- 200 GET /v1/api//iserver/marketdata/snapshot?conids=753803627&fields=31,84,86,88,85
-> GET /v1/api//iserver/marketdata/snapshot?conids=753803627
<- 200 GET /v1/api//iserver/marketdata/snapshot?conids=753803627
-> GET /v1/api//iserver/secdef/info?conid=76792991&month=JAN25&strike=410.0&secType=OPT
<- 200 GET /v1/api//iserver/secdef/info?conid=76792991&month=JAN25&strike=410.0&secType=OPT
-> GET /v1/api//iserver/marketdata/snapshot?conids=746484249&fields=31,84,86,88,85
<- 200 GET /v1/api//iserver/marketdata/snapshot?conids=746484249&fields=31,84,86,88,85
-> GET /v1/api//iserver/marketdata/snapshot?conids=746484249
<- 200 GET /v1/api//iserver/marketdata/snapshot?conids=746484249
-> GET /v1/api//iserver/marketdata/snapshot?conids=746486062&fields=31,84,86,88,85
<- 200 GET /v1/api//iserver/marketdata/snapshot?conids=746486062&fields=31,84,86,88,85
-> GET /v1/api//iserver/marketdata/snapshot?conids=746486062
<- 200 GET /v1/api//iserver/marketdata/snapshot?conids=746486062
-> GET /v1/api//iserver/marketdata/snapshot?conids=747885791&fields=31,84,86,88,85
<- 200 GET /v1/api//iserver/marketdata/snapshot?conids=747885791&fields=31,84,86,88,85
-> GET /v1/api//iserver/marketdata/snapshot?conids=747885791
<- 200 GET /v1/api//iserver/marketdata/snapshot?conids=747885791
-> GET /v1/api//iserver/marketdata/snapshot?conids=747887631&fields=31,84,86,88,85
<- 200 GET /v1/api//iserver/marketdata/snapshot?conids=747887631&fields=31,84,86,88,85
-> GET /v1/api//iserver/marketdata/snapshot?conids=747887631
<- 200 GET /v1/api//iserver/marketdata/snapshot?conids=747887631
-> request: /v1/api/tickle
-> GET /v1/api/tickle,200|214ms
-> GET /sso/Login?forwardTo=22&RL=1&ip2loc=US
<- 200 GET /sso/Login?forwardTo=22&RL=1&ip2loc=US
-> GET /css/bootstrap-5.2.2/bootstrap.min.css
-> GET /css/fontawesome-6.2.0/all.min.css
-> GET /css/bootstrap-switch-3.3.2/bootstrap-switch.min.css
-> GET /css/reg-am/login.min.css
-> GET /css/ibkr/theme-ibkr-portal.min.css
-> GET /scripts/common/js/jquery-3.7.0/jquery.min.js
<- 200 GET /css/bootstrap-5.2.2/bootstrap.min.css
-> GET /scripts/common/js/bootstrap-5.2.2/bootstrap.bundle.min.js
<- 200 GET /scripts/common/js/jquery-3.7.0/jquery.min.js
-> GET /sso/lib/xyz.bundle.min.js
<- 200 GET /scripts/common/js/bootstrap-5.2.2/bootstrap.bundle.min.js
<- 200 GET /css/fontawesome-6.2.0/all.min.css
<- 200 GET /css/bootstrap-switch-3.3.2/bootstrap-switch.min.css
<- 200 GET /css/ibkr/theme-ibkr-portal.min.css
<- 200 GET /sso/lib/xyz.bundle.min.js
<- 200 GET /css/reg-am/login.min.css
-> GET /images/common/logos/ibkr/interactive-brokers.svg
-> GET /fonts/proxima-nova/Proxima-Nova-Regular.woff2
-> GET /fonts/fontawesome-6.4.2/webfonts/fa-solid-900.woff2
-> GET /fonts/fontawesome-6.2.0/webfonts/fa-brands-400.woff2
-> GET /images/web/favicons/home-screen-icon-192x192.png
<- 200 GET /images/common/logos/ibkr/interactive-brokers.svg
-> POST /portal.proxy/v1/gstat/bulletins
-> GET /sso/images/2fa-animated-once.gif
<- 200 GET /fonts/proxima-nova/Proxima-Nova-Regular.woff2
<- 200 GET /fonts/fontawesome-6.4.2/webfonts/fa-solid-900.woff2
<- 200 GET /images/web/favicons/home-screen-icon-192x192.png
<- 200 GET /fonts/fontawesome-6.2.0/webfonts/fa-brands-400.woff2
<- 200 GET /sso/images/2fa-animated-once.gif
<- 204 POST /portal.proxy/v1/gstat/bulletins
-> POST /sso/Authenticator
<- 200 POST /sso/Authenticator
-> POST /sso/Authenticator
<- 200 POST /sso/Authenticator
-> POST /sso/Dispatcher
<- 302 POST /sso/Dispatcher
-> request: /v1/api/sso/validate?gw=1
-> GET /v1/api/sso/validate?gw=1,200|859ms
-> request: /v1/api/one/user
-> request: /v1/api/ssodh/init
-> sso GET https://api.ibkr.com/v1/api/ssodh/init
-> GET /v1/api/one/user,200|681ms
-> request: /v1/api/ssodh/st
-> sso GET https://api.ibkr.com/v1/api/ssodh/st
-> request: /sso/Authenticator?ACTION=PUBLISH_TST&RESP_TYPE=JSON&DEVICE_ID=39b5eb01|F2-15-BD-A2-7A-75
-> sso GET https://api.ibkr.com/sso/Authenticator?ACTION=PUBLISH_TST&RESP_TYPE=JSON&DEVICE_ID=39b5eb01|F2-15-BD-A2-7A-75
<- 200 GET https://api.ibkr.com/sso/Authenticator?ACTION=PUBLISH_TST&RESP_TYPE=JSON&DEVICE_ID=39b5eb01|F2-15-BD-A2-7A-75 0
-> request: /v1/api/iserver/auth/status
-> GET /v1/api/iserver/auth/status,200|226ms
-> request: /v1/api/iserver/auth/ssodh/init
-> POST https://api.ibkr.com/v1/api/iserver/auth/ssodh/init,200|1811ms
-> request: /v1/api/iserver/accounts
-> GET /v1/api/iserver/accounts,200|213ms
-> GET /v1/api//iserver/secdef/search?symbol=TSLA
<- 200 GET /v1/api//iserver/secdef/search?symbol=TSLA
-> GET /v1/api//iserver/marketdata/snapshot?conids=76792991&fields=31
<- 200 GET /v1/api//iserver/marketdata/snapshot?conids=76792991&fields=31
-> GET /v1/api//iserver/marketdata/snapshot?conids=76792991
<- 200 GET /v1/api//iserver/marketdata/snapshot?conids=76792991
-> GET /v1/api//iserver/secdef/strikes?conid=76792991&secType=OPT&month=JAN25
<- 200 GET /v1/api//iserver/secdef/strikes?conid=76792991&secType=OPT&month=JAN25
-> request: /v1/api/tickle
-> GET /v1/api/tickle,200|343ms
-> GET /sso/Login?forwardTo=22&RL=1&ip2loc=US
<- 200 GET /sso/Login?forwardTo=22&RL=1&ip2loc=US
-> GET /css/bootstrap-5.2.2/bootstrap.min.css
-> GET /css/fontawesome-6.2.0/all.min.css
-> GET /css/bootstrap-switch-3.3.2/bootstrap-switch.min.css
-> GET /css/reg-am/login.min.css
-> GET /css/ibkr/theme-ibkr-portal.min.css
-> GET /scripts/common/js/jquery-3.7.0/jquery.min.js
<- 200 GET /css/bootstrap-5.2.2/bootstrap.min.css
-> GET /scripts/common/js/bootstrap-5.2.2/bootstrap.bundle.min.js
<- 200 GET /scripts/common/js/jquery-3.7.0/jquery.min.js
-> GET /sso/lib/xyz.bundle.min.js
<- 200 GET /scripts/common/js/bootstrap-5.2.2/bootstrap.bundle.min.js
<- 200 GET /sso/lib/xyz.bundle.min.js
<- 200 GET /css/bootstrap-switch-3.3.2/bootstrap-switch.min.css
<- 200 GET /css/fontawesome-6.2.0/all.min.css
<- 200 GET /css/reg-am/login.min.css
<- 200 GET /css/ibkr/theme-ibkr-portal.min.css
-> GET /images/web/favicons/home-screen-icon-192x192.png
-> GET /images/common/logos/ibkr/interactive-brokers.svg
-> GET /fonts/proxima-nova/Proxima-Nova-Regular.woff2
-> GET /fonts/fontawesome-6.4.2/webfonts/fa-solid-900.woff2
-> GET /fonts/fontawesome-6.2.0/webfonts/fa-brands-400.woff2
<- 200 GET /images/web/favicons/home-screen-icon-192x192.png
-> POST /portal.proxy/v1/gstat/bulletins
-> GET /sso/images/2fa-animated-once.gif
<- 200 GET /images/common/logos/ibkr/interactive-brokers.svg
<- 200 GET /fonts/fontawesome-6.2.0/webfonts/fa-brands-400.woff2
<- 200 GET /fonts/proxima-nova/Proxima-Nova-Regular.woff2
<- 200 GET /fonts/fontawesome-6.4.2/webfonts/fa-solid-900.woff2
<- 200 GET /sso/images/2fa-animated-once.gif
<- 204 POST /portal.proxy/v1/gstat/bulletins
-> POST /sso/Authenticator
<- 200 POST /sso/Authenticator
-> POST /sso/Authenticator
<- 200 POST /sso/Authenticator
-> POST /sso/Dispatcher
<- 200 POST /sso/Dispatcher
-> GET /css/reg-am/login.min.css
-> GET /css/ibkr/theme-ibkr-portal.min.css
-> GET /scripts/common/js/jquery-3.7.0/jquery.min.js
-> GET /scripts/common/js/bootstrap-5.2.2/bootstrap.bundle.min.js
-> GET /sso/lib/xyz.bundle.min.js
<- 304 GET /sso/lib/xyz.bundle.min.js
<- 304 GET /scripts/common/js/bootstrap-5.2.2/bootstrap.bundle.min.js
<- 304 GET /scripts/common/js/jquery-3.7.0/jquery.min.js
<- 200 GET /css/ibkr/theme-ibkr-portal.min.css
<- 200 GET /css/reg-am/login.min.css
-> GET /fonts/fontawesome-6.4.2/webfonts/fa-solid-900.woff2
-> GET /images/web/favicons/home-screen-icon-192x192.png
-> POST /portal.proxy/v1/gstat/bulletins
<- 200 GET /images/web/favicons/home-screen-icon-192x192.png
<- 304 GET /fonts/fontawesome-6.4.2/webfonts/fa-solid-900.woff2
<- 204 POST /portal.proxy/v1/gstat/bulletins
-> request: /v1/api/tickle
-> GET /v1/api/tickle,401|494ms
-> request: /v1/api/sso/validate?gw=1
-> GET /v1/api/sso/validate?gw=1,401|422ms
-> request: /v1/api/sso/validate?gw=1
-> GET /v1/api/sso/validate?gw=1,401|520ms
-> request: /v1/api/sso/validate?gw=1
-> GET /v1/api/sso/validate?gw=1,401|580ms
-> request: /v1/api/sso/validate?gw=1
-> GET /v1/api/sso/validate?gw=1,401|479ms
-> request: /v1/api/sso/validate?gw=1
-> GET /v1/api/sso/validate?gw=1,401|474ms
-> POST /sso/Authenticator
-> POST /sso/Authenticator
<- 200 POST /sso/Authenticator
-> POST /sso/Authenticator
<- 200 POST /sso/Authenticator
-> POST /sso/Dispatcher
<- 302 POST /sso/Dispatcher
-> request: /v1/api/sso/validate?gw=1
-> GET /v1/api/sso/validate?gw=1,200|526ms
-> request: /v1/api/sso/validate?gw=1
-> request: /v1/api/sso/validate?gw=1
-> GET /v1/api/sso/validate?gw=1,200|254ms
-> request: /v1/api/one/user
-> request: /v1/api/ssodh/init
-> sso GET https://api.ibkr.com/v1/api/ssodh/init
-> GET /v1/api/sso/validate?gw=1,200|436ms
-> request: /v1/api/one/user
-> request: /v1/api/ssodh/init
-> sso GET https://api.ibkr.com/v1/api/ssodh/init
-> GET /v1/api/one/user,200|286ms
-> GET /v1/api/one/user,200|275ms
-> request: /v1/api/ssodh/st
-> sso GET https://api.ibkr.com/v1/api/ssodh/st
-> request: /v1/api/ssodh/st
-> sso GET https://api.ibkr.com/v1/api/ssodh/st
-> request: /sso/Authenticator?ACTION=PUBLISH_TST&RESP_TYPE=JSON&DEVICE_ID=0b14cd40|F2-15-BD-A2-7A-75
-> sso GET https://api.ibkr.com/sso/Authenticator?ACTION=PUBLISH_TST&RESP_TYPE=JSON&DEVICE_ID=0b14cd40|F2-15-BD-A2-7A-75
<- 200 GET https://api.ibkr.com/sso/Authenticator?ACTION=PUBLISH_TST&RESP_TYPE=JSON&DEVICE_ID=0b14cd40|F2-15-BD-A2-7A-75 0
-> request: /v1/api/iserver/auth/status
-> request: /v1/api/iserver/auth/status
-> GET /v1/api/iserver/auth/status,200|271ms
-> request: /v1/api/iserver/auth/ssodh/init
-> GET /v1/api/iserver/auth/status,200|368ms
-> POST https://api.ibkr.com/v1/api/iserver/auth/ssodh/init,200|1870ms
-> request: /v1/api/iserver/accounts
-> GET /v1/api/iserver/accounts,200|397ms
-> GET /v1/api//iserver/auth/status
<- 200 GET /v1/api//iserver/auth/status
-> POST /v1/api//tickle
<- 200 POST /v1/api//tickle
-> GET /v1/api//iserver/secdef/search?symbol=TSLA
<- 200 GET /v1/api//iserver/secdef/search?symbol=TSLA
-> GET /v1/api//iserver/marketdata/snapshot?conids=76792991&fields=31
<- 200 GET /v1/api//iserver/marketdata/snapshot?conids=76792991&fields=31
-> GET /v1/api//iserver/marketdata/snapshot?conids=76792991
<- 200 GET /v1/api//iserver/marketdata/snapshot?conids=76792991
-> GET /v1/api//iserver/secdef/strikes?conid=76792991&secType=OPT&month=JAN25
<- 200 GET /v1/api//iserver/secdef/strikes?conid=76792991&secType=OPT&month=JAN25
-> request: /v1/api/tickle
-> GET /v1/api/tickle,200|240ms
-> request: /v1/api/tickle
-> GET /v1/api/tickle,200|226ms
-> request: /v1/api/tickle
-> GET /v1/api/tickle,200|301ms
-> request: /v1/api/tickle
-> GET /v1/api/tickle,200|252ms
-> GET /v1/api//iserver/secdef/search?symbol=TSLA
<- 200 GET /v1/api//iserver/secdef/search?symbol=TSLA
-> GET /v1/api//iserver/marketdata/snapshot?conids=76792991&fields=31
-> request: /v1/api/tickle
<- 200 GET /v1/api//iserver/marketdata/snapshot?conids=76792991&fields=31
-> GET /v1/api/tickle,200|221ms
-> GET /v1/api//iserver/marketdata/snapshot?conids=76792991
<- 200 GET /v1/api//iserver/marketdata/snapshot?conids=76792991
-> GET /v1/api//iserver/secdef/strikes?conid=76792991&secType=OPT&month=JAN25
<- 200 GET /v1/api//iserver/secdef/strikes?conid=76792991&secType=OPT&month=JAN25
-> GET /v1/api//iserver/secdef/info?conid=76792991&month=JAN25&strike=402.5&secType=OPT
<- 200 GET /v1/api//iserver/secdef/info?conid=76792991&month=JAN25&strike=402.5&secType=OPT
-> GET /v1/api//iserver/marketdata/snapshot?conids=752530438&fields=31,84,86,88,85
<- 200 GET /v1/api//iserver/marketdata/snapshot?conids=752530438&fields=31,84,86,88,85
-> GET /v1/api//iserver/marketdata/snapshot?conids=752530438
<- 200 GET /v1/api//iserver/marketdata/snapshot?conids=752530438
-> GET /v1/api//iserver/marketdata/snapshot?conids=752530710&fields=31,84,86,88,85
<- 200 GET /v1/api//iserver/marketdata/snapshot?conids=752530710&fields=31,84,86,88,85
-> GET /v1/api//iserver/marketdata/snapshot?conids=752530710
<- 200 GET /v1/api//iserver/marketdata/snapshot?conids=752530710
-> GET /v1/api//iserver/marketdata/snapshot?conids=753803083&fields=31,84,86,88,85
<- 200 GET /v1/api//iserver/marketdata/snapshot?conids=753803083&fields=31,84,86,88,85
-> GET /v1/api//iserver/marketdata/snapshot?conids=753803083
<- 200 GET /v1/api//iserver/marketdata/snapshot?conids=753803083
-> GET /v1/api//iserver/marketdata/snapshot?conids=753803572&fields=31,84,86,88,85
<- 200 GET /v1/api//iserver/marketdata/snapshot?conids=753803572&fields=31,84,86,88,85
-> GET /v1/api//iserver/marketdata/snapshot?conids=753803572
<- 200 GET /v1/api//iserver/marketdata/snapshot?conids=753803572
-> GET /v1/api//iserver/secdef/info?conid=76792991&month=JAN25&strike=405.0&secType=OPT
<- 200 GET /v1/api//iserver/secdef/info?conid=76792991&month=JAN25&strike=405.0&secType=OPT
-> GET /v1/api//iserver/marketdata/snapshot?conids=746484185&fields=31,84,86,88,85
<- 200 GET /v1/api//iserver/marketdata/snapshot?conids=746484185&fields=31,84,86,88,85
-> GET /v1/api//iserver/marketdata/snapshot?conids=746484185
<- 200 GET /v1/api//iserver/marketdata/snapshot?conids=746484185
-> GET /v1/api//iserver/marketdata/snapshot?conids=746485973&fields=31,84,86,88,85
<- 200 GET /v1/api//iserver/marketdata/snapshot?conids=746485973&fields=31,84,86,88,85
-> GET /v1/api//iserver/marketdata/snapshot?conids=746485973
<- 200 GET /v1/api//iserver/marketdata/snapshot?conids=746485973
-> GET /v1/api//iserver/marketdata/snapshot?conids=747885726&fields=31,84,86,88,85
<- 200 GET /v1/api//iserver/marketdata/snapshot?conids=747885726&fields=31,84,86,88,85
-> GET /v1/api//iserver/marketdata/snapshot?conids=747885726
<- 200 GET /v1/api//iserver/marketdata/snapshot?conids=747885726
-> GET /v1/api//iserver/marketdata/snapshot?conids=747887583&fields=31,84,86,88,85
<- 200 GET /v1/api//iserver/marketdata/snapshot?conids=747887583&fields=31,84,86,88,85
-> GET /v1/api//iserver/marketdata/snapshot?conids=747887583
<- 200 GET /v1/api//iserver/marketdata/snapshot?conids=747887583
-> GET /v1/api//iserver/secdef/info?conid=76792991&month=JAN25&strike=407.5&secType=OPT
<- 200 GET /v1/api//iserver/secdef/info?conid=76792991&month=JAN25&strike=407.5&secType=OPT
-> GET /v1/api//iserver/marketdata/snapshot?conids=752530461&fields=31,84,86,88,85
<- 200 GET /v1/api//iserver/marketdata/snapshot?conids=752530461&fields=31,84,86,88,85
-> GET /v1/api//iserver/marketdata/snapshot?conids=752530461
<- 200 GET /v1/api//iserver/marketdata/snapshot?conids=752530461
-> GET /v1/api//iserver/marketdata/snapshot?conids=752530747&fields=31,84,86,88,85
<- 200 GET /v1/api//iserver/marketdata/snapshot?conids=752530747&fields=31,84,86,88,85
-> GET /v1/api//iserver/marketdata/snapshot?conids=752530747
<- 200 GET /v1/api//iserver/marketdata/snapshot?conids=752530747
-> GET /v1/api//iserver/marketdata/snapshot?conids=753803133&fields=31,84,86,88,85
<- 200 GET /v1/api//iserver/marketdata/snapshot?conids=753803133&fields=31,84,86,88,85
-> GET /v1/api//iserver/marketdata/snapshot?conids=753803133
<- 200 GET /v1/api//iserver/marketdata/snapshot?conids=753803133
-> GET /v1/api//iserver/marketdata/snapshot?conids=753803627&fields=31,84,86,88,85
<- 200 GET /v1/api//iserver/marketdata/snapshot?conids=753803627&fields=31,84,86,88,85
-> GET /v1/api//iserver/marketdata/snapshot?conids=753803627
<- 200 GET /v1/api//iserver/marketdata/snapshot?conids=753803627
-> GET /v1/api//iserver/secdef/info?conid=76792991&month=JAN25&strike=410.0&secType=OPT
<- 200 GET /v1/api//iserver/secdef/info?conid=76792991&month=JAN25&strike=410.0&secType=OPT
-> GET /v1/api//iserver/marketdata/snapshot?conids=746484249&fields=31,84,86,88,85
<- 200 GET /v1/api//iserver/marketdata/snapshot?conids=746484249&fields=31,84,86,88,85
-> GET /v1/api//iserver/marketdata/snapshot?conids=746484249
<- 200 GET /v1/api//iserver/marketdata/snapshot?conids=746484249
-> GET /v1/api//iserver/marketdata/snapshot?conids=746486062&fields=31,84,86,88,85
<- 200 GET /v1/api//iserver/marketdata/snapshot?conids=746486062&fields=31,84,86,88,85
-> GET /v1/api//iserver/marketdata/snapshot?conids=746486062
<- 200 GET /v1/api//iserver/marketdata/snapshot?conids=746486062
-> GET /v1/api//iserver/marketdata/snapshot?conids=747885791&fields=31,84,86,88,85
<- 200 GET /v1/api//iserver/marketdata/snapshot?conids=747885791&fields=31,84,86,88,85
-> GET /v1/api//iserver/marketdata/snapshot?conids=747885791
<- 200 GET /v1/api//iserver/marketdata/snapshot?conids=747885791
-> GET /v1/api//iserver/marketdata/snapshot?conids=747887631&fields=31,84,86,88,85
<- 200 GET /v1/api//iserver/marketdata/snapshot?conids=747887631&fields=31,84,86,88,85
-> GET /v1/api//iserver/marketdata/snapshot?conids=747887631
<- 200 GET /v1/api//iserver/marketdata/snapshot?conids=747887631
-> request: /v1/api/tickle
-> GET /v1/api/tickle,200|246ms
-> request: /v1/api/tickle
-> GET /v1/api/tickle,200|475ms
-> request: /v1/api/tickle
-> GET /v1/api/tickle,200|620ms
-> GET /sso/Login?forwardTo=22&RL=1&ip2loc=US
<- 200 GET /sso/Login?forwardTo=22&RL=1&ip2loc=US
-> GET /css/bootstrap-5.2.2/bootstrap.min.css
-> GET /css/fontawesome-6.2.0/all.min.css
-> GET /css/bootstrap-switch-3.3.2/bootstrap-switch.min.css
-> GET /css/reg-am/login.min.css
-> GET /css/ibkr/theme-ibkr-portal.min.css
-> GET /scripts/common/js/jquery-3.7.0/jquery.min.js
<- 200 GET /css/bootstrap-5.2.2/bootstrap.min.css
-> GET /scripts/common/js/bootstrap-5.2.2/bootstrap.bundle.min.js
<- 200 GET /scripts/common/js/jquery-3.7.0/jquery.min.js
-> GET /sso/lib/xyz.bundle.min.js
<- 200 GET /scripts/common/js/bootstrap-5.2.2/bootstrap.bundle.min.js
<- 200 GET /sso/lib/xyz.bundle.min.js
<- 200 GET /css/ibkr/theme-ibkr-portal.min.css
<- 200 GET /css/bootstrap-switch-3.3.2/bootstrap-switch.min.css
<- 200 GET /css/fontawesome-6.2.0/all.min.css
<- 200 GET /css/reg-am/login.min.css
-> GET /images/common/logos/ibkr/interactive-brokers.svg
-> GET /fonts/proxima-nova/Proxima-Nova-Regular.woff2
-> GET /fonts/fontawesome-6.4.2/webfonts/fa-solid-900.woff2
-> GET /fonts/fontawesome-6.2.0/webfonts/fa-brands-400.woff2
-> GET /images/web/favicons/home-screen-icon-192x192.png
-> POST /portal.proxy/v1/gstat/bulletins
<- 200 GET /images/common/logos/ibkr/interactive-brokers.svg
<- 200 GET /fonts/proxima-nova/Proxima-Nova-Regular.woff2
<- 200 GET /images/web/favicons/home-screen-icon-192x192.png
-> GET /sso/images/2fa-animated-once.gif
<- 200 GET /fonts/fontawesome-6.2.0/webfonts/fa-brands-400.woff2
<- 200 GET /sso/images/2fa-animated-once.gif
<- 200 GET /fonts/fontawesome-6.4.2/webfonts/fa-solid-900.woff2
<- 204 POST /portal.proxy/v1/gstat/bulletins
-> POST /sso/Authenticator
<- 200 POST /sso/Authenticator
-> POST /sso/Authenticator
<- 200 POST /sso/Authenticator
-> POST /sso/Dispatcher
<- 302 POST /sso/Dispatcher
-> request: /v1/api/sso/validate?gw=1
-> GET /v1/api/sso/validate?gw=1,200|842ms
-> request: /v1/api/one/user
-> request: /v1/api/ssodh/init
-> sso GET https://api.ibkr.com/v1/api/ssodh/init
-> GET /v1/api/one/user,200|492ms
-> request: /v1/api/ssodh/st
-> sso GET https://api.ibkr.com/v1/api/ssodh/st
-> request: /sso/Authenticator?ACTION=PUBLISH_TST&RESP_TYPE=JSON&DEVICE_ID=15b10001|F2-15-BD-A2-7A-75
-> sso GET https://api.ibkr.com/sso/Authenticator?ACTION=PUBLISH_TST&RESP_TYPE=JSON&DEVICE_ID=15b10001|F2-15-BD-A2-7A-75
<- 200 GET https://api.ibkr.com/sso/Authenticator?ACTION=PUBLISH_TST&RESP_TYPE=JSON&DEVICE_ID=15b10001|F2-15-BD-A2-7A-75 0
-> request: /v1/api/iserver/auth/status
-> GET /v1/api/iserver/auth/status,200|234ms
-> request: /v1/api/iserver/auth/ssodh/init
-> POST https://api.ibkr.com/v1/api/iserver/auth/ssodh/init,200|1782ms
-> request: /v1/api/iserver/accounts
-> GET /v1/api/iserver/accounts,200|212ms
-> request: /v1/api/tickle
-> GET /v1/api/tickle,200|229ms
-> request: /v1/api/tickle
-> GET /v1/api/tickle,200|240ms
-> GET /v1/api//iserver/auth/status
<- 200 GET /v1/api//iserver/auth/status
-> POST /v1/api//tickle
<- 200 POST /v1/api//tickle
-> GET /v1/api//iserver/secdef/search?symbol=ES
<- 200 GET /v1/api//iserver/secdef/search?symbol=ES
-> request: /v1/api/tickle
-> GET /v1/api/tickle,200|214ms
-> request: /v1/api/tickle
-> GET /v1/api/tickle,200|219ms
-> request: /v1/api/tickle
-> GET /v1/api/tickle,200|238ms
-> request: /v1/api/tickle
-> GET /v1/api/tickle,200|225ms
-> request: /v1/api/tickle
-> GET /v1/api/tickle,200|213ms
-> request: /v1/api/tickle
-> GET /v1/api/tickle,200|238ms
-> request: /v1/api/tickle
-> GET /v1/api/tickle,200|231ms
-> request: /sso/ping
-> GET /sso/ping,200|639ms
-> request: /v1/api/tickle
-> GET /v1/api/tickle,200|213ms
-> request: /v1/api/tickle
-> GET /v1/api/tickle,200|428ms
-> GET /v1/api//iserver/auth/status
<- 200 GET /v1/api//iserver/auth/status
-> POST /v1/api//tickle
<- 200 POST /v1/api//tickle
-> request: /v1/api/tickle
-> GET /v1/api/tickle,200|217ms
-> request: /v1/api/tickle
-> GET /v1/api/tickle,200|213ms
-> request: /v1/api/tickle
-> GET /v1/api/tickle,200|233ms
-> request: /v1/api/tickle
-> GET /v1/api/tickle,200|226ms
