-> request: /v1/api/tickle
-> request: /v1/api/tickle
-> GET /v1/api/tickle,200|534ms
-> request: /v1/api/tickle
-> GET /v1/api/tickle,200|221ms
-> request: /v1/api/tickle
-> request: /v1/api/tickle
-> GET /v1/api/tickle,200|1099ms
-> request: /v1/api/tickle
-> GET /v1/api/tickle,200|249ms
-> request: /v1/api/tickle
-> request: /v1/api/tickle
-> GET /v1/api/tickle,200|1242ms
-> request: /sso/ping
-> GET /sso/ping,200|614ms
-> request: /v1/api/tickle
-> GET /v1/api/tickle,200|167ms
-> request: /v1/api/tickle
-> GET /v1/api/tickle,200|909ms
-> request: /v1/api/tickle
-> GET /v1/api/tickle,200|174ms
-> request: /v1/api/tickle
-> GET /v1/api/tickle,200|330ms
-> request: /v1/api/tickle
-> GET /v1/api/tickle,200|173ms
-> request: /v1/api/tickle
-> GET /v1/api/tickle,200|217ms
-> request: /v1/api/tickle
-> GET /v1/api/tickle,200|207ms
-> request: /v1/api/tickle
-> GET /v1/api/tickle,200|173ms
-> request: /v1/api/tickle
-> GET /v1/api/tickle,200|219ms
-> request: /v1/api/tickle
-> GET /v1/api/tickle,200|172ms
-> request: /sso/ping
-> GET /sso/ping,200|643ms
-> request: /v1/api/tickle
-> GET /v1/api/tickle,200|173ms
-> request: /v1/api/tickle
-> GET /v1/api/tickle,200|178ms
-> request: /v1/api/tickle
-> GET /v1/api/tickle,200|222ms
-> request: /v1/api/tickle
-> GET /v1/api/tickle,200|216ms
-> request: /v1/api/tickle
-> GET /v1/api/tickle,200|205ms
-> request: /v1/api/tickle
-> GET /v1/api/tickle,200|212ms
-> request: /v1/api/tickle
-> GET /v1/api/tickle,200|206ms
-> request: /v1/api/tickle
-> GET /v1/api/tickle,200|203ms
-> request: /v1/api/tickle
-> GET /v1/api/tickle,200|170ms
-> request: /v1/api/tickle
-> GET /v1/api/tickle,200|174ms
-> request: /sso/ping
-> GET /sso/ping,200|469ms
-> request: /v1/api/tickle
-> GET /v1/api/tickle,200|175ms
-> request: /v1/api/tickle
-> GET /v1/api/tickle,200|183ms
-> request: /v1/api/tickle
-> GET /v1/api/tickle,200|225ms
-> request: /v1/api/tickle
-> GET /v1/api/tickle,200|173ms
-> request: /v1/api/tickle
-> GET /v1/api/tickle,200|185ms
-> request: /v1/api/tickle
-> GET /v1/api/tickle,200|170ms
-> request: /v1/api/tickle
-> GET /v1/api/tickle,200|203ms
-> request: /v1/api/tickle
-> GET /v1/api/tickle,200|166ms
-> request: /v1/api/tickle
-> GET /v1/api/tickle,200|310ms
-> request: /v1/api/tickle
-> GET /v1/api/tickle,200|170ms
-> request: /sso/ping
-> GET /sso/ping,200|864ms
-> request: /v1/api/tickle
-> GET /v1/api/tickle,200|166ms
-> request: /v1/api/tickle
-> GET /v1/api/tickle,200|201ms
-> request: /v1/api/tickle
-> GET /v1/api/tickle,200|188ms
-> request: /v1/api/tickle
-> GET /v1/api/tickle,200|175ms
-> request: /v1/api/tickle
-> GET /v1/api/tickle,200|202ms
-> request: /v1/api/tickle
-> GET /v1/api/tickle,200|203ms
-> request: /v1/api/tickle
-> GET /v1/api/tickle,200|175ms
-> request: /v1/api/tickle
-> GET /v1/api/tickle,200|191ms
-> request: /v1/api/tickle
-> GET /v1/api/tickle,200|164ms
-> request: /v1/api/tickle
-> GET /v1/api/tickle,200|190ms
-> request: /sso/ping
-> GET /sso/ping,200|639ms
-> request: /v1/api/tickle
-> GET /v1/api/tickle,200|167ms
-> request: /v1/api/tickle
-> GET /v1/api/tickle,200|200ms
-> request: /v1/api/tickle
-> GET /v1/api/tickle,200|173ms
-> request: /v1/api/tickle
-> GET /v1/api/tickle,200|169ms
-> request: /v1/api/tickle
-> GET /v1/api/tickle,200|173ms
-> request: /v1/api/tickle
-> GET /v1/api/tickle,200|168ms
-> request: /v1/api/tickle
-> GET /v1/api/tickle,200|166ms
-> request: /v1/api/tickle
-> GET /v1/api/tickle,200|172ms
-> request: /v1/api/tickle
-> GET /v1/api/tickle,200|170ms
-> request: /v1/api/tickle
-> GET /v1/api/tickle,200|169ms
-> request: /sso/ping
-> GET /sso/ping,200|916ms
-> request: /v1/api/tickle
-> GET /v1/api/tickle,200|169ms
-> request: /v1/api/tickle
-> GET /v1/api/tickle,200|213ms
-> request: /v1/api/tickle
-> GET /v1/api/tickle,200|377ms
-> request: /v1/api/tickle
-> GET /v1/api/tickle,200|700ms
-> request: /v1/api/tickle
-> GET /v1/api/tickle,200|212ms
-> request: /v1/api/tickle
-> GET /v1/api/tickle,200|376ms
-> request: /v1/api/tickle
-> GET /v1/api/tickle,200|168ms
-> request: /v1/api/tickle
-> GET /v1/api/tickle,200|228ms
-> request: /v1/api/tickle
-> GET /v1/api/tickle,200|170ms
-> request: /v1/api/tickle
-> GET /v1/api/tickle,200|170ms
-> request: /sso/ping
-> GET /sso/ping,200|588ms
-> request: /v1/api/tickle
-> GET /v1/api/tickle,200|184ms
-> request: /v1/api/tickle
-> GET /v1/api/tickle,200|185ms
-> request: /v1/api/tickle
-> GET /v1/api/tickle,200|165ms
-> request: /v1/api/tickle
-> GET /v1/api/tickle,200|178ms
-> request: /v1/api/tickle
-> GET /v1/api/tickle,200|192ms
-> request: /v1/api/tickle
-> GET /v1/api/tickle,200|179ms
-> request: /v1/api/tickle
-> GET /v1/api/tickle,200|216ms
-> request: /v1/api/tickle
-> GET /v1/api/tickle,200|187ms
-> request: /v1/api/tickle
-> GET /v1/api/tickle,200|170ms
-> request: /v1/api/tickle
-> GET /v1/api/tickle,200|444ms
-> request: /sso/ping
-> GET /sso/ping,200|635ms
-> request: /v1/api/tickle
-> GET /v1/api/tickle,200|176ms
-> request: /v1/api/tickle
-> GET /v1/api/tickle,200|169ms
-> request: /v1/api/tickle
-> GET /v1/api/tickle,200|172ms
-> request: /v1/api/tickle
-> GET /v1/api/tickle,200|188ms
-> request: /v1/api/tickle
-> GET /v1/api/tickle,200|169ms
-> request: /v1/api/tickle
-> GET /v1/api/tickle,200|167ms
-> request: /v1/api/tickle
-> GET /v1/api/tickle,200|201ms
-> request: /v1/api/tickle
-> GET /v1/api/tickle,200|370ms
-> request: /v1/api/tickle
-> GET /v1/api/tickle,200|167ms
-> request: /v1/api/tickle
-> GET /v1/api/tickle,200|206ms
-> request: /sso/ping
-> GET /sso/ping,200|602ms
-> request: /v1/api/tickle
-> GET /v1/api/tickle,200|169ms
-> request: /v1/api/tickle
-> GET /v1/api/tickle,200|171ms
-> request: /v1/api/tickle
-> GET /v1/api/tickle,200|203ms
-> request: /v1/api/tickle
-> GET /v1/api/tickle,200|173ms
-> request: /v1/api/tickle
-> GET /v1/api/tickle,200|170ms
-> request: /v1/api/tickle
-> GET /v1/api/tickle,200|193ms
-> request: /v1/api/tickle
-> GET /v1/api/tickle,200|412ms
-> request: /v1/api/tickle
-> GET /v1/api/tickle,200|212ms
-> request: /v1/api/tickle
-> GET /v1/api/tickle,200|179ms
-> request: /v1/api/tickle
-> GET /v1/api/tickle,200|174ms
-> request: /sso/ping
-> GET /sso/ping,200|663ms
-> request: /v1/api/tickle
-> GET /v1/api/tickle,200|212ms
-> request: /v1/api/tickle
-> GET /v1/api/tickle,200|183ms
-> request: /v1/api/tickle
-> GET /v1/api/tickle,200|170ms
-> request: /v1/api/tickle
-> GET /v1/api/tickle,200|175ms
-> request: /v1/api/tickle
-> GET /v1/api/tickle,200|171ms
-> request: /v1/api/tickle
-> GET /v1/api/tickle,200|195ms
-> request: /v1/api/tickle
-> GET /v1/api/tickle,200|181ms
-> request: /v1/api/tickle
-> GET /v1/api/tickle,200|173ms
-> request: /v1/api/tickle
-> GET /v1/api/tickle,200|187ms
-> request: /v1/api/tickle
-> GET /v1/api/tickle,200|177ms
-> request: /sso/ping
-> GET /sso/ping,200|631ms
-> request: /v1/api/tickle
-> GET /v1/api/tickle,200|182ms
-> request: /v1/api/tickle
-> GET /v1/api/tickle,200|169ms
-> request: /v1/api/tickle
-> GET /v1/api/tickle,200|173ms
-> request: /v1/api/tickle
-> GET /v1/api/tickle,200|168ms
-> request: /v1/api/tickle
-> GET /v1/api/tickle,200|186ms
-> request: /v1/api/tickle
-> GET /v1/api/tickle,200|170ms
-> request: /v1/api/tickle
-> GET /v1/api/tickle,200|181ms
-> request: /v1/api/tickle
-> GET /v1/api/tickle,200|172ms
-> request: /v1/api/tickle
-> GET /v1/api/tickle,200|179ms
-> request: /v1/api/tickle
-> GET /v1/api/tickle,200|187ms
-> request: /sso/ping
-> GET /sso/ping,200|601ms
-> request: /v1/api/tickle
-> GET /v1/api/tickle,200|175ms
-> request: /v1/api/tickle
-> GET /v1/api/tickle,200|167ms
-> request: /v1/api/tickle
-> GET /v1/api/tickle,200|177ms
-> request: /v1/api/tickle
-> GET /v1/api/tickle,200|197ms
-> request: /v1/api/tickle
-> GET /v1/api/tickle,200|203ms
-> request: /v1/api/tickle
-> GET /v1/api/tickle,200|204ms
-> request: /v1/api/tickle
-> GET /v1/api/tickle,200|169ms
-> request: /v1/api/tickle
-> GET /v1/api/tickle,200|199ms
-> request: /v1/api/tickle
-> GET /v1/api/tickle,200|215ms
-> request: /v1/api/tickle
-> request: /sso/ping
-> GET /sso/ping,200|823ms
-> request: /v1/api/tickle
-> request: /v1/api/tickle
-> GET /v1/api/tickle,200|518ms
-> request: /v1/api/tickle
-> GET /v1/api/tickle,200|165ms
-> request: /v1/api/tickle
-> request: /v1/api/tickle
-> GET /v1/api/tickle,200|437ms
-> request: /v1/api/tickle
-> GET /v1/api/tickle,200|173ms
-> request: /v1/api/tickle
-> request: /v1/api/tickle
-> GET /v1/api/tickle,200|473ms
-> request: /v1/api/tickle
-> GET /v1/api/tickle,200|165ms
-> request: /v1/api/tickle
-> GET /v1/api/tickle,200|176ms
-> request: /sso/ping
-> GET /sso/ping,200|683ms
-> request: /v1/api/tickle
-> GET /v1/api/tickle,200|166ms
-> request: /v1/api/tickle
-> GET /v1/api/tickle,200|170ms
-> request: /v1/api/tickle
-> GET /v1/api/tickle,200|537ms
-> request: /v1/api/tickle
-> GET /v1/api/tickle,200|228ms
-> request: /v1/api/tickle
-> GET /v1/api/tickle,200|172ms
-> request: /v1/api/tickle
-> GET /v1/api/tickle,200|511ms
-> request: /v1/api/tickle
-> GET /v1/api/tickle,200|175ms
-> request: /v1/api/tickle
-> GET /v1/api/tickle,200|312ms
-> request: /v1/api/tickle
-> GET /v1/api/tickle,200|160ms
-> request: /v1/api/tickle
-> GET /v1/api/tickle,200|173ms
-> request: /sso/ping
-> GET /sso/ping,200|408ms
-> request: /v1/api/tickle
-> GET /v1/api/tickle,200|175ms
-> request: /v1/api/tickle
-> GET /v1/api/tickle,200|164ms
-> request: /v1/api/tickle
-> GET /v1/api/tickle,200|162ms
-> request: /v1/api/tickle
-> GET /v1/api/tickle,200|165ms
-> request: /v1/api/tickle
-> GET /v1/api/tickle,200|168ms
-> request: /v1/api/tickle
-> GET /v1/api/tickle,200|167ms
-> request: /v1/api/tickle
-> GET /v1/api/tickle,200|166ms
-> request: /v1/api/tickle
-> GET /v1/api/tickle,200|212ms
-> request: /v1/api/tickle
-> GET /v1/api/tickle,200|167ms
-> request: /v1/api/tickle
-> GET /v1/api/tickle,200|167ms
-> request: /sso/ping
-> GET /sso/ping,200|646ms
-> request: /v1/api/tickle
-> GET /v1/api/tickle,200|166ms
-> request: /v1/api/tickle
-> GET /v1/api/tickle,200|178ms
-> request: /v1/api/tickle
-> GET /v1/api/tickle,200|165ms
-> request: /v1/api/tickle
-> GET /v1/api/tickle,200|168ms
-> request: /v1/api/tickle
-> GET /v1/api/tickle,200|175ms
-> request: /v1/api/tickle
-> GET /v1/api/tickle,200|170ms
-> request: /v1/api/tickle
-> GET /v1/api/tickle,200|164ms
-> request: /v1/api/tickle
-> GET /v1/api/tickle,200|168ms
-> request: /v1/api/tickle
-> GET /v1/api/tickle,200|174ms
-> request: /v1/api/tickle
-> GET /v1/api/tickle,200|166ms
-> request: /sso/ping
-> GET /sso/ping,200|473ms
-> request: /v1/api/tickle
-> GET /v1/api/tickle,200|167ms
-> request: /v1/api/tickle
-> GET /v1/api/tickle,200|219ms
-> request: /v1/api/tickle
-> GET /v1/api/tickle,200|161ms
-> request: /v1/api/tickle
-> GET /v1/api/tickle,200|441ms
-> request: /v1/api/tickle
-> GET /v1/api/tickle,200|168ms
-> request: /v1/api/tickle
-> GET /v1/api/tickle,200|165ms
-> request: /v1/api/tickle
-> GET /v1/api/tickle,200|183ms
-> request: /v1/api/tickle
-> GET /v1/api/tickle,200|164ms
-> request: /v1/api/tickle
-> GET /v1/api/tickle,200|163ms
-> request: /v1/api/tickle
-> GET /v1/api/tickle,200|165ms
-> request: /sso/ping
-> GET /sso/ping,200|602ms
-> request: /v1/api/tickle
-> GET /v1/api/tickle,200|162ms
-> request: /v1/api/tickle
-> GET /v1/api/tickle,200|164ms
-> request: /v1/api/tickle
-> GET /v1/api/tickle,200|161ms
-> request: /v1/api/tickle
-> GET /v1/api/tickle,200|172ms
-> request: /v1/api/tickle
-> GET /v1/api/tickle,200|168ms
-> request: /v1/api/tickle
-> GET /v1/api/tickle,200|438ms
-> request: /v1/api/tickle
-> GET /v1/api/tickle,200|165ms
-> request: /v1/api/tickle
-> GET /v1/api/tickle,200|174ms
-> request: /v1/api/tickle
-> GET /v1/api/tickle,200|172ms
-> request: /v1/api/tickle
-> GET /v1/api/tickle,200|162ms
-> request: /sso/ping
-> GET /sso/ping,200|639ms
-> request: /v1/api/tickle
-> GET /v1/api/tickle,200|753ms
-> request: /v1/api/tickle
-> GET /v1/api/tickle,200|254ms
-> request: /v1/api/tickle
-> GET /v1/api/tickle,200|162ms
-> request: /v1/api/tickle
-> GET /v1/api/tickle,200|168ms
-> request: /v1/api/tickle
-> GET /v1/api/tickle,200|162ms
-> request: /v1/api/tickle
-> GET /v1/api/tickle,200|166ms
-> request: /v1/api/tickle
-> GET /v1/api/tickle,200|166ms
-> request: /v1/api/tickle
-> GET /v1/api/tickle,200|404ms
-> request: /v1/api/tickle
-> GET /v1/api/tickle,200|164ms
-> request: /v1/api/tickle
-> GET /v1/api/tickle,200|163ms
-> request: /sso/ping
-> GET /sso/ping,200|370ms
-> request: /v1/api/tickle
-> GET /v1/api/tickle,200|168ms
-> request: /v1/api/tickle
-> GET /v1/api/tickle,200|179ms
-> request: /v1/api/tickle
-> GET /v1/api/tickle,200|165ms
-> request: /v1/api/tickle
-> GET /v1/api/tickle,200|165ms
-> request: /v1/api/tickle
-> GET /v1/api/tickle,200|163ms
-> request: /v1/api/tickle
-> GET /v1/api/tickle,200|167ms
-> request: /v1/api/tickle
-> GET /v1/api/tickle,200|167ms
-> request: /v1/api/tickle
-> GET /v1/api/tickle,200|165ms
-> request: /v1/api/tickle
-> GET /v1/api/tickle,200|162ms
-> request: /v1/api/tickle
-> GET /v1/api/tickle,200|166ms
-> request: /sso/ping
-> GET /sso/ping,200|401ms
-> request: /v1/api/tickle
-> GET /v1/api/tickle,200|169ms
-> request: /v1/api/tickle
-> GET /v1/api/tickle,200|193ms
-> request: /v1/api/tickle
-> GET /v1/api/tickle,200|167ms
-> request: /v1/api/tickle
-> GET /v1/api/tickle,200|165ms
-> request: /v1/api/tickle
-> GET /v1/api/tickle,200|166ms
-> request: /v1/api/tickle
-> request: /v1/api/tickle
-> GET /v1/api/tickle,200|528ms
-> request: /v1/api/tickle
-> GET /v1/api/tickle,200|166ms
-> request: /v1/api/tickle
-> request: /v1/api/tickle
-> request: /sso/ping
-> GET /sso/ping,200|924ms
-> request: /v1/api/tickle
-> GET /v1/api/tickle,200|722ms
-> request: /v1/api/tickle
-> request: /v1/api/tickle
-> GET /v1/api/tickle,401|378ms
-> request: /v1/api/sso/validate?gw=1
-> GET /v1/api/sso/validate?gw=1,200|1082ms
-> request: /v1/api/one/user
-> request: /v1/api/ssodh/init
-> sso GET https://api.ibkr.com/v1/api/ssodh/init
-> GET /v1/api/one/user,200|411ms
-> request: /v1/api/ssodh/st
-> sso GET https://api.ibkr.com/v1/api/ssodh/st
-> request: /v1/api/iserver/auth/status
-> request: /sso/ping
-> request: /sso/ping
-> request: /sso/ping
-> GET /sso/ping,200|731ms
-> request: /sso/ping
-> GET /sso/ping,200|703ms
-> request: /sso/ping
-> GET /sso/ping,200|737ms
-> request: /sso/ping
-> GET /sso/ping,200|589ms
-> request: /sso/ping
-> GET /sso/ping,200|824ms
-> request: /sso/ping
-> GET /sso/ping,200|735ms
-> request: /sso/ping
-> GET /sso/ping,200|677ms
-> request: /sso/ping
-> GET /sso/ping,200|579ms
-> request: /sso/ping
-> GET /sso/ping,200|624ms
-> request: /sso/ping
-> GET /sso/ping,200|579ms
-> request: /sso/ping
-> GET /sso/ping,200|792ms
-> request: /sso/ping
-> GET /sso/ping,200|628ms
-> request: /sso/ping
-> GET /sso/ping,200|584ms
-> request: /sso/ping
-> GET /sso/ping,200|483ms
-> request: /sso/ping
-> GET /sso/ping,200|674ms
-> request: /sso/ping
-> GET /sso/ping,200|862ms
-> request: /sso/ping
-> GET /sso/ping,200|2140ms
-> request: /sso/ping
-> GET /sso/ping,200|654ms
-> request: /sso/ping
-> GET /sso/ping,200|615ms
-> request: /sso/ping
-> GET /sso/ping,200|584ms
-> request: /sso/ping
-> GET /sso/ping,200|914ms
-> request: /sso/ping
-> GET /sso/ping,200|641ms
-> request: /sso/ping
-> GET /sso/ping,200|589ms
-> request: /sso/ping
-> GET /sso/ping,200|911ms
-> request: /sso/ping
-> GET /sso/ping,200|993ms
-> request: /sso/ping
-> GET /sso/ping,200|874ms
-> request: /sso/ping
-> GET /sso/ping,200|701ms
-> request: /sso/ping
-> GET /sso/ping,200|596ms
-> request: /sso/ping
-> GET /sso/ping,200|970ms
-> request: /sso/ping
-> GET /sso/ping,200|1106ms
-> request: /sso/ping
-> GET /sso/ping,200|888ms
-> request: /sso/ping
-> GET /sso/ping,200|635ms
-> request: /sso/ping
-> GET /sso/ping,200|896ms
-> request: /sso/ping
-> GET /sso/ping,200|872ms
-> request: /sso/ping
-> GET /sso/ping,200|659ms
-> request: /sso/ping
-> GET /sso/ping,200|1301ms
-> GET /v1/api/iserver/accounts
<- 401 GET /v1/api/iserver/accounts
-> GET /v1/api/iserver/account/orders
<- 401 GET /v1/api/iserver/account/orders
-> GET /v1/api/iserver/account/trades?days=4
<- 401 GET /v1/api/iserver/account/trades?days=4
-> POST /v1/api/iserver/account/%7B%22action%22:%20%22BUY%22,%20%22orderType%22:%20%22LMT%22,%20%22totalQuantity%22:%201,%20%22lmtPrice%22:%202.5,%20%22timeInForce%22:%20%22GTC%22,%20%22outsideRth%22:%20false,%20%22comboLegs%22:%20%5B%7B%22action%22:%20%22BUY%22,%20%22quantity%22:%201,%20%22symbol%22:%20%22AAPL%22,%20%22secType%22:%20%22OPT%22,%20%22exchange%22:%20%22SMART%22,%20%22expiry%22:%20%2220241215%22,%20%22strike%22:%20150,%20%22right%22:%20%22P%22,%20%22currency%22:%20%22USD%22%7D,%20%7B%22action%22:%20%22SELL%22,%20%22quantity%22:%201,%20%22symbol%22:%20%22AAPL%22,%20%22secType%22:%20%22OPT%22,%20%22exchange%22:%20%22SMART%22,%20%22expiry%22:%20%2220241215%22,%20%22strike%22:%20155,%20%22right%22:%20%22P%22,%20%22currency%22:%20%22USD%22%7D,%20%7B%22action%22:%20%22SELL%22,%20%22quantity%22:%201,%20%22symbol%22:%20%22AAPL%22,%20%22secType%22:%20%22OPT%22,%20%22exchange%22:%20%22SMART%22,%20%22expiry%22:%20%2220241215%22,%20%22strike%22:%20160,%20%22right%22:%20%22C%22,%20%22currency%22:%20%22USD%22%7D,%20%7B%22action%22:%20%22BUY%22,%20%22quantity%22:%201,%20%22symbol%22:%20%22AAPL%22,%20%22secType%22:%20%22OPT%22,%20%22exchange%22:%20%22SMART%22,%20%22expiry%22:%20%2220241215%22,%20%22strike%22:%20165,%20%22right%22:%20%22C%22,%20%22currency%22:%20%22USD%22%7D%5D%7D/orders
<- 400 POST /v1/api/iserver/account/%7B%22action%22:%20%22BUY%22,%20%22orderType%22:%20%22LMT%22,%20%22totalQuantity%22:%201,%20%22lmtPrice%22:%202.5,%20%22timeInForce%22:%20%22GTC%22,%20%22outsideRth%22:%20false,%20%22comboLegs%22:%20%5B%7B%22action%22:%20%22BUY%22,%20%22quantity%22:%201,%20%22symbol%22:%20%22AAPL%22,%20%22secType%22:%20%22OPT%22,%20%22exchange%22:%20%22SMART%22,%20%22expiry%22:%20%2220241215%22,%20%22strike%22:%20150,%20%22right%22:%20%22P%22,%20%22currency%22:%20%22USD%22%7D,%20%7B%22action%22:%20%22SELL%22,%20%22quantity%22:%201,%20%22symbol%22:%20%22AAPL%22,%20%22secType%22:%20%22OPT%22,%20%22exchange%22:%20%22SMART%22,%20%22expiry%22:%20%2220241215%22,%20%22strike%22:%20155,%20%22right%22:%20%22P%22,%20%22currency%22:%20%22USD%22%7D,%20%7B%22action%22:%20%22SELL%22,%20%22quantity%22:%201,%20%22symbol%22:%20%22AAPL%22,%20%22secType%22:%20%22OPT%22,%20%22exchange%22:%20%22SMART%22,%20%22expiry%22:%20%2220241215%22,%20%22strike%22:%20160,%20%22right%22:%20%22C%22,%20%22currency%22:%20%22USD%22%7D,%20%7B%22action%22:%20%22BUY%22,%20%22quantity%22:%201,%20%22symbol%22:%20%22AAPL%22,%20%22secType%22:%20%22OPT%22,%20%22exchange%22:%20%22SMART%22,%20%22expiry%22:%20%2220241215%22,%20%22strike%22:%20165,%20%22right%22:%20%22C%22,%20%22currency%22:%20%22USD%22%7D%5D%7D/orders
-> request: /sso/ping
-> GET /sso/ping,200|730ms
-> request: /sso/ping
-> GET /sso/ping,200|729ms
-> request: /sso/ping
-> GET /sso/ping,200|785ms
-> request: /sso/ping
-> GET /sso/ping,200|1634ms
-> request: /sso/ping
-> GET /sso/ping,200|598ms
-> GET /sso/Login?forwardTo=22&RL=1&ip2loc=US
<- 200 GET /sso/Login?forwardTo=22&RL=1&ip2loc=US
-> GET /css/bootstrap-5.2.2/bootstrap.min.css
-> GET /css/fontawesome-6.2.0/all.min.css
-> GET /css/bootstrap-switch-3.3.2/bootstrap-switch.min.css
-> GET /css/reg-am/login.min.css
-> GET /css/ibkr/theme-ibkr-portal.min.css
-> GET /scripts/common/js/jquery-3.7.0/jquery.min.js
<- 200 GET /css/bootstrap-5.2.2/bootstrap.min.css
-> GET /scripts/common/js/bootstrap-5.2.2/bootstrap.bundle.min.js
<- 200 GET /css/bootstrap-switch-3.3.2/bootstrap-switch.min.css
-> GET /sso/lib/xyz.bundle.min.js
<- 200 GET /css/fontawesome-6.2.0/all.min.css
<- 200 GET /css/reg-am/login.min.css
-> GET /images/2015/btn-app-apple.png
<- 200 GET /scripts/common/js/jquery-3.7.0/jquery.min.js
<- 200 GET /scripts/common/js/bootstrap-5.2.2/bootstrap.bundle.min.js
<- 200 GET /css/ibkr/theme-ibkr-portal.min.css
-> GET /images/2015/btn-app-google.png
<- 200 GET /sso/lib/xyz.bundle.min.js
<- 200 GET /images/2015/btn-app-apple.png
<- 200 GET /images/2015/btn-app-google.png
-> GET /images/2015/btn-app-tws.png
-> GET /images/2015/button_discover_apis.png
-> GET /images/common/logos/ibkr/interactive-brokers.svg
-> GET /fonts/fontawesome-6.4.2/webfonts/fa-solid-900.woff2
-> GET /fonts/proxima-nova/Proxima-Nova-Regular.woff2
-> GET /images/web/favicons/home-screen-icon-192x192.png
<- 200 GET /images/2015/btn-app-tws.png
-> POST /portal.proxy/v1/gstat/bulletins
<- 200 GET /images/web/favicons/home-screen-icon-192x192.png
<- 200 GET /images/common/logos/ibkr/interactive-brokers.svg
<- 200 GET /fonts/proxima-nova/Proxima-Nova-Regular.woff2
-> GET /sso/images/2fa-animated-once.gif
<- 200 GET /sso/images/2fa-animated-once.gif
<- 200 GET /images/2015/button_discover_apis.png
<- 200 GET /fonts/fontawesome-6.4.2/webfonts/fa-solid-900.woff2
-> GET /images/web/favicons/home-screen-icon-128x128.png
<- 204 POST /portal.proxy/v1/gstat/bulletins
<- 200 GET /images/web/favicons/home-screen-icon-128x128.png
-> POST /sso/Authenticator
<- 200 POST /sso/Authenticator
-> POST /sso/Authenticator
<- 200 POST /sso/Authenticator
-> POST /sso/Dispatcher
<- 302 POST /sso/Dispatcher
-> request: /v1/api/sso/validate?gw=1
-> GET /v1/api/sso/validate?gw=1,200|394ms
-> request: /v1/api/one/user
-> request: /v1/api/ssodh/init
-> sso GET https://api.ibkr.com/v1/api/ssodh/init
-> GET /v1/api/one/user,200|570ms
-> request: /v1/api/ssodh/st
-> sso GET https://api.ibkr.com/v1/api/ssodh/st
-> request: /sso/Authenticator?ACTION=PUBLISH_TST&RESP_TYPE=JSON&DEVICE_ID=12142bbb|4A-36-69-19-82-3A
-> sso GET https://api.ibkr.com/sso/Authenticator?ACTION=PUBLISH_TST&RESP_TYPE=JSON&DEVICE_ID=12142bbb|4A-36-69-19-82-3A
<- 200 GET https://api.ibkr.com/sso/Authenticator?ACTION=PUBLISH_TST&RESP_TYPE=JSON&DEVICE_ID=12142bbb|4A-36-69-19-82-3A 0
-> request: /v1/api/iserver/auth/status
-> GET /v1/api/iserver/auth/status,200|202ms
-> request: /v1/api/iserver/auth/ssodh/init
-> POST https://api.ibkr.com/v1/api/iserver/auth/ssodh/init,200|1710ms
-> request: /v1/api/iserver/accounts
-> GET /v1/api/iserver/accounts,200|458ms
-> GET /v1/api/iserver/accounts
<- 200 GET /v1/api/iserver/accounts
-> GET /v1/api/iserver/account/orders
<- 200 GET /v1/api/iserver/account/orders
-> GET /v1/api/iserver/account/trades?days=4
<- 200 GET /v1/api/iserver/account/trades?days=4
-> POST /v1/api/iserver/account/%7B%22action%22:%20%22BUY%22,%20%22orderType%22:%20%22LMT%22,%20%22totalQuantity%22:%201,%20%22lmtPrice%22:%202.5,%20%22timeInForce%22:%20%22GTC%22,%20%22outsideRth%22:%20false,%20%22comboLegs%22:%20%5B%7B%22action%22:%20%22BUY%22,%20%22quantity%22:%201,%20%22symbol%22:%20%22AAPL%22,%20%22secType%22:%20%22OPT%22,%20%22exchange%22:%20%22SMART%22,%20%22expiry%22:%20%2220241215%22,%20%22strike%22:%20150,%20%22right%22:%20%22P%22,%20%22currency%22:%20%22USD%22%7D,%20%7B%22action%22:%20%22SELL%22,%20%22quantity%22:%201,%20%22symbol%22:%20%22AAPL%22,%20%22secType%22:%20%22OPT%22,%20%22exchange%22:%20%22SMART%22,%20%22expiry%22:%20%2220241215%22,%20%22strike%22:%20155,%20%22right%22:%20%22P%22,%20%22currency%22:%20%22USD%22%7D,%20%7B%22action%22:%20%22SELL%22,%20%22quantity%22:%201,%20%22symbol%22:%20%22AAPL%22,%20%22secType%22:%20%22OPT%22,%20%22exchange%22:%20%22SMART%22,%20%22expiry%22:%20%2220241215%22,%20%22strike%22:%20160,%20%22right%22:%20%22C%22,%20%22currency%22:%20%22USD%22%7D,%20%7B%22action%22:%20%22BUY%22,%20%22quantity%22:%201,%20%22symbol%22:%20%22AAPL%22,%20%22secType%22:%20%22OPT%22,%20%22exchange%22:%20%22SMART%22,%20%22expiry%22:%20%2220241215%22,%20%22strike%22:%20165,%20%22right%22:%20%22C%22,%20%22currency%22:%20%22USD%22%7D%5D%7D/orders
<- 400 POST /v1/api/iserver/account/%7B%22action%22:%20%22BUY%22,%20%22orderType%22:%20%22LMT%22,%20%22totalQuantity%22:%201,%20%22lmtPrice%22:%202.5,%20%22timeInForce%22:%20%22GTC%22,%20%22outsideRth%22:%20false,%20%22comboLegs%22:%20%5B%7B%22action%22:%20%22BUY%22,%20%22quantity%22:%201,%20%22symbol%22:%20%22AAPL%22,%20%22secType%22:%20%22OPT%22,%20%22exchange%22:%20%22SMART%22,%20%22expiry%22:%20%2220241215%22,%20%22strike%22:%20150,%20%22right%22:%20%22P%22,%20%22currency%22:%20%22USD%22%7D,%20%7B%22action%22:%20%22SELL%22,%20%22quantity%22:%201,%20%22symbol%22:%20%22AAPL%22,%20%22secType%22:%20%22OPT%22,%20%22exchange%22:%20%22SMART%22,%20%22expiry%22:%20%2220241215%22,%20%22strike%22:%20155,%20%22right%22:%20%22P%22,%20%22currency%22:%20%22USD%22%7D,%20%7B%22action%22:%20%22SELL%22,%20%22quantity%22:%201,%20%22symbol%22:%20%22AAPL%22,%20%22secType%22:%20%22OPT%22,%20%22exchange%22:%20%22SMART%22,%20%22expiry%22:%20%2220241215%22,%20%22strike%22:%20160,%20%22right%22:%20%22C%22,%20%22currency%22:%20%22USD%22%7D,%20%7B%22action%22:%20%22BUY%22,%20%22quantity%22:%201,%20%22symbol%22:%20%22AAPL%22,%20%22secType%22:%20%22OPT%22,%20%22exchange%22:%20%22SMART%22,%20%22expiry%22:%20%2220241215%22,%20%22strike%22:%20165,%20%22right%22:%20%22C%22,%20%22currency%22:%20%22USD%22%7D%5D%7D/orders
-> request: /v1/api/tickle
-> GET /v1/api/tickle,200|194ms
-> request: /v1/api/tickle
-> GET /v1/api/tickle,200|208ms
-> request: /v1/api/tickle
-> GET /v1/api/tickle,200|351ms
-> request: /v1/api/tickle
-> GET /v1/api/tickle,200|191ms
-> request: /v1/api/tickle
-> GET /v1/api/tickle,200|331ms
-> request: /v1/api/tickle
-> GET /v1/api/tickle,200|201ms
-> request: /v1/api/tickle
-> GET /v1/api/tickle,200|178ms
-> request: /v1/api/tickle
-> GET /v1/api/tickle,200|202ms
-> request: /v1/api/tickle
-> GET /v1/api/tickle,200|195ms
-> request: /sso/ping
-> GET /sso/ping,200|577ms
-> request: /v1/api/tickle
-> GET /v1/api/tickle,200|174ms
-> request: /v1/api/tickle
-> GET /v1/api/tickle,200|176ms
-> request: /v1/api/tickle
-> GET /v1/api/tickle,200|4542ms
-> request: /v1/api/tickle
-> GET /v1/api/tickle,200|247ms
-> request: /v1/api/tickle
-> GET /v1/api/tickle,200|167ms
-> request: /v1/api/tickle
-> GET /v1/api/tickle,200|197ms
-> request: /v1/api/tickle
-> GET /v1/api/tickle,200|199ms
-> request: /v1/api/tickle
-> GET /v1/api/tickle,200|192ms
-> request: /v1/api/tickle
-> GET /v1/api/tickle,200|298ms
-> request: /v1/api/tickle
-> GET /v1/api/tickle,200|197ms
-> request: /sso/ping
-> GET /sso/ping,200|411ms
-> request: /v1/api/tickle
-> GET /v1/api/tickle,200|164ms
-> request: /v1/api/tickle
-> GET /v1/api/tickle,200|202ms
-> GET /v1/api/iserver/accounts
<- 200 GET /v1/api/iserver/accounts
-> GET /v1/api/iserver/account/orders
<- 200 GET /v1/api/iserver/account/orders
-> GET /v1/api/iserver/account/trades?days=4
<- 200 GET /v1/api/iserver/account/trades?days=4
-> POST /v1/api/iserver/account/%7B%22action%22:%20%22BUY%22,%20%22orderType%22:%20%22LMT%22,%20%22totalQuantity%22:%201,%20%22lmtPrice%22:%202.5,%20%22timeInForce%22:%20%22GTC%22,%20%22outsideRth%22:%20false,%20%22comboLegs%22:%20%5B%7B%22action%22:%20%22BUY%22,%20%22quantity%22:%201,%20%22symbol%22:%20%22AAPL%22,%20%22secType%22:%20%22OPT%22,%20%22exchange%22:%20%22SMART%22,%20%22expiry%22:%20%2220241215%22,%20%22strike%22:%20150,%20%22right%22:%20%22P%22,%20%22currency%22:%20%22USD%22%7D,%20%7B%22action%22:%20%22SELL%22,%20%22quantity%22:%201,%20%22symbol%22:%20%22AAPL%22,%20%22secType%22:%20%22OPT%22,%20%22exchange%22:%20%22SMART%22,%20%22expiry%22:%20%2220241215%22,%20%22strike%22:%20155,%20%22right%22:%20%22P%22,%20%22currency%22:%20%22USD%22%7D,%20%7B%22action%22:%20%22SELL%22,%20%22quantity%22:%201,%20%22symbol%22:%20%22AAPL%22,%20%22secType%22:%20%22OPT%22,%20%22exchange%22:%20%22SMART%22,%20%22expiry%22:%20%2220241215%22,%20%22strike%22:%20160,%20%22right%22:%20%22C%22,%20%22currency%22:%20%22USD%22%7D,%20%7B%22action%22:%20%22BUY%22,%20%22quantity%22:%201,%20%22symbol%22:%20%22AAPL%22,%20%22secType%22:%20%22OPT%22,%20%22exchange%22:%20%22SMART%22,%20%22expiry%22:%20%2220241215%22,%20%22strike%22:%20165,%20%22right%22:%20%22C%22,%20%22currency%22:%20%22USD%22%7D%5D%7D/orders
<- 400 POST /v1/api/iserver/account/%7B%22action%22:%20%22BUY%22,%20%22orderType%22:%20%22LMT%22,%20%22totalQuantity%22:%201,%20%22lmtPrice%22:%202.5,%20%22timeInForce%22:%20%22GTC%22,%20%22outsideRth%22:%20false,%20%22comboLegs%22:%20%5B%7B%22action%22:%20%22BUY%22,%20%22quantity%22:%201,%20%22symbol%22:%20%22AAPL%22,%20%22secType%22:%20%22OPT%22,%20%22exchange%22:%20%22SMART%22,%20%22expiry%22:%20%2220241215%22,%20%22strike%22:%20150,%20%22right%22:%20%22P%22,%20%22currency%22:%20%22USD%22%7D,%20%7B%22action%22:%20%22SELL%22,%20%22quantity%22:%201,%20%22symbol%22:%20%22AAPL%22,%20%22secType%22:%20%22OPT%22,%20%22exchange%22:%20%22SMART%22,%20%22expiry%22:%20%2220241215%22,%20%22strike%22:%20155,%20%22right%22:%20%22P%22,%20%22currency%22:%20%22USD%22%7D,%20%7B%22action%22:%20%22SELL%22,%20%22quantity%22:%201,%20%22symbol%22:%20%22AAPL%22,%20%22secType%22:%20%22OPT%22,%20%22exchange%22:%20%22SMART%22,%20%22expiry%22:%20%2220241215%22,%20%22strike%22:%20160,%20%22right%22:%20%22C%22,%20%22currency%22:%20%22USD%22%7D,%20%7B%22action%22:%20%22BUY%22,%20%22quantity%22:%201,%20%22symbol%22:%20%22AAPL%22,%20%22secType%22:%20%22OPT%22,%20%22exchange%22:%20%22SMART%22,%20%22expiry%22:%20%2220241215%22,%20%22strike%22:%20165,%20%22right%22:%20%22C%22,%20%22currency%22:%20%22USD%22%7D%5D%7D/orders
-> request: /v1/api/tickle
-> GET /v1/api/tickle,200|184ms
-> request: /v1/api/tickle
-> GET /v1/api/tickle,200|516ms
-> request: /v1/api/tickle
-> GET /v1/api/tickle,200|1995ms
-> request: /v1/api/tickle
-> GET /v1/api/tickle,200|184ms
-> request: /v1/api/tickle
-> GET /v1/api/tickle,200|321ms
-> request: /v1/api/tickle
-> GET /v1/api/tickle,200|294ms
-> request: /v1/api/tickle
-> GET /v1/api/tickle,200|279ms
-> request: /v1/api/tickle
-> GET /v1/api/tickle,200|189ms
-> request: /sso/ping
-> GET /sso/ping,200|426ms
-> request: /v1/api/tickle
-> GET /v1/api/tickle,200|195ms
-> request: /v1/api/tickle
-> GET /v1/api/tickle,200|265ms
-> request: /v1/api/tickle
-> GET /v1/api/tickle,200|174ms
-> request: /v1/api/tickle
-> GET /v1/api/tickle,200|219ms
-> request: /v1/api/tickle
-> GET /v1/api/tickle,200|186ms
-> request: /v1/api/tickle
-> GET /v1/api/tickle,200|212ms
-> request: /v1/api/tickle
-> GET /v1/api/tickle,200|207ms
-> request: /v1/api/tickle
-> GET /v1/api/tickle,200|203ms
-> request: /v1/api/tickle
-> GET /v1/api/tickle,200|770ms
-> request: /v1/api/tickle
-> GET /v1/api/tickle,200|174ms
-> request: /sso/ping
-> GET /sso/ping,200|592ms
-> request: /v1/api/tickle
-> GET /v1/api/tickle,200|174ms
-> request: /v1/api/tickle
-> GET /v1/api/tickle,200|220ms
-> request: /v1/api/tickle
-> GET /v1/api/tickle,200|175ms
-> request: /v1/api/tickle
-> GET /v1/api/tickle,200|215ms
-> request: /v1/api/tickle
-> GET /v1/api/tickle,200|201ms
-> request: /v1/api/tickle
-> GET /v1/api/tickle,200|199ms
-> request: /v1/api/tickle
-> GET /v1/api/tickle,200|196ms
-> request: /v1/api/tickle
-> GET /v1/api/tickle,200|593ms
-> request: /v1/api/tickle
-> GET /v1/api/tickle,200|217ms
-> request: /v1/api/tickle
-> GET /v1/api/tickle,200|319ms
-> request: /sso/ping
-> GET /sso/ping,200|606ms
-> request: /v1/api/tickle
-> GET /v1/api/tickle,200|229ms
-> GET /v1/api/iserver/accounts
<- 200 GET /v1/api/iserver/accounts
-> GET /v1/api/iserver/account/orders
<- 200 GET /v1/api/iserver/account/orders
-> GET /v1/api/iserver/account/trades?days=4
<- 200 GET /v1/api/iserver/account/trades?days=4
-> POST /v1/api/iserver/account/%7B%22action%22:%20%22BUY%22,%20%22orderType%22:%20%22LMT%22,%20%22totalQuantity%22:%201,%20%22lmtPrice%22:%202.5,%20%22timeInForce%22:%20%22GTC%22,%20%22outsideRth%22:%20false,%20%22comboLegs%22:%20%5B%7B%22action%22:%20%22BUY%22,%20%22quantity%22:%201,%20%22symbol%22:%20%22AAPL%22,%20%22secType%22:%20%22OPT%22,%20%22exchange%22:%20%22SMART%22,%20%22expiry%22:%20%2220241215%22,%20%22strike%22:%20150,%20%22right%22:%20%22P%22,%20%22currency%22:%20%22USD%22%7D,%20%7B%22action%22:%20%22SELL%22,%20%22quantity%22:%201,%20%22symbol%22:%20%22AAPL%22,%20%22secType%22:%20%22OPT%22,%20%22exchange%22:%20%22SMART%22,%20%22expiry%22:%20%2220241215%22,%20%22strike%22:%20155,%20%22right%22:%20%22P%22,%20%22currency%22:%20%22USD%22%7D,%20%7B%22action%22:%20%22SELL%22,%20%22quantity%22:%201,%20%22symbol%22:%20%22AAPL%22,%20%22secType%22:%20%22OPT%22,%20%22exchange%22:%20%22SMART%22,%20%22expiry%22:%20%2220241215%22,%20%22strike%22:%20160,%20%22right%22:%20%22C%22,%20%22currency%22:%20%22USD%22%7D,%20%7B%22action%22:%20%22BUY%22,%20%22quantity%22:%201,%20%22symbol%22:%20%22AAPL%22,%20%22secType%22:%20%22OPT%22,%20%22exchange%22:%20%22SMART%22,%20%22expiry%22:%20%2220241215%22,%20%22strike%22:%20165,%20%22right%22:%20%22C%22,%20%22currency%22:%20%22USD%22%7D%5D%7D/orders
<- 400 POST /v1/api/iserver/account/%7B%22action%22:%20%22BUY%22,%20%22orderType%22:%20%22LMT%22,%20%22totalQuantity%22:%201,%20%22lmtPrice%22:%202.5,%20%22timeInForce%22:%20%22GTC%22,%20%22outsideRth%22:%20false,%20%22comboLegs%22:%20%5B%7B%22action%22:%20%22BUY%22,%20%22quantity%22:%201,%20%22symbol%22:%20%22AAPL%22,%20%22secType%22:%20%22OPT%22,%20%22exchange%22:%20%22SMART%22,%20%22expiry%22:%20%2220241215%22,%20%22strike%22:%20150,%20%22right%22:%20%22P%22,%20%22currency%22:%20%22USD%22%7D,%20%7B%22action%22:%20%22SELL%22,%20%22quantity%22:%201,%20%22symbol%22:%20%22AAPL%22,%20%22secType%22:%20%22OPT%22,%20%22exchange%22:%20%22SMART%22,%20%22expiry%22:%20%2220241215%22,%20%22strike%22:%20155,%20%22right%22:%20%22P%22,%20%22currency%22:%20%22USD%22%7D,%20%7B%22action%22:%20%22SELL%22,%20%22quantity%22:%201,%20%22symbol%22:%20%22AAPL%22,%20%22secType%22:%20%22OPT%22,%20%22exchange%22:%20%22SMART%22,%20%22expiry%22:%20%2220241215%22,%20%22strike%22:%20160,%20%22right%22:%20%22C%22,%20%22currency%22:%20%22USD%22%7D,%20%7B%22action%22:%20%22BUY%22,%20%22quantity%22:%201,%20%22symbol%22:%20%22AAPL%22,%20%22secType%22:%20%22OPT%22,%20%22exchange%22:%20%22SMART%22,%20%22expiry%22:%20%2220241215%22,%20%22strike%22:%20165,%20%22right%22:%20%22C%22,%20%22currency%22:%20%22USD%22%7D%5D%7D/orders
-> request: /v1/api/tickle
-> GET /v1/api/tickle,200|178ms
-> request: /v1/api/tickle
-> GET /v1/api/tickle,200|299ms
-> request: /v1/api/tickle
-> GET /v1/api/tickle,200|510ms
-> request: /v1/api/tickle
-> GET /v1/api/tickle,200|557ms
-> request: /v1/api/tickle
-> GET /v1/api/tickle,200|525ms
-> request: /v1/api/tickle
-> GET /v1/api/tickle,200|436ms
-> request: /v1/api/tickle
-> GET /v1/api/tickle,200|471ms
-> request: /v1/api/tickle
-> GET /v1/api/tickle,200|742ms
-> request: /v1/api/tickle
-> GET /v1/api/tickle,200|637ms
-> request: /sso/ping
-> GET /sso/ping,200|618ms
-> request: /v1/api/tickle
-> GET /v1/api/tickle,200|264ms
-> request: /v1/api/tickle
-> GET /v1/api/tickle,200|174ms
-> request: /v1/api/tickle
-> GET /v1/api/tickle,200|203ms
-> request: /v1/api/tickle
-> GET /v1/api/tickle,200|175ms
-> request: /v1/api/tickle
-> GET /v1/api/tickle,200|340ms
-> request: /v1/api/tickle
-> GET /v1/api/tickle,200|445ms
-> request: /v1/api/tickle
-> GET /v1/api/tickle,200|163ms
-> request: /v1/api/sso/validate?gw=1
-> request: /v1/api/sso/validate?gw=1
-> GET /v1/api/sso/validate?gw=1,200|212ms
-> request: /v1/api/one/user
-> request: /v1/api/ssodh/init
-> sso GET https://api.ibkr.com/v1/api/ssodh/init
-> GET /v1/api/sso/validate?gw=1,200|441ms
-> request: /v1/api/one/user
-> request: /v1/api/ssodh/init
-> sso GET https://api.ibkr.com/v1/api/ssodh/init
-> GET /v1/api/one/user,200|426ms
-> GET /v1/api/one/user,200|671ms
-> request: /sso/ping
-> GET /sso/ping,200|661ms
-> request: /sso/ping
-> GET /sso/ping,200|692ms
-> request: /sso/ping
-> GET /sso/ping,200|736ms
-> request: /sso/ping
-> GET /sso/ping,200|658ms
-> request: /sso/ping
-> GET /sso/ping,200|595ms
-> request: /sso/ping
-> GET /sso/ping,200|617ms
-> request: /sso/ping
-> GET /sso/ping,200|651ms
-> request: /sso/ping
-> GET /sso/ping,200|591ms
-> request: /sso/ping
-> GET /sso/ping,200|607ms
-> request: /sso/ping
-> GET /sso/ping,200|646ms
-> request: /sso/ping
-> GET /sso/ping,200|671ms
-> request: /sso/ping
-> GET /sso/ping,200|577ms
-> request: /sso/ping
-> GET /sso/ping,200|579ms
-> request: /sso/ping
-> GET /sso/ping,200|582ms
-> request: /sso/ping
-> GET /sso/ping,200|600ms
-> request: /sso/ping
-> GET /sso/ping,200|634ms
-> request: /sso/ping
-> GET /sso/ping,200|587ms
-> request: /sso/ping
-> GET /sso/ping,200|391ms
-> request: /sso/ping
-> GET /sso/ping,200|577ms
-> request: /sso/ping
-> GET /sso/ping,200|767ms
-> request: /sso/ping
-> GET /sso/ping,200|586ms
-> request: /sso/ping
-> GET /sso/ping,200|583ms
-> request: /sso/ping
-> GET /sso/ping,200|583ms
-> request: /sso/ping
-> GET /sso/ping,200|602ms
-> request: /sso/ping
-> GET /sso/ping,200|596ms
-> request: /sso/ping
-> GET /sso/ping,200|577ms
-> request: /sso/ping
-> GET /sso/ping,200|600ms
-> request: /sso/ping
-> GET /sso/ping,200|879ms
-> request: /sso/ping
-> GET /sso/ping,200|606ms
-> request: /sso/ping
-> GET /sso/ping,200|580ms
-> request: /sso/ping
-> GET /sso/ping,200|616ms
-> request: /sso/ping
-> GET /sso/ping,200|594ms
-> request: /sso/ping
-> GET /sso/ping,200|638ms
-> request: /sso/ping
-> GET /sso/ping,200|876ms
-> request: /sso/ping
-> GET /sso/ping,200|598ms
-> request: /sso/ping
-> GET /sso/ping,200|736ms
-> request: /sso/ping
-> GET /sso/ping,200|600ms
-> request: /sso/ping
-> GET /sso/ping,200|593ms
-> request: /sso/ping
-> GET /sso/ping,200|704ms
-> request: /sso/ping
-> GET /sso/ping,200|613ms
-> request: /sso/ping
-> GET /sso/ping,200|592ms
-> request: /sso/ping
-> GET /sso/ping,200|388ms
-> request: /sso/ping
-> GET /sso/ping,200|586ms
-> request: /sso/ping
-> GET /sso/ping,200|618ms
-> request: /sso/ping
-> GET /sso/ping,200|606ms
-> request: /sso/ping
-> GET /sso/ping,200|686ms
-> request: /sso/ping
-> GET /sso/ping,200|591ms
-> request: /sso/ping
-> GET /sso/ping,200|591ms
-> request: /sso/ping
-> GET /sso/ping,200|592ms
-> request: /sso/ping
-> GET /sso/ping,200|588ms
-> request: /sso/ping
-> GET /sso/ping,200|598ms
-> request: /sso/ping
-> GET /sso/ping,200|611ms
-> request: /sso/ping
-> GET /sso/ping,200|621ms
-> request: /sso/ping
-> GET /sso/ping,200|623ms
-> request: /sso/ping
-> GET /sso/ping,200|591ms
-> request: /sso/ping
-> GET /sso/ping,200|587ms
-> request: /sso/ping
-> GET /sso/ping,200|589ms
-> request: /sso/ping
-> GET /sso/ping,200|625ms
-> request: /sso/ping
-> GET /sso/ping,200|613ms
-> request: /sso/ping
-> GET /sso/ping,200|589ms
-> request: /sso/ping
-> GET /sso/ping,200|958ms
-> request: /sso/ping
-> GET /sso/ping,200|685ms
-> request: /sso/ping
-> GET /sso/ping,200|581ms
-> request: /sso/ping
-> GET /sso/ping,200|588ms
-> request: /sso/ping
-> GET /sso/ping,200|587ms
-> request: /sso/ping
-> GET /sso/ping,200|611ms
-> request: /sso/ping
-> GET /sso/ping,200|380ms
-> request: /sso/ping
-> GET /sso/ping,200|676ms
-> request: /sso/ping
-> GET /sso/ping,200|627ms
-> request: /sso/ping
-> GET /sso/ping,200|736ms
-> request: /sso/ping
-> GET /sso/ping,200|665ms
-> request: /sso/ping
-> GET /sso/ping,200|587ms
-> request: /sso/ping
-> GET /sso/ping,200|579ms
-> request: /sso/ping
-> GET /sso/ping,200|873ms
-> request: /sso/ping
-> GET /sso/ping,200|616ms
-> request: /sso/ping
-> GET /sso/ping,200|795ms
-> request: /sso/ping
-> GET /sso/ping,200|848ms
-> request: /sso/ping
-> GET /sso/ping,200|685ms
-> request: /sso/ping
-> GET /sso/ping,200|615ms
-> request: /sso/ping
-> GET /sso/ping,200|596ms
-> request: /sso/ping
-> GET /sso/ping,200|917ms
-> request: /sso/ping
-> GET /sso/ping,200|582ms
-> request: /sso/ping
-> GET /sso/ping,200|578ms
-> request: /sso/ping
-> GET /sso/ping,200|593ms
-> request: /sso/ping
-> GET /sso/ping,200|622ms
-> request: /sso/ping
-> GET /sso/ping,200|590ms
-> request: /sso/ping
-> GET /sso/ping,200|715ms
-> request: /sso/ping
-> GET /sso/ping,200|591ms
-> request: /sso/ping
-> GET /sso/ping,200|630ms
-> request: /sso/ping
-> GET /sso/ping,200|591ms
-> request: /sso/ping
-> GET /sso/ping,200|902ms
-> request: /sso/ping
-> GET /sso/ping,200|856ms
-> request: /sso/ping
-> GET /sso/ping,200|382ms
-> request: /sso/ping
-> GET /sso/ping,200|1082ms
-> request: /sso/ping
-> GET /sso/ping,200|589ms
-> request: /sso/ping
-> GET /sso/ping,200|577ms
-> request: /sso/ping
-> GET /sso/ping,200|576ms
-> request: /sso/ping
-> GET /sso/ping,200|597ms
-> request: /sso/ping
-> GET /sso/ping,200|582ms
-> GET /v1/api/iserver/accounts
<- 401 GET /v1/api/iserver/accounts
-> GET /v1/api/iserver/account/orders
<- 401 GET /v1/api/iserver/account/orders
-> GET /v1/api/iserver/account/trades?days=4
<- 401 GET /v1/api/iserver/account/trades?days=4
-> POST /v1/api/iserver/account/%7B%22action%22:%20%22BUY%22,%20%22orderType%22:%20%22LMT%22,%20%22totalQuantity%22:%201,%20%22lmtPrice%22:%202.5,%20%22timeInForce%22:%20%22GTC%22,%20%22outsideRth%22:%20false,%20%22comboLegs%22:%20%5B%7B%22action%22:%20%22BUY%22,%20%22quantity%22:%201,%20%22symbol%22:%20%22AAPL%22,%20%22secType%22:%20%22OPT%22,%20%22exchange%22:%20%22SMART%22,%20%22expiry%22:%20%2220241215%22,%20%22strike%22:%20150,%20%22right%22:%20%22P%22,%20%22currency%22:%20%22USD%22%7D,%20%7B%22action%22:%20%22SELL%22,%20%22quantity%22:%201,%20%22symbol%22:%20%22AAPL%22,%20%22secType%22:%20%22OPT%22,%20%22exchange%22:%20%22SMART%22,%20%22expiry%22:%20%2220241215%22,%20%22strike%22:%20155,%20%22right%22:%20%22P%22,%20%22currency%22:%20%22USD%22%7D,%20%7B%22action%22:%20%22SELL%22,%20%22quantity%22:%201,%20%22symbol%22:%20%22AAPL%22,%20%22secType%22:%20%22OPT%22,%20%22exchange%22:%20%22SMART%22,%20%22expiry%22:%20%2220241215%22,%20%22strike%22:%20160,%20%22right%22:%20%22C%22,%20%22currency%22:%20%22USD%22%7D,%20%7B%22action%22:%20%22BUY%22,%20%22quantity%22:%201,%20%22symbol%22:%20%22AAPL%22,%20%22secType%22:%20%22OPT%22,%20%22exchange%22:%20%22SMART%22,%20%22expiry%22:%20%2220241215%22,%20%22strike%22:%20165,%20%22right%22:%20%22C%22,%20%22currency%22:%20%22USD%22%7D%5D%7D/orders
<- 400 POST /v1/api/iserver/account/%7B%22action%22:%20%22BUY%22,%20%22orderType%22:%20%22LMT%22,%20%22totalQuantity%22:%201,%20%22lmtPrice%22:%202.5,%20%22timeInForce%22:%20%22GTC%22,%20%22outsideRth%22:%20false,%20%22comboLegs%22:%20%5B%7B%22action%22:%20%22BUY%22,%20%22quantity%22:%201,%20%22symbol%22:%20%22AAPL%22,%20%22secType%22:%20%22OPT%22,%20%22exchange%22:%20%22SMART%22,%20%22expiry%22:%20%2220241215%22,%20%22strike%22:%20150,%20%22right%22:%20%22P%22,%20%22currency%22:%20%22USD%22%7D,%20%7B%22action%22:%20%22SELL%22,%20%22quantity%22:%201,%20%22symbol%22:%20%22AAPL%22,%20%22secType%22:%20%22OPT%22,%20%22exchange%22:%20%22SMART%22,%20%22expiry%22:%20%2220241215%22,%20%22strike%22:%20155,%20%22right%22:%20%22P%22,%20%22currency%22:%20%22USD%22%7D,%20%7B%22action%22:%20%22SELL%22,%20%22quantity%22:%201,%20%22symbol%22:%20%22AAPL%22,%20%22secType%22:%20%22OPT%22,%20%22exchange%22:%20%22SMART%22,%20%22expiry%22:%20%2220241215%22,%20%22strike%22:%20160,%20%22right%22:%20%22C%22,%20%22currency%22:%20%22USD%22%7D,%20%7B%22action%22:%20%22BUY%22,%20%22quantity%22:%201,%20%22symbol%22:%20%22AAPL%22,%20%22secType%22:%20%22OPT%22,%20%22exchange%22:%20%22SMART%22,%20%22expiry%22:%20%2220241215%22,%20%22strike%22:%20165,%20%22right%22:%20%22C%22,%20%22currency%22:%20%22USD%22%7D%5D%7D/orders
-> GET /v1/api/iserver/accounts
<- 401 GET /v1/api/iserver/accounts
-> GET /v1/api/iserver/account/orders
<- 401 GET /v1/api/iserver/account/orders
-> GET /v1/api/iserver/account/trades?days=4
<- 401 GET /v1/api/iserver/account/trades?days=4
-> POST /v1/api/iserver/account/%7B%22accId%22:%20%22DU3232524%22,%20%22orderType%22:%20%22LMT%22,%20%22totalQuantity%22:%201,%20%22lmtPrice%22:%202.5,%20%22tif%22:%20%22GTC%22,%20%22outsideRth%22:%20false,%20%22listingExchange%22:%20%22SMART%22,%20%22side%22:%20%22Buy%22,%20%22conidex%22:%20%22%7Bus_spread_conid%7D;;;%7B'734452809'%7D/%7B1%7D,%7B'740950685'%7D/%7B-1%7D,%7B'740950728'%7D/%7B1%7D,%7B'740950849'%7D/%7B-1%7D%22%7D/orders
<- 400 POST /v1/api/iserver/account/%7B%22accId%22:%20%22DU3232524%22,%20%22orderType%22:%20%22LMT%22,%20%22totalQuantity%22:%201,%20%22lmtPrice%22:%202.5,%20%22tif%22:%20%22GTC%22,%20%22outsideRth%22:%20false,%20%22listingExchange%22:%20%22SMART%22,%20%22side%22:%20%22Buy%22,%20%22conidex%22:%20%22%7Bus_spread_conid%7D;;;%7B'734452809'%7D/%7B1%7D,%7B'740950685'%7D/%7B-1%7D,%7B'740950728'%7D/%7B1%7D,%7B'740950849'%7D/%7B-1%7D%22%7D/orders
-> GET /sso/Login?forwardTo=22&RL=1&ip2loc=US
<- 200 GET /sso/Login?forwardTo=22&RL=1&ip2loc=US
-> GET /css/bootstrap-5.2.2/bootstrap.min.css
-> GET /css/fontawesome-6.2.0/all.min.css
-> GET /css/bootstrap-switch-3.3.2/bootstrap-switch.min.css
-> GET /css/reg-am/login.min.css
-> GET /css/ibkr/theme-ibkr-portal.min.css
-> GET /scripts/common/js/jquery-3.7.0/jquery.min.js
<- 200 GET /css/bootstrap-5.2.2/bootstrap.min.css
-> GET /scripts/common/js/bootstrap-5.2.2/bootstrap.bundle.min.js
<- 200 GET /scripts/common/js/jquery-3.7.0/jquery.min.js
-> GET /sso/lib/xyz.bundle.min.js
<- 200 GET /css/fontawesome-6.2.0/all.min.css
-> GET /images/2015/btn-app-apple.png
<- 200 GET /scripts/common/js/bootstrap-5.2.2/bootstrap.bundle.min.js
-> GET /images/2015/btn-app-google.png
<- 200 GET /sso/lib/xyz.bundle.min.js
<- 200 GET /css/reg-am/login.min.css
<- 200 GET /css/ibkr/theme-ibkr-portal.min.css
<- 200 GET /images/2015/btn-app-apple.png
-> GET /images/2015/btn-app-tws.png
<- 200 GET /images/2015/btn-app-google.png
<- 200 GET /css/bootstrap-switch-3.3.2/bootstrap-switch.min.css
-> GET /images/2015/button_discover_apis.png
-> GET /images/common/logos/ibkr/interactive-brokers.svg
<- 200 GET /images/2015/btn-app-tws.png
-> GET /fonts/fontawesome-6.4.2/webfonts/fa-solid-900.woff2
-> GET /fonts/proxima-nova/Proxima-Nova-Regular.woff2
-> GET /images/web/favicons/home-screen-icon-192x192.png
-> POST /portal.proxy/v1/gstat/bulletins
<- 200 GET /images/common/logos/ibkr/interactive-brokers.svg
-> GET /sso/images/2fa-animated-once.gif
<- 200 GET /images/web/favicons/home-screen-icon-192x192.png
<- 200 GET /images/2015/button_discover_apis.png
<- 200 GET /fonts/proxima-nova/Proxima-Nova-Regular.woff2
<- 200 GET /sso/images/2fa-animated-once.gif
<- 204 POST /portal.proxy/v1/gstat/bulletins
<- 200 GET /fonts/fontawesome-6.4.2/webfonts/fa-solid-900.woff2
-> POST /sso/Authenticator
<- 200 POST /sso/Authenticator
-> POST /sso/Authenticator
<- 200 POST /sso/Authenticator
-> POST /sso/Dispatcher
<- 302 POST /sso/Dispatcher
-> request: /v1/api/sso/validate?gw=1
-> GET /v1/api/sso/validate?gw=1,200|426ms
-> request: /v1/api/one/user
-> request: /v1/api/ssodh/init
-> sso GET https://api.ibkr.com/v1/api/ssodh/init
-> GET /v1/api/one/user,200|449ms
-> request: /v1/api/ssodh/st
-> sso GET https://api.ibkr.com/v1/api/ssodh/st
-> request: /sso/Authenticator?ACTION=PUBLISH_TST&RESP_TYPE=JSON&DEVICE_ID=371cf76a|4A-36-69-19-82-3A
-> sso GET https://api.ibkr.com/sso/Authenticator?ACTION=PUBLISH_TST&RESP_TYPE=JSON&DEVICE_ID=371cf76a|4A-36-69-19-82-3A
<- 200 GET https://api.ibkr.com/sso/Authenticator?ACTION=PUBLISH_TST&RESP_TYPE=JSON&DEVICE_ID=371cf76a|4A-36-69-19-82-3A 0
-> request: /v1/api/iserver/auth/status
-> GET /v1/api/iserver/auth/status,200|195ms
-> request: /v1/api/iserver/auth/ssodh/init
-> POST https://api.ibkr.com/v1/api/iserver/auth/ssodh/init,200|1717ms
-> request: /v1/api/iserver/accounts
-> GET /v1/api/iserver/accounts,200|237ms
-> GET /v1/api/iserver/accounts
<- 200 GET /v1/api/iserver/accounts
-> GET /v1/api/iserver/account/orders
<- 200 GET /v1/api/iserver/account/orders
-> GET /v1/api/iserver/account/trades?days=4
<- 200 GET /v1/api/iserver/account/trades?days=4
-> POST /v1/api/iserver/account/%7B%22accId%22:%20%22DU3232524%22,%20%22orderType%22:%20%22LMT%22,%20%22totalQuantity%22:%201,%20%22lmtPrice%22:%202.5,%20%22tif%22:%20%22GTC%22,%20%22outsideRth%22:%20false,%20%22listingExchange%22:%20%22SMART%22,%20%22side%22:%20%22Buy%22,%20%22conidex%22:%20%22%7Bus_spread_conid%7D;;;%7B'734452809'%7D/%7B1%7D,%7B'740950685'%7D/%7B-1%7D,%7B'740950728'%7D/%7B1%7D,%7B'740950849'%7D/%7B-1%7D%22%7D/orders
<- 400 POST /v1/api/iserver/account/%7B%22accId%22:%20%22DU3232524%22,%20%22orderType%22:%20%22LMT%22,%20%22totalQuantity%22:%201,%20%22lmtPrice%22:%202.5,%20%22tif%22:%20%22GTC%22,%20%22outsideRth%22:%20false,%20%22listingExchange%22:%20%22SMART%22,%20%22side%22:%20%22Buy%22,%20%22conidex%22:%20%22%7Bus_spread_conid%7D;;;%7B'734452809'%7D/%7B1%7D,%7B'740950685'%7D/%7B-1%7D,%7B'740950728'%7D/%7B1%7D,%7B'740950849'%7D/%7B-1%7D%22%7D/orders
-> request: /v1/api/tickle
-> GET /v1/api/tickle,200|604ms
-> request: /v1/api/tickle
-> GET /v1/api/tickle,200|516ms
-> request: /v1/api/tickle
-> GET /v1/api/tickle,200|181ms
-> request: /v1/api/tickle
-> GET /v1/api/tickle,200|624ms
-> request: /v1/api/tickle
-> GET /v1/api/tickle,200|181ms
-> request: /v1/api/tickle
-> GET /v1/api/tickle,200|638ms
-> request: /v1/api/tickle
-> GET /v1/api/tickle,200|465ms
-> request: /v1/api/tickle
-> GET /v1/api/tickle,200|206ms
-> request: /v1/api/tickle
-> GET /v1/api/tickle,200|1076ms
-> request: /sso/ping
-> GET /sso/ping,200|625ms
-> request: /v1/api/tickle
-> GET /v1/api/tickle,200|282ms
-> request: /v1/api/tickle
-> GET /v1/api/tickle,200|212ms
-> request: /v1/api/tickle
-> GET /v1/api/tickle,200|210ms
-> request: /v1/api/tickle
-> GET /v1/api/tickle,200|815ms
-> request: /v1/api/tickle
-> GET /v1/api/tickle,200|184ms
-> request: /v1/api/tickle
-> GET /v1/api/tickle,200|178ms
-> request: /v1/api/tickle
-> GET /v1/api/tickle,200|449ms
-> request: /v1/api/tickle
-> GET /v1/api/tickle,200|664ms
-> request: /v1/api/tickle
-> GET /v1/api/tickle,200|217ms
-> GET /v1/api/iserver/accounts
<- 200 GET /v1/api/iserver/accounts
-> GET /v1/api/iserver/account/orders
<- 200 GET /v1/api/iserver/account/orders
-> GET /v1/api/iserver/account/trades?days=4
<- 200 GET /v1/api/iserver/account/trades?days=4
-> POST /v1/api/iserver/account/%7B%22accId%22:%20%22DU3232524%22,%20%22orderType%22:%20%22LMT%22,%20%22quantity%22:%201,%20%22price%22:%202.5,%20%22tif%22:%20%22GTC%22,%20%22outsideRTH%22:%20false,%20%22listingExchange%22:%20%22SMART%22,%20%22side%22:%20%22Buy%22,%20%22conid%22:%20734452809%7D/orders
<- 400 POST /v1/api/iserver/account/%7B%22accId%22:%20%22DU3232524%22,%20%22orderType%22:%20%22LMT%22,%20%22quantity%22:%201,%20%22price%22:%202.5,%20%22tif%22:%20%22GTC%22,%20%22outsideRTH%22:%20false,%20%22listingExchange%22:%20%22SMART%22,%20%22side%22:%20%22Buy%22,%20%22conid%22:%20734452809%7D/orders
-> request: /v1/api/tickle
-> GET /v1/api/tickle,200|177ms
-> request: /sso/ping
-> GET /sso/ping,200|587ms
-> request: /v1/api/tickle
-> GET /v1/api/tickle,200|599ms
-> request: /v1/api/tickle
-> GET /v1/api/tickle,200|557ms
-> GET /v1/api/iserver/accounts
<- 200 GET /v1/api/iserver/accounts
-> GET /v1/api/iserver/account/orders
<- 200 GET /v1/api/iserver/account/orders
-> GET /v1/api/iserver/account/trades?days=4
<- 200 GET /v1/api/iserver/account/trades?days=4
-> request: /v1/api/tickle
-> GET /v1/api/tickle,200|194ms
-> request: /v1/api/tickle
-> GET /v1/api/tickle,200|1008ms
-> request: /v1/api/tickle
-> GET /v1/api/tickle,200|188ms
-> GET /v1/api/iserver/accounts
<- 200 GET /v1/api/iserver/accounts
-> GET /v1/api/iserver/account/orders
<- 200 GET /v1/api/iserver/account/orders
-> GET /v1/api/iserver/account/trades?days=4
<- 200 GET /v1/api/iserver/account/trades?days=4
-> request: /v1/api/tickle
-> GET /v1/api/tickle,200|207ms
-> request: /v1/api/tickle
-> GET /v1/api/tickle,200|508ms
-> request: /v1/api/tickle
-> GET /v1/api/tickle,200|222ms
-> request: /v1/api/tickle
-> GET /v1/api/tickle,200|200ms
-> request: /v1/api/tickle
-> GET /v1/api/tickle,200|619ms
-> request: /sso/ping
-> GET /sso/ping,200|589ms
-> request: /v1/api/tickle
-> GET /v1/api/tickle,200|180ms
-> GET /v1/api/iserver/accounts
<- 200 GET /v1/api/iserver/accounts
-> GET /v1/api/iserver/account/orders
<- 200 GET /v1/api/iserver/account/orders
-> GET /v1/api/iserver/account/trades?days=4
<- 200 GET /v1/api/iserver/account/trades?days=4
-> POST /v1/api/iserver/account/%7B'accId':%20'DU3232524',%20'orderType':%20'LMT',%20'quantity':%201,%20'price':%202.5,%20'tif':%20'GTC',%20'outsideRTH':%20False,%20'listingExchange':%20'SMART',%20'side':%20'Buy',%20'conid':%20734452809%7D/orders
<- 400 POST /v1/api/iserver/account/%7B'accId':%20'DU3232524',%20'orderType':%20'LMT',%20'quantity':%201,%20'price':%202.5,%20'tif':%20'GTC',%20'outsideRTH':%20False,%20'listingExchange':%20'SMART',%20'side':%20'Buy',%20'conid':%20734452809%7D/orders
-> request: /v1/api/tickle
-> GET /v1/api/tickle,200|191ms
-> request: /v1/api/tickle
-> GET /v1/api/tickle,200|610ms
-> request: /v1/api/tickle
-> GET /v1/api/tickle,200|335ms
-> GET /v1/api/iserver/accounts
<- 200 GET /v1/api/iserver/accounts
-> GET /v1/api/iserver/account/orders
<- 200 GET /v1/api/iserver/account/orders
-> GET /v1/api/iserver/account/trades?days=4
<- 200 GET /v1/api/iserver/account/trades?days=4
-> request: /v1/api/tickle
-> GET /v1/api/tickle,200|175ms
-> request: /v1/api/tickle
-> GET /v1/api/tickle,200|187ms
-> request: /v1/api/tickle
-> GET /v1/api/tickle,200|183ms
-> GET /v1/api/iserver/accounts
<- 200 GET /v1/api/iserver/accounts
-> GET /v1/api/iserver/account/orders
<- 200 GET /v1/api/iserver/account/orders
-> GET /v1/api/iserver/account/trades?days=4
<- 200 GET /v1/api/iserver/account/trades?days=4
-> request: /v1/api/tickle
-> GET /v1/api/tickle,200|629ms
-> request: /v1/api/tickle
-> GET /v1/api/tickle,200|221ms
-> GET /v1/api/iserver/accounts
<- 200 GET /v1/api/iserver/accounts
-> GET /v1/api/iserver/account/orders
<- 200 GET /v1/api/iserver/account/orders
-> GET /v1/api/iserver/account/trades?days=4
<- 200 GET /v1/api/iserver/account/trades?days=4
-> POST /v1/api/iserver/account/%7B'acctId':%20'DU3232524',%20'orderType':%20'LMT',%20'quantity':%201,%20'price':%202.5,%20'tif':%20'GTC',%20'outsideRTH':%20False,%20'listingExchange':%20'SMART',%20'side':%20'Buy',%20'conid':%20734452809%7D/orders
<- 400 POST /v1/api/iserver/account/%7B'acctId':%20'DU3232524',%20'orderType':%20'LMT',%20'quantity':%201,%20'price':%202.5,%20'tif':%20'GTC',%20'outsideRTH':%20False,%20'listingExchange':%20'SMART',%20'side':%20'Buy',%20'conid':%20734452809%7D/orders
-> request: /v1/api/tickle
-> GET /v1/api/tickle,200|220ms
-> request: /sso/ping
-> GET /sso/ping,200|602ms
-> request: /v1/api/tickle
-> GET /v1/api/tickle,200|179ms
-> request: /v1/api/tickle
-> GET /v1/api/tickle,200|182ms
-> request: /v1/api/tickle
-> GET /v1/api/tickle,200|172ms
-> request: /v1/api/tickle
-> GET /v1/api/tickle,200|436ms
-> request: /v1/api/tickle
-> GET /v1/api/tickle,200|182ms
-> request: /v1/api/tickle
-> GET /v1/api/tickle,200|204ms
-> request: /v1/api/tickle
-> GET /v1/api/tickle,200|670ms
-> request: /v1/api/tickle
-> GET /v1/api/tickle,200|220ms
-> request: /v1/api/tickle
-> GET /v1/api/tickle,200|179ms
-> request: /v1/api/tickle
-> GET /v1/api/tickle,200|176ms
-> request: /sso/ping
-> GET /sso/ping,200|585ms
-> request: /v1/api/tickle
-> GET /v1/api/tickle,200|175ms
-> request: /v1/api/tickle
-> GET /v1/api/tickle,200|570ms
-> GET /v1/api/iserver/accounts
<- 200 GET /v1/api/iserver/accounts
-> GET /v1/api/iserver/account/orders
<- 200 GET /v1/api/iserver/account/orders
-> GET /v1/api/iserver/account/trades?days=4
<- 200 GET /v1/api/iserver/account/trades?days=4
-> POST /v1/api/iserver/account/%5B%7B'acctId':%20'DU3232524',%20'orderType':%20'LMT',%20'quantity':%201,%20'price':%202.5,%20'tif':%20'GTC',%20'outsideRTH':%20False,%20'listingExchange':%20'SMART',%20'side':%20'Buy',%20'conid':%20734452809%7D%5D/orders
<- 400 POST /v1/api/iserver/account/%5B%7B'acctId':%20'DU3232524',%20'orderType':%20'LMT',%20'quantity':%201,%20'price':%202.5,%20'tif':%20'GTC',%20'outsideRTH':%20False,%20'listingExchange':%20'SMART',%20'side':%20'Buy',%20'conid':%20734452809%7D%5D/orders
-> request: /v1/api/tickle
-> GET /v1/api/tickle,200|419ms
-> request: /v1/api/tickle
-> GET /v1/api/tickle,200|380ms
-> request: /v1/api/tickle
-> GET /v1/api/tickle,200|1445ms
-> request: /v1/api/tickle
-> GET /v1/api/tickle,200|187ms
-> GET /v1/api/iserver/accounts
<- 200 GET /v1/api/iserver/accounts
-> GET /v1/api/iserver/account/orders
<- 200 GET /v1/api/iserver/account/orders
-> GET /v1/api/iserver/account/trades?days=4
<- 200 GET /v1/api/iserver/account/trades?days=4
-> POST /v1/api/iserver/account/DU3232524/orders
<- 400 POST /v1/api/iserver/account/DU3232524/orders
-> request: /v1/api/tickle
-> GET /v1/api/tickle,200|586ms
-> GET /v1/api/iserver/accounts
<- 200 GET /v1/api/iserver/accounts
-> GET /v1/api/iserver/account/orders
<- 200 GET /v1/api/iserver/account/orders
-> GET /v1/api/iserver/account/trades?days=4
<- 200 GET /v1/api/iserver/account/trades?days=4
-> POST /v1/api/iserver/account/DU3232524/orders
<- 400 POST /v1/api/iserver/account/DU3232524/orders
-> request: /v1/api/tickle
-> GET /v1/api/tickle,200|292ms
-> request: /v1/api/tickle
-> GET /v1/api/tickle,200|592ms
-> request: /v1/api/tickle
-> GET /v1/api/tickle,200|168ms
-> request: /sso/ping
-> GET /sso/ping,200|759ms
-> request: /v1/api/tickle
-> GET /v1/api/tickle,200|163ms
-> request: /v1/api/tickle
-> GET /v1/api/tickle,200|187ms
-> request: /v1/api/tickle
-> GET /v1/api/tickle,200|165ms
-> request: /v1/api/tickle
-> GET /v1/api/tickle,200|792ms
-> request: /v1/api/tickle
-> GET /v1/api/tickle,200|219ms
-> request: /v1/api/tickle
-> GET /v1/api/tickle,200|174ms
-> request: /v1/api/tickle
-> GET /v1/api/tickle,200|171ms
-> request: /v1/api/tickle
-> GET /v1/api/tickle,200|394ms
-> request: /v1/api/tickle
-> GET /v1/api/tickle,200|165ms
-> request: /v1/api/tickle
-> GET /v1/api/tickle,200|189ms
-> request: /sso/ping
-> GET /sso/ping,200|584ms
-> request: /v1/api/tickle
-> GET /v1/api/tickle,200|173ms
-> request: /v1/api/tickle
-> GET /v1/api/tickle,200|216ms
-> request: /v1/api/tickle
-> GET /v1/api/tickle,200|315ms
-> request: /v1/api/tickle
-> GET /v1/api/tickle,200|332ms
-> request: /v1/api/tickle
-> GET /v1/api/tickle,200|543ms
-> request: /v1/api/tickle
-> GET /v1/api/tickle,200|278ms
-> request: /v1/api/tickle
-> GET /v1/api/tickle,200|236ms
-> request: /v1/api/tickle
-> GET /v1/api/tickle,200|171ms
-> request: /v1/api/tickle
-> GET /v1/api/tickle,200|407ms
-> request: /v1/api/tickle
-> GET /v1/api/tickle,200|166ms
-> request: /sso/ping
-> GET /sso/ping,200|590ms
-> request: /v1/api/tickle
-> GET /v1/api/tickle,200|361ms
-> request: /v1/api/tickle
-> GET /v1/api/tickle,200|196ms
-> request: /v1/api/tickle
-> GET /v1/api/tickle,200|247ms
-> request: /v1/api/tickle
-> GET /v1/api/tickle,200|257ms
-> request: /v1/api/tickle
-> GET /v1/api/tickle,200|182ms
-> request: /v1/api/tickle
-> GET /v1/api/tickle,200|222ms
-> request: /v1/api/tickle
-> GET /v1/api/tickle,200|204ms
-> request: /v1/api/tickle
-> GET /v1/api/tickle,200|205ms
-> request: /v1/api/tickle
-> GET /v1/api/tickle,200|206ms
-> request: /v1/api/tickle
-> GET /v1/api/tickle,200|182ms
-> request: /sso/ping
-> GET /sso/ping,200|607ms
-> request: /v1/api/tickle
-> GET /v1/api/tickle,200|229ms
-> request: /v1/api/tickle
-> GET /v1/api/tickle,200|189ms
-> request: /v1/api/tickle
-> GET /v1/api/tickle,200|184ms
-> request: /v1/api/tickle
-> GET /v1/api/tickle,200|352ms
-> request: /v1/api/tickle
-> GET /v1/api/tickle,200|226ms
-> request: /v1/api/tickle
-> GET /v1/api/tickle,200|165ms
-> request: /v1/api/tickle
-> GET /v1/api/tickle,200|170ms
-> request: /v1/api/tickle
-> GET /v1/api/tickle,200|184ms
-> request: /v1/api/tickle
-> GET /v1/api/tickle,200|249ms
-> request: /v1/api/tickle
-> GET /v1/api/tickle,200|167ms
-> request: /sso/ping
-> GET /sso/ping,200|615ms
-> request: /v1/api/tickle
-> GET /v1/api/tickle,200|237ms
-> request: /v1/api/tickle
-> GET /v1/api/tickle,200|195ms
-> request: /v1/api/tickle
-> GET /v1/api/tickle,200|211ms
-> request: /v1/api/tickle
-> GET /v1/api/tickle,200|217ms
-> request: /v1/api/tickle
-> GET /v1/api/tickle,200|224ms
-> request: /v1/api/tickle
-> GET /v1/api/tickle,200|288ms
-> request: /v1/api/tickle
-> GET /v1/api/tickle,200|1225ms
-> request: /v1/api/tickle
-> GET /v1/api/tickle,200|297ms
-> request: /v1/api/tickle
-> GET /v1/api/tickle,200|276ms
-> request: /v1/api/tickle
-> GET /v1/api/tickle,200|194ms
-> request: /sso/ping
-> GET /sso/ping,200|620ms
-> request: /v1/api/tickle
-> GET /v1/api/tickle,200|212ms
-> request: /v1/api/tickle
-> GET /v1/api/tickle,200|178ms
-> request: /v1/api/tickle
-> GET /v1/api/tickle,200|658ms
-> request: /v1/api/tickle
-> GET /v1/api/tickle,200|273ms
-> request: /v1/api/tickle
-> GET /v1/api/tickle,200|172ms
-> request: /v1/api/tickle
-> GET /v1/api/tickle,200|207ms
-> request: /v1/api/tickle
-> GET /v1/api/tickle,200|273ms
-> request: /v1/api/tickle
-> GET /v1/api/tickle,200|235ms
-> request: /v1/api/tickle
-> GET /v1/api/tickle,200|220ms
-> request: /v1/api/tickle
-> GET /v1/api/tickle,200|171ms
-> request: /sso/ping
-> GET /sso/ping,200|769ms
-> request: /v1/api/tickle
-> GET /v1/api/tickle,200|234ms
-> request: /v1/api/tickle
-> GET /v1/api/tickle,200|483ms
-> request: /v1/api/tickle
-> GET /v1/api/tickle,200|1709ms
-> request: /v1/api/tickle
-> GET /v1/api/tickle,200|277ms
-> request: /v1/api/tickle
-> GET /v1/api/tickle,200|168ms
-> request: /v1/api/tickle
-> GET /v1/api/tickle,200|266ms
-> request: /v1/api/tickle
-> GET /v1/api/tickle,200|196ms
-> request: /v1/api/tickle
-> GET /v1/api/tickle,200|300ms
-> request: /v1/api/tickle
-> GET /v1/api/tickle,200|207ms
-> request: /v1/api/tickle
-> GET /v1/api/tickle,200|199ms
-> request: /sso/ping
-> GET /sso/ping,200|403ms
-> request: /v1/api/tickle
-> GET /v1/api/tickle,200|206ms
-> request: /v1/api/tickle
-> GET /v1/api/tickle,200|212ms
-> request: /v1/api/tickle
-> GET /v1/api/tickle,200|326ms
-> request: /v1/api/tickle
-> GET /v1/api/tickle,200|256ms
-> request: /v1/api/tickle
-> GET /v1/api/tickle,200|257ms
-> request: /v1/api/tickle
-> GET /v1/api/tickle,200|234ms
-> request: /v1/api/tickle
-> GET /v1/api/tickle,200|170ms
-> request: /v1/api/tickle
-> GET /v1/api/tickle,200|220ms
-> request: /v1/api/tickle
-> GET /v1/api/tickle,200|302ms
-> request: /v1/api/tickle
-> GET /v1/api/tickle,200|284ms
-> request: /sso/ping
-> GET /sso/ping,200|629ms
-> request: /v1/api/tickle
-> GET /v1/api/tickle,200|186ms
-> request: /v1/api/tickle
-> GET /v1/api/tickle,200|208ms
-> request: /v1/api/tickle
-> GET /v1/api/tickle,200|281ms
-> request: /v1/api/tickle
-> GET /v1/api/tickle,200|235ms
-> request: /v1/api/tickle
-> GET /v1/api/tickle,200|188ms
-> request: /v1/api/tickle
-> GET /v1/api/tickle,200|244ms
-> request: /v1/api/tickle
-> GET /v1/api/tickle,200|240ms
-> request: /v1/api/tickle
-> GET /v1/api/tickle,200|224ms
-> request: /v1/api/tickle
-> GET /v1/api/tickle,200|267ms
-> request: /v1/api/tickle
-> GET /v1/api/tickle,200|196ms
-> request: /sso/ping
-> GET /sso/ping,200|596ms
-> request: /v1/api/tickle
-> GET /v1/api/tickle,200|232ms
-> request: /v1/api/tickle
-> GET /v1/api/tickle,200|164ms
-> request: /v1/api/tickle
-> GET /v1/api/tickle,200|190ms
-> request: /v1/api/tickle
-> GET /v1/api/tickle,200|385ms
-> request: /v1/api/tickle
-> GET /v1/api/tickle,200|1410ms
-> request: /v1/api/tickle
-> GET /v1/api/tickle,200|377ms
-> request: /v1/api/tickle
-> GET /v1/api/tickle,200|189ms
-> request: /v1/api/tickle
-> GET /v1/api/tickle,200|496ms
-> request: /v1/api/tickle
-> GET /v1/api/tickle,200|212ms
-> request: /v1/api/tickle
-> GET /v1/api/tickle,200|215ms
-> request: /sso/ping
-> GET /sso/ping,200|581ms
-> request: /v1/api/tickle
-> GET /v1/api/tickle,200|7060ms
-> request: /v1/api/tickle
-> GET /v1/api/tickle,200|185ms
-> request: /v1/api/tickle
-> GET /v1/api/tickle,200|193ms
-> request: /v1/api/tickle
-> GET /v1/api/tickle,200|258ms
-> request: /v1/api/tickle
-> GET /v1/api/tickle,200|202ms
-> request: /v1/api/tickle
-> GET /v1/api/tickle,200|291ms
-> request: /v1/api/tickle
-> GET /v1/api/tickle,200|179ms
-> request: /v1/api/tickle
-> GET /v1/api/tickle,200|172ms
-> request: /v1/api/tickle
-> GET /v1/api/tickle,200|182ms
-> request: /v1/api/tickle
-> GET /v1/api/tickle,200|272ms
-> request: /sso/ping
-> GET /sso/ping,200|499ms
-> request: /v1/api/tickle
-> GET /v1/api/tickle,200|268ms
-> request: /v1/api/tickle
-> GET /v1/api/tickle,200|240ms
-> request: /v1/api/tickle
-> GET /v1/api/tickle,200|163ms
-> request: /v1/api/tickle
-> GET /v1/api/tickle,200|181ms
-> request: /v1/api/tickle
-> GET /v1/api/tickle,200|174ms
-> request: /v1/api/tickle
-> GET /v1/api/tickle,200|168ms
-> request: /v1/api/tickle
-> GET /v1/api/tickle,200|207ms
-> request: /v1/api/tickle
-> GET /v1/api/tickle,200|184ms
-> request: /v1/api/tickle
-> GET /v1/api/tickle,200|226ms
-> request: /v1/api/tickle
-> GET /v1/api/tickle,200|298ms
-> request: /sso/ping
-> GET /sso/ping,200|678ms
-> request: /v1/api/tickle
-> GET /v1/api/tickle,200|179ms
-> request: /v1/api/tickle
-> GET /v1/api/tickle,200|378ms
-> request: /v1/api/tickle
-> GET /v1/api/tickle,200|256ms
-> request: /v1/api/tickle
-> GET /v1/api/tickle,200|205ms
-> request: /v1/api/tickle
-> GET /v1/api/tickle,200|437ms
-> request: /v1/api/tickle
-> GET /v1/api/tickle,200|190ms
-> request: /v1/api/tickle
-> GET /v1/api/tickle,200|299ms
-> request: /v1/api/tickle
-> GET /v1/api/tickle,200|187ms
-> request: /v1/api/tickle
-> GET /v1/api/tickle,200|200ms
-> request: /v1/api/tickle
-> GET /v1/api/tickle,200|271ms
-> request: /sso/ping
-> GET /sso/ping,200|691ms
-> request: /v1/api/tickle
-> GET /v1/api/tickle,200|212ms
-> request: /v1/api/tickle
-> GET /v1/api/tickle,200|265ms
-> request: /v1/api/tickle
-> GET /v1/api/tickle,200|406ms
-> request: /v1/api/tickle
-> GET /v1/api/tickle,200|238ms
-> request: /v1/api/tickle
-> GET /v1/api/tickle,200|180ms
-> request: /v1/api/tickle
-> GET /v1/api/tickle,200|229ms
-> request: /v1/api/tickle
-> GET /v1/api/tickle,200|253ms
-> request: /v1/api/tickle
-> GET /v1/api/tickle,200|201ms
-> request: /v1/api/tickle
-> GET /v1/api/tickle,200|216ms
-> request: /v1/api/tickle
-> GET /v1/api/tickle,200|203ms
-> request: /sso/ping
-> GET /sso/ping,200|614ms
-> request: /v1/api/tickle
-> GET /v1/api/tickle,200|336ms
-> request: /v1/api/tickle
-> GET /v1/api/tickle,200|212ms
-> request: /v1/api/tickle
-> GET /v1/api/tickle,200|173ms
-> request: /v1/api/tickle
-> GET /v1/api/tickle,200|288ms
-> request: /v1/api/tickle
-> GET /v1/api/tickle,200|544ms
-> request: /v1/api/tickle
-> GET /v1/api/tickle,200|205ms
-> request: /v1/api/tickle
-> GET /v1/api/tickle,200|203ms
-> request: /v1/api/tickle
-> GET /v1/api/tickle,200|200ms
-> request: /v1/api/tickle
-> GET /v1/api/tickle,200|271ms
-> request: /v1/api/tickle
-> GET /v1/api/tickle,200|235ms
-> request: /sso/ping
-> GET /sso/ping,200|638ms
-> request: /v1/api/tickle
-> GET /v1/api/tickle,200|276ms
-> request: /v1/api/tickle
-> GET /v1/api/tickle,200|203ms
-> request: /v1/api/tickle
-> GET /v1/api/tickle,200|350ms
-> request: /v1/api/tickle
-> GET /v1/api/tickle,200|476ms
-> request: /v1/api/tickle
-> GET /v1/api/tickle,200|219ms
-> request: /v1/api/tickle
-> GET /v1/api/tickle,200|200ms
-> request: /v1/api/tickle
-> GET /v1/api/tickle,200|410ms
-> request: /v1/api/tickle
-> GET /v1/api/tickle,200|486ms
-> request: /v1/api/tickle
-> GET /v1/api/tickle,200|318ms
-> request: /v1/api/tickle
-> GET /v1/api/tickle,200|173ms
-> request: /sso/ping
-> GET /sso/ping,200|703ms
-> request: /v1/api/tickle
-> GET /v1/api/tickle,200|207ms
-> request: /v1/api/tickle
-> GET /v1/api/tickle,200|183ms
-> request: /v1/api/tickle
-> GET /v1/api/tickle,200|202ms
-> request: /v1/api/tickle
-> GET /v1/api/tickle,200|305ms
-> request: /v1/api/tickle
-> GET /v1/api/tickle,200|225ms
-> request: /v1/api/tickle
-> GET /v1/api/tickle,200|180ms
-> request: /v1/api/tickle
-> GET /v1/api/tickle,200|172ms
-> request: /v1/api/tickle
-> GET /v1/api/tickle,200|257ms
-> request: /v1/api/tickle
-> GET /v1/api/tickle,200|187ms
-> request: /v1/api/tickle
-> GET /v1/api/tickle,200|426ms
-> request: /sso/ping
-> GET /sso/ping,200|606ms
-> request: /v1/api/tickle
-> GET /v1/api/tickle,200|192ms
-> request: /v1/api/tickle
-> GET /v1/api/tickle,200|249ms
-> request: /v1/api/tickle
-> GET /v1/api/tickle,200|213ms
-> request: /v1/api/tickle
-> GET /v1/api/tickle,200|179ms
-> request: /v1/api/tickle
-> GET /v1/api/tickle,200|439ms
-> request: /v1/api/tickle
-> GET /v1/api/tickle,200|240ms
-> request: /v1/api/tickle
-> GET /v1/api/tickle,200|190ms
-> request: /v1/api/tickle
-> GET /v1/api/tickle,200|289ms
-> request: /v1/api/tickle
-> GET /v1/api/tickle,200|199ms
-> request: /v1/api/tickle
-> GET /v1/api/tickle,200|569ms
-> request: /sso/ping
-> GET /sso/ping,200|583ms
-> request: /v1/api/tickle
-> GET /v1/api/tickle,200|182ms
-> request: /v1/api/tickle
-> GET /v1/api/tickle,200|189ms
-> request: /v1/api/tickle
-> GET /v1/api/tickle,200|218ms
-> request: /v1/api/tickle
-> GET /v1/api/tickle,200|211ms
-> request: /v1/api/tickle
-> GET /v1/api/tickle,200|269ms
-> request: /v1/api/tickle
-> GET /v1/api/tickle,200|577ms
-> request: /v1/api/tickle
-> GET /v1/api/tickle,200|889ms
-> request: /v1/api/tickle
-> GET /v1/api/tickle,200|195ms
-> request: /v1/api/tickle
-> GET /v1/api/tickle,200|171ms
-> request: /v1/api/tickle
-> GET /v1/api/tickle,200|221ms
-> request: /sso/ping
-> GET /sso/ping,200|636ms
-> request: /v1/api/tickle
-> GET /v1/api/tickle,200|168ms
-> request: /v1/api/tickle
-> GET /v1/api/tickle,200|165ms
-> request: /v1/api/tickle
-> GET /v1/api/tickle,200|296ms
-> request: /v1/api/tickle
-> GET /v1/api/tickle,200|184ms
-> request: /v1/api/tickle
-> GET /v1/api/tickle,200|231ms
-> request: /v1/api/tickle
-> GET /v1/api/tickle,200|203ms
-> request: /v1/api/tickle
-> GET /v1/api/tickle,200|1408ms
-> request: /v1/api/tickle
-> GET /v1/api/tickle,200|220ms
-> request: /v1/api/tickle
-> GET /v1/api/tickle,200|182ms
-> request: /v1/api/tickle
-> GET /v1/api/tickle,200|214ms
-> request: /sso/ping
-> GET /sso/ping,200|583ms
-> request: /v1/api/tickle
-> GET /v1/api/tickle,200|194ms
-> request: /v1/api/tickle
-> GET /v1/api/tickle,200|296ms
-> request: /v1/api/tickle
-> GET /v1/api/tickle,200|266ms
-> request: /v1/api/tickle
-> GET /v1/api/tickle,200|231ms
-> request: /v1/api/tickle
-> GET /v1/api/tickle,200|259ms
-> request: /v1/api/tickle
-> GET /v1/api/tickle,200|232ms
-> request: /v1/api/tickle
-> GET /v1/api/tickle,200|546ms
-> request: /v1/api/tickle
-> GET /v1/api/tickle,200|227ms
-> request: /v1/api/tickle
-> GET /v1/api/tickle,200|227ms
-> request: /v1/api/tickle
-> GET /v1/api/tickle,200|190ms
-> request: /sso/ping
-> GET /sso/ping,200|893ms
-> request: /v1/api/tickle
-> GET /v1/api/tickle,200|172ms
-> request: /v1/api/tickle
-> GET /v1/api/tickle,200|174ms
-> request: /v1/api/tickle
-> GET /v1/api/tickle,200|306ms
-> request: /v1/api/tickle
-> GET /v1/api/tickle,200|194ms
-> request: /v1/api/tickle
-> GET /v1/api/tickle,200|173ms
-> request: /v1/api/tickle
-> GET /v1/api/tickle,200|184ms
-> request: /v1/api/tickle
-> GET /v1/api/tickle,200|190ms
-> request: /v1/api/tickle
-> GET /v1/api/tickle,200|206ms
-> request: /v1/api/tickle
-> GET /v1/api/tickle,200|203ms
-> request: /v1/api/tickle
-> GET /v1/api/tickle,200|207ms
-> request: /sso/ping
-> GET /sso/ping,200|598ms
-> request: /v1/api/tickle
-> GET /v1/api/tickle,200|249ms
-> request: /v1/api/tickle
-> GET /v1/api/tickle,200|212ms
-> request: /v1/api/tickle
-> GET /v1/api/tickle,200|592ms
-> request: /v1/api/tickle
-> GET /v1/api/tickle,200|193ms
-> request: /v1/api/tickle
-> GET /v1/api/tickle,200|178ms
-> request: /v1/api/tickle
-> GET /v1/api/tickle,200|172ms
-> request: /v1/api/tickle
-> GET /v1/api/tickle,200|198ms
-> request: /v1/api/tickle
-> GET /v1/api/tickle,200|265ms
-> request: /v1/api/tickle
-> GET /v1/api/tickle,200|179ms
-> request: /v1/api/tickle
-> GET /v1/api/tickle,200|223ms
-> request: /sso/ping
-> GET /sso/ping,200|613ms
-> request: /v1/api/tickle
-> GET /v1/api/tickle,200|205ms
-> request: /v1/api/tickle
-> GET /v1/api/tickle,200|169ms
-> request: /v1/api/tickle
-> GET /v1/api/tickle,200|176ms
-> request: /v1/api/tickle
-> GET /v1/api/tickle,200|190ms
-> request: /v1/api/tickle
-> GET /v1/api/tickle,200|178ms
-> request: /v1/api/tickle
-> GET /v1/api/tickle,200|183ms
-> request: /v1/api/tickle
-> GET /v1/api/tickle,200|179ms
-> request: /v1/api/tickle
-> GET /v1/api/tickle,200|209ms
-> request: /v1/api/tickle
-> GET /v1/api/tickle,200|169ms
-> request: /v1/api/tickle
-> GET /v1/api/tickle,200|165ms
-> request: /sso/ping
-> GET /sso/ping,200|622ms
-> request: /v1/api/tickle
-> GET /v1/api/tickle,200|179ms
-> request: /v1/api/tickle
-> GET /v1/api/tickle,200|297ms
-> request: /v1/api/tickle
-> GET /v1/api/tickle,200|171ms
-> request: /v1/api/tickle
-> GET /v1/api/tickle,200|248ms
-> request: /v1/api/tickle
-> GET /v1/api/tickle,200|212ms
-> request: /v1/api/tickle
-> GET /v1/api/tickle,200|197ms
-> request: /v1/api/tickle
-> GET /v1/api/tickle,200|171ms
-> request: /v1/api/tickle
-> GET /v1/api/tickle,200|204ms
-> request: /v1/api/tickle
-> GET /v1/api/tickle,200|194ms
-> request: /v1/api/tickle
-> GET /v1/api/tickle,200|247ms
-> request: /sso/ping
-> GET /sso/ping,200|615ms
-> request: /v1/api/tickle
-> GET /v1/api/tickle,200|200ms
-> request: /v1/api/tickle
-> GET /v1/api/tickle,200|190ms
-> request: /v1/api/tickle
-> GET /v1/api/tickle,200|178ms
-> request: /v1/api/tickle
-> GET /v1/api/tickle,200|212ms
-> request: /v1/api/tickle
-> GET /v1/api/tickle,200|168ms
-> request: /v1/api/tickle
-> GET /v1/api/tickle,200|166ms
-> request: /v1/api/tickle
-> GET /v1/api/tickle,200|220ms
-> request: /v1/api/tickle
-> GET /v1/api/tickle,200|192ms
-> request: /v1/api/tickle
-> GET /v1/api/tickle,200|290ms
-> request: /v1/api/tickle
-> GET /v1/api/tickle,200|194ms
-> request: /sso/ping
-> GET /sso/ping,200|655ms
-> request: /v1/api/tickle
-> GET /v1/api/tickle,200|195ms
-> request: /v1/api/tickle
-> GET /v1/api/tickle,200|203ms
-> request: /v1/api/tickle
-> GET /v1/api/tickle,200|178ms
-> request: /v1/api/tickle
-> GET /v1/api/tickle,200|234ms
-> request: /v1/api/tickle
-> GET /v1/api/tickle,200|165ms
-> request: /v1/api/tickle
-> GET /v1/api/tickle,200|167ms
-> request: /v1/api/tickle
-> GET /v1/api/tickle,200|173ms
-> request: /v1/api/tickle
-> GET /v1/api/tickle,200|196ms
-> request: /v1/api/tickle
-> GET /v1/api/tickle,200|222ms
-> request: /v1/api/tickle
-> GET /v1/api/tickle,200|334ms
-> request: /sso/ping
-> GET /sso/ping,200|593ms
-> request: /v1/api/tickle
-> GET /v1/api/tickle,200|194ms
-> request: /v1/api/tickle
-> GET /v1/api/tickle,200|209ms
-> request: /v1/api/tickle
-> GET /v1/api/tickle,200|166ms
-> request: /v1/api/tickle
-> GET /v1/api/tickle,200|175ms
-> request: /v1/api/tickle
-> GET /v1/api/tickle,200|250ms
-> request: /v1/api/tickle
-> GET /v1/api/tickle,200|477ms
-> request: /v1/api/tickle
-> GET /v1/api/tickle,200|177ms
-> request: /v1/api/tickle
-> GET /v1/api/tickle,200|164ms
-> request: /v1/api/tickle
-> GET /v1/api/tickle,200|228ms
-> request: /v1/api/tickle
-> GET /v1/api/tickle,200|170ms
-> request: /sso/ping
-> GET /sso/ping,200|628ms
-> request: /v1/api/tickle
-> GET /v1/api/tickle,200|309ms
-> request: /v1/api/tickle
-> GET /v1/api/tickle,200|173ms
-> request: /v1/api/tickle
-> GET /v1/api/tickle,200|173ms
-> request: /v1/api/tickle
-> GET /v1/api/tickle,200|908ms
-> request: /v1/api/tickle
-> GET /v1/api/tickle,200|199ms
-> request: /v1/api/tickle
-> GET /v1/api/tickle,200|230ms
-> request: /v1/api/tickle
-> GET /v1/api/tickle,200|210ms
-> request: /v1/api/tickle
-> GET /v1/api/tickle,200|174ms
-> request: /v1/api/tickle
-> GET /v1/api/tickle,200|202ms
-> request: /v1/api/tickle
-> GET /v1/api/tickle,200|169ms
-> request: /sso/ping
-> GET /sso/ping,200|656ms
-> request: /v1/api/tickle
-> GET /v1/api/tickle,200|193ms
-> request: /v1/api/tickle
-> GET /v1/api/tickle,200|169ms
-> request: /v1/api/tickle
-> GET /v1/api/tickle,200|249ms
-> request: /v1/api/tickle
-> GET /v1/api/tickle,200|515ms
-> request: /v1/api/tickle
-> GET /v1/api/tickle,200|173ms
-> request: /v1/api/tickle
-> GET /v1/api/tickle,200|186ms
-> request: /v1/api/tickle
-> GET /v1/api/tickle,200|255ms
-> request: /v1/api/tickle
-> GET /v1/api/tickle,200|193ms
-> request: /v1/api/tickle
-> GET /v1/api/tickle,200|235ms
-> request: /v1/api/tickle
-> GET /v1/api/tickle,200|242ms
-> request: /sso/ping
-> GET /sso/ping,200|658ms
-> request: /v1/api/tickle
-> GET /v1/api/tickle,200|188ms
-> request: /v1/api/tickle
-> GET /v1/api/tickle,200|193ms
-> request: /v1/api/tickle
-> GET /v1/api/tickle,200|231ms
-> request: /v1/api/tickle
-> GET /v1/api/tickle,200|176ms
-> request: /v1/api/tickle
-> GET /v1/api/tickle,200|257ms
-> request: /v1/api/tickle
-> GET /v1/api/tickle,200|167ms
-> request: /v1/api/tickle
-> GET /v1/api/tickle,200|204ms
-> request: /v1/api/tickle
-> GET /v1/api/tickle,200|465ms
-> request: /v1/api/tickle
-> GET /v1/api/tickle,200|189ms
-> request: /v1/api/tickle
-> GET /v1/api/tickle,200|171ms
-> request: /sso/ping
-> GET /sso/ping,200|662ms
-> request: /v1/api/tickle
-> GET /v1/api/tickle,200|247ms
-> request: /v1/api/tickle
-> GET /v1/api/tickle,200|210ms
-> request: /v1/api/tickle
-> GET /v1/api/tickle,200|185ms
-> request: /v1/api/tickle
-> GET /v1/api/tickle,200|168ms
-> request: /v1/api/tickle
-> GET /v1/api/tickle,200|180ms
-> request: /v1/api/tickle
-> GET /v1/api/tickle,200|338ms
-> request: /v1/api/tickle
-> GET /v1/api/tickle,200|218ms
-> request: /v1/api/tickle
-> GET /v1/api/tickle,200|199ms
-> request: /v1/api/tickle
-> GET /v1/api/tickle,200|291ms
-> request: /v1/api/tickle
-> GET /v1/api/tickle,200|313ms
-> request: /sso/ping
-> GET /sso/ping,200|649ms
-> request: /v1/api/tickle
-> GET /v1/api/tickle,200|306ms
-> request: /v1/api/tickle
-> GET /v1/api/tickle,200|268ms
-> request: /v1/api/tickle
-> GET /v1/api/tickle,200|180ms
-> request: /v1/api/tickle
-> GET /v1/api/tickle,200|340ms
-> request: /v1/api/tickle
-> GET /v1/api/tickle,200|418ms
-> request: /v1/api/tickle
-> GET /v1/api/tickle,200|176ms
-> request: /v1/api/tickle
-> GET /v1/api/tickle,200|630ms
-> request: /v1/api/tickle
-> GET /v1/api/tickle,200|632ms
-> request: /v1/api/tickle
-> GET /v1/api/tickle,200|206ms
-> request: /v1/api/tickle
-> GET /v1/api/tickle,200|422ms
-> request: /sso/ping
-> GET /sso/ping,200|680ms
-> request: /v1/api/tickle
-> GET /v1/api/tickle,200|847ms
-> request: /v1/api/tickle
-> GET /v1/api/tickle,200|215ms
-> request: /v1/api/tickle
-> GET /v1/api/tickle,200|251ms
-> request: /v1/api/tickle
-> GET /v1/api/tickle,200|314ms
-> request: /v1/api/tickle
-> GET /v1/api/tickle,200|185ms
-> request: /v1/api/tickle
-> GET /v1/api/tickle,200|2738ms
-> request: /v1/api/tickle
-> GET /v1/api/tickle,200|219ms
-> request: /v1/api/tickle
-> GET /v1/api/tickle,200|259ms
-> request: /v1/api/tickle
-> GET /v1/api/tickle,200|258ms
-> request: /v1/api/tickle
-> GET /v1/api/tickle,200|294ms
-> request: /sso/ping
-> GET /sso/ping,200|693ms
-> request: /v1/api/tickle
-> GET /v1/api/tickle,200|191ms
-> request: /v1/api/tickle
-> GET /v1/api/tickle,200|179ms
-> request: /v1/api/tickle
-> GET /v1/api/tickle,200|237ms
-> request: /v1/api/tickle
-> GET /v1/api/tickle,200|585ms
-> request: /v1/api/tickle
-> GET /v1/api/tickle,200|180ms
-> request: /v1/api/tickle
-> GET /v1/api/tickle,200|302ms
-> request: /v1/api/tickle
-> GET /v1/api/tickle,200|306ms
-> request: /v1/api/tickle
-> GET /v1/api/tickle,200|223ms
-> request: /v1/api/tickle
-> GET /v1/api/tickle,200|169ms
-> request: /v1/api/tickle
-> GET /v1/api/tickle,200|220ms
-> request: /sso/ping
-> GET /sso/ping,200|711ms
-> request: /v1/api/tickle
-> GET /v1/api/tickle,200|213ms
-> request: /v1/api/tickle
-> GET /v1/api/tickle,200|711ms
-> request: /v1/api/tickle
-> GET /v1/api/tickle,200|230ms
-> request: /v1/api/tickle
-> GET /v1/api/tickle,200|183ms
-> request: /v1/api/tickle
-> GET /v1/api/tickle,200|199ms
-> request: /v1/api/tickle
-> GET /v1/api/tickle,200|176ms
-> request: /v1/api/tickle
-> GET /v1/api/tickle,200|169ms
-> request: /v1/api/tickle
-> GET /v1/api/tickle,200|178ms
-> request: /v1/api/tickle
-> GET /v1/api/tickle,200|272ms
-> request: /v1/api/tickle
-> GET /v1/api/tickle,200|250ms
-> request: /sso/ping
-> GET /sso/ping,200|677ms
-> request: /v1/api/tickle
-> GET /v1/api/tickle,200|433ms
-> request: /v1/api/tickle
-> GET /v1/api/tickle,200|232ms
-> request: /v1/api/tickle
-> GET /v1/api/tickle,200|195ms
-> request: /v1/api/tickle
-> GET /v1/api/tickle,200|168ms
-> request: /v1/api/tickle
-> GET /v1/api/tickle,200|168ms
-> request: /v1/api/tickle
-> GET /v1/api/tickle,200|288ms
-> request: /v1/api/tickle
-> GET /v1/api/tickle,200|217ms
-> request: /v1/api/tickle
-> GET /v1/api/tickle,200|296ms
-> request: /v1/api/tickle
-> GET /v1/api/tickle,200|189ms
-> request: /v1/api/tickle
-> GET /v1/api/tickle,200|168ms
-> request: /sso/ping
-> GET /sso/ping,200|711ms
-> request: /v1/api/tickle
-> GET /v1/api/tickle,200|265ms
-> request: /v1/api/tickle
-> GET /v1/api/tickle,200|270ms
-> request: /v1/api/tickle
-> GET /v1/api/tickle,200|682ms
-> request: /v1/api/tickle
-> GET /v1/api/tickle,200|208ms
-> request: /v1/api/tickle
-> GET /v1/api/tickle,200|421ms
-> request: /v1/api/tickle
-> GET /v1/api/tickle,200|381ms
-> request: /v1/api/tickle
-> GET /v1/api/tickle,200|317ms
-> request: /v1/api/tickle
-> GET /v1/api/tickle,200|178ms
-> request: /v1/api/tickle
-> GET /v1/api/tickle,200|179ms
-> request: /v1/api/tickle
-> GET /v1/api/tickle,200|596ms
-> request: /sso/ping
-> GET /sso/ping,200|726ms
-> request: /v1/api/tickle
-> GET /v1/api/tickle,200|205ms
-> request: /v1/api/tickle
-> GET /v1/api/tickle,200|229ms
-> request: /v1/api/tickle
-> GET /v1/api/tickle,200|301ms
-> request: /v1/api/tickle
-> GET /v1/api/tickle,200|197ms
-> request: /v1/api/tickle
-> GET /v1/api/tickle,200|172ms
-> request: /v1/api/tickle
-> GET /v1/api/tickle,200|202ms
-> request: /v1/api/tickle
-> GET /v1/api/tickle,200|172ms
-> request: /v1/api/tickle
-> GET /v1/api/tickle,200|204ms
-> request: /v1/api/tickle
-> GET /v1/api/tickle,200|191ms
-> request: /v1/api/tickle
-> GET /v1/api/tickle,200|359ms
-> request: /sso/ping
-> GET /sso/ping,200|674ms
-> request: /v1/api/tickle
-> GET /v1/api/tickle,200|196ms
-> request: /v1/api/tickle
-> GET /v1/api/tickle,200|179ms
-> request: /v1/api/tickle
-> GET /v1/api/tickle,200|218ms
-> request: /v1/api/tickle
-> GET /v1/api/tickle,200|206ms
-> request: /v1/api/tickle
-> GET /v1/api/tickle,200|207ms
-> request: /v1/api/tickle
-> GET /v1/api/tickle,200|240ms
-> request: /v1/api/tickle
-> GET /v1/api/tickle,200|213ms
-> request: /v1/api/tickle
-> GET /v1/api/tickle,200|185ms
-> request: /v1/api/tickle
-> GET /v1/api/tickle,200|239ms
-> request: /v1/api/tickle
-> GET /v1/api/tickle,200|565ms
-> request: /sso/ping
-> GET /sso/ping,200|616ms
-> request: /v1/api/tickle
-> GET /v1/api/tickle,200|199ms
-> request: /v1/api/tickle
-> GET /v1/api/tickle,200|771ms
-> request: /v1/api/tickle
-> GET /v1/api/tickle,200|222ms
-> request: /v1/api/tickle
-> GET /v1/api/tickle,200|197ms
-> request: /v1/api/tickle
-> GET /v1/api/tickle,200|230ms
-> request: /v1/api/tickle
-> GET /v1/api/tickle,200|214ms
-> request: /v1/api/tickle
-> GET /v1/api/tickle,200|195ms
-> request: /v1/api/tickle
-> GET /v1/api/tickle,200|219ms
-> request: /v1/api/tickle
-> GET /v1/api/tickle,200|198ms
-> request: /v1/api/tickle
-> GET /v1/api/tickle,200|174ms
-> request: /sso/ping
-> GET /sso/ping,200|608ms
-> request: /v1/api/tickle
-> GET /v1/api/tickle,200|10122ms
-> request: /v1/api/tickle
-> GET /v1/api/tickle,200|251ms
-> request: /v1/api/tickle
-> GET /v1/api/tickle,200|200ms
-> request: /v1/api/tickle
-> GET /v1/api/tickle,200|266ms
-> request: /v1/api/tickle
-> GET /v1/api/tickle,200|170ms
-> request: /v1/api/tickle
-> GET /v1/api/tickle,200|225ms
-> request: /v1/api/tickle
-> GET /v1/api/tickle,200|194ms
-> request: /v1/api/tickle
-> GET /v1/api/tickle,200|295ms
-> request: /v1/api/tickle
-> GET /v1/api/tickle,200|175ms
-> request: /v1/api/tickle
-> GET /v1/api/tickle,200|180ms
-> request: /sso/ping
-> GET /sso/ping,200|672ms
-> request: /v1/api/tickle
-> GET /v1/api/tickle,200|275ms
-> request: /v1/api/tickle
-> GET /v1/api/tickle,200|212ms
-> request: /v1/api/tickle
-> GET /v1/api/tickle,200|208ms
-> request: /v1/api/tickle
-> GET /v1/api/tickle,200|184ms
-> request: /v1/api/tickle
-> GET /v1/api/tickle,200|201ms
-> request: /v1/api/tickle
-> GET /v1/api/tickle,200|175ms
-> request: /v1/api/tickle
-> GET /v1/api/tickle,200|218ms
-> request: /v1/api/tickle
-> GET /v1/api/tickle,200|205ms
-> request: /v1/api/tickle
-> GET /v1/api/tickle,200|261ms
-> request: /v1/api/tickle
-> GET /v1/api/tickle,200|178ms
-> request: /sso/ping
-> GET /sso/ping,200|580ms
-> request: /v1/api/tickle
-> GET /v1/api/tickle,200|191ms
-> request: /v1/api/tickle
-> GET /v1/api/tickle,200|224ms
-> request: /v1/api/tickle
-> GET /v1/api/tickle,200|171ms
-> request: /v1/api/tickle
-> GET /v1/api/tickle,200|197ms
-> request: /v1/api/tickle
-> GET /v1/api/tickle,200|171ms
-> request: /v1/api/tickle
-> GET /v1/api/tickle,200|279ms
-> request: /v1/api/tickle
-> GET /v1/api/tickle,200|179ms
-> request: /v1/api/tickle
-> GET /v1/api/tickle,200|168ms
-> request: /v1/api/sso/validate?gw=1
-> request: /v1/api/sso/validate?gw=1
-> GET /v1/api/sso/validate?gw=1,200|309ms
-> request: /v1/api/one/user
-> request: /v1/api/ssodh/init
-> sso GET https://api.ibkr.com/v1/api/ssodh/init
-> GET /v1/api/sso/validate?gw=1,200|305ms
-> request: /v1/api/one/user
-> request: /v1/api/ssodh/init
-> sso GET https://api.ibkr.com/v1/api/ssodh/init
-> GET /v1/api/one/user,200|625ms
-> GET /v1/api/one/user,200|637ms
-> request: /v1/api/ssodh/st
-> sso GET https://api.ibkr.com/v1/api/ssodh/st
-> request: /v1/api/ssodh/st
-> sso GET https://api.ibkr.com/v1/api/ssodh/st
-> request: /v1/api/iserver/auth/status
-> request: /v1/api/iserver/auth/status
-> GET /v1/api/iserver/auth/status,200|207ms
-> request: /v1/api/iserver/accounts
-> GET /v1/api/iserver/auth/status,200|168ms
-> request: /v1/api/iserver/accounts
-> GET /v1/api/iserver/accounts,200|165ms
-> GET /v1/api/iserver/accounts,200|164ms
-> request: /v1/api/tickle
-> GET /v1/api/tickle,200|173ms
-> request: /v1/api/tickle
-> GET /v1/api/tickle,200|598ms
-> request: /v1/api/tickle
-> GET /v1/api/tickle,200|297ms
-> request: /v1/api/tickle
-> GET /v1/api/tickle,200|165ms
-> request: /v1/api/tickle
-> GET /v1/api/tickle,200|168ms
-> request: /v1/api/tickle
-> GET /v1/api/tickle,200|201ms
-> request: /v1/api/tickle
-> GET /v1/api/tickle,200|171ms
-> request: /v1/api/tickle
-> GET /v1/api/tickle,200|201ms
-> request: /v1/api/tickle
-> GET /v1/api/tickle,200|205ms
-> request: /sso/ping
-> GET /sso/ping,200|591ms
-> request: /v1/api/tickle
-> GET /v1/api/tickle,200|180ms
-> request: /v1/api/tickle
-> GET /v1/api/tickle,200|207ms
-> request: /v1/api/tickle
-> GET /v1/api/tickle,200|259ms
-> request: /v1/api/tickle
-> GET /v1/api/tickle,200|173ms
-> request: /v1/api/tickle
-> GET /v1/api/tickle,200|185ms
-> request: /v1/api/tickle
-> GET /v1/api/tickle,200|911ms
-> request: /v1/api/tickle
-> GET /v1/api/tickle,200|170ms
-> request: /v1/api/tickle
-> GET /v1/api/tickle,200|162ms
-> request: /v1/api/tickle
-> GET /v1/api/tickle,200|255ms
-> request: /v1/api/tickle
-> GET /v1/api/tickle,200|287ms
-> request: /sso/ping
-> GET /sso/ping,200|608ms
-> request: /v1/api/tickle
-> GET /v1/api/tickle,200|245ms
-> request: /v1/api/tickle
-> GET /v1/api/tickle,200|169ms
-> request: /v1/api/tickle
-> GET /v1/api/tickle,200|165ms
-> request: /v1/api/tickle
-> GET /v1/api/tickle,200|183ms
-> request: /v1/api/tickle
-> GET /v1/api/tickle,200|166ms
-> request: /v1/api/tickle
-> GET /v1/api/tickle,200|281ms
-> request: /v1/api/tickle
-> GET /v1/api/tickle,200|190ms
-> request: /v1/api/tickle
-> GET /v1/api/tickle,200|182ms
-> request: /v1/api/tickle
-> GET /v1/api/tickle,200|168ms
-> request: /v1/api/tickle
-> GET /v1/api/tickle,200|169ms
-> request: /sso/ping
-> GET /sso/ping,200|643ms
-> request: /v1/api/tickle
-> GET /v1/api/tickle,200|174ms
-> request: /v1/api/tickle
-> GET /v1/api/tickle,200|168ms
-> request: /v1/api/tickle
-> GET /v1/api/tickle,200|172ms
-> request: /v1/api/tickle
-> GET /v1/api/tickle,200|197ms
-> request: /v1/api/tickle
-> GET /v1/api/tickle,200|181ms
-> request: /v1/api/tickle
-> GET /v1/api/tickle,200|204ms
-> request: /v1/api/tickle
-> GET /v1/api/tickle,200|166ms
-> request: /v1/api/tickle
-> GET /v1/api/tickle,200|180ms
-> request: /v1/api/tickle
-> GET /v1/api/tickle,200|165ms
-> request: /v1/api/tickle
-> GET /v1/api/tickle,200|185ms
-> request: /sso/ping
-> GET /sso/ping,200|580ms
-> request: /v1/api/tickle
-> GET /v1/api/tickle,200|174ms
-> request: /v1/api/tickle
-> GET /v1/api/tickle,200|171ms
-> request: /v1/api/tickle
-> GET /v1/api/tickle,200|7591ms
-> request: /v1/api/tickle
-> GET /v1/api/tickle,200|170ms
-> request: /v1/api/tickle
-> GET /v1/api/tickle,200|4526ms
-> request: /v1/api/tickle
-> GET /v1/api/tickle,200|177ms
-> request: /v1/api/tickle
-> GET /v1/api/tickle,200|252ms
-> request: /v1/api/tickle
-> GET /v1/api/tickle,200|179ms
-> request: /v1/api/tickle
-> GET /v1/api/tickle,200|220ms
-> request: /v1/api/tickle
-> GET /v1/api/tickle,200|172ms
-> request: /sso/ping
-> GET /sso/ping,200|708ms
-> request: /v1/api/tickle
-> GET /v1/api/tickle,200|204ms
-> request: /v1/api/tickle
-> GET /v1/api/tickle,200|440ms
-> request: /v1/api/tickle
-> GET /v1/api/tickle,200|206ms
-> request: /v1/api/tickle
-> GET /v1/api/tickle,200|183ms
-> request: /v1/api/tickle
-> GET /v1/api/tickle,200|176ms
-> request: /v1/api/tickle
-> GET /v1/api/tickle,200|194ms
-> request: /v1/api/tickle
-> GET /v1/api/tickle,200|199ms
-> request: /v1/api/tickle
-> GET /v1/api/tickle,200|1220ms
-> request: /v1/api/tickle
-> GET /v1/api/tickle,200|167ms
-> request: /v1/api/tickle
-> GET /v1/api/tickle,200|213ms
-> request: /sso/ping
-> GET /sso/ping,200|639ms
-> request: /v1/api/tickle
-> GET /v1/api/tickle,200|219ms
-> request: /v1/api/tickle
-> GET /v1/api/tickle,200|549ms
-> request: /v1/api/tickle
-> GET /v1/api/tickle,200|182ms
-> request: /v1/api/tickle
-> GET /v1/api/tickle,200|169ms
-> request: /v1/api/tickle
-> GET /v1/api/tickle,200|169ms
-> request: /v1/api/tickle
-> GET /v1/api/tickle,200|165ms
-> request: /v1/api/tickle
-> GET /v1/api/tickle,200|171ms
-> request: /v1/api/tickle
-> GET /v1/api/tickle,200|177ms
-> request: /v1/api/tickle
-> GET /v1/api/tickle,200|247ms
-> request: /v1/api/tickle
-> GET /v1/api/tickle,200|169ms
-> request: /sso/ping
-> GET /sso/ping,200|668ms
-> request: /v1/api/tickle
-> GET /v1/api/tickle,200|169ms
-> request: /v1/api/tickle
-> GET /v1/api/tickle,200|172ms
-> request: /v1/api/tickle
-> GET /v1/api/tickle,200|178ms
-> request: /v1/api/tickle
-> GET /v1/api/tickle,200|165ms
-> request: /v1/api/tickle
-> GET /v1/api/tickle,200|175ms
-> request: /v1/api/tickle
-> GET /v1/api/tickle,200|192ms
-> request: /v1/api/tickle
-> GET /v1/api/tickle,200|228ms
-> request: /v1/api/tickle
-> GET /v1/api/tickle,200|174ms
-> request: /v1/api/tickle
-> GET /v1/api/tickle,200|208ms
-> request: /v1/api/tickle
-> GET /v1/api/tickle,200|213ms
-> request: /sso/ping
-> GET /sso/ping,200|600ms
-> request: /v1/api/tickle
-> GET /v1/api/tickle,200|167ms
-> request: /v1/api/tickle
-> GET /v1/api/tickle,200|164ms
-> request: /v1/api/tickle
-> GET /v1/api/tickle,200|165ms
-> request: /v1/api/tickle
-> GET /v1/api/tickle,200|294ms
-> request: /v1/api/tickle
-> GET /v1/api/tickle,200|179ms
-> request: /v1/api/tickle
-> GET /v1/api/tickle,200|168ms
-> request: /v1/api/tickle
-> GET /v1/api/tickle,200|177ms
-> request: /v1/api/tickle
-> GET /v1/api/tickle,200|185ms
-> request: /v1/api/tickle
-> GET /v1/api/tickle,200|178ms
-> request: /v1/api/tickle
-> GET /v1/api/tickle,200|187ms
-> request: /sso/ping
-> GET /sso/ping,200|570ms
-> request: /v1/api/tickle
-> GET /v1/api/tickle,200|166ms
-> request: /v1/api/tickle
-> GET /v1/api/tickle,200|164ms
-> request: /v1/api/tickle
-> GET /v1/api/tickle,200|183ms
-> request: /v1/api/tickle
-> GET /v1/api/tickle,200|170ms
-> request: /v1/api/tickle
-> GET /v1/api/tickle,200|172ms
-> request: /v1/api/tickle
-> GET /v1/api/tickle,200|169ms
-> request: /v1/api/tickle
-> GET /v1/api/tickle,200|166ms
-> request: /v1/api/tickle
-> GET /v1/api/tickle,200|171ms
-> request: /v1/api/tickle
-> GET /v1/api/tickle,200|344ms
-> request: /v1/api/tickle
-> GET /v1/api/tickle,200|181ms
-> request: /sso/ping
-> GET /sso/ping,200|574ms
-> request: /v1/api/tickle
-> GET /v1/api/tickle,200|177ms
-> request: /v1/api/tickle
-> GET /v1/api/tickle,200|167ms
-> request: /v1/api/tickle
-> GET /v1/api/tickle,200|164ms
-> request: /v1/api/tickle
-> GET /v1/api/tickle,200|181ms
-> request: /v1/api/tickle
-> GET /v1/api/tickle,200|174ms
-> request: /v1/api/tickle
-> GET /v1/api/tickle,200|238ms
-> request: /v1/api/tickle
-> GET /v1/api/tickle,200|183ms
-> request: /v1/api/tickle
-> GET /v1/api/tickle,200|168ms
-> request: /v1/api/tickle
-> GET /v1/api/tickle,200|168ms
-> request: /v1/api/tickle
-> GET /v1/api/tickle,200|220ms
-> request: /sso/ping
-> GET /sso/ping,200|572ms
-> request: /v1/api/tickle
-> GET /v1/api/tickle,200|172ms
-> request: /v1/api/tickle
-> GET /v1/api/tickle,200|178ms
-> request: /v1/api/tickle
-> GET /v1/api/tickle,200|206ms
-> request: /v1/api/tickle
-> GET /v1/api/tickle,200|363ms
-> request: /v1/api/tickle
-> GET /v1/api/tickle,200|202ms
-> request: /v1/api/tickle
-> GET /v1/api/tickle,200|164ms
-> request: /v1/api/tickle
-> GET /v1/api/tickle,200|165ms
-> request: /v1/api/tickle
-> GET /v1/api/tickle,200|164ms
-> request: /v1/api/tickle
-> GET /v1/api/tickle,200|165ms
-> request: /v1/api/tickle
-> GET /v1/api/tickle,200|7641ms
-> request: /sso/ping
-> GET /sso/ping,200|631ms
-> request: /v1/api/tickle
-> GET /v1/api/tickle,500|190ms
-> request: /v1/api/sso/validate?gw=1
-> request: /v1/api/sso/validate?gw=1
-> GET /v1/api/sso/validate?gw=1,500|170ms
-> GET /v1/api/sso/validate?gw=1,500|186ms
-> request: /v1/api/sso/validate?gw=1
-> request: /v1/api/sso/validate?gw=1
-> request: /v1/api/sso/validate?gw=1
-> request: /v1/api/sso/validate?gw=1
-> GET /v1/api/sso/validate?gw=1,200|183ms
-> request: /v1/api/one/user
-> request: /v1/api/ssodh/init
-> sso GET https://api.ibkr.com/v1/api/ssodh/init
-> GET /v1/api/sso/validate?gw=1,200|180ms
-> request: /v1/api/one/user
-> request: /v1/api/ssodh/init
-> sso GET https://api.ibkr.com/v1/api/ssodh/init
-> GET /v1/api/sso/validate?gw=1,200|220ms
-> request: /v1/api/one/user
-> request: /v1/api/ssodh/init
-> sso GET https://api.ibkr.com/v1/api/ssodh/init
-> GET /v1/api/sso/validate?gw=1,200|221ms
-> request: /v1/api/one/user
-> request: /v1/api/ssodh/init
-> sso GET https://api.ibkr.com/v1/api/ssodh/init
-> GET /v1/api/one/user,200|669ms
-> GET /v1/api/one/user,200|683ms
-> GET /v1/api/one/user,200|639ms
-> GET /v1/api/one/user,200|808ms
-> request: /sso/ping
-> GET /sso/ping,200|659ms
-> request: /sso/ping
-> GET /sso/ping,200|608ms
-> request: /sso/ping
-> GET /sso/ping,200|628ms
-> request: /sso/ping
-> GET /sso/ping,200|655ms
-> request: /sso/ping
-> GET /sso/ping,200|894ms
-> request: /sso/ping
-> GET /sso/ping,200|620ms
