-> request: /sso/ping
-> GET /sso/ping,200|444ms
-> request: /sso/ping
-> GET /sso/ping,200|575ms
-> request: /sso/ping
-> GET /sso/ping,200|614ms
-> request: /sso/ping
-> GET /sso/ping,200|609ms
-> request: /sso/ping
-> GET /sso/ping,200|367ms
-> request: /sso/ping
-> GET /sso/ping,200|572ms
-> request: /sso/ping
-> GET /sso/ping,200|647ms
-> request: /sso/ping
-> GET /sso/ping,200|607ms
-> request: /sso/ping
-> GET /sso/ping,200|573ms
-> request: /sso/ping
-> GET /sso/ping,200|641ms
-> request: /sso/ping
-> GET /sso/ping,200|672ms
-> request: /sso/ping
-> GET /sso/ping,200|603ms
-> request: /sso/ping
-> GET /sso/ping,200|636ms
-> request: /sso/ping
-> GET /sso/ping,200|574ms
-> request: /sso/ping
-> GET /sso/ping,200|603ms
-> request: /sso/ping
-> GET /sso/ping,200|582ms
-> request: /sso/ping
-> GET /sso/ping,200|664ms
-> request: /sso/ping
-> GET /sso/ping,200|570ms
-> request: /sso/ping
-> GET /sso/ping,200|658ms
-> request: /sso/ping
-> GET /sso/ping,200|601ms
-> request: /sso/ping
-> GET /sso/ping,200|566ms
-> request: /sso/ping
-> GET /sso/ping,200|602ms
-> request: /sso/ping
-> GET /sso/ping,200|596ms
-> request: /sso/ping
-> GET /sso/ping,200|564ms
-> request: /sso/ping
-> GET /sso/ping,200|599ms
-> request: /sso/ping
-> GET /sso/ping,200|564ms
-> request: /sso/ping
-> GET /sso/ping,200|564ms
-> request: /sso/ping
-> GET /sso/ping,200|562ms
-> request: /sso/ping
-> GET /sso/ping,200|563ms
-> request: /sso/ping
-> GET /sso/ping,200|568ms
-> request: /sso/ping
-> GET /sso/ping,200|563ms
-> request: /sso/ping
-> GET /sso/ping,200|562ms
-> request: /sso/ping
-> GET /sso/ping,200|596ms
-> request: /sso/ping
-> GET /sso/ping,200|570ms
-> request: /sso/ping
-> GET /sso/ping,200|567ms
-> request: /sso/ping
-> GET /sso/ping,200|565ms
-> request: /sso/ping
-> GET /sso/ping,200|565ms
-> request: /sso/ping
-> GET /sso/ping,200|595ms
-> request: /sso/ping
-> GET /sso/ping,200|598ms
-> request: /sso/ping
-> GET /sso/ping,200|604ms
-> request: /sso/ping
-> GET /sso/ping,200|575ms
-> request: /sso/ping
-> GET /sso/ping,200|613ms
-> request: /sso/ping
-> GET /sso/ping,200|612ms
-> request: /sso/ping
-> GET /sso/ping,200|616ms
-> request: /sso/ping
-> GET /sso/ping,200|589ms
-> request: /sso/ping
-> GET /sso/ping,200|579ms
-> request: /sso/ping
-> GET /sso/ping,200|577ms
-> request: /sso/ping
-> GET /sso/ping,200|579ms
-> request: /sso/ping
-> GET /sso/ping,200|573ms
-> request: /sso/ping
-> GET /sso/ping,200|574ms
-> request: /sso/ping
-> GET /sso/ping,200|573ms
-> request: /sso/ping
-> GET /sso/ping,200|574ms
-> request: /sso/ping
-> GET /sso/ping,200|580ms
-> request: /sso/ping
-> GET /sso/ping,200|586ms
-> request: /sso/ping
-> GET /sso/ping,200|574ms
-> request: /sso/ping
-> GET /sso/ping,200|580ms
-> request: /sso/ping
-> GET /sso/ping,200|620ms
-> request: /sso/ping
-> GET /sso/ping,200|604ms
-> request: /sso/ping
-> GET /sso/ping,200|575ms
-> request: /sso/ping
-> GET /sso/ping,200|580ms
-> request: /sso/ping
-> GET /sso/ping,200|605ms
-> request: /sso/ping
-> GET /sso/ping,200|577ms
-> request: /sso/ping
-> GET /sso/ping,200|595ms
-> request: /sso/ping
-> GET /sso/ping,200|611ms
-> request: /sso/ping
-> GET /sso/ping,200|586ms
-> request: /sso/ping
-> GET /sso/ping,200|592ms
-> request: /sso/ping
-> GET /sso/ping,200|634ms
-> request: /sso/ping
-> GET /sso/ping,200|364ms
-> request: /sso/ping
-> GET /sso/ping,200|693ms
-> request: /sso/ping
-> GET /sso/ping,200|592ms
-> request: /sso/ping
-> GET /sso/ping,200|577ms
-> request: /sso/ping
-> GET /sso/ping,200|579ms
-> request: /sso/ping
-> GET /sso/ping,200|574ms
-> request: /sso/ping
-> GET /sso/ping,200|575ms
-> request: /sso/ping
-> GET /sso/ping,200|577ms
-> request: /sso/ping
-> GET /sso/ping,200|575ms
-> request: /sso/ping
-> GET /sso/ping,200|593ms
-> request: /sso/ping
-> GET /sso/ping,200|591ms
-> request: /sso/ping
-> GET /sso/ping,200|592ms
-> request: /sso/ping
-> GET /sso/ping,200|390ms
-> request: /sso/ping
-> GET /sso/ping,200|604ms
-> request: /sso/ping
-> GET /sso/ping,200|635ms
-> request: /sso/ping
-> GET /sso/ping,200|607ms
-> request: /sso/ping
-> GET /sso/ping,200|589ms
-> request: /sso/ping
-> GET /sso/ping,200|622ms
-> request: /sso/ping
-> GET /sso/ping,200|592ms
-> request: /sso/ping
-> GET /sso/ping,200|618ms
-> request: /sso/ping
-> GET /sso/ping,200|593ms
-> request: /sso/ping
-> GET /sso/ping,200|396ms
-> request: /sso/ping
-> GET /sso/ping,200|582ms
-> request: /sso/ping
-> request: /sso/ping
-> GET /sso/ping,200|767ms
-> GET /sso/Login?forwardTo=22&RL=1&ip2loc=US
<- 200 GET /sso/Login?forwardTo=22&RL=1&ip2loc=US
-> GET /css/bootstrap-5.2.2/bootstrap.min.css
-> GET /css/fontawesome-6.2.0/all.min.css
-> GET /css/bootstrap-switch-3.3.2/bootstrap-switch.min.css
-> GET /css/reg-am/login.min.css
-> GET /css/ibkr/theme-ibkr-portal.min.css
-> GET /scripts/common/js/jquery-3.7.0/jquery.min.js
<- 200 GET /css/bootstrap-5.2.2/bootstrap.min.css
-> GET /scripts/common/js/bootstrap-5.2.2/bootstrap.bundle.min.js
<- 200 GET /scripts/common/js/jquery-3.7.0/jquery.min.js
-> GET /sso/lib/xyz.bundle.min.js
<- 200 GET /css/fontawesome-6.2.0/all.min.css
<- 200 GET /css/ibkr/theme-ibkr-portal.min.css
<- 200 GET /css/bootstrap-switch-3.3.2/bootstrap-switch.min.css
-> GET /images/2015/btn-app-apple.png
-> GET /images/2015/btn-app-google.png
<- 200 GET /css/reg-am/login.min.css
<- 200 GET /images/2015/btn-app-google.png
<- 200 GET /images/2015/btn-app-apple.png
<- 200 GET /scripts/common/js/bootstrap-5.2.2/bootstrap.bundle.min.js
-> GET /images/2015/btn-app-tws.png
-> GET /images/2015/button_discover_apis.png
<- 200 GET /sso/lib/xyz.bundle.min.js
<- 200 GET /images/2015/btn-app-tws.png
<- 200 GET /images/2015/button_discover_apis.png
-> GET /images/common/logos/ibkr/interactive-brokers.svg
-> GET /fonts/fontawesome-6.4.2/webfonts/fa-solid-900.woff2
-> GET /fonts/proxima-nova/Proxima-Nova-Regular.woff2
-> GET /images/web/favicons/home-screen-icon-192x192.png
-> POST /portal.proxy/v1/gstat/bulletins
-> GET /sso/images/2fa-animated-once.gif
<- 200 GET /fonts/fontawesome-6.4.2/webfonts/fa-solid-900.woff2
<- 200 GET /images/web/favicons/home-screen-icon-192x192.png
<- 200 GET /images/common/logos/ibkr/interactive-brokers.svg
<- 200 GET /fonts/proxima-nova/Proxima-Nova-Regular.woff2
<- 200 GET /sso/images/2fa-animated-once.gif
<- 200 POST /portal.proxy/v1/gstat/bulletins
-> POST /sso/Authenticator
<- 200 POST /sso/Authenticator
-> POST /sso/Authenticator
<- 200 POST /sso/Authenticator
-> POST /sso/Dispatcher
<- 302 POST /sso/Dispatcher
-> request: /v1/api/sso/validate?gw=1
-> GET /v1/api/sso/validate?gw=1,200|806ms
-> request: /v1/api/one/user
-> request: /v1/api/ssodh/init
-> sso GET https://api.ibkr.com/v1/api/ssodh/init
-> GET /v1/api/one/user,200|442ms
-> request: /v1/api/ssodh/st
-> sso GET https://api.ibkr.com/v1/api/ssodh/st
-> request: /sso/Authenticator?ACTION=PUBLISH_TST&RESP_TYPE=JSON&DEVICE_ID=3ad4610c|4A-36-69-19-82-3A
-> sso GET https://api.ibkr.com/sso/Authenticator?ACTION=PUBLISH_TST&RESP_TYPE=JSON&DEVICE_ID=3ad4610c|4A-36-69-19-82-3A
<- 200 GET https://api.ibkr.com/sso/Authenticator?ACTION=PUBLISH_TST&RESP_TYPE=JSON&DEVICE_ID=3ad4610c|4A-36-69-19-82-3A 0
-> request: /v1/api/iserver/auth/status
-> GET /v1/api/iserver/auth/status,200|170ms
-> request: /v1/api/iserver/auth/ssodh/init
-> GET /v1/api/iserver/accounts
<- 400 GET /v1/api/iserver/accounts
-> GET /v1/api/iserver/account/orders
<- 400 GET /v1/api/iserver/account/orders
-> GET /v1/api/iserver/account/trades?days=4
<- 400 GET /v1/api/iserver/account/trades?days=4
-> POST /v1/api/iserver/account/DU3232524/orders
<- 400 POST /v1/api/iserver/account/DU3232524/orders
-> POST https://api.ibkr.com/v1/api/iserver/auth/ssodh/init,200|1739ms
-> request: /v1/api/iserver/accounts
-> GET /v1/api/iserver/accounts,200|169ms
-> GET /v1/api/iserver/accounts
<- 200 GET /v1/api/iserver/accounts
-> GET /v1/api/iserver/account/orders
<- 200 GET /v1/api/iserver/account/orders
-> GET /v1/api/iserver/account/trades?days=4
<- 200 GET /v1/api/iserver/account/trades?days=4
-> POST /v1/api/iserver/account/DU3232524/orders
<- 400 POST /v1/api/iserver/account/DU3232524/orders
-> request: /v1/api/tickle
-> GET /v1/api/tickle,200|186ms
-> request: /v1/api/tickle
-> GET /v1/api/tickle,200|379ms
-> request: /v1/api/tickle
-> GET /v1/api/tickle,200|169ms
-> request: /v1/api/tickle
-> GET /v1/api/tickle,200|215ms
-> request: /v1/api/tickle
-> GET /v1/api/tickle,200|169ms
-> GET /v1/api/iserver/accounts
<- 200 GET /v1/api/iserver/accounts
-> GET /v1/api/iserver/account/orders
<- 200 GET /v1/api/iserver/account/orders
-> GET /v1/api/iserver/account/trades?days=4
<- 200 GET /v1/api/iserver/account/trades?days=4
-> POST /v1/api/iserver/account/DU3232524/orders
<- 400 POST /v1/api/iserver/account/DU3232524/orders
-> request: /v1/api/tickle
-> GET /v1/api/tickle,200|393ms
-> request: /v1/api/tickle
-> GET /v1/api/tickle,200|206ms
-> request: /v1/api/tickle
-> GET /v1/api/tickle,200|175ms
-> request: /v1/api/tickle
-> GET /v1/api/tickle,200|209ms
-> request: /sso/ping
-> GET /sso/ping,200|636ms
-> request: /v1/api/tickle
-> GET /v1/api/tickle,200|622ms
-> request: /v1/api/tickle
-> GET /v1/api/tickle,200|195ms
-> request: /v1/api/tickle
-> GET /v1/api/tickle,200|221ms
-> request: /v1/api/tickle
-> GET /v1/api/tickle,200|170ms
-> GET /v1/api/iserver/accounts
<- 200 GET /v1/api/iserver/accounts
-> GET /v1/api/iserver/account/orders
<- 200 GET /v1/api/iserver/account/orders
-> GET /v1/api/iserver/account/trades?days=4
<- 200 GET /v1/api/iserver/account/trades?days=4
-> POST /v1/api/iserver/account/DU3232524/orders
<- 400 POST /v1/api/iserver/account/DU3232524/orders
-> request: /v1/api/tickle
-> GET /v1/api/tickle,200|451ms
-> request: /v1/api/tickle
-> GET /v1/api/tickle,200|421ms
-> request: /v1/api/tickle
-> GET /v1/api/tickle,200|197ms
-> GET /v1/api/iserver/accounts
<- 200 GET /v1/api/iserver/accounts
-> GET /v1/api/iserver/account/orders
<- 200 GET /v1/api/iserver/account/orders
-> GET /v1/api/iserver/account/trades?days=4
<- 200 GET /v1/api/iserver/account/trades?days=4
-> POST /v1/api/iserver/account/DU3232524/orders
<- 400 POST /v1/api/iserver/account/DU3232524/orders
-> request: /v1/api/tickle
-> GET /v1/api/tickle,200|332ms
-> request: /v1/api/tickle
-> GET /v1/api/tickle,200|180ms
-> request: /v1/api/tickle
-> GET /v1/api/tickle,200|206ms
-> request: /sso/ping
-> GET /sso/ping,200|605ms
-> request: /v1/api/tickle
-> GET /v1/api/tickle,200|178ms
-> request: /v1/api/tickle
-> GET /v1/api/tickle,200|217ms
-> request: /v1/api/tickle
-> GET /v1/api/tickle,200|176ms
-> request: /v1/api/tickle
-> GET /v1/api/tickle,200|292ms
-> request: /v1/api/tickle
-> GET /v1/api/tickle,200|192ms
-> request: /v1/api/tickle
-> GET /v1/api/tickle,200|208ms
-> request: /v1/api/tickle
-> GET /v1/api/tickle,200|183ms
-> request: /v1/api/tickle
-> GET /v1/api/tickle,200|198ms
-> request: /v1/api/tickle
-> GET /v1/api/tickle,200|175ms
-> GET /v1/api/iserver/accounts
<- 200 GET /v1/api/iserver/accounts
-> GET /v1/api/iserver/account/orders
<- 200 GET /v1/api/iserver/account/orders
-> GET /v1/api/iserver/account/trades?days=4
<- 200 GET /v1/api/iserver/account/trades?days=4
-> POST /v1/api/iserver/account/DU3232524/orders
<- 200 POST /v1/api/iserver/account/DU3232524/orders
-> request: /v1/api/tickle
-> GET /v1/api/tickle,200|206ms
-> request: /sso/ping
-> GET /sso/ping,200|581ms
-> request: /v1/api/tickle
-> GET /v1/api/tickle,200|201ms
-> request: /v1/api/tickle
-> GET /v1/api/tickle,200|192ms
-> request: /v1/api/tickle
-> GET /v1/api/tickle,200|167ms
-> request: /v1/api/tickle
-> GET /v1/api/tickle,200|180ms
-> request: /v1/api/tickle
-> GET /v1/api/tickle,200|167ms
-> request: /v1/api/tickle
-> GET /v1/api/tickle,200|200ms
-> request: /v1/api/tickle
-> GET /v1/api/tickle,200|166ms
-> request: /v1/api/tickle
-> GET /v1/api/tickle,200|190ms
-> request: /v1/api/tickle
-> GET /v1/api/tickle,200|184ms
-> request: /v1/api/tickle
-> GET /v1/api/tickle,200|167ms
-> request: /sso/ping
-> GET /sso/ping,200|583ms
-> request: /v1/api/tickle
-> GET /v1/api/tickle,200|191ms
-> request: /v1/api/tickle
-> GET /v1/api/tickle,200|406ms
-> request: /v1/api/tickle
-> GET /v1/api/tickle,200|171ms
-> request: /v1/api/tickle
-> GET /v1/api/tickle,200|177ms
-> request: /v1/api/tickle
-> GET /v1/api/tickle,200|173ms
-> request: /v1/api/tickle
-> GET /v1/api/tickle,200|428ms
-> request: /v1/api/tickle
-> GET /v1/api/tickle,200|368ms
-> request: /v1/api/tickle
-> GET /v1/api/tickle,200|177ms
-> request: /v1/api/tickle
-> GET /v1/api/tickle,200|172ms
-> request: /v1/api/tickle
-> GET /v1/api/tickle,200|448ms
-> request: /sso/ping
-> GET /sso/ping,200|580ms
-> request: /v1/api/tickle
-> GET /v1/api/tickle,200|165ms
-> request: /v1/api/tickle
-> GET /v1/api/tickle,200|503ms
-> request: /v1/api/tickle
-> GET /v1/api/tickle,200|233ms
-> request: /v1/api/tickle
-> GET /v1/api/tickle,200|749ms
-> request: /v1/api/tickle
-> GET /v1/api/tickle,200|172ms
-> request: /v1/api/tickle
-> GET /v1/api/tickle,200|394ms
-> request: /v1/api/tickle
-> GET /v1/api/tickle,200|164ms
-> request: /v1/api/tickle
-> GET /v1/api/tickle,200|195ms
-> request: /v1/api/tickle
-> GET /v1/api/tickle,200|168ms
-> request: /v1/api/tickle
-> GET /v1/api/tickle,200|269ms
-> request: /sso/ping
-> GET /sso/ping,200|607ms
-> request: /v1/api/tickle
-> GET /v1/api/tickle,200|175ms
-> request: /v1/api/tickle
-> GET /v1/api/tickle,200|192ms
-> request: /v1/api/tickle
-> GET /v1/api/tickle,200|180ms
-> request: /v1/api/tickle
-> GET /v1/api/tickle,200|370ms
-> request: /v1/api/tickle
-> GET /v1/api/tickle,200|178ms
-> request: /v1/api/tickle
-> GET /v1/api/tickle,200|582ms
-> GET /v1/api/iserver/accounts
<- 401 GET /v1/api/iserver/accounts
-> GET /v1/api/iserver/account/orders
<- 500 GET /v1/api/iserver/account/orders
-> GET /v1/api/iserver/account/trades?days=4
<- 500 GET /v1/api/iserver/account/trades?days=4
-> POST /v1/api/iserver/account/DU3232524/orders
<- 400 POST /v1/api/iserver/account/DU3232524/orders
-> request: /v1/api/tickle
-> GET /v1/api/tickle,200|601ms
-> request: /v1/api/logout
-> GET /v1/api/logout,200|662ms
-> request: /v1/api/tickle
-> GET /v1/api/tickle,200|228ms
-> request: /v1/api/tickle
-> GET /v1/api/tickle,200|177ms
-> request: /v1/api/tickle
-> GET /v1/api/tickle,200|365ms
-> request: /sso/ping
-> GET /sso/ping,200|676ms
-> request: /v1/api/tickle
-> GET /v1/api/tickle,200|367ms
-> request: /v1/api/tickle
-> GET /v1/api/tickle,200|605ms
-> request: /v1/api/tickle
-> GET /v1/api/tickle,200|278ms
-> request: /v1/api/tickle
-> GET /v1/api/tickle,200|505ms
-> request: /v1/api/tickle
-> GET /v1/api/tickle,200|511ms
-> request: /v1/api/tickle
-> GET /v1/api/tickle,200|469ms
-> request: /v1/api/tickle
-> GET /v1/api/tickle,200|497ms
-> request: /v1/api/tickle
-> GET /v1/api/tickle,200|498ms
-> request: /v1/api/tickle
-> GET /v1/api/tickle,200|271ms
-> request: /v1/api/tickle
-> GET /v1/api/tickle,200|325ms
-> request: /sso/ping
-> GET /sso/ping,200|901ms
-> request: /v1/api/tickle
-> GET /v1/api/tickle,200|208ms
-> request: /v1/api/tickle
-> GET /v1/api/tickle,200|171ms
-> request: /v1/api/tickle
-> GET /v1/api/tickle,200|493ms
-> GET /v1/api/iserver/accounts
<- 400 GET /v1/api/iserver/accounts
-> GET /v1/api/iserver/account/orders
<- 400 GET /v1/api/iserver/account/orders
-> GET /v1/api/iserver/account/trades?days=4
<- 400 GET /v1/api/iserver/account/trades?days=4
-> POST /v1/api/iserver/account/DU3232524/orders
<- 400 POST /v1/api/iserver/account/DU3232524/orders
-> request: /v1/api/tickle
-> GET /v1/api/tickle,200|227ms
-> request: /v1/api/tickle
-> GET /v1/api/tickle,200|181ms
-> GET /v1/api/iserver/accounts
<- 400 GET /v1/api/iserver/accounts
-> GET /v1/api/iserver/account/orders
<- 400 GET /v1/api/iserver/account/orders
-> GET /v1/api/iserver/account/trades?days=4
<- 400 GET /v1/api/iserver/account/trades?days=4
-> POST /v1/api/iserver/account/DU3232524/orders
<- 400 POST /v1/api/iserver/account/DU3232524/orders
-> request: /v1/api/tickle
-> GET /v1/api/tickle,200|648ms
-> request: /v1/api/tickle
-> GET /v1/api/tickle,200|237ms
-> request: /v1/api/tickle
-> GET /v1/api/tickle,200|324ms
-> request: /v1/api/tickle
-> GET /v1/api/tickle,401|832ms
-> request: /v1/api/sso/validate?gw=1
-> GET /v1/api/sso/validate?gw=1,401|508ms
-> request: /v1/api/sso/validate?gw=1
-> GET /v1/api/sso/validate?gw=1,401|403ms
-> request: /v1/api/sso/validate?gw=1
-> GET /v1/api/sso/validate?gw=1,401|605ms
-> request: /v1/api/sso/validate?gw=1
-> GET /v1/api/sso/validate?gw=1,401|388ms
-> request: /v1/api/sso/validate?gw=1
-> GET /v1/api/sso/validate?gw=1,401|376ms
-> request: /sso/ping
-> GET /sso/ping,200|593ms
-> GET /sso/Login?forwardTo=22&RL=1&ip2loc=US
<- 200 GET /sso/Login?forwardTo=22&RL=1&ip2loc=US
-> GET /css/bootstrap-5.2.2/bootstrap.min.css
-> GET /css/fontawesome-6.2.0/all.min.css
-> GET /css/bootstrap-switch-3.3.2/bootstrap-switch.min.css
-> GET /css/reg-am/login.min.css
-> GET /css/ibkr/theme-ibkr-portal.min.css
-> GET /scripts/common/js/jquery-3.7.0/jquery.min.js
<- 200 GET /css/bootstrap-5.2.2/bootstrap.min.css
-> GET /scripts/common/js/bootstrap-5.2.2/bootstrap.bundle.min.js
<- 200 GET /scripts/common/js/jquery-3.7.0/jquery.min.js
-> GET /sso/lib/xyz.bundle.min.js
<- 200 GET /scripts/common/js/bootstrap-5.2.2/bootstrap.bundle.min.js
-> GET /images/2015/btn-app-apple.png
<- 200 GET /css/bootstrap-switch-3.3.2/bootstrap-switch.min.css
-> GET /images/2015/btn-app-google.png
<- 200 GET /css/fontawesome-6.2.0/all.min.css
<- 200 GET /images/2015/btn-app-apple.png
-> GET /images/2015/btn-app-tws.png
<- 200 GET /images/2015/btn-app-google.png
-> GET /images/2015/button_discover_apis.png
<- 200 GET /images/2015/btn-app-tws.png
<- 200 GET /css/reg-am/login.min.css
<- 200 GET /css/ibkr/theme-ibkr-portal.min.css
<- 200 GET /sso/lib/xyz.bundle.min.js
<- 200 GET /images/2015/button_discover_apis.png
-> GET /images/common/logos/ibkr/interactive-brokers.svg
-> GET /fonts/fontawesome-6.4.2/webfonts/fa-solid-900.woff2
-> GET /fonts/proxima-nova/Proxima-Nova-Regular.woff2
-> GET /images/web/favicons/home-screen-icon-192x192.png
-> POST /portal.proxy/v1/gstat/bulletins
-> GET /sso/images/2fa-animated-once.gif
<- 200 GET /images/common/logos/ibkr/interactive-brokers.svg
<- 200 GET /fonts/proxima-nova/Proxima-Nova-Regular.woff2
<- 200 GET /sso/images/2fa-animated-once.gif
<- 200 GET /images/web/favicons/home-screen-icon-192x192.png
<- 200 POST /portal.proxy/v1/gstat/bulletins
<- 200 GET /fonts/fontawesome-6.4.2/webfonts/fa-solid-900.woff2
-> POST /sso/Authenticator
<- 200 POST /sso/Authenticator
-> POST /sso/Authenticator
<- 200 POST /sso/Authenticator
-> POST /sso/Dispatcher
-> POST /sso/Authenticator
<- 302 POST /sso/Dispatcher
-> request: /v1/api/sso/validate?gw=1
<- 200 POST /sso/Authenticator
-> GET /v1/api/sso/validate?gw=1,200|390ms
-> request: /v1/api/one/user
-> request: /v1/api/ssodh/init
-> sso GET https://api.ibkr.com/v1/api/ssodh/init
-> GET /v1/api/one/user,200|676ms
-> request: /v1/api/ssodh/st
-> sso GET https://api.ibkr.com/v1/api/ssodh/st
-> request: /v1/api/iserver/auth/status
-> GET /v1/api/iserver/auth/status,200|198ms
-> request: /v1/api/iserver/auth/ssodh/init
-> POST https://api.ibkr.com/v1/api/iserver/auth/ssodh/init,200|1858ms
-> request: /v1/api/iserver/accounts
-> GET /v1/api/iserver/accounts,200|172ms
-> GET /v1/api/iserver/accounts
<- 200 GET /v1/api/iserver/accounts
-> GET /v1/api/iserver/account/orders
<- 200 GET /v1/api/iserver/account/orders
-> GET /v1/api/iserver/account/trades?days=4
<- 200 GET /v1/api/iserver/account/trades?days=4
-> POST /v1/api/iserver/account/DU3232524/orders
<- 200 POST /v1/api/iserver/account/DU3232524/orders
-> request: /v1/api/tickle
-> GET /v1/api/tickle,200|221ms
-> request: /v1/api/tickle
-> GET /v1/api/tickle,200|169ms
-> request: /v1/api/tickle
-> GET /v1/api/tickle,200|1776ms
-> request: /v1/api/tickle
-> GET /v1/api/tickle,200|209ms
-> request: /v1/api/tickle
-> GET /v1/api/tickle,200|171ms
-> request: /v1/api/tickle
-> GET /v1/api/tickle,200|192ms
-> request: /v1/api/tickle
-> GET /v1/api/tickle,200|175ms
-> request: /v1/api/tickle
-> GET /v1/api/tickle,200|164ms
-> request: /v1/api/tickle
-> GET /v1/api/tickle,200|195ms
-> request: /sso/ping
-> GET /sso/ping,200|675ms
-> request: /v1/api/tickle
-> GET /v1/api/tickle,200|171ms
-> request: /v1/api/tickle
-> GET /v1/api/tickle,200|181ms
-> request: /v1/api/tickle
-> GET /v1/api/tickle,200|184ms
-> request: /v1/api/tickle
-> GET /v1/api/tickle,200|179ms
-> request: /v1/api/tickle
-> GET /v1/api/tickle,200|175ms
-> request: /v1/api/tickle
-> GET /v1/api/tickle,200|425ms
-> request: /v1/api/tickle
-> GET /v1/api/tickle,200|195ms
-> request: /v1/api/tickle
-> GET /v1/api/tickle,200|234ms
-> request: /v1/api/tickle
-> GET /v1/api/tickle,200|225ms
-> request: /v1/api/tickle
-> GET /v1/api/tickle,200|199ms
-> request: /sso/ping
-> GET /sso/ping,200|607ms
-> request: /v1/api/tickle
-> GET /v1/api/tickle,200|187ms
-> request: /v1/api/tickle
-> GET /v1/api/tickle,200|168ms
-> request: /v1/api/tickle
-> GET /v1/api/tickle,200|223ms
-> request: /v1/api/tickle
-> GET /v1/api/tickle,200|243ms
-> request: /v1/api/tickle
-> GET /v1/api/tickle,200|179ms
-> request: /v1/api/tickle
-> GET /v1/api/tickle,200|224ms
-> request: /v1/api/tickle
-> GET /v1/api/tickle,200|176ms
-> request: /v1/api/tickle
-> GET /v1/api/tickle,200|169ms
-> request: /v1/api/tickle
-> GET /v1/api/tickle,200|393ms
-> request: /v1/api/tickle
-> GET /v1/api/tickle,200|264ms
-> request: /sso/ping
-> GET /sso/ping,200|713ms
-> request: /v1/api/tickle
-> GET /v1/api/tickle,200|763ms
-> request: /v1/api/tickle
-> GET /v1/api/tickle,200|357ms
-> request: /v1/api/tickle
-> GET /v1/api/tickle,200|197ms
-> request: /v1/api/tickle
-> GET /v1/api/tickle,200|422ms
-> request: /v1/api/tickle
-> GET /v1/api/tickle,200|206ms
-> request: /v1/api/tickle
-> GET /v1/api/tickle,200|283ms
-> request: /v1/api/tickle
-> GET /v1/api/tickle,200|231ms
-> request: /v1/api/tickle
-> GET /v1/api/tickle,200|178ms
-> request: /v1/api/tickle
-> GET /v1/api/tickle,200|399ms
-> request: /v1/api/tickle
-> GET /v1/api/tickle,200|283ms
-> request: /sso/ping
-> GET /sso/ping,200|591ms
-> request: /v1/api/tickle
-> GET /v1/api/tickle,200|187ms
-> request: /v1/api/tickle
-> GET /v1/api/tickle,200|401ms
-> request: /v1/api/tickle
-> GET /v1/api/tickle,200|206ms
-> request: /v1/api/tickle
-> GET /v1/api/tickle,200|173ms
-> request: /v1/api/tickle
-> GET /v1/api/tickle,200|182ms
-> request: /v1/api/tickle
-> GET /v1/api/tickle,200|193ms
-> request: /v1/api/tickle
-> GET /v1/api/tickle,200|244ms
-> request: /v1/api/tickle
-> GET /v1/api/tickle,200|165ms
-> request: /v1/api/tickle
-> GET /v1/api/tickle,200|176ms
-> request: /v1/api/tickle
-> GET /v1/api/tickle,200|246ms
-> request: /sso/ping
-> GET /sso/ping,200|739ms
-> request: /v1/api/tickle
-> GET /v1/api/tickle,200|193ms
-> request: /v1/api/tickle
-> GET /v1/api/tickle,200|315ms
-> request: /v1/api/tickle
-> GET /v1/api/tickle,200|256ms
-> request: /v1/api/tickle
-> GET /v1/api/tickle,200|1146ms
-> request: /v1/api/tickle
-> GET /v1/api/tickle,200|223ms
-> request: /v1/api/tickle
-> GET /v1/api/tickle,200|189ms
-> request: /v1/api/tickle
-> GET /v1/api/tickle,200|205ms
-> request: /v1/api/tickle
-> GET /v1/api/tickle,200|174ms
-> request: /v1/api/tickle
-> GET /v1/api/tickle,200|241ms
-> request: /v1/api/tickle
-> GET /v1/api/tickle,200|168ms
-> request: /sso/ping
-> GET /sso/ping,200|633ms
-> request: /v1/api/tickle
-> GET /v1/api/tickle,200|485ms
-> request: /v1/api/tickle
-> GET /v1/api/tickle,200|186ms
-> request: /v1/api/tickle
-> GET /v1/api/tickle,200|168ms
-> request: /v1/api/tickle
-> GET /v1/api/tickle,200|191ms
-> request: /v1/api/tickle
-> GET /v1/api/tickle,200|225ms
-> request: /v1/api/tickle
-> GET /v1/api/tickle,200|206ms
-> request: /v1/api/tickle
-> GET /v1/api/tickle,200|236ms
-> request: /v1/api/tickle
-> GET /v1/api/tickle,200|453ms
-> request: /v1/api/tickle
-> GET /v1/api/tickle,200|209ms
-> request: /v1/api/tickle
-> GET /v1/api/tickle,200|272ms
-> request: /sso/ping
-> GET /sso/ping,200|595ms
-> request: /v1/api/tickle
-> GET /v1/api/tickle,200|396ms
-> request: /v1/api/tickle
-> GET /v1/api/tickle,200|589ms
-> request: /v1/api/tickle
-> GET /v1/api/tickle,200|195ms
-> request: /v1/api/tickle
-> GET /v1/api/tickle,200|190ms
-> request: /v1/api/tickle
-> GET /v1/api/tickle,200|187ms
-> request: /v1/api/sso/validate?gw=1
-> request: /v1/api/sso/validate?gw=1
-> GET /v1/api/sso/validate?gw=1,200|176ms
-> request: /v1/api/one/user
-> request: /v1/api/ssodh/init
-> sso GET https://api.ibkr.com/v1/api/ssodh/init
-> GET /v1/api/sso/validate?gw=1,200|204ms
-> request: /v1/api/one/user
-> request: /v1/api/ssodh/init
-> sso GET https://api.ibkr.com/v1/api/ssodh/init
-> GET /v1/api/one/user,200|718ms
-> GET /v1/api/one/user,200|729ms
-> request: /sso/ping
-> GET /sso/ping,200|1025ms
-> request: /sso/ping
-> GET /sso/ping,200|855ms
-> request: /sso/ping
-> GET /sso/ping,200|680ms
-> request: /sso/ping
-> GET /sso/ping,200|612ms
-> GET /v1/api/iserver/accounts
<- 400 GET /v1/api/iserver/accounts
-> GET /v1/api/iserver/account/orders
<- 400 GET /v1/api/iserver/account/orders
-> GET /v1/api/iserver/account/trades?days=4
<- 400 GET /v1/api/iserver/account/trades?days=4
-> POST /v1/api/iserver/account/DU3232524/orders
<- 400 POST /v1/api/iserver/account/DU3232524/orders
-> request: /sso/ping
-> GET /sso/ping,200|949ms
-> request: /sso/ping
-> GET /sso/ping,200|622ms
-> request: /sso/ping
-> GET /sso/ping,200|610ms
-> GET /sso/Login?forwardTo=22&RL=1&ip2loc=US
<- 200 GET /sso/Login?forwardTo=22&RL=1&ip2loc=US
-> GET /css/bootstrap-5.2.2/bootstrap.min.css
-> GET /css/fontawesome-6.2.0/all.min.css
-> GET /css/bootstrap-switch-3.3.2/bootstrap-switch.min.css
-> GET /css/reg-am/login.min.css
-> GET /css/ibkr/theme-ibkr-portal.min.css
-> GET /scripts/common/js/jquery-3.7.0/jquery.min.js
<- 200 GET /css/bootstrap-5.2.2/bootstrap.min.css
-> GET /scripts/common/js/bootstrap-5.2.2/bootstrap.bundle.min.js
<- 200 GET /css/bootstrap-switch-3.3.2/bootstrap-switch.min.css
-> GET /sso/lib/xyz.bundle.min.js
<- 200 GET /scripts/common/js/jquery-3.7.0/jquery.min.js
<- 200 GET /css/fontawesome-6.2.0/all.min.css
-> GET /images/2015/btn-app-apple.png
<- 200 GET /css/ibkr/theme-ibkr-portal.min.css
-> GET /images/2015/btn-app-google.png
<- 200 GET /css/reg-am/login.min.css
<- 200 GET /images/2015/btn-app-apple.png
<- 200 GET /images/2015/btn-app-google.png
-> GET /images/2015/btn-app-tws.png
-> GET /images/2015/button_discover_apis.png
<- 200 GET /sso/lib/xyz.bundle.min.js
<- 200 GET /images/2015/btn-app-tws.png
<- 200 GET /images/2015/button_discover_apis.png
<- 200 GET /scripts/common/js/bootstrap-5.2.2/bootstrap.bundle.min.js
-> GET /images/common/logos/ibkr/interactive-brokers.svg
-> GET /fonts/fontawesome-6.4.2/webfonts/fa-solid-900.woff2
-> GET /fonts/proxima-nova/Proxima-Nova-Regular.woff2
-> GET /images/web/favicons/home-screen-icon-192x192.png
-> POST /portal.proxy/v1/gstat/bulletins
-> GET /sso/images/2fa-animated-once.gif
<- 200 GET /fonts/fontawesome-6.4.2/webfonts/fa-solid-900.woff2
<- 200 GET /fonts/proxima-nova/Proxima-Nova-Regular.woff2
<- 200 GET /images/web/favicons/home-screen-icon-192x192.png
<- 200 GET /images/common/logos/ibkr/interactive-brokers.svg
<- 200 GET /sso/images/2fa-animated-once.gif
<- 200 POST /portal.proxy/v1/gstat/bulletins
-> POST /sso/Authenticator
<- 200 POST /sso/Authenticator
-> POST /sso/Authenticator
<- 200 POST /sso/Authenticator
-> POST /sso/Dispatcher
<- 302 POST /sso/Dispatcher
-> request: /v1/api/sso/validate?gw=1
-> GET /v1/api/sso/validate?gw=1,200|455ms
-> request: /v1/api/one/user
-> request: /v1/api/ssodh/init
-> sso GET https://api.ibkr.com/v1/api/ssodh/init
-> GET /v1/api/one/user,200|618ms
-> request: /v1/api/ssodh/st
-> sso GET https://api.ibkr.com/v1/api/ssodh/st
-> GET /v1/api/iserver/accounts
-> request: /v1/api/iserver/auth/status
<- 400 GET /v1/api/iserver/accounts
-> GET /v1/api/iserver/auth/status,200|192ms
-> request: /v1/api/iserver/auth/ssodh/init
-> GET /v1/api/iserver/account/orders
<- 400 GET /v1/api/iserver/account/orders
-> GET /v1/api/iserver/account/trades?days=4
<- 400 GET /v1/api/iserver/account/trades?days=4
-> POST /v1/api/iserver/account/DU3232524/orders
<- 400 POST /v1/api/iserver/account/DU3232524/orders
-> POST https://api.ibkr.com/v1/api/iserver/auth/ssodh/init,200|1860ms
-> request: /v1/api/iserver/accounts
-> GET /v1/api/iserver/accounts,200|251ms
-> request: /v1/api/tickle
-> GET /v1/api/tickle,200|190ms
-> request: /v1/api/tickle
-> GET /v1/api/tickle,200|212ms
-> request: /v1/api/tickle
-> GET /v1/api/tickle,200|259ms
-> request: /v1/api/tickle
-> GET /v1/api/tickle,200|431ms
-> request: /v1/api/tickle
-> GET /v1/api/tickle,200|248ms
-> request: /v1/api/tickle
-> GET /v1/api/tickle,200|307ms
-> GET /v1/api/iserver/accounts
<- 200 GET /v1/api/iserver/accounts
-> GET /v1/api/iserver/account/orders
<- 200 GET /v1/api/iserver/account/orders
-> GET /v1/api/iserver/account/trades?days=4
<- 200 GET /v1/api/iserver/account/trades?days=4
-> POST /v1/api/iserver/account/DU3232524/orders
<- 200 POST /v1/api/iserver/account/DU3232524/orders
-> request: /v1/api/tickle
-> GET /v1/api/tickle,200|222ms
-> request: /v1/api/tickle
-> GET /v1/api/tickle,200|215ms
-> GET /sso/Login?forwardTo=22&RL=1&ip2loc=US
<- 200 GET /sso/Login?forwardTo=22&RL=1&ip2loc=US
-> GET /css/bootstrap-5.2.2/bootstrap.min.css
-> GET /css/fontawesome-6.2.0/all.min.css
-> GET /css/bootstrap-switch-3.3.2/bootstrap-switch.min.css
<- 200 GET /css/fontawesome-6.2.0/all.min.css
-> GET /css/reg-am/login.min.css
<- 200 GET /css/bootstrap-switch-3.3.2/bootstrap-switch.min.css
-> GET /css/ibkr/theme-ibkr-portal.min.css
<- 200 GET /css/bootstrap-5.2.2/bootstrap.min.css
-> GET /scripts/common/js/jquery-3.7.0/jquery.min.js
<- 200 GET /css/reg-am/login.min.css
<- 200 GET /css/ibkr/theme-ibkr-portal.min.css
-> GET /scripts/common/js/bootstrap-5.2.2/bootstrap.bundle.min.js
-> GET /sso/lib/xyz.bundle.min.js
-> GET /images/2015/btn-app-apple.png
-> GET /images/2015/btn-app-google.png
<- 200 GET /images/2015/btn-app-apple.png
-> GET /images/2015/btn-app-tws.png
<- 200 GET /images/2015/btn-app-tws.png
-> GET /images/2015/button_discover_apis.png
<- 200 GET /scripts/common/js/jquery-3.7.0/jquery.min.js
<- 200 GET /images/2015/btn-app-google.png
<- 200 GET /images/2015/button_discover_apis.png
<- 200 GET /sso/lib/xyz.bundle.min.js
<- 200 GET /scripts/common/js/bootstrap-5.2.2/bootstrap.bundle.min.js
-> GET /images/web/favicons/home-screen-icon-192x192.png
-> GET /images/common/logos/ibkr/interactive-brokers.svg
-> POST /portal.proxy/v1/gstat/bulletins
-> GET /fonts/fontawesome-6.4.2/webfonts/fa-solid-900.woff2
<- 200 GET /images/web/favicons/home-screen-icon-192x192.png
-> GET /fonts/proxima-nova/Proxima-Nova-Regular.woff2
<- 200 GET /images/common/logos/ibkr/interactive-brokers.svg
-> GET /sso/images/2fa-animated-once.gif
<- 200 GET /fonts/fontawesome-6.4.2/webfonts/fa-solid-900.woff2
<- 200 GET /sso/images/2fa-animated-once.gif
<- 200 GET /fonts/proxima-nova/Proxima-Nova-Regular.woff2
<- 200 POST /portal.proxy/v1/gstat/bulletins
-> request: /v1/api/tickle
-> GET /v1/api/tickle,401|446ms
-> request: /v1/api/sso/validate?gw=1
-> GET /v1/api/sso/validate?gw=1,401|495ms
-> request: /v1/api/sso/validate?gw=1
-> GET /v1/api/sso/validate?gw=1,401|403ms
-> request: /v1/api/sso/validate?gw=1
-> GET /v1/api/sso/validate?gw=1,401|381ms
-> request: /v1/api/sso/validate?gw=1
-> GET /v1/api/sso/validate?gw=1,401|390ms
-> request: /v1/api/sso/validate?gw=1
-> GET /v1/api/sso/validate?gw=1,401|435ms
-> request: /sso/ping
-> GET /sso/ping,200|625ms
-> request: /sso/ping
-> GET /sso/ping,200|578ms
-> request: /sso/ping
-> GET /sso/ping,200|780ms
-> request: /sso/ping
-> GET /sso/ping,200|439ms
-> request: /sso/ping
-> GET /sso/ping,200|595ms
-> request: /sso/ping
-> GET /v1/api/iserver/accounts
<- 401 GET /v1/api/iserver/accounts
-> GET /v1/api/iserver/account/orders
<- 401 GET /v1/api/iserver/account/orders
-> GET /v1/api/iserver/account/trades?days=4
<- 401 GET /v1/api/iserver/account/trades?days=4
-> POST /v1/api/iserver/account/DU3232524/orders
<- 401 POST /v1/api/iserver/account/DU3232524/orders
-> POST /sso/Dispatcher
<- 200 POST /sso/Dispatcher
-> GET /scripts/common/js/jquery-3.7.0/jquery.min.js
-> GET /sso/lib/forge-1.3.1.all.min.js
-> GET /sso/lib/js.cookie.min.js
-> GET /sso/javascript/device.info.js
<- 200 GET /scripts/common/js/jquery-3.7.0/jquery.min.js
<- 200 GET /sso/javascript/device.info.js
<- 200 GET /sso/lib/forge-1.3.1.all.min.js
<- 200 GET /sso/lib/js.cookie.min.js
-> POST /sso/Dispatcher
<- 200 POST /sso/Dispatcher
-> GET /scripts/common/js/jquery-3.7.0/jquery.min.js
<- 304 GET /scripts/common/js/jquery-3.7.0/jquery.min.js
-> GET /sso/lib/forge-1.3.1.all.min.js
-> GET /sso/lib/js.cookie.min.js
-> GET /sso/javascript/device.info.js
<- 304 GET /sso/lib/forge-1.3.1.all.min.js
<- 304 GET /sso/javascript/device.info.js
<- 304 GET /sso/lib/js.cookie.min.js
-> POST /sso/Dispatcher
<- 200 POST /sso/Dispatcher
-> GET /scripts/common/js/jquery-3.7.0/jquery.min.js
-> GET /sso/lib/forge-1.3.1.all.min.js
-> GET /sso/lib/js.cookie.min.js
<- 304 GET /scripts/common/js/jquery-3.7.0/jquery.min.js
-> GET /sso/javascript/device.info.js
<- 304 GET /sso/javascript/device.info.js
<- 304 GET /sso/lib/forge-1.3.1.all.min.js
<- 304 GET /sso/lib/js.cookie.min.js
-> POST /sso/Dispatcher
<- 200 POST /sso/Dispatcher
-> GET /scripts/common/js/jquery-3.7.0/jquery.min.js
<- 304 GET /scripts/common/js/jquery-3.7.0/jquery.min.js
-> GET /sso/lib/forge-1.3.1.all.min.js
-> GET /sso/lib/js.cookie.min.js
-> GET /sso/javascript/device.info.js
<- 304 GET /sso/lib/forge-1.3.1.all.min.js
<- 304 GET /sso/javascript/device.info.js
<- 304 GET /sso/lib/js.cookie.min.js
-> POST /sso/Dispatcher
<- 200 POST /sso/Dispatcher
-> GET /scripts/common/js/jquery-3.7.0/jquery.min.js
-> GET /sso/lib/forge-1.3.1.all.min.js
-> GET /sso/lib/js.cookie.min.js
<- 304 GET /scripts/common/js/jquery-3.7.0/jquery.min.js
-> GET /sso/javascript/device.info.js
<- 304 GET /sso/lib/js.cookie.min.js
<- 304 GET /sso/lib/forge-1.3.1.all.min.js
<- 304 GET /sso/javascript/device.info.js
-> POST /sso/Dispatcher
<- 200 POST /sso/Dispatcher
-> GET /scripts/common/js/jquery-3.7.0/jquery.min.js
<- 304 GET /scripts/common/js/jquery-3.7.0/jquery.min.js
-> GET /sso/lib/forge-1.3.1.all.min.js
-> GET /sso/lib/js.cookie.min.js
-> GET /sso/javascript/device.info.js
<- 304 GET /sso/lib/js.cookie.min.js
<- 304 GET /sso/javascript/device.info.js
<- 304 GET /sso/lib/forge-1.3.1.all.min.js
-> POST /sso/Dispatcher
<- 200 POST /sso/Dispatcher
-> GET /scripts/common/js/jquery-3.7.0/jquery.min.js
-> GET /sso/lib/forge-1.3.1.all.min.js
-> GET /sso/lib/js.cookie.min.js
-> GET /sso/javascript/device.info.js
<- 304 GET /sso/lib/forge-1.3.1.all.min.js
<- 304 GET /sso/javascript/device.info.js
<- 304 GET /sso/lib/js.cookie.min.js
<- 304 GET /scripts/common/js/jquery-3.7.0/jquery.min.js
-> POST /sso/Dispatcher
<- 200 POST /sso/Dispatcher
-> GET /scripts/common/js/jquery-3.7.0/jquery.min.js
-> GET /sso/lib/forge-1.3.1.all.min.js
-> GET /sso/lib/js.cookie.min.js
-> GET /sso/javascript/device.info.js
<- 304 GET /sso/lib/js.cookie.min.js
<- 304 GET /sso/lib/forge-1.3.1.all.min.js
<- 304 GET /sso/javascript/device.info.js
<- 304 GET /scripts/common/js/jquery-3.7.0/jquery.min.js
-> POST /sso/Dispatcher
<- 200 POST /sso/Dispatcher
-> GET /scripts/common/js/jquery-3.7.0/jquery.min.js
-> GET /sso/lib/forge-1.3.1.all.min.js
<- 304 GET /scripts/common/js/jquery-3.7.0/jquery.min.js
-> GET /sso/lib/js.cookie.min.js
-> GET /sso/javascript/device.info.js
<- 304 GET /sso/lib/forge-1.3.1.all.min.js
<- 304 GET /sso/javascript/device.info.js
<- 304 GET /sso/lib/js.cookie.min.js
-> POST /sso/Dispatcher
<- 200 POST /sso/Dispatcher
-> GET /scripts/common/js/jquery-3.7.0/jquery.min.js
<- 304 GET /scripts/common/js/jquery-3.7.0/jquery.min.js
-> GET /sso/lib/forge-1.3.1.all.min.js
-> GET /sso/lib/js.cookie.min.js
-> GET /sso/javascript/device.info.js
<- 304 GET /sso/lib/forge-1.3.1.all.min.js
<- 304 GET /sso/lib/js.cookie.min.js
<- 304 GET /sso/javascript/device.info.js
-> POST /sso/Dispatcher
<- 200 POST /sso/Dispatcher
-> GET /scripts/common/js/jquery-3.7.0/jquery.min.js
<- 304 GET /scripts/common/js/jquery-3.7.0/jquery.min.js
-> GET /sso/lib/forge-1.3.1.all.min.js
-> GET /sso/lib/js.cookie.min.js
-> GET /sso/javascript/device.info.js
<- 304 GET /sso/lib/js.cookie.min.js
<- 304 GET /sso/lib/forge-1.3.1.all.min.js
<- 304 GET /sso/javascript/device.info.js
-> POST /sso/Dispatcher
<- 200 POST /sso/Dispatcher
-> GET /scripts/common/js/jquery-3.7.0/jquery.min.js
<- 304 GET /scripts/common/js/jquery-3.7.0/jquery.min.js
-> GET /sso/lib/forge-1.3.1.all.min.js
-> GET /sso/lib/js.cookie.min.js
-> GET /sso/javascript/device.info.js
<- 304 GET /sso/javascript/device.info.js
<- 304 GET /sso/lib/js.cookie.min.js
<- 304 GET /sso/lib/forge-1.3.1.all.min.js
-> POST /sso/Dispatcher
<- 200 POST /sso/Dispatcher
-> GET /scripts/common/js/jquery-3.7.0/jquery.min.js
<- 304 GET /scripts/common/js/jquery-3.7.0/jquery.min.js
-> GET /sso/lib/forge-1.3.1.all.min.js
-> GET /sso/lib/js.cookie.min.js
-> GET /sso/javascript/device.info.js
<- 304 GET /sso/lib/forge-1.3.1.all.min.js
<- 304 GET /sso/javascript/device.info.js
<- 304 GET /sso/lib/js.cookie.min.js
-> POST /sso/Dispatcher
<- 200 POST /sso/Dispatcher
-> GET /sso/Login?forwardTo=22&RL=1&ip2loc=US
<- 200 GET /sso/Login?forwardTo=22&RL=1&ip2loc=US
-> GET /css/bootstrap-5.2.2/bootstrap.min.css
-> GET /css/fontawesome-6.2.0/all.min.css
-> GET /css/bootstrap-switch-3.3.2/bootstrap-switch.min.css
-> GET /css/reg-am/login.min.css
-> GET /css/ibkr/theme-ibkr-portal.min.css
-> GET /scripts/common/js/jquery-3.7.0/jquery.min.js
<- 200 GET /css/bootstrap-5.2.2/bootstrap.min.css
<- 200 GET /css/fontawesome-6.2.0/all.min.css
<- 200 GET /css/bootstrap-switch-3.3.2/bootstrap-switch.min.css
<- 200 GET /css/ibkr/theme-ibkr-portal.min.css
-> GET /scripts/common/js/bootstrap-5.2.2/bootstrap.bundle.min.js
-> GET /sso/lib/xyz.bundle.min.js
-> GET /images/2015/btn-app-apple.png
-> GET /images/2015/btn-app-google.png
<- 200 GET /images/2015/btn-app-apple.png
-> GET /images/2015/btn-app-tws.png
<- 200 GET /scripts/common/js/jquery-3.7.0/jquery.min.js
<- 200 GET /images/2015/btn-app-google.png
-> GET /images/2015/button_discover_apis.png
<- 200 GET /images/2015/btn-app-tws.png
<- 200 GET /css/reg-am/login.min.css
<- 200 GET /scripts/common/js/bootstrap-5.2.2/bootstrap.bundle.min.js
<- 200 GET /images/2015/button_discover_apis.png
<- 200 GET /sso/lib/xyz.bundle.min.js
-> GET /images/common/logos/ibkr/interactive-brokers.svg
-> GET /fonts/fontawesome-6.4.2/webfonts/fa-solid-900.woff2
-> GET /fonts/proxima-nova/Proxima-Nova-Regular.woff2
-> GET /images/web/favicons/home-screen-icon-192x192.png
-> POST /portal.proxy/v1/gstat/bulletins
-> GET /sso/images/2fa-animated-once.gif
<- 200 GET /images/common/logos/ibkr/interactive-brokers.svg
<- 200 GET /images/web/favicons/home-screen-icon-192x192.png
<- 200 GET /fonts/proxima-nova/Proxima-Nova-Regular.woff2
<- 200 GET /sso/images/2fa-animated-once.gif
<- 200 GET /fonts/fontawesome-6.4.2/webfonts/fa-solid-900.woff2
<- 204 POST /portal.proxy/v1/gstat/bulletins
-> request: /sso/ping
-> GET /sso/ping,200|599ms
-> POST /sso/Authenticator
<- 200 POST /sso/Authenticator
-> POST /sso/Authenticator
<- 200 POST /sso/Authenticator
-> POST /sso/Dispatcher
<- 302 POST /sso/Dispatcher
-> request: /v1/api/sso/validate?gw=1
-> GET /v1/api/sso/validate?gw=1,200|589ms
-> request: /v1/api/one/user
-> request: /v1/api/ssodh/init
-> sso GET https://api.ibkr.com/v1/api/ssodh/init
-> GET /v1/api/one/user,200|470ms
-> request: /v1/api/ssodh/st
-> sso GET https://api.ibkr.com/v1/api/ssodh/st
-> request: /v1/api/iserver/auth/status
-> GET /v1/api/iserver/auth/status,200|189ms
-> request: /v1/api/iserver/auth/ssodh/init
-> GET /v1/api/iserver/accounts
<- 400 GET /v1/api/iserver/accounts
-> GET /v1/api/iserver/account/orders
<- 400 GET /v1/api/iserver/account/orders
-> GET /v1/api/iserver/account/trades?days=4
<- 400 GET /v1/api/iserver/account/trades?days=4
-> POST /v1/api/iserver/account/DU3232524/orders
<- 400 POST /v1/api/iserver/account/DU3232524/orders
-> POST https://api.ibkr.com/v1/api/iserver/auth/ssodh/init,200|1699ms
-> request: /v1/api/iserver/accounts
-> GET /v1/api/iserver/accounts,200|174ms
-> GET /v1/api/iserver/accounts
<- 200 GET /v1/api/iserver/accounts
-> GET /v1/api/iserver/account/orders
<- 200 GET /v1/api/iserver/account/orders
-> GET /v1/api/iserver/account/trades?days=4
<- 200 GET /v1/api/iserver/account/trades?days=4
-> POST /v1/api/iserver/account/DU3232524/orders
<- 200 POST /v1/api/iserver/account/DU3232524/orders
-> request: /v1/api/tickle
-> GET /v1/api/tickle,200|184ms
-> request: /v1/api/tickle
-> GET /v1/api/tickle,200|449ms
-> request: /v1/api/tickle
-> GET /v1/api/tickle,200|179ms
-> request: /v1/api/tickle
-> GET /v1/api/tickle,200|170ms
-> request: /v1/api/tickle
-> GET /v1/api/tickle,200|296ms
-> request: /v1/api/tickle
-> GET /v1/api/tickle,200|181ms
-> request: /v1/api/tickle
-> GET /v1/api/tickle,200|458ms
-> GET /v1/api/iserver/accounts
<- 200 GET /v1/api/iserver/accounts
-> GET /v1/api/iserver/account/orders
<- 200 GET /v1/api/iserver/account/orders
-> GET /v1/api/iserver/account/trades?days=4
<- 200 GET /v1/api/iserver/account/trades?days=4
-> POST /v1/api/iserver/account/DU3232524/orders
<- 200 POST /v1/api/iserver/account/DU3232524/orders
-> request: /v1/api/tickle
-> GET /v1/api/tickle,200|180ms
-> request: /v1/api/tickle
-> GET /v1/api/tickle,200|184ms
-> request: /sso/ping
-> GET /sso/ping,200|687ms
-> request: /v1/api/tickle
-> GET /v1/api/tickle,200|458ms
-> GET /v1/api/iserver/accounts
<- 200 GET /v1/api/iserver/accounts
-> GET /v1/api/iserver/account/orders
<- 200 GET /v1/api/iserver/account/orders
-> GET /v1/api/iserver/account/trades?days=4
<- 200 GET /v1/api/iserver/account/trades?days=4
-> POST /v1/api/iserver/account/DU3232524/orders
<- 200 POST /v1/api/iserver/account/DU3232524/orders
-> GET /v1/api/iserver/accounts
<- 200 GET /v1/api/iserver/accounts
-> GET /v1/api/iserver/account/orders
<- 200 GET /v1/api/iserver/account/orders
-> GET /v1/api/iserver/account/trades?days=4
<- 200 GET /v1/api/iserver/account/trades?days=4
-> POST /v1/api/iserver/account/DU3232524/orders
<- 200 POST /v1/api/iserver/account/DU3232524/orders
-> POST /v1/api/iserver/reply/7e70b81b-dfb7-406d-9192-10e1c8801026
<- 200 POST /v1/api/iserver/reply/7e70b81b-dfb7-406d-9192-10e1c8801026
-> request: /v1/api/tickle
-> GET /v1/api/tickle,200|182ms
-> request: /v1/api/tickle
-> GET /v1/api/tickle,200|191ms
-> request: /v1/api/tickle
-> GET /v1/api/tickle,200|176ms
-> request: /v1/api/tickle
-> GET /v1/api/tickle,200|444ms
-> request: /v1/api/tickle
-> GET /v1/api/tickle,200|538ms
-> request: /v1/api/tickle
-> GET /v1/api/tickle,200|663ms
-> request: /v1/api/tickle
-> GET /v1/api/tickle,200|173ms
-> request: /v1/api/tickle
-> GET /v1/api/tickle,200|447ms
-> request: /v1/api/tickle
-> GET /v1/api/tickle,200|189ms
-> request: /sso/ping
-> GET /sso/ping,200|772ms
-> request: /v1/api/tickle
-> GET /v1/api/tickle,200|171ms
-> request: /v1/api/tickle
-> GET /v1/api/tickle,401|760ms
-> request: /v1/api/sso/validate?gw=1
-> GET /v1/api/sso/validate?gw=1,401|405ms
-> request: /v1/api/sso/validate?gw=1
-> GET /v1/api/sso/validate?gw=1,401|637ms
-> request: /v1/api/sso/validate?gw=1
-> GET /v1/api/sso/validate?gw=1,401|404ms
-> request: /v1/api/sso/validate?gw=1
-> GET /v1/api/sso/validate?gw=1,401|389ms
-> request: /v1/api/sso/validate?gw=1
-> GET /v1/api/sso/validate?gw=1,401|465ms
-> request: /sso/ping
-> GET /sso/ping,200|852ms
-> request: /sso/ping
-> GET /sso/ping,200|886ms
-> request: /sso/ping
-> GET /sso/ping,200|596ms
-> request: /sso/ping
-> request: /sso/ping
-> GET /sso/ping,200|761ms
-> request: /sso/ping
-> GET /sso/ping,200|584ms
-> request: /sso/ping
-> GET /sso/ping,200|663ms
-> request: /sso/ping
-> GET /sso/ping,200|723ms
-> request: /sso/ping
-> GET /sso/ping,200|678ms
-> request: /sso/ping
-> GET /sso/ping,200|692ms
-> request: /sso/ping
-> request: /sso/ping
-> GET /sso/ping,200|707ms
-> request: /sso/ping
-> request: /sso/ping
-> GET /sso/ping,200|889ms
-> request: /sso/ping
-> GET /sso/ping,200|581ms
-> request: /sso/ping
-> GET /sso/ping,200|672ms
-> request: /sso/ping
-> GET /sso/ping,200|392ms
-> request: /sso/ping
-> GET /sso/ping,200|672ms
-> request: /sso/ping
-> GET /sso/ping,200|597ms
-> request: /sso/ping
-> GET /sso/ping,200|629ms
-> request: /sso/ping
-> GET /sso/ping,200|609ms
-> request: /sso/ping
-> GET /sso/ping,200|595ms
-> request: /sso/ping
-> GET /sso/ping,200|583ms
-> request: /sso/ping
-> GET /sso/ping,200|620ms
-> request: /sso/ping
-> GET /sso/ping,200|613ms
-> request: /sso/ping
-> GET /sso/ping,200|607ms
-> request: /sso/ping
-> GET /sso/ping,200|648ms
-> request: /sso/ping
-> request: /sso/ping
-> request: /sso/ping
-> request: /sso/ping
-> request: /sso/ping
-> request: /sso/ping
-> request: /sso/ping
-> request: /sso/ping
-> request: /sso/ping
-> request: /sso/ping
-> request: /sso/ping
-> request: /sso/ping
-> request: /sso/ping
-> GET /sso/ping,200|831ms
-> request: /sso/ping
-> GET /sso/ping,200|635ms
-> request: /sso/ping
-> GET /sso/ping,200|607ms
-> request: /sso/ping
-> GET /sso/ping,200|581ms
-> request: /sso/ping
-> GET /sso/ping,200|684ms
-> request: /sso/ping
-> GET /sso/ping,200|615ms
-> request: /sso/ping
-> GET /sso/ping,200|593ms
-> request: /sso/ping
-> GET /sso/ping,200|703ms
-> request: /sso/ping
-> GET /sso/ping,200|648ms
-> request: /sso/ping
-> GET /sso/ping,200|628ms
-> request: /sso/ping
-> GET /sso/ping,200|630ms
-> request: /sso/ping
-> GET /sso/ping,200|610ms
-> request: /sso/ping
-> GET /sso/ping,200|655ms
-> request: /sso/ping
-> GET /sso/ping,200|578ms
-> request: /sso/ping
-> GET /sso/ping,200|753ms
-> request: /sso/ping
-> GET /sso/ping,200|602ms
-> request: /sso/ping
-> GET /sso/ping,200|635ms
-> request: /sso/ping
-> GET /sso/ping,200|812ms
-> request: /sso/ping
-> GET /sso/ping,200|589ms
-> request: /sso/ping
-> GET /sso/ping,200|608ms
-> request: /sso/ping
-> GET /sso/ping,200|32484ms
-> request: /sso/ping
-> GET /sso/ping,200|623ms
-> request: /sso/ping
-> GET /sso/ping,200|703ms
-> request: /sso/ping
-> GET /sso/ping,200|694ms
-> request: /sso/ping
-> GET /sso/ping,200|677ms
-> request: /sso/ping
-> GET /sso/ping,200|587ms
-> request: /sso/ping
-> GET /sso/ping,200|609ms
-> request: /sso/ping
-> GET /sso/ping,200|586ms
-> request: /sso/ping
-> GET /sso/ping,200|615ms
-> request: /sso/ping
-> GET /sso/ping,200|612ms
-> request: /sso/ping
-> GET /sso/ping,200|585ms
-> request: /sso/ping
-> GET /sso/ping,200|579ms
-> request: /sso/ping
-> GET /sso/ping,200|579ms
-> request: /sso/ping
-> GET /sso/ping,200|586ms
-> request: /sso/ping
-> GET /sso/ping,200|630ms
-> request: /sso/ping
-> GET /sso/ping,200|609ms
-> request: /sso/ping
-> GET /sso/ping,200|385ms
-> request: /sso/ping
-> GET /sso/ping,200|579ms
-> request: /sso/ping
-> GET /sso/ping,200|589ms
-> request: /sso/ping
-> GET /sso/ping,200|578ms
-> request: /sso/ping
-> GET /sso/ping,200|585ms
