-> request: /v1/api/tickle
-> request: /sso/ping
-> GET /sso/ping,200|777ms
-> request: /v1/api/tickle
-> GET /v1/api/tickle,200|456ms
-> request: /v1/api/tickle
-> GET /v1/api/tickle,200|185ms
-> request: /v1/api/tickle
-> request: /v1/api/tickle
-> GET /v1/api/tickle,200|683ms
-> request: /v1/api/tickle
-> request: /v1/api/tickle
-> GET /v1/api/tickle,200|772ms
-> request: /v1/api/tickle
-> request: /v1/api/tickle
-> GET /v1/api/tickle,200|852ms
-> request: /v1/api/tickle
-> request: /v1/api/tickle
-> GET /v1/api/tickle,200|475ms
-> request: /sso/ping
-> GET /sso/ping,200|663ms
-> request: /v1/api/tickle
-> GET /v1/api/tickle,200|581ms
-> request: /v1/api/tickle
-> request: /v1/api/tickle
-> GET /v1/api/tickle,200|488ms
-> request: /v1/api/tickle
-> GET /v1/api/tickle,200|168ms
-> request: /v1/api/tickle
-> GET /v1/api/tickle,200|171ms
-> request: /v1/api/tickle
-> GET /v1/api/tickle,200|164ms
-> request: /v1/api/tickle
-> GET /v1/api/tickle,200|173ms
-> request: /v1/api/tickle
-> GET /v1/api/tickle,200|179ms
-> request: /v1/api/tickle
-> GET /v1/api/tickle,200|169ms
-> request: /v1/api/tickle
-> GET /v1/api/tickle,200|166ms
-> request: /sso/ping
-> GET /sso/ping,200|669ms
-> request: /v1/api/tickle
-> GET /v1/api/tickle,200|167ms
-> request: /v1/api/tickle
-> GET /v1/api/tickle,200|489ms
-> request: /v1/api/tickle
-> GET /v1/api/tickle,200|163ms
-> request: /v1/api/tickle
-> GET /v1/api/tickle,200|213ms
-> request: /v1/api/tickle
-> GET /v1/api/tickle,200|165ms
-> request: /v1/api/tickle
-> GET /v1/api/tickle,200|708ms
-> request: /v1/api/tickle
-> GET /v1/api/tickle,200|233ms
-> request: /v1/api/tickle
-> GET /v1/api/tickle,200|207ms
-> request: /v1/api/tickle
-> GET /v1/api/tickle,200|221ms
-> request: /v1/api/tickle
-> GET /v1/api/tickle,200|503ms
-> request: /sso/ping
-> GET /sso/ping,200|698ms
-> request: /v1/api/tickle
-> GET /v1/api/tickle,200|216ms
-> request: /v1/api/tickle
-> GET /v1/api/tickle,200|519ms
-> request: /v1/api/tickle
-> GET /v1/api/tickle,200|221ms
-> request: /v1/api/tickle
-> GET /v1/api/tickle,200|524ms
-> request: /v1/api/tickle
-> GET /v1/api/tickle,200|219ms
-> request: /v1/api/tickle
-> GET /v1/api/tickle,200|535ms
-> request: /v1/api/tickle
-> GET /v1/api/tickle,200|170ms
-> request: /v1/api/tickle
-> GET /v1/api/tickle,200|223ms
-> request: /v1/api/tickle
-> GET /v1/api/tickle,200|163ms
-> request: /v1/api/tickle
-> GET /v1/api/tickle,200|444ms
-> request: /sso/ping
-> GET /sso/ping,200|638ms
-> request: /v1/api/tickle
-> GET /v1/api/tickle,200|1472ms
-> request: /v1/api/tickle
-> GET /v1/api/tickle,200|220ms
-> request: /v1/api/tickle
-> GET /v1/api/tickle,200|244ms
-> request: /v1/api/tickle
-> GET /v1/api/tickle,200|223ms
-> request: /v1/api/tickle
-> GET /v1/api/tickle,200|359ms
-> request: /v1/api/tickle
-> GET /v1/api/tickle,200|262ms
-> request: /v1/api/tickle
-> GET /v1/api/tickle,200|370ms
-> request: /v1/api/tickle
-> GET /v1/api/tickle,200|486ms
-> request: /v1/api/tickle
-> GET /v1/api/tickle,200|233ms
-> request: /v1/api/tickle
-> GET /v1/api/tickle,200|272ms
-> request: /sso/ping
-> GET /sso/ping,200|664ms
-> request: /v1/api/tickle
-> GET /v1/api/tickle,200|229ms
-> request: /v1/api/tickle
-> GET /v1/api/tickle,200|324ms
-> request: /v1/api/tickle
-> GET /v1/api/tickle,200|180ms
-> request: /v1/api/tickle
-> GET /v1/api/tickle,200|454ms
-> request: /v1/api/tickle
-> GET /v1/api/tickle,200|166ms
-> request: /v1/api/tickle
-> GET /v1/api/tickle,200|497ms
-> request: /v1/api/tickle
-> GET /v1/api/tickle,200|164ms
-> request: /v1/api/tickle
-> GET /v1/api/tickle,200|402ms
-> request: /v1/api/tickle
-> GET /v1/api/tickle,200|173ms
-> request: /v1/api/tickle
-> GET /v1/api/tickle,200|407ms
-> request: /sso/ping
-> GET /sso/ping,200|593ms
-> request: /v1/api/tickle
-> GET /v1/api/tickle,200|165ms
-> request: /v1/api/tickle
-> GET /v1/api/tickle,200|516ms
-> request: /v1/api/tickle
-> GET /v1/api/tickle,200|165ms
-> request: /v1/api/tickle
-> GET /v1/api/tickle,200|420ms
-> request: /v1/api/tickle
-> GET /v1/api/tickle,200|165ms
-> request: /v1/api/tickle
-> GET /v1/api/tickle,200|532ms
-> request: /v1/api/tickle
-> GET /v1/api/tickle,200|165ms
-> request: /v1/api/tickle
-> GET /v1/api/tickle,200|494ms
-> request: /v1/api/tickle
-> GET /v1/api/tickle,200|167ms
-> request: /v1/api/tickle
-> GET /v1/api/tickle,200|439ms
-> request: /sso/ping
-> GET /sso/ping,200|625ms
-> request: /v1/api/tickle
-> GET /v1/api/tickle,200|203ms
-> request: /v1/api/tickle
-> GET /v1/api/tickle,200|222ms
-> request: /v1/api/tickle
-> GET /v1/api/tickle,200|167ms
-> request: /v1/api/tickle
-> GET /v1/api/tickle,200|452ms
-> request: /v1/api/tickle
-> GET /v1/api/tickle,200|180ms
-> request: /v1/api/tickle
-> GET /v1/api/tickle,200|568ms
-> request: /v1/api/tickle
-> GET /v1/api/tickle,200|461ms
-> request: /v1/api/tickle
-> GET /v1/api/tickle,200|216ms
-> request: /v1/api/tickle
-> GET /v1/api/tickle,200|167ms
-> request: /v1/api/tickle
-> GET /v1/api/tickle,200|473ms
-> request: /sso/ping
-> GET /sso/ping,200|455ms
-> request: /v1/api/tickle
-> GET /v1/api/tickle,200|163ms
-> request: /v1/api/tickle
-> GET /v1/api/tickle,200|485ms
-> request: /v1/api/tickle
-> GET /v1/api/tickle,200|174ms
-> request: /v1/api/tickle
-> GET /v1/api/tickle,200|304ms
-> request: /v1/api/tickle
-> GET /v1/api/tickle,200|165ms
-> request: /v1/api/tickle
-> GET /v1/api/tickle,200|166ms
-> request: /v1/api/tickle
-> GET /v1/api/tickle,200|168ms
-> request: /v1/api/tickle
-> GET /v1/api/tickle,200|503ms
-> request: /v1/api/tickle
-> GET /v1/api/tickle,200|167ms
-> request: /v1/api/tickle
-> GET /v1/api/tickle,200|505ms
-> request: /sso/ping
-> GET /sso/ping,200|590ms
-> request: /v1/api/tickle
-> GET /v1/api/tickle,200|164ms
-> request: /v1/api/tickle
-> GET /v1/api/tickle,200|165ms
-> request: /v1/api/tickle
-> GET /v1/api/tickle,200|164ms
-> request: /v1/api/tickle
-> GET /v1/api/tickle,200|215ms
-> request: /v1/api/tickle
-> GET /v1/api/tickle,200|166ms
-> request: /v1/api/tickle
-> GET /v1/api/tickle,200|527ms
-> request: /v1/api/tickle
-> GET /v1/api/tickle,200|166ms
-> request: /v1/api/tickle
-> GET /v1/api/tickle,200|182ms
-> request: /v1/api/tickle
-> GET /v1/api/tickle,200|167ms
-> request: /v1/api/tickle
-> GET /v1/api/tickle,200|164ms
-> request: /sso/ping
-> GET /sso/ping,200|623ms
-> request: /v1/api/tickle
-> GET /v1/api/tickle,200|172ms
-> request: /v1/api/tickle
-> GET /v1/api/tickle,200|547ms
-> request: /v1/api/tickle
-> GET /v1/api/tickle,200|163ms
-> request: /v1/api/tickle
-> GET /v1/api/tickle,200|169ms
-> request: /v1/api/tickle
-> GET /v1/api/tickle,200|166ms
-> request: /v1/api/tickle
-> GET /v1/api/tickle,200|215ms
-> request: /v1/api/tickle
-> GET /v1/api/tickle,200|166ms
-> request: /v1/api/tickle
-> GET /v1/api/tickle,200|164ms
-> request: /v1/api/tickle
-> GET /v1/api/tickle,200|166ms
-> request: /v1/api/tickle
-> GET /v1/api/tickle,200|187ms
-> request: /sso/ping
-> GET /sso/ping,200|656ms
-> request: /v1/api/tickle
-> GET /v1/api/tickle,200|169ms
-> request: /v1/api/tickle
-> GET /v1/api/tickle,200|476ms
-> request: /v1/api/tickle
-> GET /v1/api/tickle,200|171ms
-> request: /v1/api/tickle
-> GET /v1/api/tickle,200|409ms
-> request: /v1/api/tickle
-> GET /v1/api/tickle,200|164ms
-> request: /v1/api/tickle
-> GET /v1/api/tickle,200|473ms
-> request: /v1/api/tickle
-> GET /v1/api/tickle,200|167ms
-> request: /v1/api/tickle
-> GET /v1/api/tickle,200|315ms
-> request: /v1/api/tickle
-> GET /v1/api/tickle,200|168ms
-> request: /v1/api/tickle
-> GET /v1/api/tickle,200|503ms
-> request: /sso/ping
-> GET /sso/ping,200|694ms
-> request: /v1/api/tickle
-> GET /v1/api/tickle,200|169ms
-> request: /v1/api/tickle
-> GET /v1/api/tickle,200|508ms
-> request: /v1/api/tickle
-> GET /v1/api/tickle,200|165ms
-> request: /v1/api/tickle
-> GET /v1/api/tickle,200|414ms
-> request: /v1/api/tickle
-> GET /v1/api/tickle,200|164ms
-> request: /v1/api/tickle
-> GET /v1/api/tickle,200|420ms
-> request: /v1/api/tickle
-> GET /v1/api/tickle,200|170ms
-> request: /v1/api/tickle
-> GET /v1/api/tickle,200|631ms
-> request: /v1/api/tickle
-> GET /v1/api/tickle,200|165ms
-> request: /v1/api/tickle
-> GET /v1/api/tickle,200|218ms
-> request: /sso/ping
-> GET /sso/ping,200|620ms
-> request: /v1/api/tickle
-> GET /v1/api/tickle,200|168ms
-> request: /v1/api/tickle
-> GET /v1/api/tickle,200|542ms
-> request: /v1/api/tickle
-> GET /v1/api/tickle,200|167ms
-> request: /v1/api/tickle
-> request: /v1/api/tickle
-> GET /v1/api/tickle,200|1032ms
-> request: /v1/api/tickle
-> GET /v1/api/tickle,200|166ms
-> request: /v1/api/tickle
-> GET /v1/api/tickle,200|164ms
-> request: /v1/api/tickle
-> GET /v1/api/tickle,200|192ms
-> request: /v1/api/tickle
-> GET /v1/api/tickle,200|165ms
-> request: /v1/api/tickle
-> request: /sso/ping
-> GET /sso/ping,200|648ms
-> request: /v1/api/tickle
-> GET /v1/api/tickle,200|378ms
-> request: /v1/api/tickle
-> request: /v1/api/tickle
-> GET /v1/api/tickle,200|486ms
-> request: /v1/api/tickle
-> request: /v1/api/tickle
-> GET /v1/api/tickle,200|1210ms
-> request: /v1/api/tickle
-> GET /v1/api/tickle,200|249ms
-> request: /v1/api/tickle
-> GET /v1/api/tickle,200|226ms
-> request: /v1/api/tickle
-> GET /v1/api/tickle,200|222ms
-> request: /v1/api/tickle
-> GET /v1/api/tickle,200|232ms
-> request: /v1/api/tickle
-> GET /v1/api/tickle,200|464ms
-> request: /sso/ping
-> GET /sso/ping,200|590ms
-> request: /v1/api/tickle
-> GET /v1/api/tickle,200|171ms
-> request: /v1/api/tickle
-> GET /v1/api/tickle,200|195ms
-> request: /v1/api/tickle
-> GET /v1/api/tickle,200|171ms
-> request: /v1/api/tickle
-> GET /v1/api/tickle,200|172ms
-> request: /v1/api/tickle
-> GET /v1/api/tickle,200|185ms
-> request: /v1/api/tickle
-> GET /v1/api/tickle,200|219ms
-> request: /v1/api/tickle
-> GET /v1/api/tickle,200|187ms
-> request: /v1/api/tickle
-> GET /v1/api/tickle,200|169ms
-> request: /v1/api/tickle
-> GET /v1/api/tickle,200|173ms
-> request: /v1/api/tickle
-> GET /v1/api/tickle,200|221ms
-> request: /sso/ping
-> GET /sso/ping,200|380ms
-> request: /v1/api/tickle
-> GET /v1/api/tickle,200|229ms
-> request: /v1/api/tickle
-> GET /v1/api/tickle,200|174ms
-> request: /v1/api/tickle
-> GET /v1/api/tickle,200|172ms
-> request: /v1/api/tickle
-> GET /v1/api/tickle,200|179ms
-> request: /v1/api/tickle
-> GET /v1/api/tickle,200|177ms
-> request: /v1/api/tickle
-> GET /v1/api/tickle,200|172ms
-> request: /v1/api/tickle
-> GET /v1/api/tickle,200|314ms
-> request: /v1/api/tickle
-> GET /v1/api/tickle,200|186ms
-> request: /v1/api/tickle
-> GET /v1/api/tickle,200|174ms
-> request: /v1/api/tickle
-> GET /v1/api/tickle,200|178ms
-> request: /sso/ping
-> GET /sso/ping,200|718ms
-> request: /v1/api/tickle
-> GET /v1/api/tickle,200|226ms
-> request: /v1/api/tickle
-> GET /v1/api/tickle,200|171ms
-> request: /v1/api/tickle
-> GET /v1/api/tickle,200|334ms
-> request: /v1/api/tickle
-> GET /v1/api/tickle,200|182ms
-> request: /v1/api/tickle
-> GET /v1/api/tickle,200|178ms
-> request: /v1/api/tickle
-> GET /v1/api/tickle,200|173ms
-> request: /v1/api/tickle
-> GET /v1/api/tickle,200|171ms
-> request: /v1/api/tickle
-> GET /v1/api/tickle,200|170ms
-> request: /v1/api/tickle
-> GET /v1/api/tickle,200|188ms
-> request: /v1/api/tickle
-> GET /v1/api/tickle,200|177ms
-> request: /sso/ping
-> GET /sso/ping,200|647ms
-> request: /v1/api/tickle
-> GET /v1/api/tickle,200|172ms
-> request: /v1/api/tickle
-> GET /v1/api/tickle,200|167ms
-> request: /v1/api/tickle
-> GET /v1/api/tickle,200|254ms
-> request: /v1/api/tickle
-> GET /v1/api/tickle,200|173ms
-> request: /v1/api/tickle
-> GET /v1/api/tickle,200|191ms
-> request: /v1/api/tickle
-> GET /v1/api/tickle,200|210ms
-> request: /v1/api/tickle
-> GET /v1/api/tickle,200|248ms
-> request: /v1/api/tickle
-> GET /v1/api/tickle,200|999ms
-> request: /v1/api/tickle
-> GET /v1/api/tickle,200|281ms
-> request: /v1/api/tickle
-> GET /v1/api/tickle,200|595ms
-> request: /sso/ping
-> GET /sso/ping,200|639ms
-> request: /v1/api/tickle
-> GET /v1/api/tickle,200|292ms
-> request: /v1/api/tickle
-> GET /v1/api/tickle,200|227ms
-> request: /v1/api/tickle
-> GET /v1/api/tickle,200|609ms
-> request: /v1/api/tickle
-> GET /v1/api/tickle,200|710ms
-> request: /v1/api/tickle
-> GET /v1/api/tickle,200|214ms
-> request: /v1/api/tickle
-> GET /v1/api/tickle,200|506ms
-> request: /v1/api/tickle
-> GET /v1/api/tickle,200|228ms
-> request: /v1/api/tickle
-> GET /v1/api/tickle,200|231ms
-> request: /v1/api/tickle
-> GET /v1/api/tickle,200|634ms
-> request: /v1/api/tickle
-> GET /v1/api/tickle,200|280ms
-> request: /sso/ping
-> GET /sso/ping,200|715ms
-> request: /v1/api/tickle
-> GET /v1/api/tickle,200|215ms
-> request: /v1/api/tickle
-> GET /v1/api/tickle,200|532ms
-> request: /v1/api/tickle
-> GET /v1/api/tickle,200|222ms
-> request: /v1/api/tickle
-> GET /v1/api/tickle,200|233ms
-> request: /v1/api/tickle
-> GET /v1/api/tickle,200|542ms
-> request: /v1/api/tickle
-> GET /v1/api/tickle,200|306ms
-> request: /v1/api/tickle
-> GET /v1/api/tickle,200|218ms
-> request: /v1/api/tickle
-> GET /v1/api/tickle,200|264ms
-> request: /v1/api/tickle
-> GET /v1/api/tickle,200|227ms
-> request: /v1/api/tickle
-> GET /v1/api/tickle,200|659ms
-> request: /sso/ping
-> GET /sso/ping,200|644ms
-> request: /v1/api/tickle
-> GET /v1/api/tickle,200|243ms
-> request: /v1/api/tickle
-> GET /v1/api/tickle,200|223ms
-> request: /v1/api/tickle
-> GET /v1/api/tickle,200|532ms
-> request: /v1/api/tickle
-> GET /v1/api/tickle,200|233ms
-> request: /v1/api/tickle
-> GET /v1/api/tickle,200|308ms
-> request: /v1/api/tickle
-> GET /v1/api/tickle,200|987ms
-> request: /v1/api/tickle
-> GET /v1/api/tickle,200|582ms
-> request: /v1/api/tickle
-> GET /v1/api/tickle,200|350ms
-> request: /v1/api/tickle
-> GET /v1/api/tickle,200|314ms
-> request: /v1/api/tickle
-> GET /v1/api/tickle,200|502ms
-> request: /sso/ping
-> GET /sso/ping,200|673ms
-> request: /v1/api/tickle
-> GET /v1/api/tickle,200|232ms
-> request: /v1/api/tickle
-> GET /v1/api/tickle,200|598ms
-> request: /v1/api/tickle
-> GET /v1/api/tickle,200|294ms
-> request: /v1/api/tickle
-> GET /v1/api/tickle,200|339ms
-> request: /v1/api/tickle
-> GET /v1/api/tickle,200|508ms
-> request: /v1/api/tickle
-> GET /v1/api/tickle,200|254ms
-> request: /v1/api/tickle
-> GET /v1/api/tickle,200|658ms
-> request: /v1/api/tickle
-> GET /v1/api/tickle,200|233ms
-> request: /v1/api/tickle
-> GET /v1/api/tickle,200|231ms
-> request: /v1/api/tickle
-> GET /v1/api/tickle,200|694ms
-> request: /sso/ping
-> GET /sso/ping,200|934ms
-> request: /v1/api/tickle
-> GET /v1/api/tickle,200|234ms
-> request: /v1/api/tickle
-> GET /v1/api/tickle,200|328ms
-> request: /v1/api/tickle
-> GET /v1/api/tickle,200|225ms
-> request: /v1/api/tickle
-> GET /v1/api/tickle,200|219ms
-> request: /v1/api/tickle
-> GET /v1/api/tickle,200|299ms
-> request: /v1/api/tickle
-> GET /v1/api/tickle,200|545ms
-> request: /v1/api/tickle
-> GET /v1/api/tickle,200|341ms
-> request: /v1/api/tickle
-> GET /v1/api/tickle,200|238ms
-> request: /v1/api/tickle
-> GET /v1/api/tickle,200|167ms
-> request: /v1/api/tickle
-> GET /v1/api/tickle,200|559ms
-> request: /sso/ping
-> GET /sso/ping,200|994ms
-> request: /v1/api/tickle
-> GET /v1/api/tickle,200|767ms
-> request: /v1/api/tickle
-> GET /v1/api/tickle,200|218ms
-> request: /v1/api/tickle
-> GET /v1/api/tickle,200|364ms
-> request: /v1/api/tickle
-> GET /v1/api/tickle,200|220ms
-> request: /v1/api/tickle
-> GET /v1/api/tickle,200|224ms
-> request: /v1/api/tickle
-> GET /v1/api/tickle,200|373ms
-> request: /v1/api/tickle
-> GET /v1/api/tickle,200|223ms
-> request: /v1/api/tickle
-> GET /v1/api/tickle,200|462ms
-> request: /v1/api/tickle
-> GET /v1/api/tickle,200|1446ms
-> request: /v1/api/tickle
-> GET /v1/api/tickle,200|221ms
-> request: /sso/ping
-> GET /sso/ping,200|675ms
-> request: /v1/api/tickle
-> GET /v1/api/tickle,200|390ms
-> request: /v1/api/tickle
-> GET /v1/api/tickle,200|596ms
-> request: /v1/api/tickle
-> GET /v1/api/tickle,200|243ms
-> request: /v1/api/tickle
-> GET /v1/api/tickle,200|604ms
-> request: /v1/api/tickle
-> GET /v1/api/tickle,200|226ms
-> request: /v1/api/tickle
-> GET /v1/api/tickle,200|267ms
-> request: /v1/api/tickle
-> GET /v1/api/tickle,200|219ms
-> GET /sso/Login?forwardTo=22&RL=1&ip2loc=US
<- 200 GET /sso/Login?forwardTo=22&RL=1&ip2loc=US
-> GET /css/bootstrap-5.2.2/bootstrap.min.css
-> GET /css/fontawesome-6.2.0/all.min.css
-> GET /css/bootstrap-switch-3.3.2/bootstrap-switch.min.css
-> GET /css/reg-am/login.min.css
-> GET /css/ibkr/theme-ibkr-portal.min.css
-> GET /scripts/common/js/jquery-3.7.0/jquery.min.js
<- 200 GET /css/bootstrap-5.2.2/bootstrap.min.css
-> GET /scripts/common/js/bootstrap-5.2.2/bootstrap.bundle.min.js
<- 200 GET /scripts/common/js/jquery-3.7.0/jquery.min.js
-> GET /sso/lib/xyz.bundle.min.js
<- 200 GET /scripts/common/js/bootstrap-5.2.2/bootstrap.bundle.min.js
-> GET /images/2015/btn-app-apple.png
<- 200 GET /css/bootstrap-switch-3.3.2/bootstrap-switch.min.css
<- 200 GET /sso/lib/xyz.bundle.min.js
-> GET /images/2015/btn-app-google.png
<- 200 GET /css/fontawesome-6.2.0/all.min.css
<- 200 GET /images/2015/btn-app-apple.png
<- 200 GET /css/ibkr/theme-ibkr-portal.min.css
-> GET /images/2015/btn-app-tws.png
<- 200 GET /images/2015/btn-app-google.png
-> GET /images/2015/button_discover_apis.png
<- 200 GET /images/2015/btn-app-tws.png
<- 200 GET /images/2015/button_discover_apis.png
<- 200 GET /css/reg-am/login.min.css
-> GET /images/common/logos/ibkr/interactive-brokers.svg
-> GET /fonts/fontawesome-6.4.2/webfonts/fa-solid-900.woff2
-> GET /fonts/proxima-nova/Proxima-Nova-Regular.woff2
-> GET /images/web/favicons/home-screen-icon-192x192.png
-> POST /portal.proxy/v1/gstat/bulletins
-> GET /sso/images/2fa-animated-once.gif
<- 200 GET /images/common/logos/ibkr/interactive-brokers.svg
<- 200 GET /images/web/favicons/home-screen-icon-192x192.png
<- 200 GET /fonts/proxima-nova/Proxima-Nova-Regular.woff2
<- 200 GET /sso/images/2fa-animated-once.gif
<- 200 GET /fonts/fontawesome-6.4.2/webfonts/fa-solid-900.woff2
<- 204 POST /portal.proxy/v1/gstat/bulletins
-> POST /sso/Authenticator
<- 200 POST /sso/Authenticator
-> POST /sso/Authenticator
<- 200 POST /sso/Authenticator
-> POST /sso/Dispatcher
<- 200 POST /sso/Dispatcher
-> GET /css/reg-am/login.min.css
-> GET /css/ibkr/theme-ibkr-portal.min.css
-> GET /scripts/common/js/jquery-3.7.0/jquery.min.js
-> GET /scripts/common/js/bootstrap-5.2.2/bootstrap.bundle.min.js
-> GET /sso/lib/xyz.bundle.min.js
<- 304 GET /scripts/common/js/jquery-3.7.0/jquery.min.js
<- 304 GET /scripts/common/js/bootstrap-5.2.2/bootstrap.bundle.min.js
<- 304 GET /sso/lib/xyz.bundle.min.js
<- 200 GET /css/reg-am/login.min.css
<- 200 GET /css/ibkr/theme-ibkr-portal.min.css
-> GET /fonts/fontawesome-6.4.2/webfonts/fa-solid-900.woff2
-> GET /images/web/favicons/home-screen-icon-192x192.png
-> POST /portal.proxy/v1/gstat/bulletins
<- 200 GET /images/web/favicons/home-screen-icon-192x192.png
<- 304 GET /fonts/fontawesome-6.4.2/webfonts/fa-solid-900.woff2
<- 204 POST /portal.proxy/v1/gstat/bulletins
-> POST /sso/Authenticator
<- 200 POST /sso/Authenticator
-> POST /sso/Authenticator
<- 200 POST /sso/Authenticator
-> POST /sso/Dispatcher
<- 302 POST /sso/Dispatcher
-> request: /v1/api/sso/validate?gw=1
-> GET /v1/api/sso/validate?gw=1,200|439ms
-> request: /v1/api/one/user
-> request: /v1/api/ssodh/init
-> sso GET https://api.ibkr.com/v1/api/ssodh/init
-> GET /v1/api/one/user,200|689ms
-> request: /v1/api/ssodh/st
-> sso GET https://api.ibkr.com/v1/api/ssodh/st
-> request: /sso/Authenticator?ACTION=PUBLISH_TST&RESP_TYPE=JSON&DEVICE_ID=1bb4d2b6|4A-36-69-19-82-3A
-> sso GET https://api.ibkr.com/sso/Authenticator?ACTION=PUBLISH_TST&RESP_TYPE=JSON&DEVICE_ID=1bb4d2b6|4A-36-69-19-82-3A
<- 200 GET https://api.ibkr.com/sso/Authenticator?ACTION=PUBLISH_TST&RESP_TYPE=JSON&DEVICE_ID=1bb4d2b6|4A-36-69-19-82-3A 0
-> request: /v1/api/iserver/auth/status
-> GET /v1/api/iserver/auth/status,200|328ms
-> request: /v1/api/iserver/auth/ssodh/init
-> GET /v1/api//iserver/secdef/search?symbol=AAPL
<- 400 GET /v1/api//iserver/secdef/search?symbol=AAPL
-> POST https://api.ibkr.com/v1/api/iserver/auth/ssodh/init,200|1809ms
-> request: /v1/api/iserver/accounts
-> GET /v1/api/iserver/accounts,200|276ms
-> request: /v1/api/tickle
-> GET /v1/api/tickle,200|264ms
-> request: /v1/api/tickle
-> GET /v1/api/tickle,200|275ms
-> GET /v1/api//iserver/secdef/search?symbol=SPX
<- 200 GET /v1/api//iserver/secdef/search?symbol=SPX
-> GET /v1/api//iserver/marketdata/snapshot?conids=416904&fields=31,7296
<- 200 GET /v1/api//iserver/marketdata/snapshot?conids=416904&fields=31,7296
-> GET /v1/api//iserver/marketdata/snapshot?conids=416904&fields=31,7296
<- 200 GET /v1/api//iserver/marketdata/snapshot?conids=416904&fields=31,7296
-> request: /v1/api/tickle
-> GET /v1/api/tickle,200|283ms
-> request: /v1/api/tickle
-> GET /v1/api/tickle,200|280ms
-> GET /v1/api//iserver/secdef/search?symbol=SPX
<- 200 GET /v1/api//iserver/secdef/search?symbol=SPX
-> GET /v1/api//iserver/marketdata/snapshot?conids=416904&fields=31,7296
<- 200 GET /v1/api//iserver/marketdata/snapshot?conids=416904&fields=31,7296
-> GET /v1/api//iserver/marketdata/snapshot?conids=416904&fields=31,7296
<- 200 GET /v1/api//iserver/marketdata/snapshot?conids=416904&fields=31,7296
-> request: /v1/api/tickle
-> GET /v1/api/tickle,200|283ms
-> GET /v1/api//iserver/secdef/search?symbol=SPX
<- 200 GET /v1/api//iserver/secdef/search?symbol=SPX
-> GET /v1/api//iserver/marketdata/snapshot?conids=416904&fields=31,7296
<- 200 GET /v1/api//iserver/marketdata/snapshot?conids=416904&fields=31,7296
-> GET /v1/api//iserver/marketdata/snapshot?conids=416904&fields=31,7296
<- 200 GET /v1/api//iserver/marketdata/snapshot?conids=416904&fields=31,7296
-> request: /v1/api/tickle
-> GET /v1/api/tickle,200|394ms
-> request: /v1/api/tickle
-> GET /v1/api/tickle,200|220ms
-> GET /v1/api//iserver/secdef/search?symbol=SPX
<- 200 GET /v1/api//iserver/secdef/search?symbol=SPX
-> GET /v1/api//iserver/marketdata/snapshot?conids=416904&fields=31,7296
<- 200 GET /v1/api//iserver/marketdata/snapshot?conids=416904&fields=31,7296
-> GET /v1/api//iserver/marketdata/snapshot?conids=416904&fields=31,7296
<- 200 GET /v1/api//iserver/marketdata/snapshot?conids=416904&fields=31,7296
-> GET /v1/api//iserver/secdef/strikes?conid=416904&secType=OPT&month=DEC24
<- 200 GET /v1/api//iserver/secdef/strikes?conid=416904&secType=OPT&month=DEC24
-> GET /v1/api//iserver/secdef/info?conid=416904&month=DEC24&strike=6025.0&secType=OPT&right=P
<- 200 GET /v1/api//iserver/secdef/info?conid=416904&month=DEC24&strike=6025.0&secType=OPT&right=P
-> GET /v1/api//iserver/marketdata/snapshot?conids=740305463&fields=31,84,88,86,85
<- 200 GET /v1/api//iserver/marketdata/snapshot?conids=740305463&fields=31,84,88,86,85
-> GET /v1/api//iserver/marketdata/snapshot?conids=740305463&fields=31,84,88,86,85
<- 200 GET /v1/api//iserver/marketdata/snapshot?conids=740305463&fields=31,84,88,86,85
-> request: /v1/api/tickle
-> GET /v1/api/tickle,200|220ms
-> request: /v1/api/tickle
-> GET /v1/api/tickle,200|707ms
-> request: /sso/ping
-> GET /sso/ping,200|768ms
-> request: /v1/api/tickle
-> GET /v1/api/tickle,200|301ms
-> request: /v1/api/tickle
-> GET /v1/api/tickle,200|302ms
-> request: /v1/api/tickle
-> GET /v1/api/tickle,200|308ms
-> request: /v1/api/tickle
-> GET /v1/api/tickle,200|307ms
-> request: /v1/api/tickle
-> GET /v1/api/tickle,200|1016ms
-> request: /v1/api/tickle
-> GET /v1/api/tickle,200|228ms
-> request: /v1/api/tickle
-> GET /v1/api/tickle,200|223ms
-> request: /v1/api/tickle
-> GET /v1/api/tickle,200|425ms
-> request: /v1/api/tickle
-> GET /v1/api/tickle,200|326ms
-> request: /v1/api/tickle
-> GET /v1/api/tickle,200|300ms
-> request: /sso/ping
-> GET /sso/ping,200|657ms
-> request: /v1/api/tickle
-> GET /v1/api/tickle,200|333ms
-> request: /v1/api/tickle
-> GET /v1/api/tickle,200|439ms
-> request: /v1/api/tickle
-> GET /v1/api/tickle,200|338ms
-> request: /v1/api/tickle
-> GET /v1/api/tickle,200|239ms
-> request: /v1/api/tickle
-> GET /v1/api/tickle,200|346ms
-> request: /v1/api/tickle
-> GET /v1/api/tickle,200|349ms
-> request: /v1/api/tickle
-> GET /v1/api/tickle,200|250ms
-> request: /v1/api/tickle
-> GET /v1/api/tickle,200|217ms
-> request: /v1/api/tickle
-> GET /v1/api/tickle,200|176ms
-> request: /v1/api/tickle
-> GET /v1/api/tickle,200|180ms
-> request: /sso/ping
-> GET /sso/ping,200|636ms
-> request: /v1/api/tickle
-> GET /v1/api/tickle,200|260ms
-> request: /v1/api/tickle
-> GET /v1/api/tickle,200|367ms
-> request: /v1/api/tickle
-> GET /v1/api/tickle,200|373ms
-> request: /v1/api/tickle
-> GET /v1/api/tickle,200|272ms
-> request: /v1/api/tickle
-> GET /v1/api/tickle,200|276ms
-> request: /v1/api/tickle
-> GET /v1/api/tickle,200|279ms
-> request: /v1/api/tickle
-> GET /v1/api/tickle,200|287ms
-> request: /v1/api/tickle
-> GET /v1/api/tickle,200|386ms
-> request: /v1/api/tickle
-> GET /v1/api/tickle,200|250ms
-> request: /v1/api/tickle
-> GET /v1/api/tickle,200|294ms
-> request: /sso/ping
-> GET /sso/ping,200|663ms
-> request: /v1/api/tickle
-> GET /v1/api/tickle,200|294ms
-> request: /v1/api/tickle
-> GET /v1/api/tickle,200|299ms
-> request: /v1/api/tickle
-> GET /v1/api/tickle,200|225ms
-> request: /v1/api/tickle
-> GET /v1/api/tickle,200|225ms
-> request: /v1/api/tickle
-> GET /v1/api/tickle,200|236ms
-> request: /v1/api/tickle
-> GET /v1/api/tickle,200|314ms
-> request: /v1/api/tickle
-> GET /v1/api/tickle,200|244ms
-> request: /v1/api/tickle
-> GET /v1/api/tickle,200|236ms
-> request: /v1/api/tickle
-> GET /v1/api/tickle,200|244ms
-> request: /v1/api/tickle
-> GET /v1/api/tickle,200|328ms
-> request: /sso/ping
-> GET /sso/ping,200|698ms
-> request: /v1/api/tickle
-> GET /v1/api/tickle,200|316ms
-> request: /v1/api/tickle
-> GET /v1/api/tickle,200|332ms
-> request: /v1/api/tickle
-> GET /v1/api/tickle,200|336ms
-> request: /v1/api/tickle
-> GET /v1/api/tickle,200|338ms
-> request: /v1/api/tickle
-> GET /v1/api/tickle,200|345ms
-> request: /v1/api/tickle
-> GET /v1/api/tickle,200|225ms
-> request: /v1/api/tickle
-> GET /v1/api/tickle,200|350ms
-> request: /v1/api/tickle
-> GET /v1/api/tickle,200|357ms
-> request: /v1/api/tickle
-> GET /v1/api/tickle,200|177ms
-> request: /v1/api/tickle
-> GET /v1/api/tickle,200|190ms
-> request: /sso/ping
-> GET /sso/ping,200|731ms
-> request: /v1/api/tickle
-> GET /v1/api/tickle,200|187ms
-> request: /v1/api/tickle
-> GET /v1/api/tickle,200|282ms
-> request: /v1/api/tickle
-> GET /v1/api/tickle,200|265ms
-> request: /v1/api/tickle
-> GET /v1/api/tickle,200|228ms
-> request: /v1/api/tickle
-> GET /v1/api/tickle,200|252ms
-> request: /v1/api/tickle
-> GET /v1/api/tickle,200|224ms
-> request: /v1/api/tickle
-> GET /v1/api/tickle,200|380ms
-> request: /v1/api/tickle
-> GET /v1/api/tickle,200|221ms
-> request: /v1/api/tickle
-> GET /v1/api/tickle,200|285ms
-> request: /v1/api/tickle
-> GET /v1/api/tickle,200|290ms
-> request: /sso/ping
-> GET /sso/ping,200|664ms
-> request: /v1/api/tickle
-> GET /v1/api/tickle,200|180ms
-> request: /v1/api/tickle
-> GET /v1/api/tickle,200|295ms
-> request: /v1/api/tickle
-> GET /v1/api/tickle,200|298ms
-> request: /v1/api/tickle
-> GET /v1/api/tickle,200|226ms
-> request: /v1/api/tickle
-> GET /v1/api/tickle,200|305ms
-> request: /v1/api/tickle
-> GET /v1/api/tickle,200|412ms
-> request: /v1/api/tickle
-> GET /v1/api/tickle,200|312ms
-> request: /v1/api/tickle
-> GET /v1/api/tickle,200|315ms
-> request: /v1/api/tickle
-> GET /v1/api/tickle,200|317ms
-> request: /v1/api/tickle
-> GET /v1/api/tickle,200|322ms
-> request: /sso/ping
-> GET /sso/ping,200|693ms
-> request: /v1/api/tickle
-> GET /v1/api/tickle,200|325ms
-> request: /v1/api/tickle
-> GET /v1/api/tickle,200|266ms
-> request: /v1/api/tickle
-> GET /v1/api/tickle,200|220ms
-> request: /v1/api/tickle
-> GET /v1/api/tickle,200|319ms
-> request: /v1/api/tickle
-> GET /v1/api/tickle,200|267ms
-> request: /v1/api/tickle
-> request: /v1/api/tickle
-> request: /v1/api/tickle
-> request: /v1/api/tickle
-> request: /v1/api/tickle
-> request: /sso/ping
-> request: /v1/api/tickle
-> GET /v1/api/tickle,200|525ms
-> request: /v1/api/tickle
-> GET /v1/api/tickle,200|305ms
-> request: /v1/api/tickle
-> GET /v1/api/tickle,200|310ms
-> request: /v1/api/tickle
-> request: /v1/api/tickle
-> GET /v1/api/tickle,200|613ms
-> request: /v1/api/tickle
-> request: /v1/api/tickle
-> GET /v1/api/tickle,401|724ms
-> request: /v1/api/sso/validate?gw=1
-> GET /v1/api/sso/validate?gw=1,200|1314ms
-> request: /v1/api/one/user
-> request: /v1/api/ssodh/init
-> sso GET https://api.ibkr.com/v1/api/ssodh/init
-> request: /sso/ping
-> request: /sso/ping
-> GET /sso/ping,200|733ms
-> request: /sso/ping
-> GET /sso/ping,200|730ms
-> request: /sso/ping
-> GET /sso/ping,200|757ms
-> request: /sso/ping
-> request: /sso/ping
-> GET /sso/ping,200|933ms
-> request: /sso/ping
-> request: /sso/ping
-> GET /sso/ping,200|761ms
-> request: /sso/ping
-> GET /sso/ping,200|824ms
-> request: /sso/ping
-> GET /sso/ping,200|838ms
-> request: /sso/ping
-> request: /sso/ping
-> GET /sso/ping,200|746ms
-> request: /sso/ping
-> request: /sso/ping
-> GET /sso/ping,200|934ms
-> request: /sso/ping
-> request: /sso/ping
-> GET /sso/ping,200|707ms
-> request: /sso/ping
-> GET /sso/ping,200|870ms
-> request: /sso/ping
-> GET /sso/ping,200|718ms
-> request: /sso/ping
-> GET /sso/ping,200|921ms
-> request: /sso/ping
-> GET /sso/ping,200|581ms
-> request: /sso/ping
-> GET /sso/Login?forwardTo=22&RL=1&ip2loc=US
<- 200 GET /sso/Login?forwardTo=22&RL=1&ip2loc=US
-> GET /css/bootstrap-5.2.2/bootstrap.min.css
-> GET /css/fontawesome-6.2.0/all.min.css
-> GET /css/bootstrap-switch-3.3.2/bootstrap-switch.min.css
-> GET /css/reg-am/login.min.css
-> GET /css/ibkr/theme-ibkr-portal.min.css
-> GET /scripts/common/js/jquery-3.7.0/jquery.min.js
<- 200 GET /css/bootstrap-5.2.2/bootstrap.min.css
-> GET /scripts/common/js/bootstrap-5.2.2/bootstrap.bundle.min.js
<- 200 GET /scripts/common/js/jquery-3.7.0/jquery.min.js
-> GET /sso/lib/xyz.bundle.min.js
<- 200 GET /css/reg-am/login.min.css
<- 200 GET /css/bootstrap-switch-3.3.2/bootstrap-switch.min.css
-> GET /images/2015/btn-app-apple.png
<- 200 GET /scripts/common/js/bootstrap-5.2.2/bootstrap.bundle.min.js
-> GET /images/2015/btn-app-google.png
<- 200 GET /sso/lib/xyz.bundle.min.js
<- 200 GET /images/2015/btn-app-apple.png
<- 200 GET /css/fontawesome-6.2.0/all.min.css
-> GET /images/2015/btn-app-tws.png
<- 200 GET /css/ibkr/theme-ibkr-portal.min.css
<- 200 GET /images/2015/btn-app-google.png
-> GET /images/2015/button_discover_apis.png
<- 200 GET /images/2015/btn-app-tws.png
-> GET /images/common/logos/ibkr/interactive-brokers.svg
-> GET /fonts/fontawesome-6.4.2/webfonts/fa-solid-900.woff2
-> GET /fonts/proxima-nova/Proxima-Nova-Regular.woff2
-> GET /images/web/favicons/home-screen-icon-192x192.png
<- 200 GET /images/2015/button_discover_apis.png
-> POST /portal.proxy/v1/gstat/bulletins
-> GET /sso/images/2fa-animated-once.gif
<- 200 GET /fonts/proxima-nova/Proxima-Nova-Regular.woff2
<- 200 GET /images/web/favicons/home-screen-icon-192x192.png
<- 200 GET /images/common/logos/ibkr/interactive-brokers.svg
<- 200 GET /fonts/fontawesome-6.4.2/webfonts/fa-solid-900.woff2
<- 204 POST /portal.proxy/v1/gstat/bulletins
<- 200 GET /sso/images/2fa-animated-once.gif
-> POST /sso/Authenticator
<- 200 POST /sso/Authenticator
-> POST /sso/Authenticator
<- 200 POST /sso/Authenticator
-> POST /sso/Dispatcher
<- 302 POST /sso/Dispatcher
-> request: /v1/api/sso/validate?gw=1
-> GET /v1/api/sso/validate?gw=1,401|662ms
-> request: /v1/api/sso/validate?gw=1
-> GET /v1/api/sso/validate?gw=1,200|678ms
-> request: /v1/api/one/user
-> request: /v1/api/ssodh/init
-> sso GET https://api.ibkr.com/v1/api/ssodh/init
-> GET /v1/api/one/user,200|436ms
-> request: /v1/api/ssodh/st
-> sso GET https://api.ibkr.com/v1/api/ssodh/st
-> request: /sso/Authenticator?ACTION=PUBLISH_TST&RESP_TYPE=JSON&DEVICE_ID=06efcae2|4A-36-69-19-82-3A
-> sso GET https://api.ibkr.com/sso/Authenticator?ACTION=PUBLISH_TST&RESP_TYPE=JSON&DEVICE_ID=06efcae2|4A-36-69-19-82-3A
<- 200 GET https://api.ibkr.com/sso/Authenticator?ACTION=PUBLISH_TST&RESP_TYPE=JSON&DEVICE_ID=06efcae2|4A-36-69-19-82-3A 0
-> GET /v1/api//iserver/secdef/search?symbol=SPX
<- 400 GET /v1/api//iserver/secdef/search?symbol=SPX
-> request: /v1/api/iserver/auth/status
-> GET /v1/api/iserver/auth/status,200|175ms
-> request: /v1/api/iserver/auth/ssodh/init
-> POST https://api.ibkr.com/v1/api/iserver/auth/ssodh/init,200|1711ms
-> request: /v1/api/iserver/accounts
-> GET /v1/api/iserver/accounts,200|186ms
-> GET /v1/api//iserver/secdef/search?symbol=SPX
<- 200 GET /v1/api//iserver/secdef/search?symbol=SPX
-> GET /v1/api//iserver/marketdata/snapshot?conids=416904&fields=31,7296
<- 200 GET /v1/api//iserver/marketdata/snapshot?conids=416904&fields=31,7296
-> GET /v1/api//iserver/marketdata/snapshot?conids=416904&fields=31,7296
<- 200 GET /v1/api//iserver/marketdata/snapshot?conids=416904&fields=31,7296
-> request: /v1/api/tickle
-> GET /v1/api/tickle,200|181ms
-> request: /v1/api/tickle
-> GET /v1/api/tickle,200|440ms
-> GET /v1/api//iserver/secdef/search?symbol=SPX
<- 200 GET /v1/api//iserver/secdef/search?symbol=SPX
-> GET /v1/api//iserver/marketdata/snapshot?conids=416904&fields=31,7296
<- 200 GET /v1/api//iserver/marketdata/snapshot?conids=416904&fields=31,7296
-> GET /v1/api//iserver/marketdata/snapshot?conids=416904&fields=31,7296
<- 200 GET /v1/api//iserver/marketdata/snapshot?conids=416904&fields=31,7296
-> request: /v1/api/tickle
-> GET /v1/api/tickle,200|172ms
-> request: /v1/api/tickle
-> GET /v1/api/tickle,200|552ms
-> request: /v1/api/tickle
-> GET /v1/api/tickle,200|466ms
-> request: /v1/api/tickle
-> GET /v1/api/tickle,200|183ms
-> request: /v1/api/tickle
-> GET /v1/api/tickle,200|561ms
-> request: /v1/api/tickle
-> GET /v1/api/tickle,200|346ms
-> request: /v1/api/tickle
-> GET /v1/api/tickle,200|181ms
-> request: /sso/ping
-> GET /sso/ping,200|591ms
-> request: /v1/api/tickle
-> GET /v1/api/tickle,200|223ms
-> request: /v1/api/tickle
-> GET /v1/api/tickle,200|370ms
-> request: /v1/api/tickle
-> GET /v1/api/tickle,200|480ms
-> request: /v1/api/tickle
-> GET /v1/api/tickle,200|186ms
-> request: /v1/api/tickle
-> GET /v1/api/tickle,200|385ms
-> request: /v1/api/tickle
-> GET /v1/api/tickle,200|478ms
-> request: /v1/api/tickle
-> GET /v1/api/tickle,200|461ms
-> request: /v1/api/tickle
-> GET /v1/api/tickle,200|476ms
-> request: /v1/api/tickle
-> GET /v1/api/tickle,200|185ms
-> request: /v1/api/tickle
-> GET /v1/api/tickle,200|485ms
-> request: /sso/ping
-> GET /sso/ping,200|608ms
-> request: /v1/api/tickle
-> GET /v1/api/tickle,200|177ms
-> request: /v1/api/tickle
-> GET /v1/api/tickle,200|518ms
-> request: /v1/api/tickle
-> GET /v1/api/tickle,200|180ms
-> request: /v1/api/tickle
-> GET /v1/api/tickle,200|471ms
-> request: /v1/api/tickle
-> GET /v1/api/tickle,200|334ms
-> request: /v1/api/tickle
-> GET /v1/api/tickle,200|522ms
-> request: /v1/api/tickle
-> GET /v1/api/tickle,200|392ms
-> request: /v1/api/tickle
-> GET /v1/api/tickle,200|175ms
-> request: /v1/api/tickle
-> GET /v1/api/tickle,200|496ms
-> request: /v1/api/tickle
-> GET /v1/api/tickle,200|345ms
-> request: /sso/ping
-> GET /sso/ping,200|589ms
-> request: /v1/api/tickle
-> GET /v1/api/tickle,200|218ms
-> request: /v1/api/tickle
-> GET /v1/api/tickle,200|675ms
-> request: /v1/api/tickle
-> GET /v1/api/tickle,200|180ms
-> request: /v1/api/tickle
-> GET /v1/api/tickle,200|545ms
-> request: /v1/api/tickle
-> GET /v1/api/tickle,200|442ms
-> request: /v1/api/tickle
-> GET /v1/api/tickle,200|480ms
-> request: /v1/api/tickle
-> GET /v1/api/tickle,200|198ms
-> request: /v1/api/tickle
-> GET /v1/api/tickle,200|452ms
-> request: /v1/api/tickle
-> GET /v1/api/tickle,200|391ms
-> request: /v1/api/tickle
-> GET /v1/api/tickle,200|331ms
-> request: /sso/ping
-> GET /sso/ping,200|598ms
-> request: /v1/api/tickle
-> GET /v1/api/tickle,200|260ms
-> request: /v1/api/tickle
-> GET /v1/api/tickle,200|191ms
-> request: /v1/api/tickle
-> GET /v1/api/tickle,200|470ms
-> request: /v1/api/tickle
-> GET /v1/api/tickle,200|478ms
-> request: /v1/api/tickle
-> GET /v1/api/tickle,200|478ms
-> request: /v1/api/tickle
-> GET /v1/api/tickle,200|177ms
-> request: /v1/api/tickle
-> GET /v1/api/tickle,200|479ms
-> request: /v1/api/tickle
-> GET /v1/api/tickle,200|181ms
-> request: /v1/api/tickle
-> GET /v1/api/tickle,200|458ms
-> request: /v1/api/sso/validate?gw=1
-> request: /v1/api/sso/validate?gw=1
-> GET /v1/api/sso/validate?gw=1,200|183ms
-> request: /v1/api/one/user
-> request: /v1/api/ssodh/init
-> sso GET https://api.ibkr.com/v1/api/ssodh/init
-> GET /v1/api/sso/validate?gw=1,200|209ms
-> request: /v1/api/one/user
-> request: /v1/api/ssodh/init
-> sso GET https://api.ibkr.com/v1/api/ssodh/init
-> GET /v1/api/one/user,200|179ms
-> GET /v1/api/one/user,200|200ms
-> request: /sso/ping
-> GET /sso/ping,200|655ms
-> request: /sso/ping
-> GET /sso/ping,200|603ms
-> request: /sso/ping
-> GET /sso/ping,200|615ms
-> request: /sso/ping
-> GET /sso/ping,200|597ms
-> request: /sso/ping
-> GET /sso/ping,200|604ms
-> request: /sso/ping
-> GET /sso/ping,200|616ms
-> request: /sso/ping
-> GET /sso/ping,200|588ms
-> request: /sso/ping
-> GET /sso/ping,200|587ms
-> request: /sso/ping
-> GET /sso/ping,200|602ms
-> request: /sso/ping
-> GET /sso/ping,200|605ms
-> request: /sso/ping
-> GET /sso/ping,200|601ms
-> request: /sso/ping
-> GET /sso/ping,200|603ms
-> request: /sso/ping
-> GET /sso/ping,200|600ms
-> request: /sso/ping
-> GET /sso/ping,200|619ms
-> request: /sso/ping
-> request: /sso/ping
-> GET /sso/ping,200|859ms
-> request: /sso/ping
-> GET /sso/ping,200|623ms
-> request: /sso/ping
-> GET /sso/ping,200|846ms
-> request: /sso/ping
-> GET /sso/ping,200|658ms
-> request: /sso/ping
-> request: /sso/ping
-> GET /sso/ping,200|1075ms
-> request: /sso/ping
