-> request: /sso/ping
-> GET /sso/ping,200|652ms
-> request: /sso/ping
-> GET /sso/ping,200|634ms
-> request: /sso/ping
-> GET /sso/ping,200|622ms
-> request: /sso/ping
-> GET /sso/ping,200|614ms
-> request: /sso/ping
-> GET /sso/ping,200|639ms
-> request: /sso/ping
-> GET /sso/ping,200|612ms
-> request: /sso/ping
-> request: /sso/ping
-> GET /sso/ping,200|756ms
-> request: /sso/ping
-> GET /sso/ping,200|851ms
-> request: /sso/ping
-> GET /sso/ping,200|859ms
-> request: /sso/ping
-> GET /sso/ping,200|1246ms
-> request: /sso/ping
-> GET /sso/ping,200|619ms
-> request: /sso/ping
-> GET /sso/ping,200|710ms
-> request: /sso/ping
-> GET /sso/ping,200|626ms
-> request: /sso/ping
-> GET /sso/ping,200|805ms
-> request: /sso/ping
-> GET /sso/ping,200|622ms
-> request: /sso/ping
-> GET /sso/ping,200|626ms
-> request: /sso/ping
-> GET /sso/ping,200|858ms
-> request: /sso/ping
-> request: /sso/ping
-> GET /sso/ping,200|979ms
-> request: /sso/ping
-> GET /sso/ping,200|638ms
-> request: /sso/ping
-> GET /sso/ping,200|859ms
-> request: /sso/ping
-> GET /sso/ping,200|834ms
-> request: /sso/ping
-> GET /sso/ping,200|826ms
-> request: /sso/ping
-> GET /sso/ping,200|820ms
-> request: /sso/ping
-> GET /sso/ping,200|1465ms
-> request: /sso/ping
-> GET /sso/ping,200|853ms
-> request: /sso/ping
-> GET /sso/ping,200|620ms
-> request: /sso/ping
-> GET /sso/ping,200|640ms
-> request: /sso/ping
-> GET /sso/ping,200|916ms
-> request: /sso/ping
-> request: /sso/ping
-> GET /sso/ping,200|727ms
-> request: /sso/ping
-> GET /sso/ping,200|618ms
-> request: /sso/ping
-> GET /sso/ping,200|617ms
-> request: /sso/ping
-> GET /sso/ping,200|610ms
-> request: /sso/ping
-> GET /sso/ping,200|628ms
-> request: /sso/ping
-> GET /sso/ping,200|622ms
-> request: /sso/ping
-> GET /sso/ping,200|619ms
-> request: /sso/ping
-> GET /sso/ping,200|629ms
-> request: /sso/ping
-> GET /sso/ping,200|627ms
-> request: /sso/ping
-> GET /sso/ping,200|623ms
-> request: /sso/ping
-> GET /sso/ping,200|614ms
-> request: /sso/ping
-> GET /sso/ping,200|617ms
-> request: /sso/ping
-> GET /sso/ping,200|618ms
-> request: /sso/ping
-> GET /sso/ping,200|616ms
-> request: /sso/ping
-> GET /sso/ping,200|615ms
-> request: /sso/ping
-> GET /sso/ping,200|608ms
-> request: /sso/ping
-> GET /sso/ping,200|631ms
-> request: /sso/ping
-> GET /sso/ping,200|632ms
-> request: /sso/ping
-> GET /sso/ping,200|616ms
-> request: /sso/ping
-> GET /sso/ping,200|418ms
-> request: /sso/ping
-> GET /sso/ping,200|754ms
-> request: /sso/ping
-> GET /sso/ping,200|616ms
-> request: /sso/ping
-> GET /sso/ping,200|624ms
-> request: /sso/ping
-> GET /sso/ping,200|606ms
-> request: /sso/ping
-> GET /sso/ping,200|623ms
-> request: /sso/ping
-> GET /sso/ping,200|636ms
-> request: /sso/ping
-> GET /sso/ping,200|624ms
-> request: /sso/ping
-> GET /sso/ping,200|617ms
-> request: /sso/ping
-> GET /sso/ping,200|621ms
-> request: /sso/ping
-> GET /sso/ping,200|614ms
-> request: /sso/ping
-> GET /sso/ping,200|622ms
-> request: /sso/ping
-> GET /sso/ping,200|418ms
-> request: /sso/ping
-> GET /sso/ping,200|665ms
-> request: /sso/ping
-> GET /sso/ping,200|625ms
-> request: /sso/ping
-> GET /sso/ping,200|765ms
-> request: /sso/ping
-> GET /sso/ping,200|613ms
-> request: /sso/ping
-> GET /sso/ping,200|407ms
-> request: /sso/ping
-> GET /sso/ping,200|629ms
-> request: /sso/ping
-> GET /sso/ping,200|624ms
-> request: /sso/ping
-> GET /sso/ping,200|614ms
-> request: /sso/ping
-> GET /sso/ping,200|625ms
-> request: /sso/ping
-> GET /sso/ping,200|605ms
-> request: /sso/ping
-> GET /sso/ping,200|615ms
-> request: /sso/ping
-> GET /sso/ping,200|634ms
-> request: /sso/ping
-> GET /sso/ping,200|644ms
-> request: /sso/ping
-> GET /sso/ping,200|627ms
-> request: /sso/ping
-> GET /sso/ping,200|747ms
-> request: /sso/ping
-> GET /sso/ping,200|623ms
-> request: /sso/ping
-> GET /sso/ping,200|838ms
-> request: /sso/ping
-> GET /sso/ping,200|605ms
-> request: /sso/ping
-> GET /sso/ping,200|670ms
-> request: /sso/ping
-> GET /sso/ping,200|627ms
-> request: /sso/ping
-> GET /sso/ping,200|634ms
-> request: /sso/ping
-> GET /sso/ping,200|662ms
-> request: /sso/ping
-> GET /sso/ping,200|636ms
-> request: /sso/ping
-> GET /sso/ping,200|444ms
-> request: /sso/ping
-> GET /sso/ping,200|654ms
-> request: /sso/ping
-> GET /sso/ping,200|661ms
-> request: /sso/ping
-> GET /sso/ping,200|623ms
-> request: /sso/ping
-> GET /sso/ping,200|626ms
-> request: /sso/ping
-> request: /sso/ping
-> GET /sso/ping,200|917ms
-> request: /sso/ping
-> GET /sso/ping,200|805ms
-> request: /sso/ping
-> GET /sso/ping,200|819ms
-> request: /sso/ping
-> GET /sso/ping,200|663ms
-> request: /sso/ping
-> GET /sso/ping,200|695ms
-> request: /sso/ping
-> GET /sso/ping,200|647ms
-> request: /sso/ping
-> GET /sso/ping,200|737ms
-> request: /sso/ping
-> GET /sso/ping,200|650ms
-> request: /sso/ping
-> GET /sso/ping,200|785ms
-> request: /sso/ping
-> GET /sso/ping,200|751ms
-> request: /sso/ping
-> GET /sso/ping,200|636ms
-> request: /sso/ping
-> GET /sso/ping,200|645ms
-> request: /sso/ping
-> GET /sso/ping,200|757ms
-> request: /sso/ping
-> GET /sso/ping,200|535ms
-> request: /sso/ping
-> GET /sso/ping,200|676ms
-> request: /sso/ping
-> GET /sso/ping,200|646ms
-> request: /sso/ping
-> GET /sso/ping,200|678ms
-> request: /sso/ping
-> request: /sso/ping
-> GET /sso/ping,200|946ms
-> request: /sso/ping
-> GET /sso/ping,200|1344ms
-> request: /sso/ping
-> GET /sso/ping,200|712ms
-> request: /sso/ping
-> GET /sso/ping,200|617ms
-> request: /sso/ping
-> GET /sso/ping,200|631ms
-> request: /sso/ping
-> GET /sso/ping,200|625ms
-> request: /sso/ping
-> GET /sso/ping,200|674ms
-> request: /sso/ping
-> GET /sso/ping,200|621ms
-> request: /sso/ping
-> GET /sso/ping,200|627ms
-> request: /sso/ping
-> GET /sso/ping,200|615ms
-> request: /sso/ping
-> GET /sso/ping,200|415ms
-> request: /sso/ping
-> GET /sso/ping,200|634ms
-> request: /sso/ping
-> GET /sso/ping,200|669ms
-> request: /sso/ping
-> GET /sso/ping,200|635ms
-> request: /sso/ping
-> GET /sso/ping,200|639ms
-> request: /sso/ping
-> GET /sso/ping,200|649ms
-> request: /sso/ping
-> GET /sso/ping,200|710ms
-> request: /sso/ping
-> GET /sso/ping,200|645ms
-> request: /sso/ping
-> GET /sso/ping,200|476ms
-> request: /sso/ping
-> GET /sso/ping,200|434ms
-> request: /sso/ping
-> GET /sso/ping,200|438ms
-> request: /sso/ping
-> GET /sso/ping,200|626ms
-> request: /sso/ping
-> GET /sso/ping,200|630ms
-> request: /sso/ping
-> GET /sso/ping,200|616ms
-> request: /sso/ping
-> GET /sso/ping,200|629ms
-> request: /sso/ping
-> GET /sso/ping,200|655ms
-> GET /sso/Login?forwardTo=22&RL=1&ip2loc=US
<- 200 GET /sso/Login?forwardTo=22&RL=1&ip2loc=US
-> GET /css/bootstrap-5.2.2/bootstrap.min.css
-> GET /css/fontawesome-6.2.0/all.min.css
-> GET /css/bootstrap-switch-3.3.2/bootstrap-switch.min.css
-> GET /css/reg-am/login.min.css
-> GET /css/ibkr/theme-ibkr-portal.min.css
-> GET /scripts/common/js/jquery-3.7.0/jquery.min.js
<- 200 GET /css/bootstrap-5.2.2/bootstrap.min.css
<- 200 GET /css/bootstrap-switch-3.3.2/bootstrap-switch.min.css
-> GET /scripts/common/js/bootstrap-5.2.2/bootstrap.bundle.min.js
-> GET /sso/lib/xyz.bundle.min.js
<- 200 GET /css/fontawesome-6.2.0/all.min.css
<- 200 GET /css/reg-am/login.min.css
<- 200 GET /css/ibkr/theme-ibkr-portal.min.css
<- 200 GET /scripts/common/js/bootstrap-5.2.2/bootstrap.bundle.min.js
<- 200 GET /sso/lib/xyz.bundle.min.js
<- 200 GET /scripts/common/js/jquery-3.7.0/jquery.min.js
-> GET /images/web/favicons/home-screen-icon-192x192.png
-> GET /images/common/logos/ibkr/interactive-brokers.svg
-> GET /fonts/proxima-nova/Proxima-Nova-Regular.woff2
-> GET /fonts/fontawesome-6.4.2/webfonts/fa-solid-900.woff2
-> GET /fonts/fontawesome-6.2.0/webfonts/fa-brands-400.woff2
-> POST /portal.proxy/v1/gstat/bulletins
<- 200 GET /images/web/favicons/home-screen-icon-192x192.png
-> GET /sso/images/2fa-animated-once.gif
<- 200 GET /fonts/proxima-nova/Proxima-Nova-Regular.woff2
<- 200 GET /images/common/logos/ibkr/interactive-brokers.svg
<- 200 GET /sso/images/2fa-animated-once.gif
<- 200 GET /fonts/fontawesome-6.2.0/webfonts/fa-brands-400.woff2
<- 200 GET /fonts/fontawesome-6.4.2/webfonts/fa-solid-900.woff2
<- 204 POST /portal.proxy/v1/gstat/bulletins
-> POST /sso/Authenticator
<- 200 POST /sso/Authenticator
-> POST /sso/Authenticator
<- 200 POST /sso/Authenticator
-> POST /sso/Dispatcher
<- 302 POST /sso/Dispatcher
-> request: /v1/api/sso/validate?gw=1
-> GET /v1/api/sso/validate?gw=1,200|1114ms
-> request: /v1/api/one/user
-> request: /v1/api/ssodh/init
-> sso GET https://api.ibkr.com/v1/api/ssodh/init
-> GET /v1/api/one/user,200|874ms
-> request: /v1/api/ssodh/st
-> sso GET https://api.ibkr.com/v1/api/ssodh/st
-> request: /sso/Authenticator?ACTION=PUBLISH_TST&RESP_TYPE=JSON&DEVICE_ID=39dcd63e|6A-2D-16-C9-92-69
-> sso GET https://api.ibkr.com/sso/Authenticator?ACTION=PUBLISH_TST&RESP_TYPE=JSON&DEVICE_ID=39dcd63e|6A-2D-16-C9-92-69
<- 200 GET https://api.ibkr.com/sso/Authenticator?ACTION=PUBLISH_TST&RESP_TYPE=JSON&DEVICE_ID=39dcd63e|6A-2D-16-C9-92-69 0
-> request: /v1/api/iserver/auth/status
-> GET /v1/api/iserver/auth/status,200|292ms
-> request: /v1/api/iserver/auth/ssodh/init
-> POST https://api.ibkr.com/v1/api/iserver/auth/ssodh/init,200|1869ms
-> request: /v1/api/iserver/accounts
-> GET /v1/api/iserver/accounts,200|242ms
-> GET /v1/api//iserver/auth/status
<- 200 GET /v1/api//iserver/auth/status
-> POST /v1/api//tickle
<- 200 POST /v1/api//tickle
-> request: /v1/api/tickle
-> GET /v1/api/tickle,200|277ms
-> request: /v1/api/tickle
-> GET /v1/api/tickle,200|291ms
-> request: /v1/api/tickle
-> GET /v1/api/tickle,200|493ms
-> request: /v1/api/tickle
-> GET /v1/api/tickle,200|292ms
-> request: /v1/api/tickle
-> GET /v1/api/tickle,200|294ms
-> request: /v1/api/tickle
-> GET /v1/api/tickle,200|604ms
-> request: /v1/api/tickle
-> GET /v1/api/tickle,200|302ms
-> request: /v1/api/tickle
-> GET /v1/api/tickle,200|349ms
-> GET /v1/api//iserver/auth/status
<- 200 GET /v1/api//iserver/auth/status
-> POST /v1/api//tickle
<- 200 POST /v1/api//tickle
-> request: /v1/api/tickle
-> GET /v1/api/tickle,200|271ms
-> request: /sso/ping
-> GET /sso/ping,200|642ms
-> request: /v1/api/tickle
-> GET /v1/api/tickle,200|290ms
-> request: /v1/api/tickle
-> GET /v1/api/tickle,200|776ms
-> request: /v1/api/tickle
-> GET /v1/api/tickle,200|221ms
-> request: /v1/api/tickle
-> GET /v1/api/tickle,200|629ms
-> request: /v1/api/tickle
-> GET /v1/api/tickle,200|427ms
-> request: /v1/api/tickle
-> GET /v1/api/tickle,200|468ms
-> request: /v1/api/tickle
-> GET /v1/api/tickle,200|298ms
-> request: /v1/api/tickle
-> GET /v1/api/tickle,200|438ms
-> GET /v1/api//iserver/auth/status
<- 200 GET /v1/api//iserver/auth/status
-> POST /v1/api//tickle
<- 200 POST /v1/api//tickle
-> request: /v1/api/tickle
-> GET /v1/api/tickle,200|275ms
-> request: /v1/api/tickle
-> GET /v1/api/tickle,200|346ms
-> request: /sso/ping
-> GET /sso/ping,200|652ms
-> request: /v1/api/tickle
-> GET /v1/api/tickle,200|540ms
-> request: /v1/api/tickle
-> GET /v1/api/tickle,200|557ms
-> request: /v1/api/tickle
-> GET /v1/api/tickle,200|459ms
-> request: /v1/api/tickle
-> GET /v1/api/tickle,200|973ms
-> request: /v1/api/tickle
-> GET /v1/api/tickle,200|568ms
-> GET /v1/api//iserver/auth/status
<- 200 GET /v1/api//iserver/auth/status
-> POST /v1/api//tickle
<- 200 POST /v1/api//tickle
-> request: /v1/api/tickle
-> GET /v1/api/tickle,200|262ms
-> request: /v1/api/tickle
-> GET /v1/api/tickle,200|234ms
-> request: /v1/api/tickle
-> GET /v1/api/tickle,200|661ms
-> request: /v1/api/tickle
-> GET /v1/api/tickle,200|356ms
-> request: /v1/api/tickle
-> GET /v1/api/tickle,200|226ms
-> request: /sso/ping
-> GET /sso/ping,200|740ms
-> request: /v1/api/tickle
-> GET /v1/api/tickle,200|506ms
-> request: /v1/api/tickle
-> GET /v1/api/tickle,200|383ms
-> request: /v1/api/tickle
-> GET /v1/api/tickle,200|392ms
-> request: /v1/api/tickle
-> GET /v1/api/tickle,200|599ms
-> GET /v1/api//iserver/auth/status
<- 200 GET /v1/api//iserver/auth/status
-> POST /v1/api//tickle
<- 200 POST /v1/api//tickle
-> request: /v1/api/tickle
-> GET /v1/api/tickle,200|298ms
-> request: /v1/api/tickle
-> GET /v1/api/tickle,200|411ms
-> request: /v1/api/tickle
-> GET /v1/api/tickle,200|513ms
-> request: /v1/api/tickle
-> GET /v1/api/tickle,200|409ms
-> request: /v1/api/tickle
-> GET /v1/api/tickle,200|415ms
-> request: /v1/api/tickle
-> GET /v1/api/tickle,200|317ms
-> request: /sso/ping
-> GET /sso/ping,200|643ms
-> request: /v1/api/tickle
-> GET /v1/api/tickle,200|322ms
-> request: /v1/api/tickle
-> GET /v1/api/tickle,200|249ms
-> request: /v1/api/tickle
-> GET /v1/api/tickle,200|1046ms
-> GET /v1/api//iserver/auth/status
<- 200 GET /v1/api//iserver/auth/status
-> POST /v1/api//tickle
<- 200 POST /v1/api//tickle
-> request: /v1/api/tickle
-> GET /v1/api/tickle,200|223ms
-> request: /v1/api/tickle
-> GET /v1/api/tickle,200|853ms
-> request: /v1/api/tickle
-> GET /v1/api/tickle,200|345ms
-> request: /v1/api/tickle
-> GET /v1/api/tickle,200|346ms
-> request: /v1/api/tickle
-> GET /v1/api/tickle,200|487ms
-> request: /v1/api/tickle
-> GET /v1/api/tickle,200|220ms
-> request: /v1/api/tickle
-> GET /v1/api/tickle,200|320ms
-> request: /sso/ping
-> GET /sso/ping,200|707ms
-> request: /v1/api/tickle
-> GET /v1/api/tickle,200|238ms
-> request: /v1/api/tickle
-> GET /v1/api/tickle,200|563ms
-> request: /v1/api/tickle
-> GET /v1/api/tickle,200|569ms
-> GET /v1/api//iserver/auth/status
<- 200 GET /v1/api//iserver/auth/status
-> POST /v1/api//tickle
<- 200 POST /v1/api//tickle
-> request: /v1/api/tickle
-> GET /v1/api/tickle,200|227ms
-> request: /v1/api/tickle
-> GET /v1/api/tickle,200|479ms
-> request: /v1/api/tickle
-> GET /v1/api/tickle,200|275ms
-> request: /v1/api/tickle
-> GET /v1/api/tickle,200|587ms
-> request: /v1/api/tickle
-> GET /v1/api/tickle,200|282ms
-> request: /v1/api/tickle
-> GET /v1/api/tickle,200|281ms
-> request: /v1/api/tickle
-> GET /v1/api/tickle,200|592ms
-> request: /sso/ping
-> GET /sso/ping,200|638ms
-> request: /v1/api/tickle
-> GET /v1/api/tickle,200|290ms
-> request: /v1/api/tickle
-> GET /v1/api/tickle,200|600ms
-> GET /v1/api//iserver/auth/status
<- 200 GET /v1/api//iserver/auth/status
-> POST /v1/api//tickle
<- 200 POST /v1/api//tickle
-> request: /v1/api/tickle
-> GET /v1/api/tickle,200|402ms
-> request: /v1/api/tickle
-> GET /v1/api/tickle,200|299ms
-> request: /v1/api/tickle
-> GET /v1/api/tickle,200|305ms
-> request: /v1/api/tickle
-> GET /v1/api/tickle,200|229ms
-> request: /v1/api/tickle
-> GET /v1/api/tickle,200|313ms
-> request: /v1/api/tickle
-> GET /v1/api/tickle,200|418ms
-> request: /v1/api/tickle
-> GET /v1/api/tickle,200|529ms
-> request: /v1/api/tickle
-> GET /v1/api/tickle,200|241ms
-> request: /sso/ping
-> GET /sso/ping,200|662ms
-> request: /v1/api/tickle
-> GET /v1/api/tickle,200|430ms
-> request: /v1/api/tickle
-> GET /v1/api/tickle,200|333ms
-> GET /v1/api//iserver/auth/status
<- 200 GET /v1/api//iserver/auth/status
-> POST /v1/api//tickle
<- 200 POST /v1/api//tickle
-> request: /v1/api/tickle
-> GET /v1/api/tickle,200|350ms
-> request: /v1/api/tickle
-> GET /v1/api/tickle,200|466ms
-> request: /v1/api/tickle
-> GET /v1/api/tickle,200|444ms
-> request: /v1/api/tickle
-> GET /v1/api/tickle,200|553ms
-> request: /v1/api/tickle
-> GET /v1/api/tickle,200|357ms
-> request: /v1/api/tickle
-> GET /v1/api/tickle,200|355ms
-> request: /v1/api/tickle
-> GET /v1/api/tickle,200|537ms
-> request: /v1/api/tickle
-> GET /v1/api/tickle,200|243ms
-> request: /sso/ping
-> GET /sso/ping,200|622ms
-> request: /v1/api/tickle
-> GET /v1/api/tickle,200|364ms
-> GET /v1/api//iserver/auth/status
<- 200 GET /v1/api//iserver/auth/status
-> POST /v1/api//tickle
<- 200 POST /v1/api//tickle
-> request: /v1/api/tickle
-> GET /v1/api/tickle,200|572ms
-> request: /v1/api/tickle
-> GET /v1/api/tickle,200|476ms
-> request: /v1/api/tickle
-> GET /v1/api/tickle,200|276ms
-> request: /v1/api/tickle
-> GET /v1/api/tickle,200|481ms
-> request: /v1/api/tickle
-> GET /v1/api/tickle,200|595ms
-> request: /v1/api/tickle
-> GET /v1/api/tickle,200|386ms
-> request: /v1/api/tickle
-> GET /v1/api/tickle,200|491ms
-> request: /v1/api/tickle
-> GET /v1/api/tickle,200|232ms
-> request: /v1/api/tickle
-> GET /v1/api/tickle,200|297ms
-> request: /sso/ping
-> GET /sso/ping,200|755ms
-> GET /v1/api//iserver/auth/status
<- 200 GET /v1/api//iserver/auth/status
-> POST /v1/api//tickle
<- 200 POST /v1/api//tickle
-> request: /v1/api/tickle
-> GET /v1/api/tickle,200|229ms
-> request: /v1/api/tickle
-> GET /v1/api/tickle,200|461ms
-> request: /v1/api/tickle
-> GET /v1/api/tickle,200|717ms
-> request: /v1/api/tickle
-> GET /v1/api/tickle,200|414ms
-> request: /v1/api/tickle
-> GET /v1/api/tickle,200|518ms
-> request: /v1/api/tickle
-> GET /v1/api/tickle,200|316ms
-> request: /v1/api/tickle
-> GET /v1/api/tickle,200|555ms
-> request: /v1/api/sso/validate?gw=1
-> request: /v1/api/sso/validate?gw=1
-> GET /v1/api/sso/validate?gw=1,200|362ms
-> request: /v1/api/one/user
-> request: /v1/api/ssodh/init
-> sso GET https://api.ibkr.com/v1/api/ssodh/init
-> GET /v1/api/sso/validate?gw=1,200|448ms
-> request: /v1/api/one/user
-> request: /v1/api/ssodh/init
-> sso GET https://api.ibkr.com/v1/api/ssodh/init
-> GET /v1/api/one/user,200|714ms
-> GET /v1/api/one/user,200|780ms
-> GET /v1/api//iserver/auth/status
<- 200 GET /v1/api//iserver/auth/status
-> POST /v1/api//tickle
<- 200 POST /v1/api//tickle
-> request: /sso/ping
-> GET /sso/ping,200|647ms
-> GET /v1/api//iserver/auth/status
<- 200 GET /v1/api//iserver/auth/status
-> request: /sso/ping
-> request: /sso/ping
-> request: /sso/ping
-> request: /sso/ping
-> request: /sso/ping
-> request: /sso/ping
-> GET /sso/ping,200|860ms
-> request: /sso/ping
-> GET /sso/ping,200|455ms
-> request: /sso/ping
-> GET /sso/ping,200|640ms
-> request: /sso/ping
-> GET /sso/ping,200|477ms
-> request: /sso/ping
-> request: /sso/ping
-> GET /sso/ping,200|830ms
-> request: /sso/ping
-> GET /sso/ping,200|633ms
-> request: /sso/ping
-> GET /sso/ping,200|704ms
-> request: /sso/ping
-> GET /sso/ping,200|740ms
-> request: /sso/ping
-> GET /sso/ping,200|675ms
-> request: /sso/ping
-> GET /sso/ping,200|710ms
-> request: /sso/ping
-> GET /sso/ping,200|636ms
-> request: /sso/ping
-> GET /sso/ping,200|684ms
-> request: /sso/ping
-> GET /sso/ping,200|723ms
-> request: /sso/ping
-> GET /sso/ping,200|654ms
-> request: /sso/ping
-> GET /sso/ping,200|898ms
-> request: /sso/ping
-> GET /sso/ping,200|733ms
-> request: /sso/ping
-> GET /sso/ping,200|844ms
-> request: /sso/ping
-> GET /sso/ping,200|624ms
-> request: /sso/ping
-> GET /sso/ping,200|708ms
-> request: /sso/ping
-> GET /sso/ping,200|650ms
-> request: /sso/ping
-> GET /sso/ping,200|669ms
-> request: /sso/ping
-> GET /sso/ping,200|720ms
-> request: /sso/ping
-> GET /sso/ping,200|770ms
-> request: /sso/ping
-> GET /sso/ping,200|622ms
-> request: /sso/ping
-> GET /sso/ping,200|730ms
-> request: /sso/ping
-> GET /sso/ping,200|665ms
-> request: /sso/ping
-> GET /sso/ping,200|706ms
-> request: /sso/ping
-> GET /sso/ping,200|745ms
-> request: /sso/ping
-> GET /sso/ping,200|648ms
-> request: /sso/ping
-> GET /sso/ping,200|711ms
-> request: /sso/ping
-> GET /sso/ping,200|647ms
-> request: /sso/ping
-> GET /sso/ping,200|682ms
-> request: /sso/ping
-> GET /sso/ping,200|721ms
-> request: /sso/ping
-> GET /sso/ping,200|656ms
-> request: /sso/ping
-> GET /sso/ping,200|655ms
-> request: /sso/ping
-> request: /sso/ping
-> GET /sso/ping,200|814ms
-> request: /sso/ping
-> GET /sso/ping,200|777ms
-> request: /sso/ping
-> GET /sso/ping,200|710ms
-> request: /sso/ping
-> request: /sso/ping
-> GET /sso/ping,200|792ms
-> request: /sso/ping
-> GET /sso/ping,200|725ms
-> request: /sso/ping
-> GET /sso/ping,200|664ms
-> request: /sso/ping
-> GET /sso/ping,200|701ms
-> request: /sso/ping
-> GET /sso/ping,200|633ms
-> request: /sso/ping
-> GET /sso/ping,200|671ms
-> request: /sso/ping
-> GET /sso/ping,200|710ms
-> request: /sso/ping
-> GET /sso/ping,200|644ms
-> request: /sso/ping
-> GET /sso/ping,200|682ms
-> request: /sso/ping
-> GET /sso/ping,200|1955ms
-> request: /sso/ping
-> GET /sso/ping,200|656ms
